Namespace(config='config/qrdqn.yaml', cuda=True, env_id='TennisNoFrameskip-v4', model='DEnet', seed=1)
Mean_return:-23.82 Frame:0.69 M  Time_used 0H-16M Time_togo 78H-51M
------------------------------------------------------------
Num steps: 250000  return: -19.5
------------------------------------------------------------
Mean_return:-23.88 Frame:1.72 M  Time_used 1H-1M Time_togo 117H-27M
------------------------------------------------------------
Num steps: 500000  return: -23.4
------------------------------------------------------------
Mean_return:-23.88 Frame:2.86 M  Time_used 1H-53M Time_togo 130H-25M
------------------------------------------------------------
Num steps: 750000  return: -1.0 
------------------------------------------------------------
------------------------------------------------------------
Num steps: 1000000  return: -20.5
------------------------------------------------------------
Mean_return:-23.83 Frame:4.47 M  Time_used 3H-16M Time_togo 143H-26M
------------------------------------------------------------
Num steps: 1250000  return: -15.1
------------------------------------------------------------
Mean_return:-23.86 Frame:5.81 M  Time_used 4H-33M Time_togo 152H-13M
------------------------------------------------------------
Num steps: 1500000  return: -23.4
------------------------------------------------------------
Mean_return:-23.87 Frame:6.97 M  Time_used 5H-39M Time_togo 156H-44M
------------------------------------------------------------
Num steps: 1750000  return: -8.0 
------------------------------------------------------------
------------------------------------------------------------
Num steps: 2000000  return: -13.8
------------------------------------------------------------
Mean_return:-23.82 Frame:8.18 M  Time_used 6H-59M Time_togo 164H-0M
------------------------------------------------------------
Num steps: 2250000  return: -24.0
------------------------------------------------------------
------------------------------------------------------------
Num steps: 2500000  return: -1.2 
------------------------------------------------------------
------------------------------------------------------------
Num steps: 2750000  return: -2.4 
------------------------------------------------------------
Mean_return:-20.74 Frame:11.85 M  Time_used 10H-24M Time_togo 165H-21M
------------------------------------------------------------
Num steps: 3000000  return: -1.2 
------------------------------------------------------------
------------------------------------------------------------
Num steps: 3250000  return: -10.4
------------------------------------------------------------
------------------------------------------------------------
Num steps: 3500000  return: -2.8 
------------------------------------------------------------
------------------------------------------------------------
Num steps: 3750000  return: -15.2
------------------------------------------------------------
Mean_return:-21.95 Frame:15.39 M  Time_used 13H-59M Time_togo 167H-47M
------------------------------------------------------------
Num steps: 4000000  return: -1.4 
------------------------------------------------------------
------------------------------------------------------------
Num steps: 4250000  return: -8.4 
------------------------------------------------------------
Mean_return:-23.5 Frame:18.00 M  Time_used 16H-29M Time_togo 166H-49M
------------------------------------------------------------
Num steps: 4500000  return: -12.0
------------------------------------------------------------
------------------------------------------------------------
Num steps: 4750000  return: -8.2 
------------------------------------------------------------
------------------------------------------------------------
Num steps: 5000000  return: -2.6 
------------------------------------------------------------
Mean_return:-23.78 Frame:20.70 M  Time_used 19H-12M Time_togo 166H-18M
------------------------------------------------------------
Num steps: 5250000  return: -1.0 
------------------------------------------------------------
------------------------------------------------------------
Num steps: 5500000  return: -1.6 
------------------------------------------------------------
------------------------------------------------------------
Num steps: 5750000  return: -1.0 
------------------------------------------------------------
------------------------------------------------------------
Num steps: 6000000  return: -1.0 
------------------------------------------------------------
------------------------------------------------------------
Num steps: 6250000  return: -1.2 
------------------------------------------------------------
------------------------------------------------------------
Num steps: 6500000  return: -2.4 
------------------------------------------------------------
Mean_return:-22.39 Frame:26.10 M  Time_used 24H-34M Time_togo 163H-39M
------------------------------------------------------------
Num steps: 6750000  return: -1.0 
------------------------------------------------------------
------------------------------------------------------------
Num steps: 7000000  return: -1.4 
------------------------------------------------------------
------------------------------------------------------------
Num steps: 7250000  return: -3.6 
------------------------------------------------------------
------------------------------------------------------------
Num steps: 7500000  return: -5.0 
------------------------------------------------------------
Mean_return:-22.06 Frame:30.83 M  Time_used 29H-7M Time_togo 159H-49M
------------------------------------------------------------
Num steps: 7750000  return: -1.8 
------------------------------------------------------------
------------------------------------------------------------
Num steps: 8000000  return: -1.4 
------------------------------------------------------------
------------------------------------------------------------
Num steps: 8250000  return: -1.4 
------------------------------------------------------------
------------------------------------------------------------
Num steps: 8500000  return: -1.0 
------------------------------------------------------------
Mean_return:-22.95 Frame:34.40 M  Time_used 32H-43M Time_togo 157H-32M
------------------------------------------------------------
Num steps: 8750000  return: -3.0 
------------------------------------------------------------
------------------------------------------------------------
Num steps: 9000000  return: -1.6 
------------------------------------------------------------
------------------------------------------------------------
Num steps: 9250000  return: -3.6 
------------------------------------------------------------
Mean_return:-22.86 Frame:37.89 M  Time_used 36H-6M Time_togo 154H-28M
------------------------------------------------------------
Num steps: 9500000  return: -1.4 
------------------------------------------------------------
------------------------------------------------------------
Num steps: 9750000  return: -1.2 
------------------------------------------------------------
------------------------------------------------------------
Num steps: 10000000  return: -3.4 
------------------------------------------------------------
------------------------------------------------------------
Num steps: 10250000  return: -1.8 
------------------------------------------------------------
Mean_return:-22.33 Frame:41.95 M  Time_used 40H-5M Time_togo 151H-1M
------------------------------------------------------------
Num steps: 10500000  return: -1.0 
------------------------------------------------------------
------------------------------------------------------------
Num steps: 10750000  return: -1.0 
------------------------------------------------------------
------------------------------------------------------------
Num steps: 11000000  return: -1.4 
------------------------------------------------------------
Mean_return:-22.33 Frame:44.58 M  Time_used 42H-47M Time_togo 149H-9M
------------------------------------------------------------
Num steps: 11250000  return: -11.0
------------------------------------------------------------
------------------------------------------------------------
Num steps: 11500000  return: -2.6 
------------------------------------------------------------
Mean_return:-22.19 Frame:46.79 M  Time_used 44H-56M Time_togo 147H-8M
------------------------------------------------------------
Num steps: 11750000  return: -12.3
------------------------------------------------------------
------------------------------------------------------------
Num steps: 12000000  return: -7.0 
------------------------------------------------------------
------------------------------------------------------------
Num steps: 12250000  return: -21.2
------------------------------------------------------------
Mean_return:-21.33 Frame:49.36 M  Time_used 47H-33M Time_togo 145H-6M
------------------------------------------------------------
Num steps: 12500000  return: -15.8
------------------------------------------------------------
------------------------------------------------------------
Num steps: 12750000  return: -17.6
------------------------------------------------------------
------------------------------------------------------------
Num steps: 13000000  return: -21.9
------------------------------------------------------------
Mean_return:-20.51 Frame:52.83 M  Time_used 50H-52M Time_togo 141H-43M
------------------------------------------------------------
Num steps: 13250000  return: -2.2 
------------------------------------------------------------
------------------------------------------------------------
Num steps: 13500000  return: -17.5
------------------------------------------------------------
------------------------------------------------------------
Num steps: 13750000  return: -19.3
------------------------------------------------------------
------------------------------------------------------------
Num steps: 14000000  return: -11.8
------------------------------------------------------------
Mean_return:-18.26 Frame:56.46 M  Time_used 54H-30M Time_togo 138H-36M
------------------------------------------------------------
Num steps: 14250000  return: -16.8
------------------------------------------------------------
------------------------------------------------------------
Num steps: 14500000  return: -5.6 
------------------------------------------------------------
------------------------------------------------------------
Num steps: 14750000  return: -11.6
------------------------------------------------------------
------------------------------------------------------------
Num steps: 15000000  return: -15.2
------------------------------------------------------------
Mean_return:-15.05 Frame:60.91 M  Time_used 58H-47M Time_togo 134H-16M
------------------------------------------------------------
Num steps: 15250000  return: -10.0
------------------------------------------------------------
------------------------------------------------------------
Num steps: 15500000  return: -7.0 
------------------------------------------------------------
------------------------------------------------------------
Num steps: 15750000  return: -1.4 
------------------------------------------------------------
------------------------------------------------------------
Num steps: 16000000  return: 2.9  
------------------------------------------------------------
------------------------------------------------------------
Num steps: 16250000  return: -11.3
------------------------------------------------------------
Mean_return:-11.71 Frame:65.79 M  Time_used 63H-38M Time_togo 129H-48M
------------------------------------------------------------
Num steps: 16500000  return: -8.0 
------------------------------------------------------------
------------------------------------------------------------
Num steps: 16750000  return: -8.9 
------------------------------------------------------------
------------------------------------------------------------
Num steps: 17000000  return: -9.4 
------------------------------------------------------------
------------------------------------------------------------
Num steps: 17250000  return: -2.2 
------------------------------------------------------------
------------------------------------------------------------
Num steps: 17500000  return: 6.4  
------------------------------------------------------------
------------------------------------------------------------
Num steps: 17750000  return: -3.8 
------------------------------------------------------------
Mean_return:-5.55 Frame:71.84 M  Time_used 69H-33M Time_togo 124H-6M
------------------------------------------------------------
Num steps: 18000000  return: -11.4
------------------------------------------------------------
------------------------------------------------------------
Num steps: 18250000  return: 0.4  
------------------------------------------------------------
------------------------------------------------------------
Num steps: 18500000  return: 9.8  
------------------------------------------------------------
------------------------------------------------------------
Num steps: 18750000  return: 4.0  
------------------------------------------------------------
------------------------------------------------------------
Num steps: 19000000  return: 12.1 
------------------------------------------------------------
------------------------------------------------------------
Num steps: 19250000  return: -9.0 
------------------------------------------------------------
Mean_return:1.81 Frame:77.68 M  Time_used 75H-19M Time_togo 118H-35M
------------------------------------------------------------
Num steps: 19500000  return: -5.5 
------------------------------------------------------------
------------------------------------------------------------
Num steps: 19750000  return: 16.3 
------------------------------------------------------------
------------------------------------------------------------
Num steps: 20000000  return: 17.0 
------------------------------------------------------------
------------------------------------------------------------
Num steps: 20250000  return: 1.4  
------------------------------------------------------------
Mean_return:9.54 Frame:81.45 M  Time_used 79H-0M Time_togo 114H-59M
------------------------------------------------------------
Num steps: 20500000  return: 17.5 
------------------------------------------------------------
------------------------------------------------------------
Num steps: 20750000  return: 18.4 
------------------------------------------------------------
Mean_return:15.64 Frame:83.83 M  Time_used 81H-14M Time_togo 112H-36M
------------------------------------------------------------
Num steps: 21000000  return: 19.8 
------------------------------------------------------------
------------------------------------------------------------
Num steps: 21250000  return: 14.0 
------------------------------------------------------------
Mean_return:17.64 Frame:85.73 M  Time_used 83H-6M Time_togo 110H-46M
------------------------------------------------------------
Num steps: 21500000  return: 15.0 
------------------------------------------------------------
------------------------------------------------------------
Num steps: 21750000  return: 16.0 
------------------------------------------------------------
Mean_return:17.32 Frame:87.42 M  Time_used 84H-45M Time_togo 109H-8M
------------------------------------------------------------
Num steps: 22000000  return: 10.0 
------------------------------------------------------------
Mean_return:18.5 Frame:88.85 M  Time_used 85H-55M Time_togo 107H-30M
------------------------------------------------------------
Num steps: 22250000  return: 19.4 
------------------------------------------------------------
------------------------------------------------------------
Num steps: 22500000  return: 21.0 
------------------------------------------------------------
Mean_return:19.43 Frame:90.15 M  Time_used 87H-8M Time_togo 106H-11M
------------------------------------------------------------
Num steps: 22750000  return: 20.8 
------------------------------------------------------------
Mean_return:19.66 Frame:91.44 M  Time_used 88H-13M Time_togo 104H-44M
------------------------------------------------------------
Num steps: 23000000  return: 20.0 
------------------------------------------------------------
Mean_return:20.22 Frame:92.65 M  Time_used 89H-15M Time_togo 103H-25M
------------------------------------------------------------
Num steps: 23250000  return: 20.8 
------------------------------------------------------------
Mean_return:20.1 Frame:93.84 M  Time_used 90H-16M Time_togo 102H-7M
------------------------------------------------------------
Num steps: 23500000  return: 20.5 
------------------------------------------------------------
------------------------------------------------------------
Num steps: 23750000  return: 19.9 
------------------------------------------------------------
Mean_return:19.8 Frame:95.09 M  Time_used 91H-27M Time_togo 100H-53M
------------------------------------------------------------
Num steps: 24000000  return: 21.2 
------------------------------------------------------------
Mean_return:20.1 Frame:96.30 M  Time_used 92H-28M Time_togo 99H-34M
------------------------------------------------------------
Num steps: 24250000  return: 20.7 
------------------------------------------------------------
Mean_return:20.52 Frame:97.43 M  Time_used 93H-31M Time_togo 98H-27M
------------------------------------------------------------
Num steps: 24500000  return: 21.1 
------------------------------------------------------------
Mean_return:21.05 Frame:98.54 M  Time_used 94H-36M Time_togo 97H-25M
------------------------------------------------------------
Num steps: 24750000  return: 21.5 
------------------------------------------------------------
Mean_return:20.13 Frame:99.72 M  Time_used 95H-40M Time_togo 96H-12M
------------------------------------------------------------
Num steps: 25000000  return: 19.4 
------------------------------------------------------------
Mean_return:20.68 Frame:100.84 M  Time_used 96H-39M Time_togo 95H-2M
------------------------------------------------------------
Num steps: 25250000  return: 22.0 
------------------------------------------------------------
------------------------------------------------------------
Num steps: 25500000  return: 21.0 
------------------------------------------------------------
Mean_return:20.01 Frame:102.03 M  Time_used 97H-48M Time_togo 93H-55M
------------------------------------------------------------
Num steps: 25750000  return: 20.7 
------------------------------------------------------------
Mean_return:20.47 Frame:103.18 M  Time_used 98H-48M Time_togo 92H-43M
------------------------------------------------------------
Num steps: 26000000  return: 22.4 
------------------------------------------------------------
Mean_return:20.8 Frame:104.29 M  Time_used 99H-46M Time_togo 91H-34M
------------------------------------------------------------
Num steps: 26250000  return: 22.4 
------------------------------------------------------------
Mean_return:21.05 Frame:105.38 M  Time_used 100H-42M Time_togo 90H-25M
------------------------------------------------------------
Num steps: 26500000  return: 21.7 
------------------------------------------------------------
Mean_return:21.33 Frame:106.46 M  Time_used 101H-38M Time_togo 89H-18M
------------------------------------------------------------
Num steps: 26750000  return: 21.8 
------------------------------------------------------------
Mean_return:21.16 Frame:107.55 M  Time_used 102H-34M Time_togo 88H-10M
------------------------------------------------------------
Num steps: 27000000  return: 22.0 
------------------------------------------------------------
Mean_return:21.02 Frame:108.62 M  Time_used 103H-31M Time_togo 87H-5M
------------------------------------------------------------
Num steps: 27250000  return: 21.5 
------------------------------------------------------------
