Namespace(config='config/qrdqn.yaml', cuda=True, env_id='TennisNoFrameskip-v4', model='DEnet', seed=2)
Mean_return:-23.88 Frame:0.70 M  Time_used 0H-16M Time_togo 79H-14M
------------------------------------------------------------
Num steps: 250000  return: -23.4
------------------------------------------------------------
Mean_return:-23.9 Frame:1.71 M  Time_used 1H-3M Time_togo 122H-38M
------------------------------------------------------------
Num steps: 500000  return: -10.7
------------------------------------------------------------
Mean_return:-23.88 Frame:2.81 M  Time_used 1H-52M Time_togo 131H-55M
------------------------------------------------------------
Num steps: 750000  return: -21.1
------------------------------------------------------------
------------------------------------------------------------
Num steps: 1000000  return: -19.8
------------------------------------------------------------
Mean_return:-23.94 Frame:4.06 M  Time_used 3H-0M Time_togo 145H-8M
------------------------------------------------------------
Num steps: 1250000  return: -23.9
------------------------------------------------------------
Mean_return:-23.83 Frame:5.21 M  Time_used 4H-6M Time_togo 153H-47M
------------------------------------------------------------
Num steps: 1500000  return: -1.0 
------------------------------------------------------------
Mean_return:-23.83 Frame:6.36 M  Time_used 5H-12M Time_togo 158H-34M
------------------------------------------------------------
Num steps: 1750000  return: -24.0
------------------------------------------------------------
Mean_return:-23.93 Frame:7.55 M  Time_used 6H-20M Time_togo 161H-32M
------------------------------------------------------------
Num steps: 2000000  return: -23.0
------------------------------------------------------------
Mean_return:-23.82 Frame:8.99 M  Time_used 7H-39M Time_togo 162H-44M
------------------------------------------------------------
Num steps: 2250000  return: -24.0
------------------------------------------------------------
------------------------------------------------------------
Num steps: 2500000  return: -24.0
------------------------------------------------------------
------------------------------------------------------------
Num steps: 2750000  return: -5.8 
------------------------------------------------------------
------------------------------------------------------------
Num steps: 3000000  return: -10.4
------------------------------------------------------------
Mean_return:-23.75 Frame:12.03 M  Time_used 10H-43M Time_togo 167H-38M
------------------------------------------------------------
Num steps: 3250000  return: -1.8 
------------------------------------------------------------
------------------------------------------------------------
Num steps: 3500000  return: -20.5
------------------------------------------------------------
Mean_return:-23.21 Frame:14.66 M  Time_used 13H-15M Time_togo 167H-31M
------------------------------------------------------------
Num steps: 3750000  return: -2.4 
------------------------------------------------------------
------------------------------------------------------------
Num steps: 4000000  return: -4.6 
------------------------------------------------------------
------------------------------------------------------------
Num steps: 4250000  return: -20.1
------------------------------------------------------------
------------------------------------------------------------
Num steps: 4500000  return: -4.0 
------------------------------------------------------------
Mean_return:-20.58 Frame:18.83 M  Time_used 17H-22M Time_togo 167H-8M
------------------------------------------------------------
Num steps: 4750000  return: -1.8 
------------------------------------------------------------
------------------------------------------------------------
Num steps: 5000000  return: -6.0 
------------------------------------------------------------
------------------------------------------------------------
Num steps: 5250000  return: -1.4 
------------------------------------------------------------
------------------------------------------------------------
Num steps: 5500000  return: -2.4 
------------------------------------------------------------
Mean_return:-21.85 Frame:22.20 M  Time_used 20H-45M Time_togo 166H-15M
------------------------------------------------------------
Num steps: 5750000  return: -7.2 
------------------------------------------------------------
------------------------------------------------------------
Num steps: 6000000  return: -1.0 
------------------------------------------------------------
------------------------------------------------------------
Num steps: 6250000  return: -1.6 
------------------------------------------------------------
------------------------------------------------------------
Num steps: 6500000  return: -2.0 
------------------------------------------------------------
Mean_return:-21.41 Frame:26.42 M  Time_used 24H-49M Time_togo 163H-9M
------------------------------------------------------------
Num steps: 6750000  return: -2.0 
------------------------------------------------------------
------------------------------------------------------------
Num steps: 7000000  return: -1.2 
------------------------------------------------------------
------------------------------------------------------------
Num steps: 7250000  return: -3.4 
------------------------------------------------------------
Mean_return:-22.97 Frame:29.98 M  Time_used 28H-13M Time_togo 160H-5M
------------------------------------------------------------
Num steps: 7500000  return: -1.0 
------------------------------------------------------------
------------------------------------------------------------
Num steps: 7750000  return: -9.8 
------------------------------------------------------------
------------------------------------------------------------
Num steps: 8000000  return: -2.2 
------------------------------------------------------------
------------------------------------------------------------
Num steps: 8250000  return: -1.4 
------------------------------------------------------------
------------------------------------------------------------
Num steps: 8500000  return: -4.0 
------------------------------------------------------------
Mean_return:-22.28 Frame:34.24 M  Time_used 32H-30M Time_togo 157H-23M
------------------------------------------------------------
Num steps: 8750000  return: -2.4 
------------------------------------------------------------
------------------------------------------------------------
Num steps: 9000000  return: -1.0 
------------------------------------------------------------
------------------------------------------------------------
Num steps: 9250000  return: -9.4 
------------------------------------------------------------
Mean_return:-22.41 Frame:37.81 M  Time_used 35H-54M Time_togo 154H-2M
------------------------------------------------------------
Num steps: 9500000  return: -5.8 
------------------------------------------------------------
------------------------------------------------------------
Num steps: 9750000  return: -1.8 
------------------------------------------------------------
------------------------------------------------------------
Num steps: 10000000  return: -1.2 
------------------------------------------------------------
------------------------------------------------------------
Num steps: 10250000  return: -19.3
------------------------------------------------------------
Mean_return:-22.08 Frame:41.12 M  Time_used 39H-15M Time_togo 151H-41M
------------------------------------------------------------
Num steps: 10500000  return: -2.2 
------------------------------------------------------------
------------------------------------------------------------
Num steps: 10750000  return: -0.6 
------------------------------------------------------------
------------------------------------------------------------
Num steps: 11000000  return: -1.6 
------------------------------------------------------------
Mean_return:-20.85 Frame:44.72 M  Time_used 42H-40M Time_togo 148H-11M
------------------------------------------------------------
Num steps: 11250000  return: -6.6 
------------------------------------------------------------
------------------------------------------------------------
Num steps: 11500000  return: -6.7 
------------------------------------------------------------
------------------------------------------------------------
Num steps: 11750000  return: -13.6
------------------------------------------------------------
------------------------------------------------------------
Num steps: 12000000  return: -3.0 
------------------------------------------------------------
Mean_return:-18.52 Frame:48.63 M  Time_used 46H-30M Time_togo 144H-46M
------------------------------------------------------------
Num steps: 12250000  return: -4.8 
------------------------------------------------------------
------------------------------------------------------------
Num steps: 12500000  return: -7.8 
------------------------------------------------------------
------------------------------------------------------------
Num steps: 12750000  return: -0.6 
------------------------------------------------------------
------------------------------------------------------------
Num steps: 13000000  return: -18.5
------------------------------------------------------------
------------------------------------------------------------
Num steps: 13250000  return: -6.4 
------------------------------------------------------------
Mean_return:-16.81 Frame:53.42 M  Time_used 51H-13M Time_togo 140H-32M
------------------------------------------------------------
Num steps: 13500000  return: -0.2 
------------------------------------------------------------
------------------------------------------------------------
Num steps: 13750000  return: -14.3
------------------------------------------------------------
------------------------------------------------------------
Num steps: 14000000  return: -15.6
------------------------------------------------------------
Mean_return:-18.22 Frame:56.77 M  Time_used 54H-25M Time_togo 137H-17M
------------------------------------------------------------
Num steps: 14250000  return: -9.2 
------------------------------------------------------------
------------------------------------------------------------
Num steps: 14500000  return: -12.2
------------------------------------------------------------
------------------------------------------------------------
Num steps: 14750000  return: -3.2 
------------------------------------------------------------
------------------------------------------------------------
Num steps: 15000000  return: -18.6
------------------------------------------------------------
Mean_return:-17.83 Frame:60.31 M  Time_used 57H-56M Time_togo 134H-11M
------------------------------------------------------------
Num steps: 15250000  return: -5.8 
------------------------------------------------------------
------------------------------------------------------------
Num steps: 15500000  return: -8.0 
------------------------------------------------------------
------------------------------------------------------------
Num steps: 15750000  return: -0.4 
------------------------------------------------------------
------------------------------------------------------------
Num steps: 16000000  return: -5.8 
------------------------------------------------------------
Mean_return:-17.05 Frame:64.02 M  Time_used 61H-36M Time_togo 130H-52M
------------------------------------------------------------
Num steps: 16250000  return: -20.3
------------------------------------------------------------
------------------------------------------------------------
Num steps: 16500000  return: -16.7
------------------------------------------------------------
------------------------------------------------------------
Num steps: 16750000  return: -1.0 
------------------------------------------------------------
Mean_return:-17.67 Frame:67.51 M  Time_used 64H-56M Time_togo 127H-28M
------------------------------------------------------------
Num steps: 17000000  return: -9.0 
------------------------------------------------------------
------------------------------------------------------------
Num steps: 17250000  return: -1.0 
------------------------------------------------------------
------------------------------------------------------------
Num steps: 17500000  return: -19.8
------------------------------------------------------------
Mean_return:-18.44 Frame:70.44 M  Time_used 67H-47M Time_togo 124H-40M
------------------------------------------------------------
Num steps: 17750000  return: -17.2
------------------------------------------------------------
------------------------------------------------------------
Num steps: 18000000  return: -6.8 
------------------------------------------------------------
------------------------------------------------------------
Num steps: 18250000  return: -16.4
------------------------------------------------------------
------------------------------------------------------------
Num steps: 18500000  return: -14.2
------------------------------------------------------------
Mean_return:-17.74 Frame:74.13 M  Time_used 71H-23M Time_togo 121H-13M
------------------------------------------------------------
Num steps: 18750000  return: -7.2 
------------------------------------------------------------
------------------------------------------------------------
Num steps: 19000000  return: -10.7
------------------------------------------------------------
------------------------------------------------------------
Num steps: 19250000  return: -7.1 
------------------------------------------------------------
Mean_return:-16.8 Frame:77.61 M  Time_used 74H-43M Time_togo 117H-50M
------------------------------------------------------------
Num steps: 19500000  return: -13.6
------------------------------------------------------------
------------------------------------------------------------
Num steps: 19750000  return: -7.2 
------------------------------------------------------------
------------------------------------------------------------
Num steps: 20000000  return: -2.8 
------------------------------------------------------------
------------------------------------------------------------
Num steps: 20250000  return: -7.6 
------------------------------------------------------------
Mean_return:-15.16 Frame:81.52 M  Time_used 78H-33M Time_togo 114H-10M
------------------------------------------------------------
Num steps: 20500000  return: -8.0 
------------------------------------------------------------
------------------------------------------------------------
Num steps: 20750000  return: -2.8 
------------------------------------------------------------
------------------------------------------------------------
Num steps: 21000000  return: -7.0 
------------------------------------------------------------
------------------------------------------------------------
Num steps: 21250000  return: -1.4 
------------------------------------------------------------
Mean_return:-13.92 Frame:85.47 M  Time_used 82H-23M Time_togo 110H-24M
------------------------------------------------------------
Num steps: 21500000  return: -7.2 
------------------------------------------------------------
------------------------------------------------------------
Num steps: 21750000  return: 0.3  
------------------------------------------------------------
------------------------------------------------------------
Num steps: 22000000  return: -3.3 
------------------------------------------------------------
------------------------------------------------------------
Num steps: 22250000  return: 4.0  
------------------------------------------------------------
Mean_return:-11.66 Frame:89.88 M  Time_used 86H-19M Time_togo 105H-45M
------------------------------------------------------------
Num steps: 22500000  return: -2.2 
------------------------------------------------------------
------------------------------------------------------------
Num steps: 22750000  return: -0.6 
------------------------------------------------------------
------------------------------------------------------------
Num steps: 23000000  return: -2.9 
------------------------------------------------------------
------------------------------------------------------------
Num steps: 23250000  return: -4.2 
------------------------------------------------------------
------------------------------------------------------------
Num steps: 23500000  return: -14.8
------------------------------------------------------------
------------------------------------------------------------
Num steps: 23750000  return: -13.8
------------------------------------------------------------
Mean_return:-7.74 Frame:95.09 M  Time_used 90H-51M Time_togo 100H-15M
------------------------------------------------------------
Num steps: 24000000  return: 7.7  
------------------------------------------------------------
------------------------------------------------------------
Num steps: 24250000  return: 11.8 
------------------------------------------------------------
------------------------------------------------------------
Num steps: 24500000  return: 3.1  
------------------------------------------------------------
------------------------------------------------------------
Num steps: 24750000  return: -4.8 
------------------------------------------------------------
------------------------------------------------------------
Num steps: 25000000  return: -13.9
------------------------------------------------------------
Mean_return:-0.32 Frame:100.62 M  Time_used 95H-29M Time_togo 94H-18M
------------------------------------------------------------
Num steps: 25250000  return: 3.9  
------------------------------------------------------------
------------------------------------------------------------
Num steps: 25500000  return: 16.0 
------------------------------------------------------------
------------------------------------------------------------
Num steps: 25750000  return: 2.2  
------------------------------------------------------------
------------------------------------------------------------
Num steps: 26000000  return: 14.3 
------------------------------------------------------------
Mean_return:11.69 Frame:104.32 M  Time_used 98H-41M Time_togo 90H-31M
------------------------------------------------------------
Num steps: 26250000  return: 12.5 
------------------------------------------------------------
------------------------------------------------------------
Num steps: 26500000  return: 16.5 
------------------------------------------------------------
Mean_return:14.82 Frame:106.81 M  Time_used 100H-43M Time_togo 87H-52M
------------------------------------------------------------
Num steps: 26750000  return: 18.6 
------------------------------------------------------------
------------------------------------------------------------
Num steps: 27000000  return: 15.4 
------------------------------------------------------------
------------------------------------------------------------
Num steps: 27250000  return: 16.4 
------------------------------------------------------------
Mean_return:15.16 Frame:109.41 M  Time_used 102H-55M Time_togo 85H-13M
------------------------------------------------------------
Num steps: 27500000  return: 16.8 
------------------------------------------------------------
