Namespace(config='config/qrdqn.yaml', cuda=True, env_id='JamesbondNoFrameskip-v4', model='DEnet', seed=1)
Mean_return:0.15 Frame:0.03 M  Time_used 0H-0M Time_togo 63H-54M
Mean_return:0.12 Frame:0.06 M  Time_used 0H-1M Time_togo 92H-53M
Mean_return:0.14 Frame:0.10 M  Time_used 0H-2M Time_togo 96H-40M
Mean_return:0.1 Frame:0.13 M  Time_used 0H-3M Time_togo 98H-24M
Mean_return:0.06 Frame:0.16 M  Time_used 0H-4M Time_togo 100H-25M
Mean_return:0.1 Frame:0.19 M  Time_used 0H-5M Time_togo 102H-6M
Mean_return:0.19 Frame:0.23 M  Time_used 0H-6M Time_togo 101H-8M
Mean_return:0.09 Frame:0.26 M  Time_used 0H-7M Time_togo 101H-43M
Mean_return:0.05 Frame:0.29 M  Time_used 0H-8M Time_togo 101H-56M
Mean_return:0.01 Frame:0.32 M  Time_used 0H-9M Time_togo 104H-8M
Mean_return:0.07 Frame:0.35 M  Time_used 0H-11M Time_togo 104H-33M
Mean_return:0.05 Frame:0.38 M  Time_used 0H-12M Time_togo 107H-13M
Mean_return:0.08 Frame:0.41 M  Time_used 0H-13M Time_togo 108H-28M
Mean_return:0.11 Frame:0.44 M  Time_used 0H-14M Time_togo 109H-37M
Mean_return:0.11 Frame:0.47 M  Time_used 0H-15M Time_togo 111H-38M
Mean_return:0.12 Frame:0.50 M  Time_used 0H-17M Time_togo 112H-33M
Mean_return:0.13 Frame:0.54 M  Time_used 0H-18M Time_togo 113H-39M
Mean_return:0.18 Frame:0.57 M  Time_used 0H-19M Time_togo 114H-58M
Mean_return:0.04 Frame:0.60 M  Time_used 0H-20M Time_togo 114H-41M
Mean_return:0.11 Frame:0.63 M  Time_used 0H-21M Time_togo 114H-8M
Mean_return:0.08 Frame:0.66 M  Time_used 0H-22M Time_togo 113H-45M
Mean_return:0.08 Frame:0.69 M  Time_used 0H-23M Time_togo 114H-6M
Mean_return:0.15 Frame:0.73 M  Time_used 0H-24M Time_togo 113H-31M
Mean_return:0.04 Frame:0.76 M  Time_used 0H-25M Time_togo 113H-26M
Mean_return:0.16 Frame:0.79 M  Time_used 0H-26M Time_togo 113H-41M
Mean_return:0.1 Frame:0.82 M  Time_used 0H-28M Time_togo 113H-43M
Mean_return:0.27 Frame:0.85 M  Time_used 0H-29M Time_togo 115H-54M
Mean_return:0.14 Frame:0.89 M  Time_used 0H-31M Time_togo 118H-27M
Mean_return:0.17 Frame:0.92 M  Time_used 0H-33M Time_togo 120H-12M
Mean_return:0.1 Frame:0.95 M  Time_used 0H-35M Time_togo 121H-58M
Mean_return:0.14 Frame:0.99 M  Time_used 0H-36M Time_togo 123H-20M
------------------------------------------------------------
Num steps: 250000  return: 50.9 
------------------------------------------------------------
Mean_return:0.13 Frame:1.02 M  Time_used 0H-49M Time_togo 159H-54M
Mean_return:0.16 Frame:1.05 M  Time_used 0H-51M Time_togo 160H-47M
Mean_return:0.14 Frame:1.09 M  Time_used 0H-53M Time_togo 161H-5M
Mean_return:0.12 Frame:1.13 M  Time_used 0H-54M Time_togo 160H-59M
Mean_return:0.09 Frame:1.17 M  Time_used 0H-56M Time_togo 159H-58M
Mean_return:0.08 Frame:1.22 M  Time_used 0H-58M Time_togo 158H-37M
Mean_return:0.1 Frame:1.26 M  Time_used 0H-59M Time_togo 157H-17M
Mean_return:0.07 Frame:1.30 M  Time_used 1H-1M Time_togo 156H-55M
Mean_return:0.09 Frame:1.33 M  Time_used 1H-3M Time_togo 156H-30M
Mean_return:0.02 Frame:1.37 M  Time_used 1H-4M Time_togo 156H-59M
Mean_return:0.12 Frame:1.41 M  Time_used 1H-6M Time_togo 157H-25M
Mean_return:0.12 Frame:1.45 M  Time_used 1H-9M Time_togo 158H-51M
Mean_return:0.09 Frame:1.49 M  Time_used 1H-11M Time_togo 159H-2M
Mean_return:0.19 Frame:1.54 M  Time_used 1H-13M Time_togo 158H-55M
Mean_return:0.13 Frame:1.57 M  Time_used 1H-15M Time_togo 158H-55M
Mean_return:0.11 Frame:1.61 M  Time_used 1H-17M Time_togo 159H-6M
Mean_return:0.13 Frame:1.65 M  Time_used 1H-19M Time_togo 159H-11M
Mean_return:0.12 Frame:1.68 M  Time_used 1H-21M Time_togo 159H-11M
Mean_return:0.07 Frame:1.72 M  Time_used 1H-22M Time_togo 159H-13M
Mean_return:0.12 Frame:1.76 M  Time_used 1H-24M Time_togo 159H-31M
Mean_return:0.11 Frame:1.80 M  Time_used 1H-26M Time_togo 159H-46M
Mean_return:0.13 Frame:1.83 M  Time_used 1H-28M Time_togo 159H-47M
Mean_return:0.09 Frame:1.86 M  Time_used 1H-29M Time_togo 159H-29M
Mean_return:0.1 Frame:1.90 M  Time_used 1H-31M Time_togo 158H-56M
Mean_return:0.14 Frame:1.94 M  Time_used 1H-33M Time_togo 158H-23M
Mean_return:0.12 Frame:1.99 M  Time_used 1H-34M Time_togo 157H-37M
------------------------------------------------------------
Num steps: 500000  return: 17.1 
------------------------------------------------------------
Mean_return:0.05 Frame:2.03 M  Time_used 1H-46M Time_togo 173H-43M
Mean_return:0.03 Frame:2.06 M  Time_used 1H-48M Time_togo 173H-48M
Mean_return:0.09 Frame:2.10 M  Time_used 1H-50M Time_togo 173H-11M
Mean_return:0.07 Frame:2.14 M  Time_used 1H-51M Time_togo 172H-12M
Mean_return:0.03 Frame:2.18 M  Time_used 1H-53M Time_togo 171H-26M
Mean_return:0.06 Frame:2.22 M  Time_used 1H-55M Time_togo 171H-36M
Mean_return:0.06 Frame:2.26 M  Time_used 1H-57M Time_togo 171H-23M
Mean_return:0.16 Frame:2.30 M  Time_used 1H-59M Time_togo 171H-8M
Mean_return:0.04 Frame:2.35 M  Time_used 2H-1M Time_togo 171H-12M
Mean_return:0.11 Frame:2.39 M  Time_used 2H-4M Time_togo 171H-5M
Mean_return:0.04 Frame:2.43 M  Time_used 2H-5M Time_togo 170H-43M
Mean_return:0.13 Frame:2.47 M  Time_used 2H-7M Time_togo 169H-58M
Mean_return:0.11 Frame:2.51 M  Time_used 2H-9M Time_togo 169H-24M
Mean_return:0.14 Frame:2.56 M  Time_used 2H-10M Time_togo 168H-40M
Mean_return:0.15 Frame:2.60 M  Time_used 2H-13M Time_togo 168H-10M
Mean_return:0.18 Frame:2.65 M  Time_used 2H-15M Time_togo 167H-40M
Mean_return:0.15 Frame:2.70 M  Time_used 2H-17M Time_togo 166H-59M
Mean_return:0.23 Frame:2.75 M  Time_used 2H-18M Time_togo 166H-18M
Mean_return:0.17 Frame:2.79 M  Time_used 2H-20M Time_togo 165H-40M
Mean_return:0.14 Frame:2.84 M  Time_used 2H-22M Time_togo 165H-17M
Mean_return:0.18 Frame:2.89 M  Time_used 2H-24M Time_togo 164H-46M
Mean_return:0.15 Frame:2.93 M  Time_used 2H-26M Time_togo 164H-21M
Mean_return:0.19 Frame:2.99 M  Time_used 2H-29M Time_togo 163H-59M
------------------------------------------------------------
Num steps: 750000  return: 83.6 
------------------------------------------------------------
Mean_return:0.12 Frame:3.03 M  Time_used 2H-40M Time_togo 173H-8M
Mean_return:0.24 Frame:3.08 M  Time_used 2H-41M Time_togo 172H-14M
Mean_return:0.24 Frame:3.13 M  Time_used 2H-43M Time_togo 171H-48M
Mean_return:0.19 Frame:3.18 M  Time_used 2H-46M Time_togo 171H-16M
Mean_return:0.19 Frame:3.23 M  Time_used 2H-48M Time_togo 170H-37M
Mean_return:0.17 Frame:3.28 M  Time_used 2H-50M Time_togo 170H-5M
Mean_return:0.07 Frame:3.32 M  Time_used 2H-52M Time_togo 169H-35M
Mean_return:0.17 Frame:3.37 M  Time_used 2H-53M Time_togo 169H-10M
Mean_return:0.11 Frame:3.42 M  Time_used 2H-55M Time_togo 168H-26M
Mean_return:0.11 Frame:3.47 M  Time_used 2H-57M Time_togo 167H-35M
Mean_return:0.09 Frame:3.52 M  Time_used 2H-59M Time_togo 166H-57M
Mean_return:0.16 Frame:3.57 M  Time_used 3H-0M Time_togo 165H-58M
Mean_return:0.17 Frame:3.62 M  Time_used 3H-2M Time_togo 165H-14M
Mean_return:0.07 Frame:3.67 M  Time_used 3H-4M Time_togo 164H-24M
Mean_return:0.13 Frame:3.71 M  Time_used 3H-5M Time_togo 163H-48M
Mean_return:0.1 Frame:3.75 M  Time_used 3H-7M Time_togo 163H-16M
Mean_return:0.19 Frame:3.80 M  Time_used 3H-9M Time_togo 163H-7M
Mean_return:0.12 Frame:3.86 M  Time_used 3H-11M Time_togo 162H-40M
Mean_return:0.18 Frame:3.91 M  Time_used 3H-14M Time_togo 162H-16M
Mean_return:0.23 Frame:3.97 M  Time_used 3H-16M Time_togo 162H-5M
------------------------------------------------------------
Num steps: 1000000  return: 35.1 
------------------------------------------------------------
Mean_return:0.16 Frame:4.02 M  Time_used 3H-28M Time_togo 169H-33M
Mean_return:0.12 Frame:4.07 M  Time_used 3H-32M Time_togo 170H-4M
Mean_return:0.14 Frame:4.12 M  Time_used 3H-35M Time_togo 170H-37M
Mean_return:0.19 Frame:4.18 M  Time_used 3H-39M Time_togo 170H-59M
Mean_return:0.27 Frame:4.24 M  Time_used 3H-43M Time_togo 171H-32M
Mean_return:0.2 Frame:4.29 M  Time_used 3H-46M Time_togo 172H-4M
Mean_return:0.24 Frame:4.35 M  Time_used 3H-50M Time_togo 172H-33M
Mean_return:0.24 Frame:4.41 M  Time_used 3H-53M Time_togo 172H-51M
Mean_return:0.29 Frame:4.47 M  Time_used 3H-57M Time_togo 173H-16M
Mean_return:0.13 Frame:4.52 M  Time_used 4H-0M Time_togo 173H-38M
Mean_return:0.27 Frame:4.58 M  Time_used 4H-4M Time_togo 174H-1M
Mean_return:0.27 Frame:4.63 M  Time_used 4H-7M Time_togo 174H-12M
Mean_return:0.2 Frame:4.68 M  Time_used 4H-11M Time_togo 174H-38M
Mean_return:0.24 Frame:4.73 M  Time_used 4H-14M Time_togo 175H-6M
Mean_return:0.21 Frame:4.78 M  Time_used 4H-17M Time_togo 175H-30M
Mean_return:0.16 Frame:4.83 M  Time_used 4H-20M Time_togo 175H-43M
Mean_return:0.32 Frame:4.88 M  Time_used 4H-23M Time_togo 175H-24M
Mean_return:0.24 Frame:4.94 M  Time_used 4H-26M Time_togo 175H-10M
Mean_return:0.18 Frame:4.99 M  Time_used 4H-29M Time_togo 175H-30M
------------------------------------------------------------
Num steps: 1250000  return: 73.3 
------------------------------------------------------------
Mean_return:0.19 Frame:5.06 M  Time_used 4H-42M Time_togo 181H-27M
Mean_return:0.18 Frame:5.11 M  Time_used 4H-46M Time_togo 181H-46M
Mean_return:0.27 Frame:5.16 M  Time_used 4H-49M Time_togo 181H-54M
Mean_return:0.14 Frame:5.22 M  Time_used 4H-52M Time_togo 181H-56M
Mean_return:0.14 Frame:5.28 M  Time_used 4H-55M Time_togo 181H-47M
Mean_return:0.21 Frame:5.33 M  Time_used 4H-58M Time_togo 182H-1M
Mean_return:0.18 Frame:5.38 M  Time_used 5H-2M Time_togo 182H-12M
Mean_return:0.17 Frame:5.43 M  Time_used 5H-5M Time_togo 182H-17M
Mean_return:0.15 Frame:5.49 M  Time_used 5H-8M Time_togo 182H-18M
Mean_return:0.14 Frame:5.54 M  Time_used 5H-11M Time_togo 182H-31M
Mean_return:0.2 Frame:5.59 M  Time_used 5H-15M Time_togo 182H-44M
Mean_return:0.17 Frame:5.64 M  Time_used 5H-18M Time_togo 182H-54M
Mean_return:0.17 Frame:5.70 M  Time_used 5H-22M Time_togo 183H-6M
Mean_return:0.32 Frame:5.77 M  Time_used 5H-26M Time_togo 183H-9M
Mean_return:0.31 Frame:5.84 M  Time_used 5H-30M Time_togo 183H-31M
Mean_return:0.33 Frame:5.91 M  Time_used 5H-36M Time_togo 184H-2M
Mean_return:0.28 Frame:5.99 M  Time_used 5H-41M Time_togo 184H-24M
------------------------------------------------------------
Num steps: 1500000  return: 161.7
------------------------------------------------------------
Mean_return:0.29 Frame:6.07 M  Time_used 5H-55M Time_togo 189H-12M
Mean_return:0.26 Frame:6.14 M  Time_used 5H-59M Time_togo 188H-47M
Mean_return:0.27 Frame:6.21 M  Time_used 6H-2M Time_togo 188H-25M
Mean_return:0.31 Frame:6.27 M  Time_used 6H-5M Time_togo 188H-9M
Mean_return:0.36 Frame:6.34 M  Time_used 6H-8M Time_togo 187H-43M
Mean_return:0.29 Frame:6.41 M  Time_used 6H-13M Time_togo 187H-47M
Mean_return:0.2 Frame:6.48 M  Time_used 6H-17M Time_togo 187H-52M
Mean_return:0.22 Frame:6.55 M  Time_used 6H-21M Time_togo 188H-4M
Mean_return:0.14 Frame:6.61 M  Time_used 6H-25M Time_togo 188H-10M
Mean_return:0.26 Frame:6.67 M  Time_used 6H-29M Time_togo 188H-12M
Mean_return:0.18 Frame:6.73 M  Time_used 6H-33M Time_togo 188H-15M
Mean_return:0.32 Frame:6.81 M  Time_used 6H-38M Time_togo 188H-15M
Mean_return:0.44 Frame:6.90 M  Time_used 6H-43M Time_togo 188H-17M
Mean_return:0.28 Frame:6.97 M  Time_used 6H-48M Time_togo 188H-31M
------------------------------------------------------------
Num steps: 1750000  return: 136.2
------------------------------------------------------------
Mean_return:0.34 Frame:7.05 M  Time_used 7H-2M Time_togo 192H-33M
Mean_return:0.29 Frame:7.14 M  Time_used 7H-6M Time_togo 192H-2M
Mean_return:0.23 Frame:7.23 M  Time_used 7H-10M Time_togo 191H-30M
Mean_return:0.31 Frame:7.32 M  Time_used 7H-15M Time_togo 190H-54M
Mean_return:0.29 Frame:7.40 M  Time_used 7H-19M Time_togo 190H-25M
Mean_return:0.29 Frame:7.47 M  Time_used 7H-22M Time_togo 190H-0M
Mean_return:0.35 Frame:7.55 M  Time_used 7H-26M Time_togo 189H-33M
Mean_return:0.29 Frame:7.65 M  Time_used 7H-31M Time_togo 189H-3M
Mean_return:0.31 Frame:7.74 M  Time_used 7H-35M Time_togo 188H-35M
Mean_return:0.36 Frame:7.83 M  Time_used 7H-39M Time_togo 188H-8M
Mean_return:0.38 Frame:7.92 M  Time_used 7H-44M Time_togo 187H-44M
Mean_return:0.39 Frame:7.99 M  Time_used 7H-48M Time_togo 187H-28M
------------------------------------------------------------
Num steps: 2000000  return: 170.3
------------------------------------------------------------
Mean_return:0.45 Frame:8.08 M  Time_used 8H-1M Time_togo 190H-41M
Mean_return:0.53 Frame:8.16 M  Time_used 8H-5M Time_togo 190H-17M
Mean_return:0.4 Frame:8.24 M  Time_used 8H-9M Time_togo 189H-57M
Mean_return:0.4 Frame:8.32 M  Time_used 8H-14M Time_togo 189H-35M
Mean_return:0.49 Frame:8.41 M  Time_used 8H-18M Time_togo 189H-14M
Mean_return:0.51 Frame:8.50 M  Time_used 8H-23M Time_togo 188H-52M
Mean_return:0.42 Frame:8.59 M  Time_used 8H-27M Time_togo 188H-23M
Mean_return:0.52 Frame:8.68 M  Time_used 8H-31M Time_togo 187H-53M
Mean_return:0.41 Frame:8.77 M  Time_used 8H-35M Time_togo 187H-26M
Mean_return:0.53 Frame:8.85 M  Time_used 8H-39M Time_togo 187H-5M
Mean_return:0.51 Frame:8.93 M  Time_used 8H-43M Time_togo 186H-41M
------------------------------------------------------------
Num steps: 2250000  return: 98.7 
------------------------------------------------------------
Mean_return:0.59 Frame:9.02 M  Time_used 8H-57M Time_togo 189H-33M
Mean_return:0.57 Frame:9.12 M  Time_used 9H-1M Time_togo 189H-4M
Mean_return:0.63 Frame:9.21 M  Time_used 9H-6M Time_togo 188H-40M
Mean_return:0.66 Frame:9.30 M  Time_used 9H-10M Time_togo 188H-17M
Mean_return:0.79 Frame:9.39 M  Time_used 9H-15M Time_togo 187H-57M
Mean_return:0.77 Frame:9.48 M  Time_used 9H-20M Time_togo 187H-36M
Mean_return:0.74 Frame:9.57 M  Time_used 9H-24M Time_togo 187H-13M
Mean_return:0.57 Frame:9.67 M  Time_used 9H-29M Time_togo 186H-54M
Mean_return:0.57 Frame:9.76 M  Time_used 9H-34M Time_togo 186H-30M
Mean_return:0.66 Frame:9.87 M  Time_used 9H-39M Time_togo 186H-5M
Mean_return:0.75 Frame:9.97 M  Time_used 9H-44M Time_togo 185H-45M
------------------------------------------------------------
Num steps: 2500000  return: 537.1
------------------------------------------------------------
Mean_return:0.73 Frame:10.06 M  Time_used 9H-57M Time_togo 188H-9M
Mean_return:0.52 Frame:10.16 M  Time_used 10H-2M Time_togo 187H-46M
Mean_return:0.84 Frame:10.25 M  Time_used 10H-7M Time_togo 187H-24M
Mean_return:0.65 Frame:10.34 M  Time_used 10H-11M Time_togo 187H-7M
Mean_return:0.61 Frame:10.43 M  Time_used 10H-16M Time_togo 186H-48M
Mean_return:0.89 Frame:10.53 M  Time_used 10H-21M Time_togo 186H-29M
Mean_return:1.14 Frame:10.63 M  Time_used 10H-26M Time_togo 186H-8M
Mean_return:1.01 Frame:10.73 M  Time_used 10H-32M Time_togo 185H-52M
Mean_return:1.03 Frame:10.83 M  Time_used 10H-37M Time_togo 185H-36M
Mean_return:1.12 Frame:10.93 M  Time_used 10H-42M Time_togo 185H-12M
------------------------------------------------------------
Num steps: 2750000  return: 369.1
------------------------------------------------------------
Mean_return:1.43 Frame:11.04 M  Time_used 10H-56M Time_togo 187H-25M
Mean_return:0.85 Frame:11.13 M  Time_used 11H-1M Time_togo 187H-6M
Mean_return:1.17 Frame:11.23 M  Time_used 11H-7M Time_togo 186H-53M
Mean_return:1.29 Frame:11.33 M  Time_used 11H-12M Time_togo 186H-35M
Mean_return:0.94 Frame:11.43 M  Time_used 11H-17M Time_togo 186H-16M
Mean_return:1.44 Frame:11.54 M  Time_used 11H-23M Time_togo 185H-57M
Mean_return:1.06 Frame:11.64 M  Time_used 11H-28M Time_togo 185H-35M
Mean_return:1.17 Frame:11.75 M  Time_used 11H-33M Time_togo 185H-12M
Mean_return:1.3 Frame:11.85 M  Time_used 11H-38M Time_togo 184H-53M
Mean_return:1.17 Frame:11.95 M  Time_used 11H-43M Time_togo 184H-40M
------------------------------------------------------------
Num steps: 3000000  return: 337.1
------------------------------------------------------------
Mean_return:1.07 Frame:12.05 M  Time_used 11H-58M Time_togo 186H-50M
Mean_return:1.24 Frame:12.15 M  Time_used 12H-4M Time_togo 186H-29M
Mean_return:1.44 Frame:12.26 M  Time_used 12H-9M Time_togo 186H-3M
Mean_return:1.47 Frame:12.36 M  Time_used 12H-14M Time_togo 185H-50M
Mean_return:1.43 Frame:12.47 M  Time_used 12H-20M Time_togo 185H-26M
Mean_return:1.4 Frame:12.58 M  Time_used 12H-25M Time_togo 185H-7M
Mean_return:1.49 Frame:12.69 M  Time_used 12H-31M Time_togo 184H-47M
Mean_return:1.35 Frame:12.79 M  Time_used 12H-35M Time_togo 184H-25M
Mean_return:1.59 Frame:12.89 M  Time_used 12H-40M Time_togo 184H-2M
Mean_return:1.43 Frame:13.00 M  Time_used 12H-45M Time_togo 183H-38M
------------------------------------------------------------
Num steps: 3250000  return: 441.2
------------------------------------------------------------
Mean_return:1.38 Frame:13.09 M  Time_used 12H-59M Time_togo 185H-22M
Mean_return:1.51 Frame:13.20 M  Time_used 13H-4M Time_togo 184H-59M
Mean_return:1.56 Frame:13.31 M  Time_used 13H-9M Time_togo 184H-37M
Mean_return:1.57 Frame:13.42 M  Time_used 13H-15M Time_togo 184H-14M
Mean_return:1.28 Frame:13.52 M  Time_used 13H-19M Time_togo 183H-51M
Mean_return:1.38 Frame:13.61 M  Time_used 13H-24M Time_togo 183H-30M
Mean_return:1.65 Frame:13.73 M  Time_used 13H-29M Time_togo 183H-4M
Mean_return:1.58 Frame:13.84 M  Time_used 13H-34M Time_togo 182H-39M
Mean_return:1.51 Frame:13.95 M  Time_used 13H-39M Time_togo 182H-17M
------------------------------------------------------------
Num steps: 3500000  return: 461.2
------------------------------------------------------------
Mean_return:1.57 Frame:14.06 M  Time_used 13H-54M Time_togo 183H-55M
Mean_return:1.61 Frame:14.17 M  Time_used 13H-59M Time_togo 183H-38M
Mean_return:1.54 Frame:14.28 M  Time_used 14H-5M Time_togo 183H-17M
Mean_return:1.43 Frame:14.38 M  Time_used 14H-10M Time_togo 183H-2M
Mean_return:1.52 Frame:14.49 M  Time_used 14H-16M Time_togo 182H-42M
Mean_return:1.38 Frame:14.60 M  Time_used 14H-21M Time_togo 182H-24M
Mean_return:1.6 Frame:14.71 M  Time_used 14H-27M Time_togo 182H-1M
Mean_return:1.48 Frame:14.82 M  Time_used 14H-32M Time_togo 181H-43M
Mean_return:1.48 Frame:14.94 M  Time_used 14H-38M Time_togo 181H-27M
------------------------------------------------------------
Num steps: 3750000  return: 460.9
------------------------------------------------------------
Mean_return:1.5 Frame:15.05 M  Time_used 14H-53M Time_togo 182H-58M
Mean_return:1.5 Frame:15.15 M  Time_used 14H-58M Time_togo 182H-37M
Mean_return:1.54 Frame:15.26 M  Time_used 15H-3M Time_togo 182H-16M
Mean_return:1.47 Frame:15.37 M  Time_used 15H-9M Time_togo 181H-59M
Mean_return:1.58 Frame:15.48 M  Time_used 15H-14M Time_togo 181H-39M
Mean_return:1.6 Frame:15.59 M  Time_used 15H-20M Time_togo 181H-20M
Mean_return:1.63 Frame:15.71 M  Time_used 15H-25M Time_togo 180H-59M
Mean_return:1.71 Frame:15.82 M  Time_used 15H-30M Time_togo 180H-38M
Mean_return:1.55 Frame:15.93 M  Time_used 15H-36M Time_togo 180H-23M
------------------------------------------------------------
Num steps: 4000000  return: 414.4
------------------------------------------------------------
Mean_return:1.67 Frame:16.05 M  Time_used 15H-51M Time_togo 181H-52M
Mean_return:1.39 Frame:16.16 M  Time_used 15H-57M Time_togo 181H-40M
Mean_return:1.54 Frame:16.26 M  Time_used 16H-3M Time_togo 181H-25M
Mean_return:1.4 Frame:16.37 M  Time_used 16H-8M Time_togo 181H-9M
Mean_return:1.43 Frame:16.47 M  Time_used 16H-14M Time_togo 180H-56M
Mean_return:1.59 Frame:16.59 M  Time_used 16H-20M Time_togo 180H-39M
Mean_return:1.51 Frame:16.69 M  Time_used 16H-25M Time_togo 180H-22M
Mean_return:1.49 Frame:16.80 M  Time_used 16H-30M Time_togo 180H-5M
Mean_return:1.67 Frame:16.91 M  Time_used 16H-36M Time_togo 179H-50M
------------------------------------------------------------
Num steps: 4250000  return: 505.8
------------------------------------------------------------
Mean_return:1.59 Frame:17.03 M  Time_used 16H-51M Time_togo 181H-14M
Mean_return:1.49 Frame:17.13 M  Time_used 16H-57M Time_togo 181H-2M
Mean_return:1.66 Frame:17.24 M  Time_used 17H-3M Time_togo 180H-47M
Mean_return:1.89 Frame:17.36 M  Time_used 17H-9M Time_togo 180H-36M
Mean_return:1.39 Frame:17.47 M  Time_used 17H-15M Time_togo 180H-22M
Mean_return:1.55 Frame:17.58 M  Time_used 17H-21M Time_togo 180H-9M
Mean_return:1.48 Frame:17.69 M  Time_used 17H-27M Time_togo 179H-55M
Mean_return:1.38 Frame:17.80 M  Time_used 17H-32M Time_togo 179H-39M
Mean_return:1.5 Frame:17.92 M  Time_used 17H-39M Time_togo 179H-25M
------------------------------------------------------------
Num steps: 4500000  return: 529.6
------------------------------------------------------------
Mean_return:1.66 Frame:18.02 M  Time_used 17H-54M Time_togo 180H-46M
Mean_return:1.6 Frame:18.13 M  Time_used 17H-59M Time_togo 180H-31M
Mean_return:1.71 Frame:18.25 M  Time_used 18H-5M Time_togo 180H-17M
Mean_return:1.43 Frame:18.35 M  Time_used 18H-11M Time_togo 180H-3M
Mean_return:1.55 Frame:18.47 M  Time_used 18H-17M Time_togo 179H-50M
Mean_return:1.65 Frame:18.58 M  Time_used 18H-23M Time_togo 179H-35M
Mean_return:1.64 Frame:18.69 M  Time_used 18H-29M Time_togo 179H-22M
Mean_return:1.62 Frame:18.81 M  Time_used 18H-35M Time_togo 179H-7M
Mean_return:1.53 Frame:18.91 M  Time_used 18H-41M Time_togo 178H-57M
------------------------------------------------------------
Num steps: 4750000  return: 439.7
------------------------------------------------------------
Mean_return:1.53 Frame:19.03 M  Time_used 18H-56M Time_togo 180H-13M
Mean_return:1.67 Frame:19.14 M  Time_used 19H-3M Time_togo 180H-2M
Mean_return:1.72 Frame:19.25 M  Time_used 19H-8M Time_togo 179H-48M
Mean_return:1.41 Frame:19.36 M  Time_used 19H-14M Time_togo 179H-34M
Mean_return:1.46 Frame:19.46 M  Time_used 19H-20M Time_togo 179H-21M
Mean_return:1.56 Frame:19.57 M  Time_used 19H-26M Time_togo 179H-11M
Mean_return:1.42 Frame:19.68 M  Time_used 19H-32M Time_togo 179H-0M
Mean_return:1.57 Frame:19.79 M  Time_used 19H-38M Time_togo 178H-47M
Mean_return:1.45 Frame:19.90 M  Time_used 19H-43M Time_togo 178H-34M
------------------------------------------------------------
Num steps: 5000000  return: 485.2
------------------------------------------------------------
Mean_return:1.6 Frame:20.01 M  Time_used 19H-59M Time_togo 179H-45M
Mean_return:1.54 Frame:20.12 M  Time_used 20H-4M Time_togo 179H-30M
Mean_return:1.78 Frame:20.24 M  Time_used 20H-11M Time_togo 179H-16M
Mean_return:1.64 Frame:20.35 M  Time_used 20H-16M Time_togo 179H-2M
Mean_return:1.54 Frame:20.46 M  Time_used 20H-22M Time_togo 178H-49M
Mean_return:1.42 Frame:20.56 M  Time_used 20H-27M Time_togo 178H-34M
Mean_return:1.55 Frame:20.67 M  Time_used 20H-33M Time_togo 178H-20M
Mean_return:1.58 Frame:20.78 M  Time_used 20H-39M Time_togo 178H-7M
Mean_return:1.59 Frame:20.90 M  Time_used 20H-45M Time_togo 177H-56M
------------------------------------------------------------
Num steps: 5250000  return: 418.8
------------------------------------------------------------
Mean_return:1.59 Frame:21.01 M  Time_used 21H-0M Time_togo 178H-58M
Mean_return:1.57 Frame:21.11 M  Time_used 21H-5M Time_togo 178H-46M
Mean_return:1.36 Frame:21.22 M  Time_used 21H-11M Time_togo 178H-34M
Mean_return:1.65 Frame:21.33 M  Time_used 21H-17M Time_togo 178H-18M
Mean_return:1.55 Frame:21.44 M  Time_used 21H-22M Time_togo 178H-5M
Mean_return:1.35 Frame:21.54 M  Time_used 21H-28M Time_togo 177H-52M
Mean_return:1.7 Frame:21.65 M  Time_used 21H-34M Time_togo 177H-37M
Mean_return:1.55 Frame:21.76 M  Time_used 21H-39M Time_togo 177H-24M
Mean_return:1.53 Frame:21.88 M  Time_used 21H-45M Time_togo 177H-11M
Mean_return:1.42 Frame:21.98 M  Time_used 21H-51M Time_togo 176H-58M
------------------------------------------------------------
Num steps: 5500000  return: 423.2
------------------------------------------------------------
Mean_return:1.38 Frame:22.09 M  Time_used 22H-5M Time_togo 177H-59M
Mean_return:1.48 Frame:22.20 M  Time_used 22H-11M Time_togo 177H-47M
Mean_return:1.54 Frame:22.31 M  Time_used 22H-17M Time_togo 177H-31M
Mean_return:1.42 Frame:22.43 M  Time_used 22H-23M Time_togo 177H-17M
Mean_return:1.36 Frame:22.54 M  Time_used 22H-29M Time_togo 177H-3M
Mean_return:1.27 Frame:22.64 M  Time_used 22H-34M Time_togo 176H-49M
Mean_return:1.45 Frame:22.75 M  Time_used 22H-39M Time_togo 176H-35M
Mean_return:1.58 Frame:22.86 M  Time_used 22H-45M Time_togo 176H-23M
Mean_return:1.33 Frame:22.97 M  Time_used 22H-51M Time_togo 176H-10M
------------------------------------------------------------
Num steps: 5750000  return: 367.2
------------------------------------------------------------
Mean_return:1.4 Frame:23.07 M  Time_used 23H-5M Time_togo 177H-7M
Mean_return:1.61 Frame:23.18 M  Time_used 23H-11M Time_togo 176H-52M
Mean_return:1.59 Frame:23.30 M  Time_used 23H-17M Time_togo 176H-38M
Mean_return:1.33 Frame:23.40 M  Time_used 23H-22M Time_togo 176H-25M
Mean_return:1.46 Frame:23.52 M  Time_used 23H-28M Time_togo 176H-10M
Mean_return:1.4 Frame:23.63 M  Time_used 23H-34M Time_togo 175H-56M
Mean_return:1.47 Frame:23.73 M  Time_used 23H-39M Time_togo 175H-40M
Mean_return:1.42 Frame:23.84 M  Time_used 23H-44M Time_togo 175H-27M
Mean_return:1.66 Frame:23.95 M  Time_used 23H-50M Time_togo 175H-13M
------------------------------------------------------------
Num steps: 6000000  return: 442.8
------------------------------------------------------------
Mean_return:1.4 Frame:24.06 M  Time_used 24H-4M Time_togo 176H-6M
Mean_return:1.54 Frame:24.16 M  Time_used 24H-10M Time_togo 175H-51M
Mean_return:1.49 Frame:24.27 M  Time_used 24H-15M Time_togo 175H-36M
Mean_return:1.5 Frame:24.38 M  Time_used 24H-20M Time_togo 175H-21M
Mean_return:1.48 Frame:24.49 M  Time_used 24H-26M Time_togo 175H-6M
Mean_return:1.6 Frame:24.60 M  Time_used 24H-31M Time_togo 174H-53M
Mean_return:1.76 Frame:24.72 M  Time_used 24H-37M Time_togo 174H-37M
Mean_return:1.69 Frame:24.83 M  Time_used 24H-43M Time_togo 174H-24M
Mean_return:1.73 Frame:24.94 M  Time_used 24H-49M Time_togo 174H-9M
------------------------------------------------------------
Num steps: 6250000  return: 462.8
------------------------------------------------------------
Mean_return:1.73 Frame:25.06 M  Time_used 25H-3M Time_togo 174H-57M
Mean_return:1.59 Frame:25.16 M  Time_used 25H-8M Time_togo 174H-41M
Mean_return:1.68 Frame:25.28 M  Time_used 25H-14M Time_togo 174H-27M
Mean_return:1.57 Frame:25.39 M  Time_used 25H-19M Time_togo 174H-14M
Mean_return:1.78 Frame:25.50 M  Time_used 25H-26M Time_togo 174H-2M
Mean_return:1.73 Frame:25.61 M  Time_used 25H-31M Time_togo 173H-49M
Mean_return:1.58 Frame:25.73 M  Time_used 25H-37M Time_togo 173H-36M
Mean_return:1.41 Frame:25.83 M  Time_used 25H-43M Time_togo 173H-23M
Mean_return:1.39 Frame:25.95 M  Time_used 25H-48M Time_togo 173H-10M
------------------------------------------------------------
Num steps: 6500000  return: 565.1
------------------------------------------------------------
Mean_return:1.54 Frame:26.06 M  Time_used 26H-3M Time_togo 173H-54M
Mean_return:1.5 Frame:26.17 M  Time_used 26H-8M Time_togo 173H-41M
Mean_return:1.53 Frame:26.27 M  Time_used 26H-14M Time_togo 173H-29M
Mean_return:1.52 Frame:26.38 M  Time_used 26H-19M Time_togo 173H-17M
Mean_return:1.68 Frame:26.49 M  Time_used 26H-25M Time_togo 173H-5M
Mean_return:1.56 Frame:26.60 M  Time_used 26H-31M Time_togo 172H-52M
Mean_return:1.45 Frame:26.70 M  Time_used 26H-36M Time_togo 172H-41M
Mean_return:1.8 Frame:26.82 M  Time_used 26H-41M Time_togo 172H-25M
Mean_return:1.56 Frame:26.93 M  Time_used 26H-47M Time_togo 172H-11M
------------------------------------------------------------
Num steps: 6750000  return: 457.2
------------------------------------------------------------
Mean_return:1.4 Frame:27.04 M  Time_used 27H-2M Time_togo 172H-56M
Mean_return:1.49 Frame:27.15 M  Time_used 27H-7M Time_togo 172H-43M
Mean_return:1.57 Frame:27.26 M  Time_used 27H-13M Time_togo 172H-29M
Mean_return:1.48 Frame:27.36 M  Time_used 27H-18M Time_togo 172H-15M
Mean_return:1.53 Frame:27.48 M  Time_used 27H-23M Time_togo 172H-2M
Mean_return:1.57 Frame:27.59 M  Time_used 27H-29M Time_togo 171H-49M
Mean_return:1.74 Frame:27.71 M  Time_used 27H-35M Time_togo 171H-35M
Mean_return:1.64 Frame:27.82 M  Time_used 27H-41M Time_togo 171H-20M
Mean_return:1.68 Frame:27.94 M  Time_used 27H-46M Time_togo 171H-6M
------------------------------------------------------------
Num steps: 7000000  return: 490.0
------------------------------------------------------------
Mean_return:1.71 Frame:28.05 M  Time_used 28H-1M Time_togo 171H-49M
Mean_return:1.54 Frame:28.16 M  Time_used 28H-7M Time_togo 171H-36M
Mean_return:1.63 Frame:28.27 M  Time_used 28H-12M Time_togo 171H-24M
Mean_return:1.34 Frame:28.37 M  Time_used 28H-18M Time_togo 171H-13M
Mean_return:1.46 Frame:28.48 M  Time_used 28H-23M Time_togo 171H-2M
Mean_return:1.54 Frame:28.59 M  Time_used 28H-29M Time_togo 170H-50M
Mean_return:1.42 Frame:28.70 M  Time_used 28H-35M Time_togo 170H-38M
Mean_return:1.5 Frame:28.81 M  Time_used 28H-41M Time_togo 170H-26M
Mean_return:1.6 Frame:28.92 M  Time_used 28H-46M Time_togo 170H-15M
------------------------------------------------------------
Num steps: 7250000  return: 553.4
------------------------------------------------------------
Mean_return:1.66 Frame:29.03 M  Time_used 29H-1M Time_togo 170H-56M
Mean_return:1.32 Frame:29.14 M  Time_used 29H-7M Time_togo 170H-44M
Mean_return:1.69 Frame:29.26 M  Time_used 29H-13M Time_togo 170H-32M
Mean_return:1.6 Frame:29.37 M  Time_used 29H-19M Time_togo 170H-20M
Mean_return:1.68 Frame:29.48 M  Time_used 29H-25M Time_togo 170H-10M
Mean_return:1.9 Frame:29.60 M  Time_used 29H-31M Time_togo 169H-57M
Mean_return:1.46 Frame:29.71 M  Time_used 29H-37M Time_togo 169H-45M
Mean_return:1.88 Frame:29.83 M  Time_used 29H-43M Time_togo 169H-33M
Mean_return:1.8 Frame:29.94 M  Time_used 29H-49M Time_togo 169H-23M
------------------------------------------------------------
Num steps: 7500000  return: 433.7
------------------------------------------------------------
Mean_return:1.61 Frame:30.04 M  Time_used 30H-3M Time_togo 170H-4M
Mean_return:1.48 Frame:30.15 M  Time_used 30H-9M Time_togo 169H-50M
Mean_return:1.56 Frame:30.26 M  Time_used 30H-14M Time_togo 169H-37M
Mean_return:1.7 Frame:30.38 M  Time_used 30H-20M Time_togo 169H-23M
Mean_return:1.55 Frame:30.49 M  Time_used 30H-25M Time_togo 169H-11M
Mean_return:1.75 Frame:30.60 M  Time_used 30H-31M Time_togo 168H-59M
Mean_return:2.07 Frame:30.72 M  Time_used 30H-37M Time_togo 168H-45M
Mean_return:1.54 Frame:30.83 M  Time_used 30H-42M Time_togo 168H-33M
Mean_return:1.7 Frame:30.93 M  Time_used 30H-48M Time_togo 168H-21M
------------------------------------------------------------
Num steps: 7750000  return: 415.2
------------------------------------------------------------
Mean_return:1.54 Frame:31.04 M  Time_used 31H-2M Time_togo 168H-57M
Mean_return:1.77 Frame:31.15 M  Time_used 31H-8M Time_togo 168H-46M
Mean_return:1.67 Frame:31.27 M  Time_used 31H-14M Time_togo 168H-34M
Mean_return:1.38 Frame:31.37 M  Time_used 31H-19M Time_togo 168H-21M
Mean_return:1.36 Frame:31.48 M  Time_used 31H-24M Time_togo 168H-10M
Mean_return:1.53 Frame:31.59 M  Time_used 31H-30M Time_togo 167H-59M
Mean_return:1.59 Frame:31.69 M  Time_used 31H-35M Time_togo 167H-47M
Mean_return:1.37 Frame:31.80 M  Time_used 31H-41M Time_togo 167H-36M
Mean_return:1.87 Frame:31.92 M  Time_used 31H-47M Time_togo 167H-24M
------------------------------------------------------------
Num steps: 8000000  return: 612.3
------------------------------------------------------------
Mean_return:1.82 Frame:32.03 M  Time_used 32H-1M Time_togo 167H-58M
Mean_return:1.61 Frame:32.14 M  Time_used 32H-7M Time_togo 167H-45M
Mean_return:1.63 Frame:32.25 M  Time_used 32H-12M Time_togo 167H-34M
Mean_return:1.84 Frame:32.36 M  Time_used 32H-18M Time_togo 167H-23M
Mean_return:1.86 Frame:32.48 M  Time_used 32H-24M Time_togo 167H-11M
Mean_return:1.71 Frame:32.59 M  Time_used 32H-30M Time_togo 166H-58M
Mean_return:1.53 Frame:32.69 M  Time_used 32H-35M Time_togo 166H-47M
Mean_return:1.59 Frame:32.81 M  Time_used 32H-41M Time_togo 166H-35M
Mean_return:1.58 Frame:32.91 M  Time_used 32H-46M Time_togo 166H-25M
------------------------------------------------------------
Num steps: 8250000  return: 563.6
------------------------------------------------------------
Mean_return:1.68 Frame:33.01 M  Time_used 33H-1M Time_togo 167H-2M
Mean_return:1.74 Frame:33.12 M  Time_used 33H-6M Time_togo 166H-49M
Mean_return:1.65 Frame:33.23 M  Time_used 33H-11M Time_togo 166H-36M
Mean_return:1.75 Frame:33.34 M  Time_used 33H-16M Time_togo 166H-23M
Mean_return:1.48 Frame:33.45 M  Time_used 33H-22M Time_togo 166H-10M
Mean_return:1.89 Frame:33.56 M  Time_used 33H-27M Time_togo 165H-57M
Mean_return:1.83 Frame:33.67 M  Time_used 33H-32M Time_togo 165H-43M
Mean_return:1.63 Frame:33.78 M  Time_used 33H-38M Time_togo 165H-30M
Mean_return:1.75 Frame:33.89 M  Time_used 33H-43M Time_togo 165H-17M
------------------------------------------------------------
Num steps: 8500000  return: 506.6
------------------------------------------------------------
Mean_return:1.96 Frame:34.01 M  Time_used 33H-58M Time_togo 165H-49M
Mean_return:1.79 Frame:34.12 M  Time_used 34H-4M Time_togo 165H-38M
Mean_return:1.78 Frame:34.23 M  Time_used 34H-9M Time_togo 165H-26M
Mean_return:1.86 Frame:34.35 M  Time_used 34H-15M Time_togo 165H-13M
Mean_return:1.95 Frame:34.46 M  Time_used 34H-21M Time_togo 165H-0M
Mean_return:1.98 Frame:34.57 M  Time_used 34H-26M Time_togo 164H-49M
Mean_return:1.75 Frame:34.68 M  Time_used 34H-32M Time_togo 164H-38M
Mean_return:1.99 Frame:34.79 M  Time_used 34H-37M Time_togo 164H-27M
Mean_return:1.86 Frame:34.90 M  Time_used 34H-43M Time_togo 164H-16M
------------------------------------------------------------
Num steps: 8750000  return: 486.4
------------------------------------------------------------
Mean_return:1.6 Frame:35.01 M  Time_used 34H-58M Time_togo 164H-49M
Mean_return:1.72 Frame:35.12 M  Time_used 35H-3M Time_togo 164H-38M
Mean_return:1.7 Frame:35.23 M  Time_used 35H-9M Time_togo 164H-28M
Mean_return:1.7 Frame:35.33 M  Time_used 35H-15M Time_togo 164H-17M
Mean_return:1.64 Frame:35.44 M  Time_used 35H-20M Time_togo 164H-5M
Mean_return:2.04 Frame:35.55 M  Time_used 35H-25M Time_togo 163H-52M
Mean_return:1.96 Frame:35.67 M  Time_used 35H-31M Time_togo 163H-40M
Mean_return:2.28 Frame:35.78 M  Time_used 35H-36M Time_togo 163H-28M
Mean_return:2.44 Frame:35.89 M  Time_used 35H-42M Time_togo 163H-15M
------------------------------------------------------------
Num steps: 9000000  return: 760.0
------------------------------------------------------------
Mean_return:1.97 Frame:36.00 M  Time_used 35H-56M Time_togo 163H-45M
Mean_return:2.09 Frame:36.11 M  Time_used 36H-2M Time_togo 163H-34M
Mean_return:2.02 Frame:36.23 M  Time_used 36H-8M Time_togo 163H-23M
Mean_return:1.98 Frame:36.33 M  Time_used 36H-13M Time_togo 163H-13M
Mean_return:1.74 Frame:36.44 M  Time_used 36H-19M Time_togo 163H-3M
Mean_return:2.07 Frame:36.55 M  Time_used 36H-25M Time_togo 162H-51M
Mean_return:1.65 Frame:36.65 M  Time_used 36H-30M Time_togo 162H-41M
Mean_return:1.92 Frame:36.76 M  Time_used 36H-35M Time_togo 162H-29M
Mean_return:2.05 Frame:36.88 M  Time_used 36H-41M Time_togo 162H-19M
Mean_return:1.79 Frame:36.98 M  Time_used 36H-47M Time_togo 162H-9M
------------------------------------------------------------
Num steps: 9250000  return: 429.9
------------------------------------------------------------
Mean_return:1.67 Frame:37.08 M  Time_used 37H-1M Time_togo 162H-38M
Mean_return:1.66 Frame:37.19 M  Time_used 37H-6M Time_togo 162H-28M
Mean_return:1.97 Frame:37.30 M  Time_used 37H-12M Time_togo 162H-17M
Mean_return:2.12 Frame:37.41 M  Time_used 37H-17M Time_togo 162H-5M
Mean_return:1.89 Frame:37.52 M  Time_used 37H-23M Time_togo 161H-54M
Mean_return:1.46 Frame:37.62 M  Time_used 37H-28M Time_togo 161H-43M
Mean_return:1.89 Frame:37.73 M  Time_used 37H-33M Time_togo 161H-32M
Mean_return:1.7 Frame:37.84 M  Time_used 37H-39M Time_togo 161H-21M
Mean_return:1.88 Frame:37.95 M  Time_used 37H-45M Time_togo 161H-11M
------------------------------------------------------------
Num steps: 9500000  return: 648.7
------------------------------------------------------------
Mean_return:1.91 Frame:38.07 M  Time_used 37H-59M Time_togo 161H-38M
Mean_return:2.06 Frame:38.18 M  Time_used 38H-5M Time_togo 161H-29M
Mean_return:1.88 Frame:38.29 M  Time_used 38H-11M Time_togo 161H-17M
Mean_return:1.74 Frame:38.40 M  Time_used 38H-16M Time_togo 161H-6M
Mean_return:2.11 Frame:38.51 M  Time_used 38H-22M Time_togo 160H-54M
Mean_return:1.7 Frame:38.61 M  Time_used 38H-27M Time_togo 160H-44M
Mean_return:1.76 Frame:38.73 M  Time_used 38H-33M Time_togo 160H-33M
Mean_return:1.99 Frame:38.84 M  Time_used 38H-38M Time_togo 160H-22M
Mean_return:1.75 Frame:38.95 M  Time_used 38H-44M Time_togo 160H-12M
------------------------------------------------------------
Num steps: 9750000  return: 551.8
------------------------------------------------------------
Mean_return:1.82 Frame:39.06 M  Time_used 39H-0M Time_togo 160H-42M
Mean_return:1.92 Frame:39.18 M  Time_used 39H-6M Time_togo 160H-31M
Mean_return:1.73 Frame:39.28 M  Time_used 39H-11M Time_togo 160H-22M
Mean_return:1.84 Frame:39.39 M  Time_used 39H-17M Time_togo 160H-13M
Mean_return:2.09 Frame:39.51 M  Time_used 39H-24M Time_togo 160H-2M
Mean_return:1.59 Frame:39.61 M  Time_used 39H-29M Time_togo 159H-53M
Mean_return:1.97 Frame:39.72 M  Time_used 39H-35M Time_togo 159H-43M
Mean_return:1.89 Frame:39.83 M  Time_used 39H-41M Time_togo 159H-33M
Mean_return:1.72 Frame:39.94 M  Time_used 39H-47M Time_togo 159H-26M
------------------------------------------------------------
Num steps: 10000000  return: 623.0
------------------------------------------------------------
Mean_return:1.54 Frame:40.05 M  Time_used 40H-1M Time_togo 159H-52M
Mean_return:1.65 Frame:40.16 M  Time_used 40H-7M Time_togo 159H-42M
Mean_return:1.53 Frame:40.27 M  Time_used 40H-13M Time_togo 159H-33M
Mean_return:2.13 Frame:40.38 M  Time_used 40H-19M Time_togo 159H-24M
Mean_return:1.92 Frame:40.50 M  Time_used 40H-25M Time_togo 159H-13M
Mean_return:2.06 Frame:40.61 M  Time_used 40H-31M Time_togo 159H-4M
Mean_return:1.9 Frame:40.73 M  Time_used 40H-38M Time_togo 158H-54M
Mean_return:1.71 Frame:40.84 M  Time_used 40H-44M Time_togo 158H-45M
Mean_return:1.92 Frame:40.95 M  Time_used 40H-50M Time_togo 158H-36M
------------------------------------------------------------
Num steps: 10250000  return: 615.1
------------------------------------------------------------
Mean_return:2.0 Frame:41.07 M  Time_used 41H-5M Time_togo 159H-1M
Mean_return:1.95 Frame:41.18 M  Time_used 41H-11M Time_togo 158H-51M
Mean_return:1.8 Frame:41.29 M  Time_used 41H-17M Time_togo 158H-41M
Mean_return:1.96 Frame:41.41 M  Time_used 41H-23M Time_togo 158H-32M
Mean_return:1.8 Frame:41.51 M  Time_used 41H-29M Time_togo 158H-23M
Mean_return:1.71 Frame:41.62 M  Time_used 41H-35M Time_togo 158H-15M
Mean_return:1.8 Frame:41.73 M  Time_used 41H-41M Time_togo 158H-7M
Mean_return:1.74 Frame:41.84 M  Time_used 41H-47M Time_togo 157H-58M
Mean_return:1.74 Frame:41.95 M  Time_used 41H-53M Time_togo 157H-49M
------------------------------------------------------------
Num steps: 10500000  return: 609.9
------------------------------------------------------------
Mean_return:2.15 Frame:42.06 M  Time_used 42H-8M Time_togo 158H-12M
Mean_return:2.15 Frame:42.17 M  Time_used 42H-13M Time_togo 158H-2M
Mean_return:1.95 Frame:42.28 M  Time_used 42H-19M Time_togo 157H-53M
Mean_return:1.97 Frame:42.39 M  Time_used 42H-24M Time_togo 157H-42M
Mean_return:1.93 Frame:42.49 M  Time_used 42H-30M Time_togo 157H-33M
Mean_return:2.0 Frame:42.60 M  Time_used 42H-36M Time_togo 157H-23M
Mean_return:2.4 Frame:42.72 M  Time_used 42H-41M Time_togo 157H-12M
Mean_return:2.02 Frame:42.83 M  Time_used 42H-47M Time_togo 157H-2M
Mean_return:1.85 Frame:42.93 M  Time_used 42H-52M Time_togo 156H-52M
------------------------------------------------------------
Num steps: 10750000  return: 537.0
------------------------------------------------------------
Mean_return:1.96 Frame:43.04 M  Time_used 43H-7M Time_togo 157H-14M
Mean_return:1.98 Frame:43.15 M  Time_used 43H-12M Time_togo 157H-4M
Mean_return:1.93 Frame:43.26 M  Time_used 43H-18M Time_togo 156H-54M
Mean_return:1.97 Frame:43.37 M  Time_used 43H-23M Time_togo 156H-44M
Mean_return:2.07 Frame:43.48 M  Time_used 43H-29M Time_togo 156H-34M
Mean_return:1.83 Frame:43.59 M  Time_used 43H-34M Time_togo 156H-24M
Mean_return:1.93 Frame:43.69 M  Time_used 43H-40M Time_togo 156H-14M
Mean_return:1.81 Frame:43.80 M  Time_used 43H-45M Time_togo 156H-5M
Mean_return:1.87 Frame:43.91 M  Time_used 43H-51M Time_togo 155H-56M
------------------------------------------------------------
Num steps: 11000000  return: 614.1
------------------------------------------------------------
Mean_return:1.73 Frame:44.02 M  Time_used 44H-6M Time_togo 156H-18M
Mean_return:1.65 Frame:44.13 M  Time_used 44H-12M Time_togo 156H-8M
Mean_return:1.85 Frame:44.23 M  Time_used 44H-17M Time_togo 156H-0M
Mean_return:1.74 Frame:44.34 M  Time_used 44H-23M Time_togo 155H-50M
Mean_return:1.74 Frame:44.44 M  Time_used 44H-28M Time_togo 155H-40M
Mean_return:1.68 Frame:44.55 M  Time_used 44H-34M Time_togo 155H-30M
Mean_return:1.78 Frame:44.67 M  Time_used 44H-40M Time_togo 155H-19M
Mean_return:2.05 Frame:44.78 M  Time_used 44H-46M Time_togo 155H-9M
Mean_return:1.98 Frame:44.89 M  Time_used 44H-51M Time_togo 155H-0M
Mean_return:1.52 Frame:45.00 M  Time_used 44H-56M Time_togo 154H-50M
------------------------------------------------------------
Num steps: 11250000  return: 500.0
------------------------------------------------------------
Mean_return:1.7 Frame:45.11 M  Time_used 45H-11M Time_togo 155H-10M
Mean_return:1.8 Frame:45.22 M  Time_used 45H-17M Time_togo 155H-0M
Mean_return:2.1 Frame:45.33 M  Time_used 45H-22M Time_togo 154H-50M
Mean_return:1.66 Frame:45.43 M  Time_used 45H-28M Time_togo 154H-41M
Mean_return:1.76 Frame:45.54 M  Time_used 45H-33M Time_togo 154H-33M
Mean_return:1.91 Frame:45.65 M  Time_used 45H-39M Time_togo 154H-23M
Mean_return:2.06 Frame:45.76 M  Time_used 45H-45M Time_togo 154H-14M
Mean_return:2.12 Frame:45.87 M  Time_used 45H-51M Time_togo 154H-4M
Mean_return:1.86 Frame:45.98 M  Time_used 45H-57M Time_togo 153H-54M
------------------------------------------------------------
Num steps: 11500000  return: 623.3
------------------------------------------------------------
Mean_return:1.81 Frame:46.09 M  Time_used 46H-12M Time_togo 154H-16M
Mean_return:1.96 Frame:46.20 M  Time_used 46H-17M Time_togo 154H-6M
Mean_return:1.92 Frame:46.31 M  Time_used 46H-23M Time_togo 153H-56M
Mean_return:1.8 Frame:46.42 M  Time_used 46H-28M Time_togo 153H-47M
Mean_return:2.11 Frame:46.53 M  Time_used 46H-34M Time_togo 153H-37M
Mean_return:2.08 Frame:46.64 M  Time_used 46H-40M Time_togo 153H-27M
Mean_return:2.18 Frame:46.76 M  Time_used 46H-46M Time_togo 153H-17M
Mean_return:2.06 Frame:46.86 M  Time_used 46H-51M Time_togo 153H-8M
Mean_return:2.15 Frame:46.98 M  Time_used 46H-57M Time_togo 152H-59M
------------------------------------------------------------
Num steps: 11750000  return: 694.9
------------------------------------------------------------
Mean_return:2.05 Frame:47.08 M  Time_used 47H-12M Time_togo 153H-20M
Mean_return:2.21 Frame:47.19 M  Time_used 47H-18M Time_togo 153H-11M
Mean_return:1.78 Frame:47.30 M  Time_used 47H-23M Time_togo 153H-1M
Mean_return:1.89 Frame:47.41 M  Time_used 47H-29M Time_togo 152H-50M
Mean_return:2.19 Frame:47.52 M  Time_used 47H-34M Time_togo 152H-40M
Mean_return:2.17 Frame:47.63 M  Time_used 47H-40M Time_togo 152H-30M
Mean_return:2.16 Frame:47.74 M  Time_used 47H-46M Time_togo 152H-20M
Mean_return:1.83 Frame:47.85 M  Time_used 47H-51M Time_togo 152H-10M
Mean_return:2.03 Frame:47.96 M  Time_used 47H-57M Time_togo 152H-1M
------------------------------------------------------------
Num steps: 12000000  return: 395.2
------------------------------------------------------------
Mean_return:1.99 Frame:48.07 M  Time_used 48H-12M Time_togo 152H-21M
Mean_return:2.09 Frame:48.18 M  Time_used 48H-17M Time_togo 152H-10M
Mean_return:2.1 Frame:48.29 M  Time_used 48H-22M Time_togo 152H-0M
Mean_return:1.96 Frame:48.40 M  Time_used 48H-28M Time_togo 151H-49M
Mean_return:1.79 Frame:48.51 M  Time_used 48H-34M Time_togo 151H-40M
Mean_return:1.81 Frame:48.61 M  Time_used 48H-39M Time_togo 151H-31M
Mean_return:2.0 Frame:48.72 M  Time_used 48H-44M Time_togo 151H-21M
Mean_return:2.01 Frame:48.82 M  Time_used 48H-49M Time_togo 151H-12M
Mean_return:2.31 Frame:48.93 M  Time_used 48H-55M Time_togo 151H-2M
------------------------------------------------------------
Num steps: 12250000  return: 477.4
------------------------------------------------------------
Mean_return:2.11 Frame:49.04 M  Time_used 49H-9M Time_togo 151H-19M
Mean_return:1.78 Frame:49.15 M  Time_used 49H-15M Time_togo 151H-10M
Mean_return:1.96 Frame:49.26 M  Time_used 49H-20M Time_togo 151H-0M
Mean_return:1.84 Frame:49.36 M  Time_used 49H-25M Time_togo 150H-51M
Mean_return:2.03 Frame:49.47 M  Time_used 49H-31M Time_togo 150H-41M
Mean_return:1.76 Frame:49.58 M  Time_used 49H-36M Time_togo 150H-31M
Mean_return:2.0 Frame:49.69 M  Time_used 49H-41M Time_togo 150H-20M
Mean_return:1.87 Frame:49.79 M  Time_used 49H-46M Time_togo 150H-9M
Mean_return:2.33 Frame:49.91 M  Time_used 49H-52M Time_togo 149H-58M
------------------------------------------------------------
Num steps: 12500000  return: 755.9
------------------------------------------------------------
Mean_return:2.32 Frame:50.02 M  Time_used 50H-6M Time_togo 150H-13M
Mean_return:2.1 Frame:50.14 M  Time_used 50H-11M Time_togo 150H-3M
Mean_return:2.09 Frame:50.25 M  Time_used 50H-17M Time_togo 149H-51M
Mean_return:1.9 Frame:50.35 M  Time_used 50H-22M Time_togo 149H-42M
Mean_return:2.29 Frame:50.47 M  Time_used 50H-27M Time_togo 149H-31M
Mean_return:2.16 Frame:50.58 M  Time_used 50H-33M Time_togo 149H-21M
Mean_return:2.12 Frame:50.69 M  Time_used 50H-38M Time_togo 149H-10M
Mean_return:1.91 Frame:50.79 M  Time_used 50H-43M Time_togo 149H-1M
Mean_return:2.07 Frame:50.90 M  Time_used 50H-48M Time_togo 148H-51M
------------------------------------------------------------
Num steps: 12750000  return: 697.4
------------------------------------------------------------
Mean_return:2.18 Frame:51.01 M  Time_used 51H-3M Time_togo 149H-8M
Mean_return:1.99 Frame:51.11 M  Time_used 51H-8M Time_togo 148H-58M
Mean_return:1.91 Frame:51.22 M  Time_used 51H-13M Time_togo 148H-48M
Mean_return:1.93 Frame:51.33 M  Time_used 51H-19M Time_togo 148H-37M
Mean_return:2.27 Frame:51.44 M  Time_used 51H-24M Time_togo 148H-27M
Mean_return:2.03 Frame:51.55 M  Time_used 51H-29M Time_togo 148H-17M
Mean_return:1.92 Frame:51.66 M  Time_used 51H-35M Time_togo 148H-7M
Mean_return:2.33 Frame:51.77 M  Time_used 51H-40M Time_togo 147H-57M
Mean_return:2.07 Frame:51.89 M  Time_used 51H-46M Time_togo 147H-47M
Mean_return:2.09 Frame:52.00 M  Time_used 51H-52M Time_togo 147H-39M
------------------------------------------------------------
Num steps: 13000000  return: 656.7
------------------------------------------------------------
Mean_return:1.89 Frame:52.11 M  Time_used 52H-6M Time_togo 147H-55M
Mean_return:2.26 Frame:52.22 M  Time_used 52H-12M Time_togo 147H-45M
Mean_return:2.03 Frame:52.33 M  Time_used 52H-18M Time_togo 147H-36M
Mean_return:2.36 Frame:52.45 M  Time_used 52H-24M Time_togo 147H-26M
Mean_return:2.33 Frame:52.56 M  Time_used 52H-30M Time_togo 147H-16M
Mean_return:2.44 Frame:52.68 M  Time_used 52H-36M Time_togo 147H-6M
Mean_return:1.95 Frame:52.78 M  Time_used 52H-41M Time_togo 146H-56M
Mean_return:2.05 Frame:52.90 M  Time_used 52H-47M Time_togo 146H-46M
------------------------------------------------------------
Num steps: 13250000  return: 700.0
------------------------------------------------------------
Mean_return:1.99 Frame:53.01 M  Time_used 53H-1M Time_togo 147H-1M
Mean_return:2.05 Frame:53.13 M  Time_used 53H-7M Time_togo 146H-52M
Mean_return:1.97 Frame:53.24 M  Time_used 53H-13M Time_togo 146H-42M
Mean_return:1.93 Frame:53.35 M  Time_used 53H-19M Time_togo 146H-33M
Mean_return:1.67 Frame:53.46 M  Time_used 53H-24M Time_togo 146H-25M
Mean_return:1.93 Frame:53.56 M  Time_used 53H-30M Time_togo 146H-16M
Mean_return:1.87 Frame:53.68 M  Time_used 53H-35M Time_togo 146H-6M
Mean_return:2.09 Frame:53.79 M  Time_used 53H-41M Time_togo 145H-56M
Mean_return:1.87 Frame:53.90 M  Time_used 53H-46M Time_togo 145H-47M
------------------------------------------------------------
Num steps: 13500000  return: 733.1
------------------------------------------------------------
Mean_return:1.79 Frame:54.01 M  Time_used 54H-1M Time_togo 146H-1M
Mean_return:2.12 Frame:54.11 M  Time_used 54H-6M Time_togo 145H-52M
Mean_return:2.09 Frame:54.22 M  Time_used 54H-12M Time_togo 145H-43M
Mean_return:1.99 Frame:54.33 M  Time_used 54H-17M Time_togo 145H-33M
Mean_return:1.91 Frame:54.44 M  Time_used 54H-23M Time_togo 145H-23M
Mean_return:2.12 Frame:54.56 M  Time_used 54H-29M Time_togo 145H-13M
Mean_return:1.95 Frame:54.67 M  Time_used 54H-34M Time_togo 145H-5M
Mean_return:1.99 Frame:54.78 M  Time_used 54H-40M Time_togo 144H-55M
Mean_return:2.17 Frame:54.89 M  Time_used 54H-45M Time_togo 144H-45M
------------------------------------------------------------
Num steps: 13750000  return: 535.1
------------------------------------------------------------
Mean_return:2.11 Frame:55.00 M  Time_used 54H-59M Time_togo 144H-58M
Mean_return:2.2 Frame:55.13 M  Time_used 55H-6M Time_togo 144H-47M
Mean_return:2.45 Frame:55.25 M  Time_used 55H-12M Time_togo 144H-37M
Mean_return:2.17 Frame:55.37 M  Time_used 55H-18M Time_togo 144H-27M
Mean_return:1.78 Frame:55.47 M  Time_used 55H-23M Time_togo 144H-18M
Mean_return:2.31 Frame:55.59 M  Time_used 55H-29M Time_togo 144H-8M
Mean_return:2.33 Frame:55.70 M  Time_used 55H-34M Time_togo 143H-58M
Mean_return:2.13 Frame:55.81 M  Time_used 55H-40M Time_togo 143H-48M
Mean_return:1.77 Frame:55.92 M  Time_used 55H-45M Time_togo 143H-39M
------------------------------------------------------------
Num steps: 14000000  return: 277.9
------------------------------------------------------------
Mean_return:2.07 Frame:56.02 M  Time_used 55H-59M Time_togo 143H-53M
Mean_return:2.48 Frame:56.14 M  Time_used 56H-5M Time_togo 143H-42M
Mean_return:2.22 Frame:56.26 M  Time_used 56H-10M Time_togo 143H-31M
Mean_return:2.2 Frame:56.37 M  Time_used 56H-16M Time_togo 143H-21M
Mean_return:2.29 Frame:56.48 M  Time_used 56H-21M Time_togo 143H-11M
Mean_return:2.14 Frame:56.59 M  Time_used 56H-26M Time_togo 143H-1M
Mean_return:2.1 Frame:56.70 M  Time_used 56H-31M Time_togo 142H-51M
Mean_return:1.99 Frame:56.81 M  Time_used 56H-36M Time_togo 142H-41M
Mean_return:2.03 Frame:56.91 M  Time_used 56H-41M Time_togo 142H-32M
------------------------------------------------------------
Num steps: 14250000  return: 713.3
------------------------------------------------------------
Mean_return:2.09 Frame:57.02 M  Time_used 56H-56M Time_togo 142H-45M
Mean_return:2.15 Frame:57.13 M  Time_used 57H-1M Time_togo 142H-36M
Mean_return:2.18 Frame:57.23 M  Time_used 57H-6M Time_togo 142H-27M
Mean_return:2.68 Frame:57.35 M  Time_used 57H-12M Time_togo 142H-17M
Mean_return:1.92 Frame:57.45 M  Time_used 57H-17M Time_togo 142H-8M
Mean_return:2.02 Frame:57.56 M  Time_used 57H-22M Time_togo 141H-58M
Mean_return:2.28 Frame:57.67 M  Time_used 57H-27M Time_togo 141H-49M
Mean_return:2.07 Frame:57.78 M  Time_used 57H-33M Time_togo 141H-40M
Mean_return:1.89 Frame:57.88 M  Time_used 57H-38M Time_togo 141H-32M
Mean_return:2.16 Frame:57.99 M  Time_used 57H-44M Time_togo 141H-22M
------------------------------------------------------------
Num steps: 14500000  return: 822.9
------------------------------------------------------------
Mean_return:2.19 Frame:58.10 M  Time_used 57H-58M Time_togo 141H-35M
Mean_return:1.97 Frame:58.21 M  Time_used 58H-3M Time_togo 141H-25M
Mean_return:2.14 Frame:58.32 M  Time_used 58H-8M Time_togo 141H-16M
Mean_return:2.47 Frame:58.43 M  Time_used 58H-14M Time_togo 141H-6M
Mean_return:2.19 Frame:58.54 M  Time_used 58H-19M Time_togo 140H-57M
Mean_return:2.09 Frame:58.64 M  Time_used 58H-25M Time_togo 140H-48M
Mean_return:2.0 Frame:58.75 M  Time_used 58H-30M Time_togo 140H-40M
Mean_return:2.05 Frame:58.86 M  Time_used 58H-36M Time_togo 140H-31M
Mean_return:2.32 Frame:58.97 M  Time_used 58H-41M Time_togo 140H-22M
------------------------------------------------------------
Num steps: 14750000  return: 592.2
------------------------------------------------------------
Mean_return:1.99 Frame:59.07 M  Time_used 58H-55M Time_togo 140H-35M
Mean_return:2.37 Frame:59.18 M  Time_used 59H-1M Time_togo 140H-26M
Mean_return:2.19 Frame:59.29 M  Time_used 59H-6M Time_togo 140H-17M
Mean_return:1.83 Frame:59.39 M  Time_used 59H-11M Time_togo 140H-8M
Mean_return:2.26 Frame:59.51 M  Time_used 59H-17M Time_togo 139H-58M
Mean_return:2.31 Frame:59.63 M  Time_used 59H-23M Time_togo 139H-49M
Mean_return:2.1 Frame:59.73 M  Time_used 59H-29M Time_togo 139H-41M
Mean_return:2.3 Frame:59.85 M  Time_used 59H-35M Time_togo 139H-31M
Mean_return:2.1 Frame:59.96 M  Time_used 59H-40M Time_togo 139H-22M
------------------------------------------------------------
Num steps: 15000000  return: 614.3
------------------------------------------------------------
Mean_return:2.14 Frame:60.07 M  Time_used 59H-54M Time_togo 139H-33M
Mean_return:2.17 Frame:60.18 M  Time_used 60H-0M Time_togo 139H-24M
Mean_return:2.3 Frame:60.29 M  Time_used 60H-5M Time_togo 139H-14M
Mean_return:2.02 Frame:60.40 M  Time_used 60H-10M Time_togo 139H-5M
Mean_return:2.15 Frame:60.50 M  Time_used 60H-15M Time_togo 138H-56M
Mean_return:2.07 Frame:60.61 M  Time_used 60H-21M Time_togo 138H-47M
Mean_return:1.92 Frame:60.72 M  Time_used 60H-26M Time_togo 138H-39M
Mean_return:2.06 Frame:60.83 M  Time_used 60H-32M Time_togo 138H-30M
Mean_return:2.28 Frame:60.94 M  Time_used 60H-37M Time_togo 138H-21M
------------------------------------------------------------
Num steps: 15250000  return: 505.2
------------------------------------------------------------
Mean_return:2.02 Frame:61.05 M  Time_used 60H-51M Time_togo 138H-32M
Mean_return:2.12 Frame:61.15 M  Time_used 60H-57M Time_togo 138H-23M
Mean_return:2.15 Frame:61.26 M  Time_used 61H-2M Time_togo 138H-15M
Mean_return:2.06 Frame:61.37 M  Time_used 61H-8M Time_togo 138H-6M
Mean_return:2.04 Frame:61.48 M  Time_used 61H-13M Time_togo 137H-57M
Mean_return:2.13 Frame:61.59 M  Time_used 61H-19M Time_togo 137H-48M
Mean_return:2.06 Frame:61.70 M  Time_used 61H-24M Time_togo 137H-40M
Mean_return:1.97 Frame:61.81 M  Time_used 61H-30M Time_togo 137H-30M
Mean_return:2.38 Frame:61.92 M  Time_used 61H-35M Time_togo 137H-20M
------------------------------------------------------------
Num steps: 15500000  return: 521.3
------------------------------------------------------------
Mean_return:2.34 Frame:62.04 M  Time_used 61H-50M Time_togo 137H-31M
Mean_return:2.43 Frame:62.16 M  Time_used 61H-56M Time_togo 137H-22M
Mean_return:1.99 Frame:62.26 M  Time_used 62H-2M Time_togo 137H-14M
Mean_return:2.27 Frame:62.39 M  Time_used 62H-8M Time_togo 137H-4M
Mean_return:2.31 Frame:62.49 M  Time_used 62H-13M Time_togo 136H-55M
Mean_return:2.28 Frame:62.60 M  Time_used 62H-19M Time_togo 136H-46M
Mean_return:1.95 Frame:62.71 M  Time_used 62H-24M Time_togo 136H-37M
Mean_return:2.36 Frame:62.83 M  Time_used 62H-30M Time_togo 136H-28M
Mean_return:2.35 Frame:62.94 M  Time_used 62H-36M Time_togo 136H-19M
------------------------------------------------------------
Num steps: 15750000  return: 518.8
------------------------------------------------------------
Mean_return:2.11 Frame:63.06 M  Time_used 62H-50M Time_togo 136H-29M
Mean_return:2.02 Frame:63.16 M  Time_used 62H-56M Time_togo 136H-20M
Mean_return:2.01 Frame:63.27 M  Time_used 63H-1M Time_togo 136H-11M
Mean_return:2.21 Frame:63.38 M  Time_used 63H-6M Time_togo 136H-2M
Mean_return:2.11 Frame:63.49 M  Time_used 63H-12M Time_togo 135H-53M
Mean_return:1.97 Frame:63.59 M  Time_used 63H-17M Time_togo 135H-45M
Mean_return:1.9 Frame:63.70 M  Time_used 63H-22M Time_togo 135H-36M
Mean_return:1.51 Frame:63.80 M  Time_used 63H-27M Time_togo 135H-28M
Mean_return:1.75 Frame:63.90 M  Time_used 63H-32M Time_togo 135H-20M
------------------------------------------------------------
Num steps: 16000000  return: 646.3
------------------------------------------------------------
Mean_return:1.96 Frame:64.01 M  Time_used 63H-46M Time_togo 135H-30M
Mean_return:1.88 Frame:64.12 M  Time_used 63H-51M Time_togo 135H-20M
Mean_return:2.06 Frame:64.22 M  Time_used 63H-56M Time_togo 135H-11M
Mean_return:1.88 Frame:64.34 M  Time_used 64H-2M Time_togo 135H-2M
Mean_return:2.0 Frame:64.45 M  Time_used 64H-7M Time_togo 134H-53M
Mean_return:2.4 Frame:64.56 M  Time_used 64H-13M Time_togo 134H-44M
Mean_return:2.01 Frame:64.67 M  Time_used 64H-18M Time_togo 134H-35M
Mean_return:2.06 Frame:64.78 M  Time_used 64H-24M Time_togo 134H-26M
Mean_return:2.1 Frame:64.88 M  Time_used 64H-29M Time_togo 134H-17M
Mean_return:2.17 Frame:64.99 M  Time_used 64H-34M Time_togo 134H-8M
------------------------------------------------------------
Num steps: 16250000  return: 665.8
------------------------------------------------------------
Mean_return:2.32 Frame:65.10 M  Time_used 64H-48M Time_togo 134H-17M
Mean_return:2.34 Frame:65.21 M  Time_used 64H-53M Time_togo 134H-8M
Mean_return:1.94 Frame:65.31 M  Time_used 64H-58M Time_togo 134H-0M
Mean_return:2.22 Frame:65.42 M  Time_used 65H-3M Time_togo 133H-51M
Mean_return:2.46 Frame:65.53 M  Time_used 65H-9M Time_togo 133H-42M
Mean_return:2.06 Frame:65.64 M  Time_used 65H-14M Time_togo 133H-33M
Mean_return:1.97 Frame:65.74 M  Time_used 65H-19M Time_togo 133H-24M
Mean_return:2.43 Frame:65.86 M  Time_used 65H-25M Time_togo 133H-15M
Mean_return:1.94 Frame:65.96 M  Time_used 65H-30M Time_togo 133H-6M
------------------------------------------------------------
Num steps: 16500000  return: 494.4
------------------------------------------------------------
Mean_return:2.06 Frame:66.07 M  Time_used 65H-44M Time_togo 133H-15M
Mean_return:2.37 Frame:66.19 M  Time_used 65H-50M Time_togo 133H-6M
Mean_return:2.02 Frame:66.29 M  Time_used 65H-55M Time_togo 132H-58M
Mean_return:2.24 Frame:66.40 M  Time_used 66H-1M Time_togo 132H-49M
Mean_return:2.07 Frame:66.51 M  Time_used 66H-6M Time_togo 132H-41M
Mean_return:2.38 Frame:66.62 M  Time_used 66H-12M Time_togo 132H-32M
Mean_return:2.42 Frame:66.74 M  Time_used 66H-17M Time_togo 132H-23M
Mean_return:2.09 Frame:66.84 M  Time_used 66H-23M Time_togo 132H-14M
Mean_return:2.6 Frame:66.96 M  Time_used 66H-29M Time_togo 132H-5M
------------------------------------------------------------
Num steps: 16750000  return: 671.2
------------------------------------------------------------
Mean_return:2.16 Frame:67.07 M  Time_used 66H-43M Time_togo 132H-14M
Mean_return:2.07 Frame:67.19 M  Time_used 66H-49M Time_togo 132H-6M
Mean_return:2.2 Frame:67.30 M  Time_used 66H-54M Time_togo 131H-57M
Mean_return:2.28 Frame:67.40 M  Time_used 67H-0M Time_togo 131H-49M
Mean_return:2.3 Frame:67.51 M  Time_used 67H-5M Time_togo 131H-40M
Mean_return:2.25 Frame:67.62 M  Time_used 67H-11M Time_togo 131H-31M
Mean_return:2.34 Frame:67.73 M  Time_used 67H-16M Time_togo 131H-23M
Mean_return:2.27 Frame:67.84 M  Time_used 67H-22M Time_togo 131H-14M
Mean_return:2.1 Frame:67.95 M  Time_used 67H-27M Time_togo 131H-5M
------------------------------------------------------------
Num steps: 17000000  return: 565.0
------------------------------------------------------------
Mean_return:2.16 Frame:68.05 M  Time_used 67H-41M Time_togo 131H-14M
Mean_return:2.19 Frame:68.16 M  Time_used 67H-46M Time_togo 131H-6M
Mean_return:2.09 Frame:68.26 M  Time_used 67H-52M Time_togo 130H-58M
Mean_return:2.17 Frame:68.38 M  Time_used 67H-57M Time_togo 130H-49M
Mean_return:2.28 Frame:68.49 M  Time_used 68H-3M Time_togo 130H-41M
Mean_return:2.36 Frame:68.60 M  Time_used 68H-8M Time_togo 130H-32M
Mean_return:2.13 Frame:68.71 M  Time_used 68H-14M Time_togo 130H-23M
Mean_return:2.04 Frame:68.82 M  Time_used 68H-20M Time_togo 130H-15M
Mean_return:1.99 Frame:68.93 M  Time_used 68H-25M Time_togo 130H-6M
------------------------------------------------------------
Num steps: 17250000  return: 588.4
------------------------------------------------------------
Mean_return:2.24 Frame:69.04 M  Time_used 68H-40M Time_togo 130H-16M
Mean_return:2.35 Frame:69.16 M  Time_used 68H-46M Time_togo 130H-6M
Mean_return:2.14 Frame:69.27 M  Time_used 68H-52M Time_togo 129H-58M
Mean_return:2.57 Frame:69.38 M  Time_used 68H-58M Time_togo 129H-50M
Mean_return:2.31 Frame:69.50 M  Time_used 69H-4M Time_togo 129H-42M
Mean_return:2.23 Frame:69.61 M  Time_used 69H-9M Time_togo 129H-33M
Mean_return:2.09 Frame:69.72 M  Time_used 69H-15M Time_togo 129H-25M
Mean_return:2.2 Frame:69.83 M  Time_used 69H-21M Time_togo 129H-16M
Mean_return:2.22 Frame:69.94 M  Time_used 69H-26M Time_togo 129H-8M
------------------------------------------------------------
Num steps: 17500000  return: 614.2
------------------------------------------------------------
Mean_return:2.22 Frame:70.05 M  Time_used 69H-40M Time_togo 129H-16M
Mean_return:2.29 Frame:70.16 M  Time_used 69H-46M Time_togo 129H-7M
Mean_return:1.76 Frame:70.27 M  Time_used 69H-51M Time_togo 128H-59M
Mean_return:2.1 Frame:70.38 M  Time_used 69H-57M Time_togo 128H-50M
Mean_return:2.01 Frame:70.49 M  Time_used 70H-3M Time_togo 128H-42M
Mean_return:2.04 Frame:70.60 M  Time_used 70H-8M Time_togo 128H-34M
Mean_return:1.96 Frame:70.71 M  Time_used 70H-14M Time_togo 128H-25M
Mean_return:2.11 Frame:70.83 M  Time_used 70H-20M Time_togo 128H-16M
Mean_return:2.09 Frame:70.93 M  Time_used 70H-25M Time_togo 128H-8M
------------------------------------------------------------
Num steps: 17750000  return: 501.9
------------------------------------------------------------
Mean_return:1.83 Frame:71.04 M  Time_used 70H-39M Time_togo 128H-16M
Mean_return:2.21 Frame:71.15 M  Time_used 70H-45M Time_togo 128H-7M
Mean_return:2.3 Frame:71.27 M  Time_used 70H-50M Time_togo 127H-58M
Mean_return:2.09 Frame:71.37 M  Time_used 70H-55M Time_togo 127H-50M
Mean_return:2.26 Frame:71.48 M  Time_used 71H-0M Time_togo 127H-41M
Mean_return:1.99 Frame:71.58 M  Time_used 71H-6M Time_togo 127H-33M
Mean_return:2.08 Frame:71.69 M  Time_used 71H-11M Time_togo 127H-24M
Mean_return:2.31 Frame:71.80 M  Time_used 71H-16M Time_togo 127H-15M
Mean_return:2.27 Frame:71.91 M  Time_used 71H-21M Time_togo 127H-6M
------------------------------------------------------------
Num steps: 18000000  return: 883.6
------------------------------------------------------------
Mean_return:2.1 Frame:72.03 M  Time_used 71H-36M Time_togo 127H-13M
Mean_return:2.11 Frame:72.14 M  Time_used 71H-41M Time_togo 127H-4M
Mean_return:2.38 Frame:72.25 M  Time_used 71H-47M Time_togo 126H-56M
Mean_return:1.97 Frame:72.36 M  Time_used 71H-52M Time_togo 126H-47M
Mean_return:2.04 Frame:72.46 M  Time_used 71H-57M Time_togo 126H-39M
Mean_return:2.45 Frame:72.58 M  Time_used 72H-3M Time_togo 126H-30M
Mean_return:2.48 Frame:72.69 M  Time_used 72H-8M Time_togo 126H-21M
Mean_return:2.08 Frame:72.80 M  Time_used 72H-14M Time_togo 126H-12M
Mean_return:1.9 Frame:72.91 M  Time_used 72H-19M Time_togo 126H-4M
------------------------------------------------------------
Num steps: 18250000  return: 685.0
------------------------------------------------------------
Mean_return:2.15 Frame:73.02 M  Time_used 72H-33M Time_togo 126H-10M
Mean_return:1.61 Frame:73.12 M  Time_used 72H-38M Time_togo 126H-3M
Mean_return:1.92 Frame:73.23 M  Time_used 72H-43M Time_togo 125H-54M
Mean_return:2.24 Frame:73.34 M  Time_used 72H-49M Time_togo 125H-45M
Mean_return:2.4 Frame:73.45 M  Time_used 72H-54M Time_togo 125H-37M
Mean_return:2.02 Frame:73.55 M  Time_used 72H-59M Time_togo 125H-29M
Mean_return:2.1 Frame:73.66 M  Time_used 73H-5M Time_togo 125H-21M
Mean_return:2.03 Frame:73.76 M  Time_used 73H-10M Time_togo 125H-13M
Mean_return:1.93 Frame:73.87 M  Time_used 73H-15M Time_togo 125H-4M
Mean_return:2.38 Frame:73.99 M  Time_used 73H-21M Time_togo 124H-55M
------------------------------------------------------------
Num steps: 18500000  return: 658.8
------------------------------------------------------------
Mean_return:2.05 Frame:74.10 M  Time_used 73H-35M Time_togo 125H-2M
Mean_return:1.96 Frame:74.21 M  Time_used 73H-40M Time_togo 124H-53M
Mean_return:1.81 Frame:74.31 M  Time_used 73H-45M Time_togo 124H-45M
Mean_return:2.04 Frame:74.42 M  Time_used 73H-50M Time_togo 124H-36M
Mean_return:2.11 Frame:74.53 M  Time_used 73H-55M Time_togo 124H-27M
Mean_return:1.99 Frame:74.64 M  Time_used 74H-0M Time_togo 124H-18M
Mean_return:2.0 Frame:74.74 M  Time_used 74H-5M Time_togo 124H-10M
Mean_return:1.81 Frame:74.85 M  Time_used 74H-10M Time_togo 124H-2M
Mean_return:1.96 Frame:74.95 M  Time_used 74H-15M Time_togo 123H-53M
------------------------------------------------------------
Num steps: 18750000  return: 605.3
------------------------------------------------------------
Mean_return:1.99 Frame:75.06 M  Time_used 74H-29M Time_togo 124H-0M
Mean_return:2.24 Frame:75.17 M  Time_used 74H-35M Time_togo 123H-52M
Mean_return:2.15 Frame:75.27 M  Time_used 74H-40M Time_togo 123H-43M
Mean_return:2.33 Frame:75.38 M  Time_used 74H-45M Time_togo 123H-34M
Mean_return:2.1 Frame:75.49 M  Time_used 74H-50M Time_togo 123H-26M
Mean_return:2.18 Frame:75.59 M  Time_used 74H-55M Time_togo 123H-17M
Mean_return:2.23 Frame:75.70 M  Time_used 75H-0M Time_togo 123H-9M
Mean_return:2.37 Frame:75.82 M  Time_used 75H-5M Time_togo 122H-59M
Mean_return:2.22 Frame:75.93 M  Time_used 75H-10M Time_togo 122H-50M
------------------------------------------------------------
Num steps: 19000000  return: 694.1
------------------------------------------------------------
Mean_return:2.3 Frame:76.05 M  Time_used 75H-25M Time_togo 122H-55M
Mean_return:2.2 Frame:76.15 M  Time_used 75H-30M Time_togo 122H-47M
Mean_return:1.96 Frame:76.26 M  Time_used 75H-35M Time_togo 122H-39M
Mean_return:2.28 Frame:76.37 M  Time_used 75H-41M Time_togo 122H-30M
Mean_return:1.77 Frame:76.47 M  Time_used 75H-46M Time_togo 122H-23M
Mean_return:2.33 Frame:76.59 M  Time_used 75H-51M Time_togo 122H-15M
Mean_return:2.17 Frame:76.70 M  Time_used 75H-57M Time_togo 122H-6M
Mean_return:1.87 Frame:76.81 M  Time_used 76H-3M Time_togo 121H-58M
Mean_return:1.99 Frame:76.92 M  Time_used 76H-8M Time_togo 121H-50M
------------------------------------------------------------
Num steps: 19250000  return: 594.0
------------------------------------------------------------
Mean_return:2.0 Frame:77.03 M  Time_used 76H-23M Time_togo 121H-56M
Mean_return:2.12 Frame:77.14 M  Time_used 76H-28M Time_togo 121H-47M
Mean_return:2.21 Frame:77.26 M  Time_used 76H-34M Time_togo 121H-38M
Mean_return:2.06 Frame:77.37 M  Time_used 76H-39M Time_togo 121H-29M
Mean_return:1.97 Frame:77.49 M  Time_used 76H-45M Time_togo 121H-21M
Mean_return:1.94 Frame:77.59 M  Time_used 76H-50M Time_togo 121H-13M
Mean_return:1.97 Frame:77.70 M  Time_used 76H-55M Time_togo 121H-4M
Mean_return:2.12 Frame:77.81 M  Time_used 77H-0M Time_togo 120H-56M
Mean_return:2.28 Frame:77.93 M  Time_used 77H-6M Time_togo 120H-46M
------------------------------------------------------------
Num steps: 19500000  return: 930.9
------------------------------------------------------------
Mean_return:1.96 Frame:78.03 M  Time_used 77H-20M Time_togo 120H-53M
Mean_return:2.28 Frame:78.15 M  Time_used 77H-26M Time_togo 120H-44M
Mean_return:2.12 Frame:78.26 M  Time_used 77H-32M Time_togo 120H-36M
Mean_return:2.0 Frame:78.37 M  Time_used 77H-37M Time_togo 120H-28M
Mean_return:1.75 Frame:78.48 M  Time_used 77H-42M Time_togo 120H-20M
Mean_return:2.05 Frame:78.60 M  Time_used 77H-49M Time_togo 120H-12M
Mean_return:1.71 Frame:78.70 M  Time_used 77H-54M Time_togo 120H-4M
Mean_return:1.89 Frame:78.81 M  Time_used 77H-59M Time_togo 119H-55M
Mean_return:1.9 Frame:78.92 M  Time_used 78H-5M Time_togo 119H-47M
------------------------------------------------------------
Num steps: 19750000  return: 683.6
------------------------------------------------------------
Mean_return:1.97 Frame:79.02 M  Time_used 78H-19M Time_togo 119H-53M
Mean_return:1.82 Frame:79.13 M  Time_used 78H-24M Time_togo 119H-45M
Mean_return:2.53 Frame:79.25 M  Time_used 78H-30M Time_togo 119H-37M
Mean_return:2.29 Frame:79.37 M  Time_used 78H-36M Time_togo 119H-27M
Mean_return:2.08 Frame:79.47 M  Time_used 78H-40M Time_togo 119H-19M
Mean_return:1.97 Frame:79.58 M  Time_used 78H-46M Time_togo 119H-11M
Mean_return:1.82 Frame:79.68 M  Time_used 78H-50M Time_togo 119H-3M
Mean_return:2.13 Frame:79.80 M  Time_used 78H-56M Time_togo 118H-54M
Mean_return:1.97 Frame:79.90 M  Time_used 79H-1M Time_togo 118H-46M
------------------------------------------------------------
Num steps: 20000000  return: 488.0
------------------------------------------------------------
Mean_return:1.84 Frame:80.01 M  Time_used 79H-15M Time_togo 118H-51M
Mean_return:2.12 Frame:80.12 M  Time_used 79H-20M Time_togo 118H-43M
Mean_return:2.31 Frame:80.24 M  Time_used 79H-26M Time_togo 118H-33M
Mean_return:2.23 Frame:80.35 M  Time_used 79H-31M Time_togo 118H-25M
Mean_return:1.99 Frame:80.45 M  Time_used 79H-36M Time_togo 118H-17M
Mean_return:2.28 Frame:80.56 M  Time_used 79H-41M Time_togo 118H-9M
Mean_return:2.09 Frame:80.68 M  Time_used 79H-47M Time_togo 118H-0M
Mean_return:2.61 Frame:80.80 M  Time_used 79H-53M Time_togo 117H-51M
Mean_return:2.39 Frame:80.91 M  Time_used 79H-58M Time_togo 117H-42M
------------------------------------------------------------
Num steps: 20250000  return: 822.1
------------------------------------------------------------
Mean_return:2.38 Frame:81.04 M  Time_used 80H-12M Time_togo 117H-45M
Mean_return:2.17 Frame:81.14 M  Time_used 80H-18M Time_togo 117H-37M
Mean_return:2.35 Frame:81.26 M  Time_used 80H-23M Time_togo 117H-27M
Mean_return:2.38 Frame:81.38 M  Time_used 80H-28M Time_togo 117H-18M
Mean_return:2.17 Frame:81.48 M  Time_used 80H-33M Time_togo 117H-11M
Mean_return:2.34 Frame:81.60 M  Time_used 80H-39M Time_togo 117H-2M
Mean_return:2.23 Frame:81.70 M  Time_used 80H-44M Time_togo 116H-54M
Mean_return:2.25 Frame:81.82 M  Time_used 80H-50M Time_togo 116H-45M
Mean_return:2.34 Frame:81.94 M  Time_used 80H-55M Time_togo 116H-36M
------------------------------------------------------------
Num steps: 20500000  return: 674.6
------------------------------------------------------------
Mean_return:2.1 Frame:82.05 M  Time_used 81H-10M Time_togo 116H-40M
Mean_return:2.0 Frame:82.17 M  Time_used 81H-15M Time_togo 116H-31M
Mean_return:2.28 Frame:82.29 M  Time_used 81H-21M Time_togo 116H-22M
Mean_return:2.25 Frame:82.40 M  Time_used 81H-26M Time_togo 116H-13M
Mean_return:2.12 Frame:82.51 M  Time_used 81H-31M Time_togo 116H-5M
Mean_return:2.05 Frame:82.61 M  Time_used 81H-36M Time_togo 115H-57M
Mean_return:2.56 Frame:82.73 M  Time_used 81H-41M Time_togo 115H-48M
Mean_return:2.24 Frame:82.84 M  Time_used 81H-47M Time_togo 115H-39M
Mean_return:2.17 Frame:82.95 M  Time_used 81H-52M Time_togo 115H-31M
------------------------------------------------------------
Num steps: 20750000  return: 466.9
------------------------------------------------------------
Mean_return:2.19 Frame:83.07 M  Time_used 82H-6M Time_togo 115H-35M
Mean_return:2.21 Frame:83.18 M  Time_used 82H-11M Time_togo 115H-26M
Mean_return:2.33 Frame:83.29 M  Time_used 82H-16M Time_togo 115H-18M
Mean_return:2.16 Frame:83.40 M  Time_used 82H-22M Time_togo 115H-10M
Mean_return:2.43 Frame:83.51 M  Time_used 82H-27M Time_togo 115H-1M
Mean_return:2.18 Frame:83.62 M  Time_used 82H-32M Time_togo 114H-53M
Mean_return:2.32 Frame:83.74 M  Time_used 82H-38M Time_togo 114H-44M
Mean_return:2.0 Frame:83.84 M  Time_used 82H-43M Time_togo 114H-36M
Mean_return:2.5 Frame:83.96 M  Time_used 82H-48M Time_togo 114H-27M
------------------------------------------------------------
Num steps: 21000000  return: 653.8
------------------------------------------------------------
Mean_return:2.21 Frame:84.07 M  Time_used 83H-3M Time_togo 114H-31M
Mean_return:2.25 Frame:84.18 M  Time_used 83H-8M Time_togo 114H-22M
Mean_return:1.95 Frame:84.29 M  Time_used 83H-13M Time_togo 114H-14M
Mean_return:2.17 Frame:84.39 M  Time_used 83H-17M Time_togo 114H-6M
Mean_return:2.15 Frame:84.49 M  Time_used 83H-22M Time_togo 113H-58M
Mean_return:2.28 Frame:84.61 M  Time_used 83H-28M Time_togo 113H-50M
Mean_return:2.3 Frame:84.71 M  Time_used 83H-33M Time_togo 113H-42M
Mean_return:2.26 Frame:84.83 M  Time_used 83H-38M Time_togo 113H-33M
Mean_return:2.37 Frame:84.94 M  Time_used 83H-43M Time_togo 113H-24M
------------------------------------------------------------
Num steps: 21250000  return: 668.3
------------------------------------------------------------
Mean_return:2.17 Frame:85.04 M  Time_used 83H-57M Time_togo 113H-29M
Mean_return:2.07 Frame:85.15 M  Time_used 84H-2M Time_togo 113H-20M
Mean_return:2.24 Frame:85.27 M  Time_used 84H-7M Time_togo 113H-12M
Mean_return:1.84 Frame:85.38 M  Time_used 84H-12M Time_togo 113H-3M
Mean_return:1.9 Frame:85.48 M  Time_used 84H-17M Time_togo 112H-55M
Mean_return:2.12 Frame:85.58 M  Time_used 84H-22M Time_togo 112H-48M
Mean_return:2.37 Frame:85.69 M  Time_used 84H-27M Time_togo 112H-39M
Mean_return:2.26 Frame:85.80 M  Time_used 84H-32M Time_togo 112H-31M
Mean_return:2.12 Frame:85.91 M  Time_used 84H-37M Time_togo 112H-23M
------------------------------------------------------------
Num steps: 21500000  return: 714.5
------------------------------------------------------------
Mean_return:2.35 Frame:86.01 M  Time_used 84H-51M Time_togo 112H-27M
Mean_return:2.16 Frame:86.11 M  Time_used 84H-56M Time_togo 112H-20M
Mean_return:1.99 Frame:86.22 M  Time_used 85H-1M Time_togo 112H-11M
Mean_return:2.17 Frame:86.33 M  Time_used 85H-6M Time_togo 112H-3M
Mean_return:1.96 Frame:86.44 M  Time_used 85H-11M Time_togo 111H-55M
Mean_return:2.19 Frame:86.55 M  Time_used 85H-17M Time_togo 111H-46M
Mean_return:2.13 Frame:86.67 M  Time_used 85H-22M Time_togo 111H-38M
Mean_return:2.09 Frame:86.77 M  Time_used 85H-27M Time_togo 111H-30M
Mean_return:2.11 Frame:86.89 M  Time_used 85H-32M Time_togo 111H-21M
------------------------------------------------------------
Num steps: 21750000  return: 643.9
------------------------------------------------------------
Mean_return:2.16 Frame:87.01 M  Time_used 85H-46M Time_togo 111H-24M
Mean_return:2.12 Frame:87.11 M  Time_used 85H-52M Time_togo 111H-16M
Mean_return:2.04 Frame:87.23 M  Time_used 85H-57M Time_togo 111H-7M
Mean_return:2.05 Frame:87.34 M  Time_used 86H-2M Time_togo 110H-59M
Mean_return:2.07 Frame:87.46 M  Time_used 86H-8M Time_togo 110H-50M
Mean_return:2.13 Frame:87.56 M  Time_used 86H-12M Time_togo 110H-42M
Mean_return:2.09 Frame:87.67 M  Time_used 86H-17M Time_togo 110H-34M
Mean_return:2.38 Frame:87.79 M  Time_used 86H-23M Time_togo 110H-24M
Mean_return:2.01 Frame:87.91 M  Time_used 86H-28M Time_togo 110H-16M
------------------------------------------------------------
Num steps: 22000000  return: 650.0
------------------------------------------------------------
Mean_return:2.32 Frame:88.02 M  Time_used 86H-43M Time_togo 110H-19M
Mean_return:2.08 Frame:88.13 M  Time_used 86H-48M Time_togo 110H-11M
Mean_return:2.12 Frame:88.24 M  Time_used 86H-53M Time_togo 110H-3M
Mean_return:1.81 Frame:88.35 M  Time_used 86H-58M Time_togo 109H-55M
Mean_return:1.89 Frame:88.46 M  Time_used 87H-3M Time_togo 109H-46M
Mean_return:1.99 Frame:88.58 M  Time_used 87H-9M Time_togo 109H-37M
Mean_return:1.93 Frame:88.68 M  Time_used 87H-14M Time_togo 109H-29M
Mean_return:2.06 Frame:88.80 M  Time_used 87H-19M Time_togo 109H-21M
Mean_return:2.08 Frame:88.91 M  Time_used 87H-24M Time_togo 109H-12M
------------------------------------------------------------
Num steps: 22250000  return: 588.4
------------------------------------------------------------
Mean_return:1.94 Frame:89.02 M  Time_used 87H-38M Time_togo 109H-15M
Mean_return:2.26 Frame:89.14 M  Time_used 87H-43M Time_togo 109H-6M
Mean_return:2.24 Frame:89.26 M  Time_used 87H-49M Time_togo 108H-57M
Mean_return:2.06 Frame:89.37 M  Time_used 87H-54M Time_togo 108H-49M
Mean_return:2.08 Frame:89.49 M  Time_used 88H-0M Time_togo 108H-40M
Mean_return:2.17 Frame:89.62 M  Time_used 88H-6M Time_togo 108H-31M
Mean_return:2.22 Frame:89.73 M  Time_used 88H-11M Time_togo 108H-23M
Mean_return:2.28 Frame:89.85 M  Time_used 88H-17M Time_togo 108H-14M
Mean_return:2.42 Frame:89.97 M  Time_used 88H-22M Time_togo 108H-5M
------------------------------------------------------------
Num steps: 22500000  return: 721.6
------------------------------------------------------------
Mean_return:2.4 Frame:90.09 M  Time_used 88H-36M Time_togo 108H-7M
Mean_return:2.21 Frame:90.20 M  Time_used 88H-42M Time_togo 107H-59M
Mean_return:2.36 Frame:90.31 M  Time_used 88H-47M Time_togo 107H-50M
Mean_return:2.1 Frame:90.42 M  Time_used 88H-53M Time_togo 107H-42M
Mean_return:2.16 Frame:90.54 M  Time_used 88H-58M Time_togo 107H-34M
Mean_return:2.35 Frame:90.66 M  Time_used 89H-4M Time_togo 107H-25M
Mean_return:2.22 Frame:90.77 M  Time_used 89H-9M Time_togo 107H-18M
Mean_return:1.99 Frame:90.88 M  Time_used 89H-15M Time_togo 107H-10M
Mean_return:2.32 Frame:90.99 M  Time_used 89H-20M Time_togo 107H-2M
------------------------------------------------------------
Num steps: 22750000  return: 625.0
------------------------------------------------------------
Mean_return:2.22 Frame:91.10 M  Time_used 89H-34M Time_togo 107H-4M
Mean_return:2.07 Frame:91.20 M  Time_used 89H-39M Time_togo 106H-57M
Mean_return:2.09 Frame:91.32 M  Time_used 89H-45M Time_togo 106H-48M
Mean_return:2.09 Frame:91.43 M  Time_used 89H-50M Time_togo 106H-40M
Mean_return:2.13 Frame:91.54 M  Time_used 89H-55M Time_togo 106H-33M
Mean_return:2.24 Frame:91.66 M  Time_used 90H-1M Time_togo 106H-24M
Mean_return:2.31 Frame:91.77 M  Time_used 90H-7M Time_togo 106H-16M
Mean_return:2.09 Frame:91.87 M  Time_used 90H-11M Time_togo 106H-9M
Mean_return:2.15 Frame:91.98 M  Time_used 90H-17M Time_togo 106H-1M
------------------------------------------------------------
Num steps: 23000000  return: 707.4
------------------------------------------------------------
Mean_return:2.12 Frame:92.09 M  Time_used 90H-31M Time_togo 106H-3M
Mean_return:2.15 Frame:92.21 M  Time_used 90H-36M Time_togo 105H-55M
Mean_return:1.95 Frame:92.32 M  Time_used 90H-42M Time_togo 105H-47M
Mean_return:1.93 Frame:92.42 M  Time_used 90H-46M Time_togo 105H-40M
Mean_return:2.23 Frame:92.53 M  Time_used 90H-52M Time_togo 105H-32M
Mean_return:2.32 Frame:92.65 M  Time_used 90H-57M Time_togo 105H-24M
Mean_return:2.07 Frame:92.76 M  Time_used 91H-2M Time_togo 105H-15M
Mean_return:2.3 Frame:92.87 M  Time_used 91H-8M Time_togo 105H-8M
Mean_return:2.35 Frame:92.98 M  Time_used 91H-13M Time_togo 104H-59M
------------------------------------------------------------
Num steps: 23250000  return: 449.4
------------------------------------------------------------
Mean_return:1.97 Frame:93.09 M  Time_used 91H-27M Time_togo 105H-2M
Mean_return:2.4 Frame:93.20 M  Time_used 91H-32M Time_togo 104H-54M
Mean_return:2.34 Frame:93.31 M  Time_used 91H-38M Time_togo 104H-46M
Mean_return:2.36 Frame:93.43 M  Time_used 91H-43M Time_togo 104H-37M
Mean_return:2.15 Frame:93.55 M  Time_used 91H-49M Time_togo 104H-29M
Mean_return:2.17 Frame:93.66 M  Time_used 91H-55M Time_togo 104H-21M
Mean_return:2.21 Frame:93.78 M  Time_used 92H-0M Time_togo 104H-12M
Mean_return:2.06 Frame:93.89 M  Time_used 92H-5M Time_togo 104H-4M
------------------------------------------------------------
Num steps: 23500000  return: 731.2
------------------------------------------------------------
Mean_return:2.17 Frame:94.00 M  Time_used 92H-19M Time_togo 104H-6M
Mean_return:2.23 Frame:94.12 M  Time_used 92H-24M Time_togo 103H-58M
Mean_return:2.13 Frame:94.23 M  Time_used 92H-30M Time_togo 103H-50M
Mean_return:2.28 Frame:94.34 M  Time_used 92H-35M Time_togo 103H-42M
Mean_return:2.0 Frame:94.45 M  Time_used 92H-40M Time_togo 103H-33M
Mean_return:2.17 Frame:94.57 M  Time_used 92H-46M Time_togo 103H-25M
Mean_return:2.26 Frame:94.68 M  Time_used 92H-51M Time_togo 103H-17M
Mean_return:2.34 Frame:94.81 M  Time_used 92H-57M Time_togo 103H-8M
Mean_return:2.09 Frame:94.92 M  Time_used 93H-2M Time_togo 103H-0M
------------------------------------------------------------
Num steps: 23750000  return: 848.0
------------------------------------------------------------
Mean_return:2.48 Frame:95.04 M  Time_used 93H-17M Time_togo 103H-2M
Mean_return:2.19 Frame:95.14 M  Time_used 93H-22M Time_togo 102H-54M
Mean_return:2.4 Frame:95.26 M  Time_used 93H-27M Time_togo 102H-45M
Mean_return:2.26 Frame:95.38 M  Time_used 93H-33M Time_togo 102H-36M
Mean_return:2.55 Frame:95.51 M  Time_used 93H-38M Time_togo 102H-27M
Mean_return:2.31 Frame:95.64 M  Time_used 93H-44M Time_togo 102H-18M
Mean_return:2.29 Frame:95.75 M  Time_used 93H-50M Time_togo 102H-9M
Mean_return:2.34 Frame:95.87 M  Time_used 93H-55M Time_togo 102H-1M
Mean_return:2.17 Frame:95.98 M  Time_used 94H-0M Time_togo 101H-53M
------------------------------------------------------------
Num steps: 24000000  return: 677.7
------------------------------------------------------------
Mean_return:2.44 Frame:96.09 M  Time_used 94H-14M Time_togo 101H-54M
Mean_return:2.43 Frame:96.22 M  Time_used 94H-20M Time_togo 101H-45M
Mean_return:2.29 Frame:96.33 M  Time_used 94H-25M Time_togo 101H-37M
Mean_return:2.36 Frame:96.45 M  Time_used 94H-31M Time_togo 101H-28M
Mean_return:2.55 Frame:96.57 M  Time_used 94H-36M Time_togo 101H-20M
Mean_return:2.29 Frame:96.68 M  Time_used 94H-41M Time_togo 101H-11M
Mean_return:2.46 Frame:96.80 M  Time_used 94H-47M Time_togo 101H-3M
Mean_return:2.18 Frame:96.91 M  Time_used 94H-52M Time_togo 100H-55M
------------------------------------------------------------
Num steps: 24250000  return: 657.0
------------------------------------------------------------
Mean_return:2.57 Frame:97.03 M  Time_used 95H-6M Time_togo 100H-55M
Mean_return:2.14 Frame:97.14 M  Time_used 95H-11M Time_togo 100H-47M
Mean_return:2.14 Frame:97.25 M  Time_used 95H-16M Time_togo 100H-40M
Mean_return:2.09 Frame:97.35 M  Time_used 95H-21M Time_togo 100H-32M
Mean_return:2.19 Frame:97.46 M  Time_used 95H-26M Time_togo 100H-24M
Mean_return:2.19 Frame:97.58 M  Time_used 95H-31M Time_togo 100H-16M
Mean_return:2.29 Frame:97.69 M  Time_used 95H-36M Time_togo 100H-8M
Mean_return:2.42 Frame:97.81 M  Time_used 95H-42M Time_togo 99H-59M
Mean_return:2.42 Frame:97.93 M  Time_used 95H-47M Time_togo 99H-50M
------------------------------------------------------------
Num steps: 24500000  return: 796.4
------------------------------------------------------------
Mean_return:2.5 Frame:98.05 M  Time_used 96H-2M Time_togo 99H-51M
Mean_return:2.47 Frame:98.17 M  Time_used 96H-7M Time_togo 99H-42M
Mean_return:2.08 Frame:98.28 M  Time_used 96H-12M Time_togo 99H-34M
Mean_return:2.16 Frame:98.39 M  Time_used 96H-17M Time_togo 99H-26M
Mean_return:2.2 Frame:98.51 M  Time_used 96H-22M Time_togo 99H-18M
Mean_return:2.03 Frame:98.62 M  Time_used 96H-27M Time_togo 99H-10M
Mean_return:2.43 Frame:98.73 M  Time_used 96H-32M Time_togo 99H-1M
Mean_return:2.2 Frame:98.84 M  Time_used 96H-37M Time_togo 98H-53M
Mean_return:2.53 Frame:98.96 M  Time_used 96H-43M Time_togo 98H-45M
------------------------------------------------------------
Num steps: 24750000  return: 758.9
------------------------------------------------------------
Mean_return:2.29 Frame:99.07 M  Time_used 96H-57M Time_togo 98H-46M
Mean_return:2.37 Frame:99.19 M  Time_used 97H-2M Time_togo 98H-37M
Mean_return:2.43 Frame:99.31 M  Time_used 97H-8M Time_togo 98H-29M
Mean_return:2.2 Frame:99.42 M  Time_used 97H-13M Time_togo 98H-21M
Mean_return:2.33 Frame:99.53 M  Time_used 97H-18M Time_togo 98H-13M
Mean_return:2.2 Frame:99.63 M  Time_used 97H-22M Time_togo 98H-6M
Mean_return:2.52 Frame:99.75 M  Time_used 97H-28M Time_togo 97H-58M
Mean_return:2.36 Frame:99.86 M  Time_used 97H-33M Time_togo 97H-50M
Mean_return:2.25 Frame:99.98 M  Time_used 97H-39M Time_togo 97H-42M
------------------------------------------------------------
Num steps: 25000000  return: 906.3
------------------------------------------------------------
Mean_return:2.23 Frame:100.09 M  Time_used 97H-53M Time_togo 97H-42M
Mean_return:2.23 Frame:100.21 M  Time_used 97H-59M Time_togo 97H-34M
Mean_return:2.25 Frame:100.33 M  Time_used 98H-4M Time_togo 97H-26M
Mean_return:2.06 Frame:100.44 M  Time_used 98H-10M Time_togo 97H-18M
Mean_return:2.19 Frame:100.55 M  Time_used 98H-15M Time_togo 97H-11M
Mean_return:2.33 Frame:100.66 M  Time_used 98H-21M Time_togo 97H-3M
Mean_return:2.43 Frame:100.78 M  Time_used 98H-26M Time_togo 96H-55M
Mean_return:2.2 Frame:100.89 M  Time_used 98H-31M Time_togo 96H-47M
Mean_return:2.16 Frame:100.99 M  Time_used 98H-36M Time_togo 96H-40M
------------------------------------------------------------
Num steps: 25250000  return: 484.1
------------------------------------------------------------
Mean_return:2.26 Frame:101.11 M  Time_used 98H-51M Time_togo 96H-41M
Mean_return:2.3 Frame:101.22 M  Time_used 98H-56M Time_togo 96H-33M
Mean_return:2.41 Frame:101.34 M  Time_used 99H-2M Time_togo 96H-25M
Mean_return:1.96 Frame:101.45 M  Time_used 99H-6M Time_togo 96H-17M
Mean_return:1.98 Frame:101.55 M  Time_used 99H-11M Time_togo 96H-9M
Mean_return:1.99 Frame:101.65 M  Time_used 99H-16M Time_togo 96H-2M
Mean_return:2.01 Frame:101.76 M  Time_used 99H-21M Time_togo 95H-54M
Mean_return:2.15 Frame:101.87 M  Time_used 99H-26M Time_togo 95H-47M
Mean_return:2.13 Frame:101.99 M  Time_used 99H-31M Time_togo 95H-38M
------------------------------------------------------------
Num steps: 25500000  return: 636.2
------------------------------------------------------------
Mean_return:2.05 Frame:102.10 M  Time_used 99H-45M Time_togo 95H-39M
Mean_return:2.26 Frame:102.22 M  Time_used 99H-51M Time_togo 95H-30M
Mean_return:2.27 Frame:102.34 M  Time_used 99H-56M Time_togo 95H-22M
Mean_return:2.36 Frame:102.45 M  Time_used 100H-1M Time_togo 95H-14M
Mean_return:2.29 Frame:102.57 M  Time_used 100H-7M Time_togo 95H-5M
Mean_return:2.38 Frame:102.69 M  Time_used 100H-12M Time_togo 94H-57M
Mean_return:2.44 Frame:102.80 M  Time_used 100H-17M Time_togo 94H-49M
Mean_return:2.41 Frame:102.93 M  Time_used 100H-23M Time_togo 94H-40M
------------------------------------------------------------
Num steps: 25750000  return: 626.0
------------------------------------------------------------
Mean_return:2.43 Frame:103.06 M  Time_used 100H-38M Time_togo 94H-40M
Mean_return:2.16 Frame:103.16 M  Time_used 100H-43M Time_togo 94H-32M
Mean_return:2.35 Frame:103.29 M  Time_used 100H-49M Time_togo 94H-23M
Mean_return:2.44 Frame:103.40 M  Time_used 100H-53M Time_togo 94H-15M
Mean_return:2.25 Frame:103.50 M  Time_used 100H-58M Time_togo 94H-8M
Mean_return:2.58 Frame:103.62 M  Time_used 101H-4M Time_togo 93H-59M
Mean_return:2.2 Frame:103.73 M  Time_used 101H-9M Time_togo 93H-52M
Mean_return:2.36 Frame:103.84 M  Time_used 101H-14M Time_togo 93H-44M
Mean_return:2.49 Frame:103.96 M  Time_used 101H-19M Time_togo 93H-36M
------------------------------------------------------------
Num steps: 26000000  return: 1220.4
------------------------------------------------------------
Mean_return:2.29 Frame:104.07 M  Time_used 101H-33M Time_togo 93H-36M
Mean_return:2.52 Frame:104.18 M  Time_used 101H-38M Time_togo 93H-29M
Mean_return:2.68 Frame:104.31 M  Time_used 101H-44M Time_togo 93H-20M
Mean_return:2.4 Frame:104.43 M  Time_used 101H-50M Time_togo 93H-11M
Mean_return:2.47 Frame:104.55 M  Time_used 101H-55M Time_togo 93H-3M
Mean_return:2.31 Frame:104.66 M  Time_used 102H-0M Time_togo 92H-55M
Mean_return:2.53 Frame:104.79 M  Time_used 102H-6M Time_togo 92H-46M
Mean_return:2.24 Frame:104.90 M  Time_used 102H-11M Time_togo 92H-38M
------------------------------------------------------------
Num steps: 26250000  return: 752.2
------------------------------------------------------------
Mean_return:2.28 Frame:105.02 M  Time_used 102H-25M Time_togo 92H-38M
Mean_return:2.15 Frame:105.14 M  Time_used 102H-31M Time_togo 92H-30M
Mean_return:2.07 Frame:105.25 M  Time_used 102H-37M Time_togo 92H-22M
Mean_return:2.64 Frame:105.39 M  Time_used 102H-43M Time_togo 92H-13M
Mean_return:2.53 Frame:105.50 M  Time_used 102H-48M Time_togo 92H-5M
Mean_return:2.55 Frame:105.62 M  Time_used 102H-53M Time_togo 91H-56M
Mean_return:2.39 Frame:105.75 M  Time_used 103H-0M Time_togo 91H-48M
Mean_return:2.7 Frame:105.87 M  Time_used 103H-5M Time_togo 91H-39M
Mean_return:2.29 Frame:105.99 M  Time_used 103H-11M Time_togo 91H-31M
------------------------------------------------------------
Num steps: 26500000  return: 603.0
------------------------------------------------------------
Mean_return:2.45 Frame:106.12 M  Time_used 103H-26M Time_togo 91H-30M
Mean_return:2.21 Frame:106.24 M  Time_used 103H-32M Time_togo 91H-22M
Mean_return:2.15 Frame:106.36 M  Time_used 103H-37M Time_togo 91H-14M
Mean_return:2.17 Frame:106.48 M  Time_used 103H-43M Time_togo 91H-5M
Mean_return:2.36 Frame:106.61 M  Time_used 103H-49M Time_togo 90H-57M
Mean_return:2.13 Frame:106.74 M  Time_used 103H-55M Time_togo 90H-48M
Mean_return:2.36 Frame:106.85 M  Time_used 104H-0M Time_togo 90H-40M
