Namespace(config='config/qrdqn.yaml', cuda=True, env_id='TennisNoFrameskip-v4', model='DEnet', seed=3)
Mean_return:-23.87 Frame:0.72 M  Time_used 0H-17M Time_togo 79H-37M
------------------------------------------------------------
Num steps: 250000  return: -8.0 
------------------------------------------------------------
------------------------------------------------------------
Num steps: 500000  return: -1.2 
------------------------------------------------------------
Mean_return:-23.91 Frame:2.27 M  Time_used 1H-31M Time_togo 133H-24M
------------------------------------------------------------
Num steps: 750000  return: -24.0
------------------------------------------------------------
Mean_return:-23.87 Frame:3.68 M  Time_used 2H-30M Time_togo 133H-56M
------------------------------------------------------------
Num steps: 1000000  return: -23.5
------------------------------------------------------------
Mean_return:-23.87 Frame:4.99 M  Time_used 3H-40M Time_togo 144H-0M
------------------------------------------------------------
Num steps: 1250000  return: -8.6 
------------------------------------------------------------
------------------------------------------------------------
Num steps: 1500000  return: -1.0 
------------------------------------------------------------
Mean_return:-23.74 Frame:6.17 M  Time_used 4H-58M Time_togo 156H-4M
------------------------------------------------------------
Num steps: 1750000  return: -6.4 
------------------------------------------------------------
Mean_return:-23.89 Frame:7.47 M  Time_used 6H-10M Time_togo 159H-17M
------------------------------------------------------------
Num steps: 2000000  return: -23.7
------------------------------------------------------------
Mean_return:-23.85 Frame:8.92 M  Time_used 7H-30M Time_togo 160H-55M
------------------------------------------------------------
Num steps: 2250000  return: -16.4
------------------------------------------------------------
------------------------------------------------------------
Num steps: 2500000  return: -13.2
------------------------------------------------------------
------------------------------------------------------------
Num steps: 2750000  return: -8.4 
------------------------------------------------------------
------------------------------------------------------------
Num steps: 3000000  return: -14.7
------------------------------------------------------------
------------------------------------------------------------
Num steps: 3250000  return: -2.2 
------------------------------------------------------------
------------------------------------------------------------
Num steps: 3500000  return: -1.8 
------------------------------------------------------------
------------------------------------------------------------
Num steps: 3750000  return: -2.6 
------------------------------------------------------------
Mean_return:-15.28 Frame:15.31 M  Time_used 13H-51M Time_togo 167H-12M
------------------------------------------------------------
Num steps: 4000000  return: -1.4 
------------------------------------------------------------
------------------------------------------------------------
Num steps: 4250000  return: -3.0 
------------------------------------------------------------
------------------------------------------------------------
Num steps: 4500000  return: -8.0 
------------------------------------------------------------
------------------------------------------------------------
Num steps: 4750000  return: -4.6 
------------------------------------------------------------
Mean_return:-21.99 Frame:19.04 M  Time_used 17H-38M Time_togo 167H-41M
------------------------------------------------------------
Num steps: 5000000  return: -2.0 
------------------------------------------------------------
------------------------------------------------------------
Num steps: 5250000  return: -1.0 
------------------------------------------------------------
Mean_return:-23.73 Frame:21.70 M  Time_used 20H-9M Time_togo 165H-32M
------------------------------------------------------------
Num steps: 5500000  return: -11.9
------------------------------------------------------------
------------------------------------------------------------
Num steps: 5750000  return: -1.2 
------------------------------------------------------------
------------------------------------------------------------
Num steps: 6000000  return: -1.0 
------------------------------------------------------------
------------------------------------------------------------
Num steps: 6250000  return: -10.2
------------------------------------------------------------
Mean_return:-22.58 Frame:25.55 M  Time_used 23H-56M Time_togo 163H-25M
------------------------------------------------------------
Num steps: 6500000  return: -1.0 
------------------------------------------------------------
------------------------------------------------------------
Num steps: 6750000  return: -4.4 
------------------------------------------------------------
------------------------------------------------------------
Num steps: 7000000  return: -4.0 
------------------------------------------------------------
------------------------------------------------------------
Num steps: 7250000  return: -1.2 
------------------------------------------------------------
Mean_return:-22.4 Frame:29.40 M  Time_used 27H-44M Time_togo 160H-55M
------------------------------------------------------------
Num steps: 7500000  return: -10.0
------------------------------------------------------------
------------------------------------------------------------
Num steps: 7750000  return: -1.4 
------------------------------------------------------------
------------------------------------------------------------
Num steps: 8000000  return: -1.2 
------------------------------------------------------------
------------------------------------------------------------
Num steps: 8250000  return: -1.4 
------------------------------------------------------------
Mean_return:-22.68 Frame:33.68 M  Time_used 31H-51M Time_togo 157H-21M
------------------------------------------------------------
Num steps: 8500000  return: -1.2 
------------------------------------------------------------
------------------------------------------------------------
Num steps: 8750000  return: -4.6 
------------------------------------------------------------
Mean_return:-23.46 Frame:35.95 M  Time_used 34H-0M Time_togo 155H-14M
------------------------------------------------------------
Num steps: 9000000  return: -1.2 
------------------------------------------------------------
------------------------------------------------------------
Num steps: 9250000  return: -2.8 
------------------------------------------------------------
------------------------------------------------------------
Num steps: 9500000  return: -1.4 
------------------------------------------------------------
------------------------------------------------------------
Num steps: 9750000  return: -14.0
------------------------------------------------------------
Mean_return:-22.99 Frame:39.06 M  Time_used 37H-11M Time_togo 153H-12M
------------------------------------------------------------
Num steps: 10000000  return: -4.2 
------------------------------------------------------------
------------------------------------------------------------
Num steps: 10250000  return: -4.4 
------------------------------------------------------------
Mean_return:-22.93 Frame:41.65 M  Time_used 39H-36M Time_togo 150H-35M
------------------------------------------------------------
Num steps: 10500000  return: -2.0 
------------------------------------------------------------
------------------------------------------------------------
Num steps: 10750000  return: -1.2 
------------------------------------------------------------
------------------------------------------------------------
Num steps: 11000000  return: -1.4 
------------------------------------------------------------
------------------------------------------------------------
Num steps: 11250000  return: -1.2 
------------------------------------------------------------
Mean_return:-22.29 Frame:45.51 M  Time_used 43H-21M Time_togo 147H-12M
------------------------------------------------------------
Num steps: 11500000  return: -1.2 
------------------------------------------------------------
------------------------------------------------------------
Num steps: 11750000  return: -5.0 
------------------------------------------------------------
------------------------------------------------------------
Num steps: 12000000  return: -5.6 
------------------------------------------------------------
Mean_return:-21.24 Frame:48.94 M  Time_used 46H-36M Time_togo 143H-51M
------------------------------------------------------------
Num steps: 12250000  return: -16.3
------------------------------------------------------------
------------------------------------------------------------
Num steps: 12500000  return: -12.3
------------------------------------------------------------
------------------------------------------------------------
Num steps: 12750000  return: 0.8  
------------------------------------------------------------
------------------------------------------------------------
Num steps: 13000000  return: -15.2
------------------------------------------------------------
Mean_return:-20.58 Frame:52.72 M  Time_used 50H-18M Time_togo 140H-34M
------------------------------------------------------------
Num steps: 13250000  return: -4.2 
------------------------------------------------------------
------------------------------------------------------------
Num steps: 13500000  return: -1.2 
------------------------------------------------------------
------------------------------------------------------------
Num steps: 13750000  return: -1.4 
------------------------------------------------------------
------------------------------------------------------------
Num steps: 14000000  return: -4.8 
------------------------------------------------------------
Mean_return:-19.35 Frame:56.46 M  Time_used 53H-58M Time_togo 137H-13M
------------------------------------------------------------
Num steps: 14250000  return: -17.6
------------------------------------------------------------
------------------------------------------------------------
Num steps: 14500000  return: -18.8
------------------------------------------------------------
------------------------------------------------------------
Num steps: 14750000  return: -16.9
------------------------------------------------------------
Mean_return:-19.15 Frame:59.66 M  Time_used 57H-4M Time_togo 134H-15M
------------------------------------------------------------
Num steps: 15000000  return: -19.8
------------------------------------------------------------
------------------------------------------------------------
Num steps: 15250000  return: -10.7
------------------------------------------------------------
------------------------------------------------------------
Num steps: 15500000  return: -3.8 
------------------------------------------------------------
------------------------------------------------------------
Num steps: 15750000  return: -2.6 
------------------------------------------------------------
Mean_return:-17.78 Frame:63.42 M  Time_used 60H-44M Time_togo 130H-50M
------------------------------------------------------------
Num steps: 16000000  return: -10.2
------------------------------------------------------------
------------------------------------------------------------
Num steps: 16250000  return: -4.0 
------------------------------------------------------------
------------------------------------------------------------
Num steps: 16500000  return: -16.5
------------------------------------------------------------
------------------------------------------------------------
Num steps: 16750000  return: -7.4 
------------------------------------------------------------
Mean_return:-16.17 Frame:67.34 M  Time_used 64H-33M Time_togo 127H-11M
------------------------------------------------------------
Num steps: 17000000  return: -12.1
------------------------------------------------------------
------------------------------------------------------------
Num steps: 17250000  return: -15.3
------------------------------------------------------------
------------------------------------------------------------
Num steps: 17500000  return: -3.8 
------------------------------------------------------------
------------------------------------------------------------
Num steps: 17750000  return: 2.6  
------------------------------------------------------------
------------------------------------------------------------
Num steps: 18000000  return: -9.1 
------------------------------------------------------------
Mean_return:-11.75 Frame:72.28 M  Time_used 69H-19M Time_togo 122H-29M
------------------------------------------------------------
Num steps: 18250000  return: -17.8
------------------------------------------------------------
------------------------------------------------------------
Num steps: 18500000  return: -7.9 
------------------------------------------------------------
------------------------------------------------------------
Num steps: 18750000  return: 12.3 
------------------------------------------------------------
------------------------------------------------------------
Num steps: 19000000  return: -1.9 
------------------------------------------------------------
------------------------------------------------------------
Num steps: 19250000  return: -15.1
------------------------------------------------------------
------------------------------------------------------------
Num steps: 19500000  return: -1.8 
------------------------------------------------------------
Mean_return:-7.23 Frame:78.37 M  Time_used 75H-10M Time_togo 116H-40M
------------------------------------------------------------
Num steps: 19750000  return: -0.8 
------------------------------------------------------------
------------------------------------------------------------
Num steps: 20000000  return: -6.1 
------------------------------------------------------------
------------------------------------------------------------
Num steps: 20250000  return: -1.0 
------------------------------------------------------------
------------------------------------------------------------
Num steps: 20500000  return: -5.2 
------------------------------------------------------------
------------------------------------------------------------
Num steps: 20750000  return: 3.0  
------------------------------------------------------------
------------------------------------------------------------
Num steps: 21000000  return: 4.5  
------------------------------------------------------------
------------------------------------------------------------
Num steps: 21250000  return: -11.5
------------------------------------------------------------
Mean_return:-4.94 Frame:85.77 M  Time_used 82H-16M Time_togo 109H-34M
------------------------------------------------------------
Num steps: 21500000  return: -3.2 
------------------------------------------------------------
------------------------------------------------------------
Num steps: 21750000  return: -0.4 
------------------------------------------------------------
------------------------------------------------------------
Num steps: 22000000  return: 2.5  
------------------------------------------------------------
