Namespace(config='config/qrdqn.yaml', cuda=True, env_id='TennisNoFrameskip-v4', model='DEnet', seed=0)
Mean_return:-23.89 Frame:0.71 M  Time_used 0H-16M Time_togo 79H-42M
------------------------------------------------------------
Num steps: 250000  return: -24.0
------------------------------------------------------------
Mean_return:-23.95 Frame:1.82 M  Time_used 1H-5M Time_togo 118H-53M
------------------------------------------------------------
Num steps: 500000  return: -11.0
------------------------------------------------------------
Mean_return:-23.87 Frame:2.96 M  Time_used 1H-57M Time_togo 130H-3M
------------------------------------------------------------
Num steps: 750000  return: -4.8 
------------------------------------------------------------
------------------------------------------------------------
Num steps: 1000000  return: -23.9
------------------------------------------------------------
Mean_return:-23.85 Frame:4.05 M  Time_used 2H-58M Time_togo 144H-22M
------------------------------------------------------------
Num steps: 1250000  return: -23.9
------------------------------------------------------------
Mean_return:-23.86 Frame:5.17 M  Time_used 4H-4M Time_togo 153H-37M
------------------------------------------------------------
Num steps: 1500000  return: -24.0
------------------------------------------------------------
Mean_return:-23.9 Frame:6.35 M  Time_used 5H-10M Time_togo 157H-39M
------------------------------------------------------------
Num steps: 1750000  return: -1.0 
------------------------------------------------------------
Mean_return:-23.9 Frame:7.54 M  Time_used 6H-17M Time_togo 160H-50M
------------------------------------------------------------
Num steps: 2000000  return: -10.8
------------------------------------------------------------
------------------------------------------------------------
Num steps: 2250000  return: -24.0
------------------------------------------------------------
Mean_return:-23.79 Frame:9.03 M  Time_used 7H-48M Time_togo 165H-9M
------------------------------------------------------------
Num steps: 2500000  return: -24.0
------------------------------------------------------------
Mean_return:-23.81 Frame:10.96 M  Time_used 9H-31M Time_togo 164H-14M
------------------------------------------------------------
Num steps: 2750000  return: -3.0 
------------------------------------------------------------
------------------------------------------------------------
Num steps: 3000000  return: -1.0 
------------------------------------------------------------
------------------------------------------------------------
Num steps: 3250000  return: -3.0 
------------------------------------------------------------
Mean_return:-23.32 Frame:13.80 M  Time_used 12H-21M Time_togo 166H-43M
------------------------------------------------------------
Num steps: 3500000  return: -2.2 
------------------------------------------------------------
------------------------------------------------------------
Num steps: 3750000  return: -1.6 
------------------------------------------------------------
------------------------------------------------------------
Num steps: 4000000  return: -1.4 
------------------------------------------------------------
------------------------------------------------------------
Num steps: 4250000  return: -1.0 
------------------------------------------------------------
------------------------------------------------------------
Num steps: 4500000  return: -1.0 
------------------------------------------------------------
Mean_return:-18.72 Frame:18.81 M  Time_used 17H-20M Time_togo 167H-2M
------------------------------------------------------------
Num steps: 4750000  return: -2.4 
------------------------------------------------------------
------------------------------------------------------------
Num steps: 5000000  return: -4.2 
------------------------------------------------------------
------------------------------------------------------------
Num steps: 5250000  return: -1.2 
------------------------------------------------------------
Mean_return:-23.74 Frame:21.00 M  Time_used 19H-38M Time_togo 167H-21M
------------------------------------------------------------
Num steps: 5500000  return: -2.8 
------------------------------------------------------------
------------------------------------------------------------
Num steps: 5750000  return: -1.2 
------------------------------------------------------------
------------------------------------------------------------
Num steps: 6000000  return: -1.4 
------------------------------------------------------------
------------------------------------------------------------
Num steps: 6250000  return: -3.6 
------------------------------------------------------------
Mean_return:-21.22 Frame:25.77 M  Time_used 24H-7M Time_togo 163H-8M
------------------------------------------------------------
Num steps: 6500000  return: -1.6 
------------------------------------------------------------
------------------------------------------------------------
Num steps: 6750000  return: -1.4 
------------------------------------------------------------
------------------------------------------------------------
Num steps: 7000000  return: -4.0 
------------------------------------------------------------
Mean_return:-23.49 Frame:28.03 M  Time_used 26H-27M Time_togo 162H-16M
------------------------------------------------------------
Num steps: 7250000  return: -1.4 
------------------------------------------------------------
------------------------------------------------------------
Num steps: 7500000  return: -2.4 
------------------------------------------------------------
Mean_return:-23.08 Frame:30.73 M  Time_used 28H-57M Time_togo 159H-32M
------------------------------------------------------------
Num steps: 7750000  return: -0.6 
------------------------------------------------------------
------------------------------------------------------------
Num steps: 8000000  return: -7.6 
------------------------------------------------------------
------------------------------------------------------------
Num steps: 8250000  return: -10.0
------------------------------------------------------------
------------------------------------------------------------
Num steps: 8500000  return: -1.4 
------------------------------------------------------------
Mean_return:-22.36 Frame:34.69 M  Time_used 32H-47M Time_togo 156H-14M
------------------------------------------------------------
Num steps: 8750000  return: -7.0 
------------------------------------------------------------
------------------------------------------------------------
Num steps: 9000000  return: -1.4 
------------------------------------------------------------
------------------------------------------------------------
Num steps: 9250000  return: -1.6 
------------------------------------------------------------
------------------------------------------------------------
Num steps: 9500000  return: -1.0 
------------------------------------------------------------
Mean_return:-22.0 Frame:38.42 M  Time_used 36H-26M Time_togo 153H-15M
------------------------------------------------------------
Num steps: 9750000  return: -5.8 
------------------------------------------------------------
------------------------------------------------------------
Num steps: 10000000  return: -1.2 
------------------------------------------------------------
------------------------------------------------------------
Num steps: 10250000  return: -11.6
------------------------------------------------------------
Mean_return:-22.24 Frame:41.09 M  Time_used 39H-6M Time_togo 151H-14M
------------------------------------------------------------
Num steps: 10500000  return: -3.6 
------------------------------------------------------------
------------------------------------------------------------
Num steps: 10750000  return: -1.2 
------------------------------------------------------------
------------------------------------------------------------
Num steps: 11000000  return: -14.7
------------------------------------------------------------
------------------------------------------------------------
Num steps: 11250000  return: -7.8 
------------------------------------------------------------
Mean_return:-21.94 Frame:45.07 M  Time_used 42H-58M Time_togo 147H-41M
------------------------------------------------------------
Num steps: 11500000  return: -19.2
------------------------------------------------------------
------------------------------------------------------------
Num steps: 11750000  return: -6.2 
------------------------------------------------------------
Mean_return:-20.95 Frame:47.98 M  Time_used 45H-37M Time_togo 144H-34M
------------------------------------------------------------
Num steps: 12000000  return: -1.2 
------------------------------------------------------------
------------------------------------------------------------
Num steps: 12250000  return: -2.2 
------------------------------------------------------------
------------------------------------------------------------
Num steps: 12500000  return: -1.4 
------------------------------------------------------------
------------------------------------------------------------
Num steps: 12750000  return: -20.2
------------------------------------------------------------
Mean_return:-20.25 Frame:51.16 M  Time_used 48H-50M Time_togo 142H-6M
------------------------------------------------------------
Num steps: 13000000  return: -22.2
------------------------------------------------------------
------------------------------------------------------------
Num steps: 13250000  return: -5.3 
------------------------------------------------------------
------------------------------------------------------------
Num steps: 13500000  return: -4.4 
------------------------------------------------------------
Mean_return:-19.97 Frame:54.31 M  Time_used 51H-52M Time_togo 139H-11M
------------------------------------------------------------
Num steps: 13750000  return: -8.0 
------------------------------------------------------------
------------------------------------------------------------
Num steps: 14000000  return: -6.0 
------------------------------------------------------------
------------------------------------------------------------
Num steps: 14250000  return: -5.2 
------------------------------------------------------------
Mean_return:-18.98 Frame:57.95 M  Time_used 55H-16M Time_togo 135H-31M
------------------------------------------------------------
Num steps: 14500000  return: -12.1
------------------------------------------------------------
------------------------------------------------------------
Num steps: 14750000  return: -10.3
------------------------------------------------------------
------------------------------------------------------------
Num steps: 15000000  return: -13.9
------------------------------------------------------------
------------------------------------------------------------
Num steps: 15250000  return: -14.6
------------------------------------------------------------
Mean_return:-17.53 Frame:61.45 M  Time_used 58H-44M Time_togo 132H-26M
------------------------------------------------------------
Num steps: 15500000  return: -6.3 
------------------------------------------------------------
------------------------------------------------------------
Num steps: 15750000  return: -1.4 
------------------------------------------------------------
------------------------------------------------------------
Num steps: 16000000  return: -1.4 
------------------------------------------------------------
------------------------------------------------------------
Num steps: 16250000  return: -14.1
------------------------------------------------------------
Mean_return:-17.34 Frame:65.40 M  Time_used 62H-35M Time_togo 128H-47M
------------------------------------------------------------
Num steps: 16500000  return: -10.9
------------------------------------------------------------
------------------------------------------------------------
Num steps: 16750000  return: 4.0  
------------------------------------------------------------
------------------------------------------------------------
Num steps: 17000000  return: -16.9
------------------------------------------------------------
------------------------------------------------------------
Num steps: 17250000  return: -18.5
------------------------------------------------------------
Mean_return:-15.87 Frame:69.48 M  Time_used 66H-31M Time_togo 124H-58M
------------------------------------------------------------
Num steps: 17500000  return: -7.2 
------------------------------------------------------------
------------------------------------------------------------
Num steps: 17750000  return: -6.8 
------------------------------------------------------------
------------------------------------------------------------
Num steps: 18000000  return: -14.9
------------------------------------------------------------
------------------------------------------------------------
Num steps: 18250000  return: 3.4  
------------------------------------------------------------
Mean_return:-16.6 Frame:73.06 M  Time_used 70H-3M Time_togo 121H-43M
------------------------------------------------------------
Num steps: 18500000  return: -2.8 
------------------------------------------------------------
------------------------------------------------------------
Num steps: 18750000  return: -14.7
------------------------------------------------------------
------------------------------------------------------------
Num steps: 19000000  return: -15.8
------------------------------------------------------------
Mean_return:-15.78 Frame:76.96 M  Time_used 73H-40M Time_togo 117H-47M
------------------------------------------------------------
Num steps: 19250000  return: -6.8 
------------------------------------------------------------
------------------------------------------------------------
Num steps: 19500000  return: -7.4 
------------------------------------------------------------
------------------------------------------------------------
Num steps: 19750000  return: -4.4 
------------------------------------------------------------
------------------------------------------------------------
Num steps: 20000000  return: -4.4 
------------------------------------------------------------
------------------------------------------------------------
Num steps: 20250000  return: -13.5
------------------------------------------------------------
Mean_return:-13.87 Frame:81.31 M  Time_used 77H-59M Time_togo 113H-51M
------------------------------------------------------------
Num steps: 20500000  return: -16.5
------------------------------------------------------------
------------------------------------------------------------
Num steps: 20750000  return: 12.2 
------------------------------------------------------------
------------------------------------------------------------
Num steps: 21000000  return: 3.0  
------------------------------------------------------------
------------------------------------------------------------
Num steps: 21250000  return: -9.7 
------------------------------------------------------------
------------------------------------------------------------
Num steps: 21500000  return: 13.5 
------------------------------------------------------------
Mean_return:-11.12 Frame:86.10 M  Time_used 82H-37M Time_togo 109H-18M
------------------------------------------------------------
Num steps: 21750000  return: -3.2 
------------------------------------------------------------
------------------------------------------------------------
Num steps: 22000000  return: -9.9 
------------------------------------------------------------
------------------------------------------------------------
Num steps: 22250000  return: -0.6 
------------------------------------------------------------
------------------------------------------------------------
Num steps: 22500000  return: -6.0 
------------------------------------------------------------
------------------------------------------------------------
Num steps: 22750000  return: -9.5 
------------------------------------------------------------
Mean_return:-11.67 Frame:91.16 M  Time_used 87H-7M Time_togo 104H-1M
------------------------------------------------------------
Num steps: 23000000  return: -5.2 
------------------------------------------------------------
------------------------------------------------------------
Num steps: 23250000  return: 12.0 
------------------------------------------------------------
------------------------------------------------------------
Num steps: 23500000  return: -7.5 
------------------------------------------------------------
------------------------------------------------------------
Num steps: 23750000  return: -3.7 
------------------------------------------------------------
------------------------------------------------------------
Num steps: 24000000  return: -14.7
------------------------------------------------------------
Mean_return:-5.32 Frame:96.98 M  Time_used 91H-57M Time_togo 97H-41M
------------------------------------------------------------
Num steps: 24250000  return: 5.9  
------------------------------------------------------------
------------------------------------------------------------
Num steps: 24500000  return: 3.6  
------------------------------------------------------------
------------------------------------------------------------
Num steps: 24750000  return: 3.6  
------------------------------------------------------------
------------------------------------------------------------
Num steps: 25000000  return: 7.4  
------------------------------------------------------------
------------------------------------------------------------
Num steps: 25250000  return: 10.5 
------------------------------------------------------------
------------------------------------------------------------
Num steps: 25500000  return: 5.4  
------------------------------------------------------------
------------------------------------------------------------
Num steps: 25750000  return: 0.0  
------------------------------------------------------------
Mean_return:1.84 Frame:103.13 M  Time_used 97H-18M Time_togo 91H-24M
------------------------------------------------------------
Num steps: 26000000  return: 9.6  
------------------------------------------------------------
------------------------------------------------------------
Num steps: 26250000  return: 15.3 
------------------------------------------------------------
