Namespace(config='config/qrdqn.yaml', cuda=True, env_id='TennisNoFrameskip-v4', model='ncQRDQN', seed=1)
Mean_return:-23.9 Frame:0.70 M  Time_used 0H-12M Time_togo 57H-25M
------------------------------------------------------------
Num steps: 250000  return: -24.0
------------------------------------------------------------
------------------------------------------------------------
Num steps: 500000  return: -6.6 
------------------------------------------------------------
Mean_return:-21.84 Frame:2.49 M  Time_used 1H-14M Time_togo 97H-54M
------------------------------------------------------------
Num steps: 750000  return: -17.2
------------------------------------------------------------
------------------------------------------------------------
Num steps: 1000000  return: -20.3
------------------------------------------------------------
Mean_return:-21.41 Frame:4.81 M  Time_used 2H-45M Time_togo 112H-16M
------------------------------------------------------------
Num steps: 1250000  return: -23.8
------------------------------------------------------------
------------------------------------------------------------
Num steps: 1500000  return: -23.6
------------------------------------------------------------
Mean_return:-22.2 Frame:6.33 M  Time_used 4H-8M Time_togo 126H-33M
------------------------------------------------------------
Num steps: 1750000  return: -20.6
------------------------------------------------------------
------------------------------------------------------------
Num steps: 2000000  return: -14.3
------------------------------------------------------------
------------------------------------------------------------
Num steps: 2250000  return: -21.8
------------------------------------------------------------
Mean_return:-17.88 Frame:9.70 M  Time_used 6H-56M Time_togo 136H-9M
------------------------------------------------------------
Num steps: 2500000  return: -23.6
------------------------------------------------------------
------------------------------------------------------------
Num steps: 2750000  return: -23.6
------------------------------------------------------------
Mean_return:-21.64 Frame:11.47 M  Time_used 8H-28M Time_togo 139H-13M
------------------------------------------------------------
Num steps: 3000000  return: -23.2
------------------------------------------------------------
------------------------------------------------------------
Num steps: 3250000  return: -14.9
------------------------------------------------------------
Mean_return:-22.36 Frame:13.06 M  Time_used 9H-54M Time_togo 141H-58M
------------------------------------------------------------
Num steps: 3500000  return: -21.4
------------------------------------------------------------
Mean_return:-22.07 Frame:14.70 M  Time_used 11H-14M Time_togo 141H-41M
------------------------------------------------------------
Num steps: 3750000  return: -22.4
------------------------------------------------------------
------------------------------------------------------------
Num steps: 4000000  return: -21.5
------------------------------------------------------------
Mean_return:-21.78 Frame:16.64 M  Time_used 12H-55M Time_togo 142H-26M
------------------------------------------------------------
Num steps: 4250000  return: -15.8
------------------------------------------------------------
------------------------------------------------------------
Num steps: 4500000  return: -19.1
------------------------------------------------------------
------------------------------------------------------------
Num steps: 4750000  return: -15.3
------------------------------------------------------------
------------------------------------------------------------
Num steps: 5000000  return: -14.7
------------------------------------------------------------
Mean_return:-19.03 Frame:20.18 M  Time_used 16H-2M Time_togo 142H-54M
------------------------------------------------------------
Num steps: 5250000  return: -16.5
------------------------------------------------------------
------------------------------------------------------------
Num steps: 5500000  return: -16.1
------------------------------------------------------------
------------------------------------------------------------
Num steps: 5750000  return: -14.8
------------------------------------------------------------
------------------------------------------------------------
Num steps: 6000000  return: -19.3
------------------------------------------------------------
Mean_return:-16.27 Frame:24.83 M  Time_used 19H-53M Time_togo 140H-19M
------------------------------------------------------------
Num steps: 6250000  return: -18.8
------------------------------------------------------------
------------------------------------------------------------
Num steps: 6500000  return: -19.8
------------------------------------------------------------
------------------------------------------------------------
Num steps: 6750000  return: -14.7
------------------------------------------------------------
------------------------------------------------------------
Num steps: 7000000  return: -9.9 
------------------------------------------------------------
------------------------------------------------------------
Num steps: 7250000  return: -16.7
------------------------------------------------------------
Mean_return:-13.63 Frame:29.62 M  Time_used 23H-57M Time_togo 137H-48M
------------------------------------------------------------
Num steps: 7500000  return: 6.4  
------------------------------------------------------------
------------------------------------------------------------
Num steps: 7750000  return: -2.0 
------------------------------------------------------------
------------------------------------------------------------
Num steps: 8000000  return: -8.4 
------------------------------------------------------------
------------------------------------------------------------
Num steps: 8250000  return: -4.5 
------------------------------------------------------------
------------------------------------------------------------
Num steps: 8500000  return: 2.2  
------------------------------------------------------------
------------------------------------------------------------
Num steps: 8750000  return: 11.8 
------------------------------------------------------------
Mean_return:-4.99 Frame:35.54 M  Time_used 28H-57M Time_togo 133H-58M
------------------------------------------------------------
Num steps: 9000000  return: 1.8  
------------------------------------------------------------
------------------------------------------------------------
Num steps: 9250000  return: 13.8 
------------------------------------------------------------
------------------------------------------------------------
Num steps: 9500000  return: 13.4 
------------------------------------------------------------
------------------------------------------------------------
Num steps: 9750000  return: 5.3  
------------------------------------------------------------
------------------------------------------------------------
Num steps: 10000000  return: 11.9 
------------------------------------------------------------
------------------------------------------------------------
Num steps: 10250000  return: -7.2 
------------------------------------------------------------
Mean_return:4.4 Frame:41.28 M  Time_used 33H-50M Time_togo 130H-5M
------------------------------------------------------------
Num steps: 10500000  return: 4.7  
------------------------------------------------------------
------------------------------------------------------------
Num steps: 10750000  return: 15.6 
------------------------------------------------------------
------------------------------------------------------------
Num steps: 11000000  return: 12.3 
------------------------------------------------------------
Mean_return:12.66 Frame:44.88 M  Time_used 36H-48M Time_togo 127H-14M
------------------------------------------------------------
Num steps: 11250000  return: 16.4 
------------------------------------------------------------
------------------------------------------------------------
Num steps: 11500000  return: 16.0 
------------------------------------------------------------
------------------------------------------------------------
Num steps: 11750000  return: 13.5 
------------------------------------------------------------
Mean_return:15.68 Frame:47.31 M  Time_used 38H-57M Time_togo 125H-45M
------------------------------------------------------------
Num steps: 12000000  return: 19.0 
------------------------------------------------------------
------------------------------------------------------------
Num steps: 12250000  return: 15.8 
------------------------------------------------------------
Mean_return:17.51 Frame:49.26 M  Time_used 40H-37M Time_togo 124H-18M
------------------------------------------------------------
Num steps: 12500000  return: 19.5 
------------------------------------------------------------
------------------------------------------------------------
Num steps: 12750000  return: 20.3 
------------------------------------------------------------
Mean_return:17.84 Frame:51.14 M  Time_used 42H-15M Time_togo 122H-59M
------------------------------------------------------------
Num steps: 13000000  return: 19.0 
------------------------------------------------------------
Mean_return:18.52 Frame:52.90 M  Time_used 43H-39M Time_togo 121H-24M
------------------------------------------------------------
Num steps: 13250000  return: 20.2 
------------------------------------------------------------
------------------------------------------------------------
Num steps: 13500000  return: 20.7 
------------------------------------------------------------
Mean_return:19.44 Frame:54.51 M  Time_used 45H-4M Time_togo 120H-19M
------------------------------------------------------------
Num steps: 13750000  return: 21.5 
------------------------------------------------------------
------------------------------------------------------------
Num steps: 14000000  return: 20.0 
------------------------------------------------------------
Mean_return:19.12 Frame:56.16 M  Time_used 46H-31M Time_togo 119H-11M
------------------------------------------------------------
Num steps: 14250000  return: 19.4 
------------------------------------------------------------
Mean_return:19.86 Frame:57.76 M  Time_used 47H-49M Time_togo 117H-46M
------------------------------------------------------------
Num steps: 14500000  return: 21.6 
------------------------------------------------------------
------------------------------------------------------------
Num steps: 14750000  return: 22.1 
------------------------------------------------------------
Mean_return:20.03 Frame:59.18 M  Time_used 49H-8M Time_togo 116H-54M
------------------------------------------------------------
Num steps: 15000000  return: 21.4 
------------------------------------------------------------
Mean_return:19.49 Frame:60.65 M  Time_used 50H-19M Time_togo 115H-37M
------------------------------------------------------------
Num steps: 15250000  return: 20.0 
------------------------------------------------------------
------------------------------------------------------------
Num steps: 15500000  return: 20.8 
------------------------------------------------------------
Mean_return:19.92 Frame:62.06 M  Time_used 51H-35M Time_togo 114H-40M
------------------------------------------------------------
Num steps: 15750000  return: 21.6 
------------------------------------------------------------
Mean_return:19.53 Frame:63.56 M  Time_used 52H-47M Time_togo 113H-20M
------------------------------------------------------------
Num steps: 16000000  return: 18.5 
------------------------------------------------------------
Mean_return:19.95 Frame:64.99 M  Time_used 53H-57M Time_togo 112H-4M
------------------------------------------------------------
Num steps: 16250000  return: 20.5 
------------------------------------------------------------
------------------------------------------------------------
Num steps: 16500000  return: 21.4 
------------------------------------------------------------
Mean_return:20.04 Frame:66.35 M  Time_used 55H-11M Time_togo 111H-10M
------------------------------------------------------------
Num steps: 16750000  return: 22.0 
------------------------------------------------------------
Mean_return:20.24 Frame:67.71 M  Time_used 56H-17M Time_togo 109H-59M
------------------------------------------------------------
Num steps: 17000000  return: 20.0 
------------------------------------------------------------
------------------------------------------------------------
Num steps: 17250000  return: 20.0 
------------------------------------------------------------
Mean_return:20.3 Frame:69.05 M  Time_used 57H-30M Time_togo 109H-3M
------------------------------------------------------------
Num steps: 17500000  return: 12.3 
------------------------------------------------------------
Mean_return:20.06 Frame:70.38 M  Time_used 58H-36M Time_togo 107H-56M
------------------------------------------------------------
Num steps: 17750000  return: 15.3 
------------------------------------------------------------
Mean_return:19.52 Frame:71.76 M  Time_used 59H-46M Time_togo 106H-48M
------------------------------------------------------------
Num steps: 18000000  return: 21.0 
------------------------------------------------------------
------------------------------------------------------------
Num steps: 18250000  return: 20.5 
------------------------------------------------------------
Mean_return:19.52 Frame:73.17 M  Time_used 61H-2M Time_togo 105H-49M
------------------------------------------------------------
Num steps: 18500000  return: 21.1 
------------------------------------------------------------
Mean_return:19.96 Frame:74.54 M  Time_used 62H-10M Time_togo 104H-38M
------------------------------------------------------------
Num steps: 18750000  return: 22.1 
------------------------------------------------------------
Mean_return:20.42 Frame:75.87 M  Time_used 63H-15M Time_togo 103H-29M
------------------------------------------------------------
Num steps: 19000000  return: 21.6 
------------------------------------------------------------
------------------------------------------------------------
Num steps: 19250000  return: 22.4 
------------------------------------------------------------
Mean_return:20.17 Frame:77.35 M  Time_used 64H-35M Time_togo 102H-24M
------------------------------------------------------------
Num steps: 19500000  return: 21.9 
------------------------------------------------------------
Mean_return:19.92 Frame:78.65 M  Time_used 65H-39M Time_togo 101H-17M
------------------------------------------------------------
Num steps: 19750000  return: 21.8 
------------------------------------------------------------
------------------------------------------------------------
Num steps: 20000000  return: 20.8 
------------------------------------------------------------
Mean_return:19.29 Frame:80.04 M  Time_used 66H-54M Time_togo 100H-16M
------------------------------------------------------------
Num steps: 20250000  return: 11.0 
------------------------------------------------------------
------------------------------------------------------------
Num steps: 20500000  return: 20.5 
------------------------------------------------------------
Mean_return:18.46 Frame:82.15 M  Time_used 68H-42M Time_togo 98H-34M
------------------------------------------------------------
Num steps: 20750000  return: 21.0 
------------------------------------------------------------
------------------------------------------------------------
Num steps: 21000000  return: 20.7 
------------------------------------------------------------
Mean_return:18.39 Frame:84.27 M  Time_used 70H-28M Time_togo 96H-47M
------------------------------------------------------------
Num steps: 21250000  return: 19.5 
------------------------------------------------------------
Mean_return:18.01 Frame:85.86 M  Time_used 71H-45M Time_togo 95H-22M
------------------------------------------------------------
Num steps: 21500000  return: 21.9 
------------------------------------------------------------
------------------------------------------------------------
Num steps: 21750000  return: 20.9 
------------------------------------------------------------
Mean_return:19.49 Frame:87.25 M  Time_used 73H-0M Time_togo 94H-21M
------------------------------------------------------------
Num steps: 22000000  return: 22.4 
------------------------------------------------------------
Mean_return:19.86 Frame:88.62 M  Time_used 74H-8M Time_togo 93H-11M
------------------------------------------------------------
Num steps: 22250000  return: 21.6 
------------------------------------------------------------
Mean_return:20.28 Frame:89.97 M  Time_used 75H-15M Time_togo 92H-2M
------------------------------------------------------------
Num steps: 22500000  return: 22.1 
------------------------------------------------------------
------------------------------------------------------------
Num steps: 22750000  return: 20.3 
------------------------------------------------------------
Mean_return:20.01 Frame:91.29 M  Time_used 76H-28M Time_togo 91H-3M
------------------------------------------------------------
Num steps: 23000000  return: 18.4 
------------------------------------------------------------
Mean_return:20.12 Frame:92.65 M  Time_used 77H-35M Time_togo 89H-54M
------------------------------------------------------------
Num steps: 23250000  return: 22.1 
------------------------------------------------------------
Mean_return:20.85 Frame:93.95 M  Time_used 78H-39M Time_togo 88H-47M
------------------------------------------------------------
Num steps: 23500000  return: 19.7 
------------------------------------------------------------
------------------------------------------------------------
Num steps: 23750000  return: 20.8 
------------------------------------------------------------
Mean_return:20.13 Frame:95.30 M  Time_used 79H-54M Time_togo 87H-47M
------------------------------------------------------------
Num steps: 24000000  return: 20.3 
------------------------------------------------------------
Mean_return:20.02 Frame:96.62 M  Time_used 80H-59M Time_togo 86H-39M
------------------------------------------------------------
Num steps: 24250000  return: 20.0 
------------------------------------------------------------
Mean_return:19.62 Frame:98.00 M  Time_used 82H-6M Time_togo 85H-28M
------------------------------------------------------------
Num steps: 24500000  return: 22.1 
------------------------------------------------------------
------------------------------------------------------------
Num steps: 24750000  return: 21.5 
------------------------------------------------------------
Mean_return:20.69 Frame:99.26 M  Time_used 83H-17M Time_togo 84H-31M
------------------------------------------------------------
Num steps: 25000000  return: 21.5 
------------------------------------------------------------
Mean_return:20.34 Frame:100.59 M  Time_used 84H-22M Time_togo 83H-23M
------------------------------------------------------------
Num steps: 25250000  return: 19.4 
------------------------------------------------------------
Mean_return:20.3 Frame:101.87 M  Time_used 85H-25M Time_togo 82H-17M
------------------------------------------------------------
Num steps: 25500000  return: 20.6 
------------------------------------------------------------
------------------------------------------------------------
Num steps: 25750000  return: 22.0 
------------------------------------------------------------
Mean_return:19.46 Frame:103.42 M  Time_used 86H-48M Time_togo 81H-3M
------------------------------------------------------------
Num steps: 26000000  return: 21.1 
------------------------------------------------------------
Mean_return:20.23 Frame:104.78 M  Time_used 87H-54M Time_togo 79H-53M
------------------------------------------------------------
Num steps: 26250000  return: 22.1 
------------------------------------------------------------
------------------------------------------------------------
Num steps: 26500000  return: 22.2 
------------------------------------------------------------
Mean_return:20.18 Frame:106.09 M  Time_used 89H-7M Time_togo 78H-53M
------------------------------------------------------------
Num steps: 26750000  return: 21.3 
------------------------------------------------------------
Mean_return:19.89 Frame:107.42 M  Time_used 90H-13M Time_togo 77H-45M
------------------------------------------------------------
Num steps: 27000000  return: 19.4 
------------------------------------------------------------
Mean_return:20.5 Frame:108.70 M  Time_used 91H-18M Time_togo 76H-41M
------------------------------------------------------------
Num steps: 27250000  return: 21.9 
------------------------------------------------------------
Mean_return:20.03 Frame:109.96 M  Time_used 92H-21M Time_togo 75H-37M
------------------------------------------------------------
Num steps: 27500000  return: 17.0 
------------------------------------------------------------
------------------------------------------------------------
Num steps: 27750000  return: 21.7 
------------------------------------------------------------
Mean_return:20.4 Frame:111.24 M  Time_used 93H-34M Time_togo 74H-39M
------------------------------------------------------------
Num steps: 28000000  return: 22.1 
------------------------------------------------------------
Mean_return:20.21 Frame:112.50 M  Time_used 94H-37M Time_togo 73H-35M
------------------------------------------------------------
Num steps: 28250000  return: 19.8 
------------------------------------------------------------
Mean_return:20.26 Frame:113.79 M  Time_used 95H-40M Time_togo 72H-29M
------------------------------------------------------------
Num steps: 28500000  return: 20.5 
------------------------------------------------------------
------------------------------------------------------------
Num steps: 28750000  return: 21.6 
------------------------------------------------------------
Mean_return:20.32 Frame:115.05 M  Time_used 96H-51M Time_togo 71H-31M
------------------------------------------------------------
Num steps: 29000000  return: 22.3 
------------------------------------------------------------
Mean_return:19.79 Frame:116.53 M  Time_used 98H-2M Time_togo 70H-13M
------------------------------------------------------------
Num steps: 29250000  return: 18.3 
------------------------------------------------------------
Mean_return:19.78 Frame:117.81 M  Time_used 99H-4M Time_togo 69H-7M
------------------------------------------------------------
Num steps: 29500000  return: 19.4 
------------------------------------------------------------
------------------------------------------------------------
Num steps: 29750000  return: 20.8 
------------------------------------------------------------
Mean_return:20.16 Frame:119.12 M  Time_used 100H-16M Time_togo 68H-4M
------------------------------------------------------------
Num steps: 30000000  return: 14.6 
------------------------------------------------------------
Mean_return:19.99 Frame:120.40 M  Time_used 101H-18M Time_togo 66H-59M
------------------------------------------------------------
Num steps: 30250000  return: 20.1 
------------------------------------------------------------
Mean_return:20.17 Frame:121.66 M  Time_used 102H-20M Time_togo 65H-54M
------------------------------------------------------------
Num steps: 30500000  return: 21.0 
------------------------------------------------------------
Mean_return:20.26 Frame:122.95 M  Time_used 103H-24M Time_togo 64H-48M
------------------------------------------------------------
Num steps: 30750000  return: 21.6 
------------------------------------------------------------
