Namespace(config='config/qrdqn.yaml', cuda=True, env_id='TennisNoFrameskip-v4', model='ncQRDQN', seed=0)
Mean_return:-23.94 Frame:0.69 M  Time_used 0H-10M Time_togo 52H-52M
------------------------------------------------------------
Num steps: 250000  return: -22.8
------------------------------------------------------------
------------------------------------------------------------
Num steps: 500000  return: -22.6
------------------------------------------------------------
Mean_return:-22.74 Frame:2.55 M  Time_used 1H-14M Time_togo 95H-40M
------------------------------------------------------------
Num steps: 750000  return: -5.2 
------------------------------------------------------------
------------------------------------------------------------
Num steps: 1000000  return: -23.3
------------------------------------------------------------
Mean_return:-20.94 Frame:4.97 M  Time_used 2H-53M Time_togo 113H-17M
------------------------------------------------------------
Num steps: 1250000  return: -23.9
------------------------------------------------------------
------------------------------------------------------------
Num steps: 1500000  return: -1.4 
------------------------------------------------------------
------------------------------------------------------------
Num steps: 1750000  return: -18.7
------------------------------------------------------------
Mean_return:-19.95 Frame:7.85 M  Time_used 5H-21M Time_togo 131H-3M
------------------------------------------------------------
Num steps: 2000000  return: -22.9
------------------------------------------------------------
------------------------------------------------------------
Num steps: 2250000  return: -22.4
------------------------------------------------------------
------------------------------------------------------------
Num steps: 2500000  return: -19.2
------------------------------------------------------------
Mean_return:-19.86 Frame:10.74 M  Time_used 7H-49M Time_togo 137H-59M
------------------------------------------------------------
Num steps: 2750000  return: -23.4
------------------------------------------------------------
------------------------------------------------------------
Num steps: 3000000  return: -23.0
------------------------------------------------------------
Mean_return:-22.82 Frame:12.02 M  Time_used 9H-1M Time_togo 141H-9M
------------------------------------------------------------
Num steps: 3250000  return: -22.4
------------------------------------------------------------
Mean_return:-22.69 Frame:13.30 M  Time_used 10H-5M Time_togo 141H-41M
------------------------------------------------------------
Num steps: 3500000  return: -21.2
------------------------------------------------------------
Mean_return:-22.57 Frame:14.55 M  Time_used 11H-12M Time_togo 142H-55M
------------------------------------------------------------
Num steps: 3750000  return: -12.9
------------------------------------------------------------
------------------------------------------------------------
Num steps: 4000000  return: -19.8
------------------------------------------------------------
Mean_return:-22.17 Frame:16.06 M  Time_used 12H-37M Time_togo 144H-36M
------------------------------------------------------------
Num steps: 4250000  return: -19.4
------------------------------------------------------------
------------------------------------------------------------
Num steps: 4500000  return: -21.2
------------------------------------------------------------
Mean_return:-20.51 Frame:18.44 M  Time_used 14H-37M Time_togo 144H-0M
------------------------------------------------------------
Num steps: 4750000  return: -18.9
------------------------------------------------------------
------------------------------------------------------------
Num steps: 5000000  return: -15.0
------------------------------------------------------------
------------------------------------------------------------
Num steps: 5250000  return: -13.9
------------------------------------------------------------
------------------------------------------------------------
Num steps: 5500000  return: -18.0
------------------------------------------------------------
Mean_return:-18.1 Frame:22.15 M  Time_used 17H-53M Time_togo 143H-42M
------------------------------------------------------------
Num steps: 5750000  return: -16.1
------------------------------------------------------------
------------------------------------------------------------
Num steps: 6000000  return: -11.5
------------------------------------------------------------
------------------------------------------------------------
Num steps: 6250000  return: -7.2 
------------------------------------------------------------
------------------------------------------------------------
Num steps: 6500000  return: -19.5
------------------------------------------------------------
Mean_return:-17.63 Frame:26.18 M  Time_used 21H-20M Time_togo 141H-44M
------------------------------------------------------------
Num steps: 6750000  return: -19.1
------------------------------------------------------------
------------------------------------------------------------
Num steps: 7000000  return: -12.7
------------------------------------------------------------
------------------------------------------------------------
Num steps: 7250000  return: -19.7
------------------------------------------------------------
------------------------------------------------------------
Num steps: 7500000  return: -13.4
------------------------------------------------------------
Mean_return:-15.84 Frame:30.94 M  Time_used 25H-17M Time_togo 138H-12M
------------------------------------------------------------
Num steps: 7750000  return: -9.9 
------------------------------------------------------------
------------------------------------------------------------
Num steps: 8000000  return: -11.0
------------------------------------------------------------
------------------------------------------------------------
Num steps: 8250000  return: -12.7
------------------------------------------------------------
------------------------------------------------------------
Num steps: 8500000  return: -13.0
------------------------------------------------------------
------------------------------------------------------------
Num steps: 8750000  return: -15.0
------------------------------------------------------------
------------------------------------------------------------
Num steps: 9000000  return: 4.0  
------------------------------------------------------------
Mean_return:-13.24 Frame:36.47 M  Time_used 30H-3M Time_togo 134H-46M
------------------------------------------------------------
Num steps: 9250000  return: -11.4
------------------------------------------------------------
------------------------------------------------------------
Num steps: 9500000  return: -5.3 
------------------------------------------------------------
------------------------------------------------------------
Num steps: 9750000  return: -0.2 
------------------------------------------------------------
------------------------------------------------------------
Num steps: 10000000  return: -10.1
------------------------------------------------------------
------------------------------------------------------------
Num steps: 10250000  return: -7.5 
------------------------------------------------------------
------------------------------------------------------------
Num steps: 10500000  return: 8.9  
------------------------------------------------------------
Mean_return:-11.08 Frame:42.07 M  Time_used 34H-53M Time_togo 130H-59M
------------------------------------------------------------
Num steps: 10750000  return: -10.4
------------------------------------------------------------
------------------------------------------------------------
Num steps: 11000000  return: -9.8 
------------------------------------------------------------
------------------------------------------------------------
Num steps: 11250000  return: -6.6 
------------------------------------------------------------
------------------------------------------------------------
Num steps: 11500000  return: 0.0  
------------------------------------------------------------
------------------------------------------------------------
Num steps: 11750000  return: -12.4
------------------------------------------------------------
Mean_return:-11.04 Frame:47.82 M  Time_used 39H-42M Time_togo 126H-21M
------------------------------------------------------------
Num steps: 12000000  return: -13.0
------------------------------------------------------------
------------------------------------------------------------
Num steps: 12250000  return: -16.3
------------------------------------------------------------
------------------------------------------------------------
Num steps: 12500000  return: -15.0
------------------------------------------------------------
------------------------------------------------------------
Num steps: 12750000  return: -6.7 
------------------------------------------------------------
------------------------------------------------------------
Num steps: 13000000  return: -2.6 
------------------------------------------------------------
------------------------------------------------------------
Num steps: 13250000  return: -9.3 
------------------------------------------------------------
------------------------------------------------------------
Num steps: 13500000  return: -11.2
------------------------------------------------------------
Mean_return:-8.27 Frame:54.05 M  Time_used 45H-6M Time_togo 121H-48M
------------------------------------------------------------
Num steps: 13750000  return: -2.0 
------------------------------------------------------------
------------------------------------------------------------
Num steps: 14000000  return: 1.0  
------------------------------------------------------------
------------------------------------------------------------
Num steps: 14250000  return: -9.2 
------------------------------------------------------------
------------------------------------------------------------
Num steps: 14500000  return: -3.9 
------------------------------------------------------------
------------------------------------------------------------
Num steps: 14750000  return: 4.8  
------------------------------------------------------------
------------------------------------------------------------
Num steps: 15000000  return: 4.4  
------------------------------------------------------------
Mean_return:-5.99 Frame:60.83 M  Time_used 50H-44M Time_togo 116H-4M
------------------------------------------------------------
Num steps: 15250000  return: 2.0  
------------------------------------------------------------
------------------------------------------------------------
Num steps: 15500000  return: -4.9 
------------------------------------------------------------
------------------------------------------------------------
Num steps: 15750000  return: 9.3  
------------------------------------------------------------
------------------------------------------------------------
Num steps: 16000000  return: -11.0
------------------------------------------------------------
------------------------------------------------------------
Num steps: 16250000  return: 2.2  
------------------------------------------------------------
------------------------------------------------------------
Num steps: 16500000  return: -10.1
------------------------------------------------------------
Mean_return:-5.49 Frame:66.88 M  Time_used 55H-49M Time_togo 111H-8M
------------------------------------------------------------
Num steps: 16750000  return: 1.3  
------------------------------------------------------------
------------------------------------------------------------
Num steps: 17000000  return: 16.8 
------------------------------------------------------------
------------------------------------------------------------
Num steps: 17250000  return: 6.4  
------------------------------------------------------------
------------------------------------------------------------
Num steps: 17500000  return: -2.5 
------------------------------------------------------------
------------------------------------------------------------
Num steps: 17750000  return: -11.2
------------------------------------------------------------
------------------------------------------------------------
Num steps: 18000000  return: 8.7  
------------------------------------------------------------
------------------------------------------------------------
Num steps: 18250000  return: -5.8 
------------------------------------------------------------
Mean_return:-1.94 Frame:73.68 M  Time_used 61H-36M Time_togo 105H-37M
------------------------------------------------------------
Num steps: 18500000  return: -11.5
------------------------------------------------------------
------------------------------------------------------------
Num steps: 18750000  return: -7.3 
------------------------------------------------------------
------------------------------------------------------------
Num steps: 19000000  return: -9.0 
------------------------------------------------------------
------------------------------------------------------------
Num steps: 19250000  return: 15.3 
------------------------------------------------------------
------------------------------------------------------------
Num steps: 19500000  return: 2.8  
------------------------------------------------------------
------------------------------------------------------------
Num steps: 19750000  return: 11.7 
------------------------------------------------------------
------------------------------------------------------------
Num steps: 20000000  return: -10.4
------------------------------------------------------------
Mean_return:-3.08 Frame:80.09 M  Time_used 67H-2M Time_togo 100H-22M
------------------------------------------------------------
Num steps: 20250000  return: -8.4 
------------------------------------------------------------
------------------------------------------------------------
Num steps: 20500000  return: 11.3 
------------------------------------------------------------
------------------------------------------------------------
Num steps: 20750000  return: -7.4 
------------------------------------------------------------
------------------------------------------------------------
Num steps: 21000000  return: 9.0  
------------------------------------------------------------
------------------------------------------------------------
Num steps: 21250000  return: -7.2 
------------------------------------------------------------
------------------------------------------------------------
Num steps: 21500000  return: -3.8 
------------------------------------------------------------
Mean_return:-1.87 Frame:86.64 M  Time_used 72H-27M Time_togo 94H-47M
------------------------------------------------------------
Num steps: 21750000  return: 9.1  
------------------------------------------------------------
------------------------------------------------------------
Num steps: 22000000  return: -6.7 
------------------------------------------------------------
------------------------------------------------------------
Num steps: 22250000  return: 9.3  
------------------------------------------------------------
------------------------------------------------------------
Num steps: 22500000  return: 14.1 
------------------------------------------------------------
------------------------------------------------------------
Num steps: 22750000  return: 9.7  
------------------------------------------------------------
------------------------------------------------------------
Num steps: 23000000  return: 13.1 
------------------------------------------------------------
Mean_return:2.31 Frame:92.15 M  Time_used 77H-9M Time_togo 90H-18M
------------------------------------------------------------
Num steps: 23250000  return: 13.4 
------------------------------------------------------------
------------------------------------------------------------
Num steps: 23500000  return: 14.8 
------------------------------------------------------------
------------------------------------------------------------
Num steps: 23750000  return: 8.3  
------------------------------------------------------------
------------------------------------------------------------
Num steps: 24000000  return: 14.7 
------------------------------------------------------------
------------------------------------------------------------
Num steps: 24250000  return: 12.6 
------------------------------------------------------------
Mean_return:4.83 Frame:97.73 M  Time_used 81H-47M Time_togo 85H-34M
------------------------------------------------------------
Num steps: 24500000  return: 4.6  
------------------------------------------------------------
------------------------------------------------------------
Num steps: 24750000  return: 5.9  
------------------------------------------------------------
------------------------------------------------------------
Num steps: 25000000  return: -7.3 
------------------------------------------------------------
------------------------------------------------------------
Num steps: 25250000  return: 0.9  
------------------------------------------------------------
------------------------------------------------------------
Num steps: 25500000  return: 5.2  
------------------------------------------------------------
Mean_return:2.12 Frame:102.96 M  Time_used 86H-8M Time_togo 81H-11M
------------------------------------------------------------
Num steps: 25750000  return: 11.5 
------------------------------------------------------------
------------------------------------------------------------
Num steps: 26000000  return: 16.5 
------------------------------------------------------------
------------------------------------------------------------
Num steps: 26250000  return: 15.8 
------------------------------------------------------------
------------------------------------------------------------
Num steps: 26500000  return: 6.9  
------------------------------------------------------------
------------------------------------------------------------
Num steps: 26750000  return: 15.6 
------------------------------------------------------------
------------------------------------------------------------
Num steps: 27000000  return: 13.1 
------------------------------------------------------------
------------------------------------------------------------
Num steps: 27250000  return: 12.5 
------------------------------------------------------------
Mean_return:3.11 Frame:109.23 M  Time_used 91H-27M Time_togo 76H-0M
------------------------------------------------------------
Num steps: 27500000  return: 13.6 
------------------------------------------------------------
------------------------------------------------------------
Num steps: 27750000  return: 15.8 
------------------------------------------------------------
------------------------------------------------------------
Num steps: 28000000  return: 8.0  
------------------------------------------------------------
------------------------------------------------------------
Num steps: 28250000  return: 13.3 
------------------------------------------------------------
------------------------------------------------------------
Num steps: 28500000  return: 7.7  
------------------------------------------------------------
Mean_return:6.95 Frame:114.24 M  Time_used 95H-39M Time_togo 71H-48M
------------------------------------------------------------
Num steps: 28750000  return: 16.4 
------------------------------------------------------------
------------------------------------------------------------
Num steps: 29000000  return: 6.2  
------------------------------------------------------------
------------------------------------------------------------
Num steps: 29250000  return: -10.5
------------------------------------------------------------
------------------------------------------------------------
Num steps: 29500000  return: 2.0  
------------------------------------------------------------
Mean_return:8.23 Frame:118.55 M  Time_used 99H-13M Time_togo 68H-10M
------------------------------------------------------------
Num steps: 29750000  return: 0.7  
------------------------------------------------------------
------------------------------------------------------------
Num steps: 30000000  return: 17.9 
------------------------------------------------------------
------------------------------------------------------------
Num steps: 30250000  return: 11.2 
------------------------------------------------------------
------------------------------------------------------------
Num steps: 30500000  return: 12.9 
------------------------------------------------------------
Mean_return:10.31 Frame:122.51 M  Time_used 102H-32M Time_togo 64H-51M
------------------------------------------------------------
Num steps: 30750000  return: 8.2  
------------------------------------------------------------
------------------------------------------------------------
Num steps: 31000000  return: 15.0 
------------------------------------------------------------
