Namespace(config='config/qrdqn.yaml', cuda=True, env_id='TennisNoFrameskip-v4', model='ncQRDQN', seed=2)
Mean_return:-23.89 Frame:0.69 M  Time_used 0H-11M Time_togo 57H-2M
------------------------------------------------------------
Num steps: 250000  return: -8.2 
------------------------------------------------------------
------------------------------------------------------------
Num steps: 500000  return: -22.7
------------------------------------------------------------
Mean_return:-23.23 Frame:2.13 M  Time_used 1H-5M Time_togo 101H-48M
------------------------------------------------------------
Num steps: 750000  return: -13.0
------------------------------------------------------------
Mean_return:-23.2 Frame:3.25 M  Time_used 1H-46M Time_togo 107H-30M
------------------------------------------------------------
Num steps: 1000000  return: -23.2
------------------------------------------------------------
------------------------------------------------------------
Num steps: 1250000  return: -22.9
------------------------------------------------------------
------------------------------------------------------------
Num steps: 1500000  return: -22.2
------------------------------------------------------------
Mean_return:-19.93 Frame:6.01 M  Time_used 4H-5M Time_togo 132H-21M
------------------------------------------------------------
Num steps: 1750000  return: -22.3
------------------------------------------------------------
Mean_return:-22.5 Frame:7.46 M  Time_used 5H-23M Time_togo 139H-6M
------------------------------------------------------------
Num steps: 2000000  return: -22.9
------------------------------------------------------------
Mean_return:-22.4 Frame:8.74 M  Time_used 6H-30M Time_togo 142H-33M
------------------------------------------------------------
Num steps: 2250000  return: -23.0
------------------------------------------------------------
Mean_return:-23.08 Frame:9.82 M  Time_used 7H-26M Time_togo 144H-1M
------------------------------------------------------------
Num steps: 2500000  return: -22.0
------------------------------------------------------------
------------------------------------------------------------
Num steps: 2750000  return: -23.0
------------------------------------------------------------
Mean_return:-23.15 Frame:11.14 M  Time_used 8H-40M Time_togo 146H-57M
------------------------------------------------------------
Num steps: 3000000  return: -22.9
------------------------------------------------------------
Mean_return:-22.49 Frame:12.63 M  Time_used 9H-54M Time_togo 146H-57M
------------------------------------------------------------
Num steps: 3250000  return: -22.7
------------------------------------------------------------
------------------------------------------------------------
Num steps: 3500000  return: -20.6
------------------------------------------------------------
------------------------------------------------------------
Num steps: 3750000  return: -19.8
------------------------------------------------------------
Mean_return:-20.93 Frame:15.08 M  Time_used 12H-6M Time_togo 148H-32M
------------------------------------------------------------
Num steps: 4000000  return: -15.8
------------------------------------------------------------
------------------------------------------------------------
Num steps: 4250000  return: -9.2 
------------------------------------------------------------
------------------------------------------------------------
Num steps: 4500000  return: -11.4
------------------------------------------------------------
------------------------------------------------------------
Num steps: 4750000  return: -16.8
------------------------------------------------------------
Mean_return:-17.2 Frame:19.23 M  Time_used 15H-43M Time_togo 147H-44M
------------------------------------------------------------
Num steps: 5000000  return: -20.2
------------------------------------------------------------
------------------------------------------------------------
Num steps: 5250000  return: 2.8  
------------------------------------------------------------
------------------------------------------------------------
Num steps: 5500000  return: -5.2 
------------------------------------------------------------
------------------------------------------------------------
Num steps: 5750000  return: -19.5
------------------------------------------------------------
------------------------------------------------------------
Num steps: 6000000  return: -15.9
------------------------------------------------------------
Mean_return:-14.37 Frame:24.32 M  Time_used 20H-3M Time_togo 144H-59M
------------------------------------------------------------
Num steps: 6250000  return: -15.6
------------------------------------------------------------
------------------------------------------------------------
Num steps: 6500000  return: -12.2
------------------------------------------------------------
------------------------------------------------------------
Num steps: 6750000  return: -13.8
------------------------------------------------------------
------------------------------------------------------------
Num steps: 7000000  return: -3.0 
------------------------------------------------------------
------------------------------------------------------------
Num steps: 7250000  return: 10.5 
------------------------------------------------------------
Mean_return:-13.5 Frame:29.24 M  Time_used 24H-15M Time_togo 141H-42M
------------------------------------------------------------
Num steps: 7500000  return: -4.9 
------------------------------------------------------------
------------------------------------------------------------
Num steps: 7750000  return: -13.7
------------------------------------------------------------
------------------------------------------------------------
Num steps: 8000000  return: 6.7  
------------------------------------------------------------
------------------------------------------------------------
Num steps: 8250000  return: 11.1 
------------------------------------------------------------
------------------------------------------------------------
Num steps: 8500000  return: 1.8  
------------------------------------------------------------
------------------------------------------------------------
Num steps: 8750000  return: -8.0 
------------------------------------------------------------
Mean_return:-7.41 Frame:35.41 M  Time_used 29H-30M Time_togo 137H-7M
------------------------------------------------------------
Num steps: 9000000  return: 6.4  
------------------------------------------------------------
------------------------------------------------------------
Num steps: 9250000  return: -2.7 
------------------------------------------------------------
------------------------------------------------------------
Num steps: 9500000  return: 10.7 
------------------------------------------------------------
------------------------------------------------------------
Num steps: 9750000  return: 4.1  
------------------------------------------------------------
------------------------------------------------------------
Num steps: 10000000  return: 8.1  
------------------------------------------------------------
------------------------------------------------------------
Num steps: 10250000  return: 10.8 
------------------------------------------------------------
Mean_return:-2.81 Frame:41.50 M  Time_used 34H-40M Time_togo 132H-26M
------------------------------------------------------------
Num steps: 10500000  return: 6.1  
------------------------------------------------------------
------------------------------------------------------------
Num steps: 10750000  return: 12.4 
------------------------------------------------------------
------------------------------------------------------------
Num steps: 11000000  return: 17.1 
------------------------------------------------------------
------------------------------------------------------------
Num steps: 11250000  return: 14.1 
------------------------------------------------------------
------------------------------------------------------------
Num steps: 11500000  return: 9.2  
------------------------------------------------------------
Mean_return:6.75 Frame:46.67 M  Time_used 39H-4M Time_togo 128H-22M
------------------------------------------------------------
Num steps: 11750000  return: -15.0
------------------------------------------------------------
------------------------------------------------------------
Num steps: 12000000  return: 14.1 
------------------------------------------------------------
------------------------------------------------------------
Num steps: 12250000  return: 16.1 
------------------------------------------------------------
Mean_return:13.81 Frame:49.77 M  Time_used 41H-42M Time_togo 125H-55M
------------------------------------------------------------
Num steps: 12500000  return: 18.0 
------------------------------------------------------------
------------------------------------------------------------
Num steps: 12750000  return: 16.9 
------------------------------------------------------------
Mean_return:17.79 Frame:51.94 M  Time_used 43H-32M Time_togo 124H-8M
------------------------------------------------------------
Num steps: 13000000  return: 19.8 
------------------------------------------------------------
------------------------------------------------------------
Num steps: 13250000  return: 21.2 
------------------------------------------------------------
Mean_return:17.97 Frame:53.92 M  Time_used 45H-14M Time_togo 122H-32M
------------------------------------------------------------
Num steps: 13500000  return: 20.4 
------------------------------------------------------------
------------------------------------------------------------
Num steps: 13750000  return: 17.6 
------------------------------------------------------------
Mean_return:17.93 Frame:55.76 M  Time_used 46H-48M Time_togo 121H-6M
------------------------------------------------------------
Num steps: 14000000  return: 20.7 
------------------------------------------------------------
------------------------------------------------------------
Num steps: 14250000  return: 19.7 
------------------------------------------------------------
Mean_return:18.47 Frame:57.50 M  Time_used 48H-20M Time_togo 119H-49M
------------------------------------------------------------
Num steps: 14500000  return: 20.6 
------------------------------------------------------------
------------------------------------------------------------
Num steps: 14750000  return: 22.1 
------------------------------------------------------------
Mean_return:19.88 Frame:59.06 M  Time_used 49H-44M Time_togo 118H-42M
------------------------------------------------------------
Num steps: 15000000  return: 20.7 
------------------------------------------------------------
Mean_return:20.14 Frame:60.54 M  Time_used 50H-55M Time_togo 117H-18M
------------------------------------------------------------
Num steps: 15250000  return: 21.6 
------------------------------------------------------------
------------------------------------------------------------
Num steps: 15500000  return: 22.2 
------------------------------------------------------------
Mean_return:19.43 Frame:62.08 M  Time_used 52H-17M Time_togo 116H-9M
------------------------------------------------------------
Num steps: 15750000  return: 22.0 
------------------------------------------------------------
Mean_return:19.81 Frame:63.51 M  Time_used 53H-26M Time_togo 114H-51M
------------------------------------------------------------
Num steps: 16000000  return: 20.7 
------------------------------------------------------------
Mean_return:20.6 Frame:64.88 M  Time_used 54H-34M Time_togo 113H-38M
------------------------------------------------------------
Num steps: 16250000  return: 22.2 
------------------------------------------------------------
------------------------------------------------------------
Num steps: 16500000  return: 19.9 
------------------------------------------------------------
Mean_return:21.14 Frame:66.16 M  Time_used 55H-44M Time_togo 112H-45M
------------------------------------------------------------
Num steps: 16750000  return: 21.5 
------------------------------------------------------------
Mean_return:20.43 Frame:67.50 M  Time_used 56H-49M Time_togo 111H-31M
------------------------------------------------------------
Num steps: 17000000  return: 20.9 
------------------------------------------------------------
Mean_return:20.95 Frame:68.79 M  Time_used 57H-52M Time_togo 110H-23M
------------------------------------------------------------
Num steps: 17250000  return: 21.8 
------------------------------------------------------------
------------------------------------------------------------
Num steps: 17500000  return: 20.5 
------------------------------------------------------------
Mean_return:21.28 Frame:70.04 M  Time_used 59H-2M Time_togo 109H-33M
------------------------------------------------------------
Num steps: 17750000  return: 22.3 
------------------------------------------------------------
Mean_return:20.73 Frame:71.33 M  Time_used 60H-5M Time_togo 108H-23M
------------------------------------------------------------
Num steps: 18000000  return: 20.6 
------------------------------------------------------------
Mean_return:20.83 Frame:72.60 M  Time_used 61H-8M Time_togo 107H-17M
------------------------------------------------------------
Num steps: 18250000  return: 21.9 
------------------------------------------------------------
Mean_return:20.44 Frame:73.94 M  Time_used 62H-14M Time_togo 106H-6M
------------------------------------------------------------
Num steps: 18500000  return: 21.8 
------------------------------------------------------------
------------------------------------------------------------
Num steps: 18750000  return: 21.3 
------------------------------------------------------------
Mean_return:20.87 Frame:75.22 M  Time_used 63H-25M Time_togo 105H-13M
------------------------------------------------------------
Num steps: 19000000  return: 22.4 
------------------------------------------------------------
Mean_return:20.84 Frame:76.47 M  Time_used 64H-27M Time_togo 104H-7M
------------------------------------------------------------
Num steps: 19250000  return: 21.7 
------------------------------------------------------------
Mean_return:20.53 Frame:77.76 M  Time_used 65H-30M Time_togo 102H-59M
------------------------------------------------------------
Num steps: 19500000  return: 22.1 
------------------------------------------------------------
Mean_return:21.08 Frame:78.97 M  Time_used 66H-34M Time_togo 102H-1M
------------------------------------------------------------
Num steps: 19750000  return: 20.3 
------------------------------------------------------------
------------------------------------------------------------
Num steps: 20000000  return: 22.5 
------------------------------------------------------------
Mean_return:21.2 Frame:80.16 M  Time_used 67H-47M Time_togo 101H-20M
------------------------------------------------------------
Num steps: 20250000  return: 22.7 
------------------------------------------------------------
Mean_return:20.89 Frame:81.42 M  Time_used 68H-57M Time_togo 100H-25M
------------------------------------------------------------
Num steps: 20500000  return: 22.8 
------------------------------------------------------------
Mean_return:20.57 Frame:82.66 M  Time_used 70H-5M Time_togo 99H-29M
------------------------------------------------------------
Num steps: 20750000  return: 20.2 
------------------------------------------------------------
Mean_return:20.9 Frame:83.93 M  Time_used 71H-13M Time_togo 98H-29M
------------------------------------------------------------
Num steps: 21000000  return: 21.8 
------------------------------------------------------------
------------------------------------------------------------
Num steps: 21250000  return: 21.3 
------------------------------------------------------------
Mean_return:20.59 Frame:85.21 M  Time_used 72H-31M Time_togo 97H-41M
------------------------------------------------------------
Num steps: 21500000  return: 20.5 
------------------------------------------------------------
Mean_return:21.03 Frame:86.41 M  Time_used 73H-37M Time_togo 96H-47M
------------------------------------------------------------
Num steps: 21750000  return: 22.7 
------------------------------------------------------------
Mean_return:21.04 Frame:87.61 M  Time_used 74H-42M Time_togo 95H-50M
------------------------------------------------------------
Num steps: 22000000  return: 20.7 
------------------------------------------------------------
Mean_return:21.17 Frame:88.76 M  Time_used 75H-43M Time_togo 94H-54M
------------------------------------------------------------
Num steps: 22250000  return: 21.6 
------------------------------------------------------------
Mean_return:20.94 Frame:89.94 M  Time_used 76H-42M Time_togo 93H-52M
------------------------------------------------------------
Num steps: 22500000  return: 21.4 
------------------------------------------------------------
------------------------------------------------------------
Num steps: 22750000  return: 22.1 
------------------------------------------------------------
Mean_return:20.93 Frame:91.15 M  Time_used 77H-51M Time_togo 92H-59M
------------------------------------------------------------
Num steps: 23000000  return: 22.7 
------------------------------------------------------------
Mean_return:21.19 Frame:92.36 M  Time_used 78H-54M Time_togo 91H-57M
------------------------------------------------------------
Num steps: 23250000  return: 21.8 
------------------------------------------------------------
Mean_return:20.7 Frame:93.59 M  Time_used 79H-57M Time_togo 90H-54M
------------------------------------------------------------
Num steps: 23500000  return: 21.5 
------------------------------------------------------------
Mean_return:20.82 Frame:94.84 M  Time_used 81H-4M Time_togo 89H-54M
------------------------------------------------------------
Num steps: 23750000  return: 22.8 
------------------------------------------------------------
------------------------------------------------------------
Num steps: 24000000  return: 21.5 
------------------------------------------------------------
Mean_return:21.11 Frame:96.05 M  Time_used 82H-20M Time_togo 89H-6M
------------------------------------------------------------
Num steps: 24250000  return: 22.0 
------------------------------------------------------------
Mean_return:20.89 Frame:97.42 M  Time_used 83H-29M Time_togo 87H-54M
------------------------------------------------------------
Num steps: 24500000  return: 19.8 
------------------------------------------------------------
Mean_return:20.38 Frame:98.70 M  Time_used 84H-33M Time_togo 86H-46M
------------------------------------------------------------
Num steps: 24750000  return: 21.5 
------------------------------------------------------------
Mean_return:20.55 Frame:99.92 M  Time_used 85H-32M Time_togo 85H-41M
------------------------------------------------------------
Num steps: 25000000  return: 21.2 
------------------------------------------------------------
------------------------------------------------------------
Num steps: 25250000  return: 16.3 
------------------------------------------------------------
Mean_return:21.24 Frame:101.12 M  Time_used 86H-44M Time_togo 84H-49M
------------------------------------------------------------
Num steps: 25500000  return: 18.7 
------------------------------------------------------------
Mean_return:20.04 Frame:102.40 M  Time_used 87H-52M Time_togo 83H-45M
------------------------------------------------------------
Num steps: 25750000  return: 20.4 
------------------------------------------------------------
Mean_return:19.8 Frame:103.70 M  Time_used 89H-1M Time_togo 82H-40M
------------------------------------------------------------
Num steps: 26000000  return: 21.6 
------------------------------------------------------------
Mean_return:21.29 Frame:104.87 M  Time_used 90H-5M Time_togo 81H-43M
------------------------------------------------------------
Num steps: 26250000  return: 22.4 
------------------------------------------------------------
------------------------------------------------------------
Num steps: 26500000  return: 21.8 
------------------------------------------------------------
Mean_return:20.67 Frame:106.10 M  Time_used 91H-20M Time_togo 80H-50M
------------------------------------------------------------
Num steps: 26750000  return: 21.9 
------------------------------------------------------------
Mean_return:20.36 Frame:107.32 M  Time_used 92H-26M Time_togo 79H-50M
------------------------------------------------------------
Num steps: 27000000  return: 21.9 
------------------------------------------------------------
Mean_return:20.6 Frame:108.54 M  Time_used 93H-30M Time_togo 78H-47M
------------------------------------------------------------
Num steps: 27250000  return: 22.2 
------------------------------------------------------------
Mean_return:20.31 Frame:109.77 M  Time_used 94H-36M Time_togo 77H-46M
------------------------------------------------------------
Num steps: 27500000  return: 22.8 
------------------------------------------------------------
Mean_return:21.04 Frame:110.90 M  Time_used 95H-38M Time_togo 76H-50M
------------------------------------------------------------
Num steps: 27750000  return: 22.4 
------------------------------------------------------------
------------------------------------------------------------
Num steps: 28000000  return: 21.5 
------------------------------------------------------------
Mean_return:20.23 Frame:112.15 M  Time_used 96H-48M Time_togo 75H-49M
------------------------------------------------------------
Num steps: 28250000  return: 20.6 
------------------------------------------------------------
Mean_return:20.97 Frame:113.35 M  Time_used 97H-48M Time_togo 74H-45M
------------------------------------------------------------
Num steps: 28500000  return: 22.5 
------------------------------------------------------------
Mean_return:20.88 Frame:114.53 M  Time_used 98H-46M Time_togo 73H-43M
------------------------------------------------------------
Num steps: 28750000  return: 21.4 
------------------------------------------------------------
Mean_return:20.05 Frame:115.77 M  Time_used 99H-50M Time_togo 72H-38M
------------------------------------------------------------
Num steps: 29000000  return: 20.7 
------------------------------------------------------------
------------------------------------------------------------
Num steps: 29250000  return: 21.3 
------------------------------------------------------------
Mean_return:19.78 Frame:117.11 M  Time_used 101H-10M Time_togo 71H-36M
------------------------------------------------------------
Num steps: 29500000  return: 22.0 
------------------------------------------------------------
Mean_return:21.02 Frame:118.28 M  Time_used 102H-8M Time_togo 70H-33M
------------------------------------------------------------
Num steps: 29750000  return: 20.7 
------------------------------------------------------------
Mean_return:20.52 Frame:119.46 M  Time_used 103H-7M Time_togo 69H-31M
------------------------------------------------------------
Num steps: 30000000  return: 20.3 
------------------------------------------------------------
