Namespace(config='config/qrdqn.yaml', cuda=True, env_id='JamesbondNoFrameskip-v4', model='ncQRDQN', seed=0)
Mean_return:0.07 Frame:0.03 M  Time_used 0H-0M Time_togo 50H-44M
Mean_return:0.12 Frame:0.06 M  Time_used 0H-1M Time_togo 78H-3M
Mean_return:0.1 Frame:0.10 M  Time_used 0H-2M Time_togo 80H-37M
Mean_return:0.1 Frame:0.13 M  Time_used 0H-3M Time_togo 81H-37M
Mean_return:0.14 Frame:0.16 M  Time_used 0H-4M Time_togo 83H-51M
Mean_return:0.1 Frame:0.19 M  Time_used 0H-4M Time_togo 85H-18M
Mean_return:0.14 Frame:0.22 M  Time_used 0H-5M Time_togo 87H-2M
Mean_return:0.1 Frame:0.26 M  Time_used 0H-6M Time_togo 86H-42M
Mean_return:0.1 Frame:0.29 M  Time_used 0H-7M Time_togo 87H-15M
Mean_return:0.13 Frame:0.32 M  Time_used 0H-8M Time_togo 87H-43M
Mean_return:0.08 Frame:0.35 M  Time_used 0H-9M Time_togo 88H-46M
Mean_return:0.06 Frame:0.38 M  Time_used 0H-10M Time_togo 90H-30M
Mean_return:0.05 Frame:0.42 M  Time_used 0H-11M Time_togo 91H-59M
Mean_return:0.08 Frame:0.45 M  Time_used 0H-12M Time_togo 93H-29M
Mean_return:0.17 Frame:0.48 M  Time_used 0H-13M Time_togo 94H-17M
Mean_return:0.1 Frame:0.51 M  Time_used 0H-14M Time_togo 96H-14M
Mean_return:0.1 Frame:0.55 M  Time_used 0H-15M Time_togo 97H-8M
Mean_return:0.16 Frame:0.58 M  Time_used 0H-17M Time_togo 98H-7M
Mean_return:0.12 Frame:0.61 M  Time_used 0H-18M Time_togo 99H-21M
Mean_return:0.14 Frame:0.65 M  Time_used 0H-19M Time_togo 100H-16M
Mean_return:0.14 Frame:0.68 M  Time_used 0H-20M Time_togo 101H-4M
Mean_return:0.13 Frame:0.72 M  Time_used 0H-21M Time_togo 101H-21M
Mean_return:0.18 Frame:0.75 M  Time_used 0H-23M Time_togo 102H-32M
Mean_return:0.15 Frame:0.78 M  Time_used 0H-24M Time_togo 103H-35M
Mean_return:0.1 Frame:0.82 M  Time_used 0H-25M Time_togo 104H-2M
Mean_return:0.1 Frame:0.85 M  Time_used 0H-26M Time_togo 104H-32M
Mean_return:0.18 Frame:0.89 M  Time_used 0H-28M Time_togo 105H-49M
Mean_return:0.16 Frame:0.93 M  Time_used 0H-30M Time_togo 107H-29M
Mean_return:0.21 Frame:0.97 M  Time_used 0H-31M Time_togo 109H-10M
------------------------------------------------------------
Num steps: 250000  return: 59.9 
------------------------------------------------------------
Mean_return:0.17 Frame:1.01 M  Time_used 0H-41M Time_togo 136H-4M
Mean_return:0.21 Frame:1.04 M  Time_used 0H-42M Time_togo 136H-0M
Mean_return:0.15 Frame:1.08 M  Time_used 0H-44M Time_togo 136H-42M
Mean_return:0.21 Frame:1.12 M  Time_used 0H-46M Time_togo 137H-47M
Mean_return:0.15 Frame:1.16 M  Time_used 0H-48M Time_togo 138H-11M
Mean_return:0.13 Frame:1.19 M  Time_used 0H-50M Time_togo 139H-4M
Mean_return:0.24 Frame:1.22 M  Time_used 0H-51M Time_togo 138H-44M
Mean_return:0.16 Frame:1.26 M  Time_used 0H-52M Time_togo 138H-25M
Mean_return:0.2 Frame:1.30 M  Time_used 0H-54M Time_togo 138H-15M
Mean_return:0.31 Frame:1.34 M  Time_used 0H-55M Time_togo 138H-16M
Mean_return:0.18 Frame:1.37 M  Time_used 0H-57M Time_togo 138H-8M
Mean_return:0.15 Frame:1.41 M  Time_used 0H-58M Time_togo 137H-39M
Mean_return:0.18 Frame:1.44 M  Time_used 0H-59M Time_togo 137H-16M
Mean_return:0.17 Frame:1.48 M  Time_used 1H-1M Time_togo 137H-31M
Mean_return:0.15 Frame:1.51 M  Time_used 1H-2M Time_togo 137H-27M
Mean_return:0.15 Frame:1.55 M  Time_used 1H-4M Time_togo 137H-38M
Mean_return:0.15 Frame:1.59 M  Time_used 1H-6M Time_togo 137H-40M
Mean_return:0.21 Frame:1.63 M  Time_used 1H-8M Time_togo 138H-13M
Mean_return:0.15 Frame:1.67 M  Time_used 1H-10M Time_togo 138H-39M
Mean_return:0.19 Frame:1.71 M  Time_used 1H-11M Time_togo 138H-36M
Mean_return:0.24 Frame:1.75 M  Time_used 1H-13M Time_togo 138H-23M
Mean_return:0.15 Frame:1.79 M  Time_used 1H-15M Time_togo 138H-22M
Mean_return:0.11 Frame:1.83 M  Time_used 1H-16M Time_togo 138H-22M
Mean_return:0.2 Frame:1.87 M  Time_used 1H-18M Time_togo 138H-9M
Mean_return:0.13 Frame:1.91 M  Time_used 1H-19M Time_togo 138H-5M
Mean_return:0.24 Frame:1.95 M  Time_used 1H-21M Time_togo 137H-47M
Mean_return:0.2 Frame:2.00 M  Time_used 1H-23M Time_togo 137H-38M
------------------------------------------------------------
Num steps: 500000  return: 15.9 
------------------------------------------------------------
Mean_return:0.23 Frame:2.04 M  Time_used 1H-32M Time_togo 149H-38M
Mean_return:0.21 Frame:2.08 M  Time_used 1H-34M Time_togo 149H-27M
Mean_return:0.21 Frame:2.12 M  Time_used 1H-35M Time_togo 149H-12M
Mean_return:0.11 Frame:2.16 M  Time_used 1H-37M Time_togo 149H-1M
Mean_return:0.25 Frame:2.20 M  Time_used 1H-39M Time_togo 148H-42M
Mean_return:0.32 Frame:2.25 M  Time_used 1H-41M Time_togo 148H-41M
Mean_return:0.27 Frame:2.30 M  Time_used 1H-43M Time_togo 148H-27M
Mean_return:0.24 Frame:2.34 M  Time_used 1H-45M Time_togo 148H-36M
Mean_return:0.2 Frame:2.39 M  Time_used 1H-47M Time_togo 148H-13M
Mean_return:0.2 Frame:2.44 M  Time_used 1H-49M Time_togo 148H-18M
Mean_return:0.26 Frame:2.48 M  Time_used 1H-51M Time_togo 147H-18M
Mean_return:0.22 Frame:2.53 M  Time_used 1H-52M Time_togo 146H-19M
Mean_return:0.23 Frame:2.57 M  Time_used 1H-54M Time_togo 146H-1M
Mean_return:0.25 Frame:2.62 M  Time_used 1H-56M Time_togo 145H-51M
Mean_return:0.2 Frame:2.66 M  Time_used 1H-57M Time_togo 145H-26M
Mean_return:0.27 Frame:2.71 M  Time_used 1H-59M Time_togo 145H-14M
Mean_return:0.26 Frame:2.76 M  Time_used 2H-1M Time_togo 145H-4M
Mean_return:0.27 Frame:2.81 M  Time_used 2H-3M Time_togo 144H-55M
Mean_return:0.45 Frame:2.87 M  Time_used 2H-5M Time_togo 144H-24M
Mean_return:0.22 Frame:2.91 M  Time_used 2H-7M Time_togo 144H-7M
Mean_return:0.44 Frame:2.96 M  Time_used 2H-9M Time_togo 144H-1M
------------------------------------------------------------
Num steps: 750000  return: 132.3
------------------------------------------------------------
Mean_return:0.31 Frame:3.01 M  Time_used 2H-19M Time_togo 152H-3M
Mean_return:0.39 Frame:3.07 M  Time_used 2H-21M Time_togo 151H-36M
Mean_return:0.38 Frame:3.12 M  Time_used 2H-23M Time_togo 151H-14M
Mean_return:0.36 Frame:3.17 M  Time_used 2H-26M Time_togo 151H-4M
Mean_return:0.37 Frame:3.23 M  Time_used 2H-28M Time_togo 150H-47M
Mean_return:0.54 Frame:3.30 M  Time_used 2H-31M Time_togo 150H-26M
Mean_return:0.56 Frame:3.37 M  Time_used 2H-34M Time_togo 150H-1M
Mean_return:0.6 Frame:3.44 M  Time_used 2H-37M Time_togo 149H-41M
Mean_return:0.52 Frame:3.51 M  Time_used 2H-39M Time_togo 149H-6M
Mean_return:0.48 Frame:3.58 M  Time_used 2H-41M Time_togo 148H-14M
Mean_return:0.49 Frame:3.66 M  Time_used 2H-45M Time_togo 147H-53M
Mean_return:0.66 Frame:3.74 M  Time_used 2H-48M Time_togo 147H-13M
Mean_return:0.63 Frame:3.81 M  Time_used 2H-50M Time_togo 146H-35M
Mean_return:0.74 Frame:3.90 M  Time_used 2H-54M Time_togo 146H-9M
Mean_return:0.66 Frame:3.98 M  Time_used 2H-56M Time_togo 145H-4M
------------------------------------------------------------
Num steps: 1000000  return: 249.4
------------------------------------------------------------
Mean_return:0.64 Frame:4.06 M  Time_used 3H-8M Time_togo 151H-6M
Mean_return:0.71 Frame:4.15 M  Time_used 3H-13M Time_togo 151H-57M
Mean_return:0.72 Frame:4.23 M  Time_used 3H-17M Time_togo 152H-41M
Mean_return:0.74 Frame:4.31 M  Time_used 3H-22M Time_togo 153H-8M
Mean_return:0.83 Frame:4.40 M  Time_used 3H-27M Time_togo 153H-38M
Mean_return:0.78 Frame:4.50 M  Time_used 3H-32M Time_togo 154H-8M
Mean_return:0.77 Frame:4.59 M  Time_used 3H-37M Time_togo 154H-37M
Mean_return:0.85 Frame:4.68 M  Time_used 3H-42M Time_togo 155H-8M
Mean_return:0.87 Frame:4.78 M  Time_used 3H-48M Time_togo 155H-32M
Mean_return:0.89 Frame:4.87 M  Time_used 3H-53M Time_togo 155H-57M
Mean_return:0.81 Frame:4.97 M  Time_used 3H-58M Time_togo 156H-17M
------------------------------------------------------------
Num steps: 1250000  return: 264.4
------------------------------------------------------------
Mean_return:0.9 Frame:5.06 M  Time_used 4H-11M Time_togo 161H-31M
Mean_return:1.2 Frame:5.17 M  Time_used 4H-17M Time_togo 161H-49M
Mean_return:1.06 Frame:5.27 M  Time_used 4H-22M Time_togo 161H-44M
Mean_return:1.17 Frame:5.37 M  Time_used 4H-27M Time_togo 161H-18M
Mean_return:1.11 Frame:5.47 M  Time_used 4H-32M Time_togo 161H-29M
Mean_return:1.17 Frame:5.57 M  Time_used 4H-37M Time_togo 161H-31M
Mean_return:1.27 Frame:5.69 M  Time_used 4H-43M Time_togo 161H-36M
Mean_return:1.26 Frame:5.79 M  Time_used 4H-49M Time_togo 161H-48M
Mean_return:1.29 Frame:5.90 M  Time_used 4H-54M Time_togo 161H-45M
------------------------------------------------------------
Num steps: 1500000  return: 494.1
------------------------------------------------------------
Mean_return:1.22 Frame:6.00 M  Time_used 5H-8M Time_togo 165H-56M
Mean_return:1.19 Frame:6.11 M  Time_used 5H-13M Time_togo 165H-58M
Mean_return:1.27 Frame:6.22 M  Time_used 5H-19M Time_togo 165H-56M
Mean_return:1.09 Frame:6.32 M  Time_used 5H-24M Time_togo 165H-51M
Mean_return:1.11 Frame:6.42 M  Time_used 5H-30M Time_togo 166H-0M
Mean_return:1.16 Frame:6.53 M  Time_used 5H-36M Time_togo 166H-26M
Mean_return:1.04 Frame:6.62 M  Time_used 5H-42M Time_togo 166H-33M
Mean_return:1.14 Frame:6.73 M  Time_used 5H-48M Time_togo 166H-43M
Mean_return:1.33 Frame:6.83 M  Time_used 5H-53M Time_togo 166H-37M
Mean_return:1.2 Frame:6.93 M  Time_used 5H-58M Time_togo 166H-26M
------------------------------------------------------------
Num steps: 1750000  return: 367.5
------------------------------------------------------------
Mean_return:1.19 Frame:7.03 M  Time_used 6H-11M Time_togo 169H-43M
Mean_return:1.29 Frame:7.14 M  Time_used 6H-16M Time_togo 169H-36M
Mean_return:1.23 Frame:7.25 M  Time_used 6H-22M Time_togo 169H-33M
Mean_return:1.2 Frame:7.35 M  Time_used 6H-27M Time_togo 169H-29M
Mean_return:1.34 Frame:7.45 M  Time_used 6H-33M Time_togo 169H-23M
Mean_return:1.26 Frame:7.54 M  Time_used 6H-38M Time_togo 169H-22M
Mean_return:1.21 Frame:7.65 M  Time_used 6H-44M Time_togo 169H-36M
Mean_return:1.43 Frame:7.75 M  Time_used 6H-50M Time_togo 169H-41M
Mean_return:1.34 Frame:7.86 M  Time_used 6H-56M Time_togo 169H-53M
Mean_return:1.12 Frame:7.96 M  Time_used 7H-2M Time_togo 169H-46M
------------------------------------------------------------
Num steps: 2000000  return: 373.5
------------------------------------------------------------
Mean_return:1.36 Frame:8.06 M  Time_used 7H-15M Time_togo 172H-37M
Mean_return:1.44 Frame:8.17 M  Time_used 7H-20M Time_togo 172H-27M
Mean_return:1.23 Frame:8.28 M  Time_used 7H-26M Time_togo 172H-26M
Mean_return:1.3 Frame:8.38 M  Time_used 7H-32M Time_togo 172H-21M
Mean_return:1.17 Frame:8.48 M  Time_used 7H-37M Time_togo 172H-23M
Mean_return:1.27 Frame:8.58 M  Time_used 7H-43M Time_togo 172H-17M
Mean_return:1.43 Frame:8.69 M  Time_used 7H-49M Time_togo 172H-23M
Mean_return:1.17 Frame:8.78 M  Time_used 7H-54M Time_togo 172H-7M
Mean_return:1.33 Frame:8.88 M  Time_used 7H-59M Time_togo 172H-10M
Mean_return:1.28 Frame:8.98 M  Time_used 8H-5M Time_togo 172H-3M
------------------------------------------------------------
Num steps: 2250000  return: 490.1
------------------------------------------------------------
Mean_return:1.35 Frame:9.08 M  Time_used 8H-18M Time_togo 174H-48M
Mean_return:1.48 Frame:9.19 M  Time_used 8H-25M Time_togo 174H-52M
Mean_return:1.54 Frame:9.30 M  Time_used 8H-32M Time_togo 175H-11M
Mean_return:1.43 Frame:9.40 M  Time_used 8H-38M Time_togo 175H-7M
Mean_return:1.39 Frame:9.50 M  Time_used 8H-44M Time_togo 175H-6M
Mean_return:1.22 Frame:9.60 M  Time_used 8H-49M Time_togo 175H-6M
Mean_return:1.41 Frame:9.71 M  Time_used 8H-55M Time_togo 175H-2M
Mean_return:1.33 Frame:9.81 M  Time_used 9H-1M Time_togo 174H-57M
Mean_return:1.32 Frame:9.92 M  Time_used 9H-6M Time_togo 174H-28M
------------------------------------------------------------
Num steps: 2500000  return: 421.2
------------------------------------------------------------
Mean_return:1.32 Frame:10.03 M  Time_used 9H-18M Time_togo 176H-29M
Mean_return:1.31 Frame:10.13 M  Time_used 9H-23M Time_togo 176H-5M
Mean_return:1.26 Frame:10.23 M  Time_used 9H-28M Time_togo 175H-44M
Mean_return:1.28 Frame:10.34 M  Time_used 9H-33M Time_togo 175H-24M
Mean_return:1.42 Frame:10.45 M  Time_used 9H-38M Time_togo 175H-0M
Mean_return:1.55 Frame:10.55 M  Time_used 9H-43M Time_togo 174H-39M
Mean_return:1.45 Frame:10.66 M  Time_used 9H-48M Time_togo 174H-19M
Mean_return:1.37 Frame:10.76 M  Time_used 9H-53M Time_togo 173H-57M
Mean_return:1.49 Frame:10.87 M  Time_used 9H-58M Time_togo 173H-30M
Mean_return:1.25 Frame:10.96 M  Time_used 10H-2M Time_togo 173H-10M
------------------------------------------------------------
Num steps: 2750000  return: 437.2
------------------------------------------------------------
Mean_return:1.29 Frame:11.07 M  Time_used 10H-15M Time_togo 175H-8M
Mean_return:1.29 Frame:11.17 M  Time_used 10H-20M Time_togo 174H-48M
Mean_return:1.22 Frame:11.27 M  Time_used 10H-25M Time_togo 174H-29M
Mean_return:1.34 Frame:11.38 M  Time_used 10H-30M Time_togo 174H-8M
Mean_return:1.43 Frame:11.49 M  Time_used 10H-35M Time_togo 173H-48M
Mean_return:1.3 Frame:11.58 M  Time_used 10H-39M Time_togo 173H-27M
Mean_return:1.52 Frame:11.69 M  Time_used 10H-44M Time_togo 173H-2M
Mean_return:1.48 Frame:11.80 M  Time_used 10H-49M Time_togo 172H-40M
Mean_return:1.54 Frame:11.91 M  Time_used 10H-54M Time_togo 172H-17M
------------------------------------------------------------
Num steps: 3000000  return: 448.8
------------------------------------------------------------
Mean_return:1.36 Frame:12.02 M  Time_used 11H-7M Time_togo 174H-0M
Mean_return:1.63 Frame:12.13 M  Time_used 11H-12M Time_togo 173H-39M
Mean_return:1.5 Frame:12.24 M  Time_used 11H-17M Time_togo 173H-21M
Mean_return:1.61 Frame:12.35 M  Time_used 11H-22M Time_togo 172H-59M
Mean_return:1.52 Frame:12.46 M  Time_used 11H-27M Time_togo 172H-35M
Mean_return:1.59 Frame:12.56 M  Time_used 11H-32M Time_togo 172H-15M
Mean_return:1.32 Frame:12.67 M  Time_used 11H-37M Time_togo 171H-55M
Mean_return:1.29 Frame:12.77 M  Time_used 11H-42M Time_togo 171H-44M
Mean_return:1.67 Frame:12.89 M  Time_used 11H-48M Time_togo 171H-25M
Mean_return:1.45 Frame:12.99 M  Time_used 11H-53M Time_togo 171H-10M
------------------------------------------------------------
Num steps: 3250000  return: 421.3
------------------------------------------------------------
Mean_return:1.53 Frame:13.10 M  Time_used 12H-6M Time_togo 172H-38M
Mean_return:1.52 Frame:13.21 M  Time_used 12H-11M Time_togo 172H-16M
Mean_return:1.78 Frame:13.33 M  Time_used 12H-16M Time_togo 171H-56M
Mean_return:1.62 Frame:13.44 M  Time_used 12H-21M Time_togo 171H-37M
Mean_return:1.71 Frame:13.56 M  Time_used 12H-27M Time_togo 171H-18M
Mean_return:1.61 Frame:13.67 M  Time_used 12H-32M Time_togo 170H-56M
Mean_return:1.38 Frame:13.78 M  Time_used 12H-37M Time_togo 170H-36M
Mean_return:1.47 Frame:13.89 M  Time_used 12H-42M Time_togo 170H-15M
Mean_return:1.37 Frame:13.99 M  Time_used 12H-46M Time_togo 169H-52M
------------------------------------------------------------
Num steps: 3500000  return: 389.9
------------------------------------------------------------
Mean_return:1.37 Frame:14.10 M  Time_used 12H-58M Time_togo 171H-11M
Mean_return:1.37 Frame:14.20 M  Time_used 13H-3M Time_togo 170H-50M
Mean_return:1.39 Frame:14.31 M  Time_used 13H-8M Time_togo 170H-30M
Mean_return:1.44 Frame:14.42 M  Time_used 13H-13M Time_togo 170H-12M
Mean_return:1.27 Frame:14.53 M  Time_used 13H-18M Time_togo 169H-50M
Mean_return:1.41 Frame:14.63 M  Time_used 13H-22M Time_togo 169H-27M
Mean_return:1.43 Frame:14.74 M  Time_used 13H-27M Time_togo 169H-4M
Mean_return:1.63 Frame:14.85 M  Time_used 13H-31M Time_togo 168H-42M
Mean_return:1.47 Frame:14.96 M  Time_used 13H-36M Time_togo 168H-21M
------------------------------------------------------------
Num steps: 3750000  return: 502.1
------------------------------------------------------------
Mean_return:1.39 Frame:15.05 M  Time_used 13H-48M Time_togo 169H-38M
Mean_return:1.45 Frame:15.16 M  Time_used 13H-53M Time_togo 169H-23M
Mean_return:1.25 Frame:15.27 M  Time_used 13H-58M Time_togo 169H-8M
Mean_return:1.28 Frame:15.37 M  Time_used 14H-3M Time_togo 168H-54M
Mean_return:1.45 Frame:15.47 M  Time_used 14H-8M Time_togo 168H-38M
Mean_return:1.39 Frame:15.58 M  Time_used 14H-13M Time_togo 168H-21M
Mean_return:1.31 Frame:15.70 M  Time_used 14H-18M Time_togo 168H-0M
Mean_return:1.35 Frame:15.80 M  Time_used 14H-23M Time_togo 167H-41M
Mean_return:1.38 Frame:15.90 M  Time_used 14H-27M Time_togo 167H-24M
------------------------------------------------------------
Num steps: 4000000  return: 475.0
------------------------------------------------------------
Mean_return:1.63 Frame:16.01 M  Time_used 14H-40M Time_togo 168H-35M
Mean_return:1.41 Frame:16.11 M  Time_used 14H-45M Time_togo 168H-21M
Mean_return:1.58 Frame:16.22 M  Time_used 14H-50M Time_togo 168H-5M
Mean_return:1.39 Frame:16.34 M  Time_used 14H-55M Time_togo 167H-45M
Mean_return:1.47 Frame:16.45 M  Time_used 15H-0M Time_togo 167H-27M
Mean_return:1.47 Frame:16.55 M  Time_used 15H-5M Time_togo 167H-11M
Mean_return:1.44 Frame:16.66 M  Time_used 15H-9M Time_togo 166H-55M
Mean_return:1.53 Frame:16.78 M  Time_used 15H-15M Time_togo 166H-37M
Mean_return:1.42 Frame:16.88 M  Time_used 15H-19M Time_togo 166H-18M
Mean_return:1.56 Frame:16.99 M  Time_used 15H-24M Time_togo 166H-0M
------------------------------------------------------------
Num steps: 4250000  return: 400.0
------------------------------------------------------------
Mean_return:1.41 Frame:17.10 M  Time_used 15H-37M Time_togo 167H-8M
Mean_return:1.24 Frame:17.20 M  Time_used 15H-42M Time_togo 166H-53M
Mean_return:1.32 Frame:17.31 M  Time_used 15H-47M Time_togo 166H-40M
Mean_return:1.21 Frame:17.41 M  Time_used 15H-52M Time_togo 166H-29M
Mean_return:1.78 Frame:17.53 M  Time_used 15H-58M Time_togo 166H-14M
Mean_return:1.51 Frame:17.65 M  Time_used 16H-3M Time_togo 165H-57M
Mean_return:1.49 Frame:17.75 M  Time_used 16H-8M Time_togo 165H-41M
Mean_return:1.38 Frame:17.86 M  Time_used 16H-13M Time_togo 165H-26M
Mean_return:1.49 Frame:17.97 M  Time_used 16H-18M Time_togo 165H-14M
------------------------------------------------------------
Num steps: 4500000  return: 353.2
------------------------------------------------------------
Mean_return:1.12 Frame:18.06 M  Time_used 16H-30M Time_togo 166H-18M
Mean_return:1.49 Frame:18.17 M  Time_used 16H-35M Time_togo 166H-1M
Mean_return:1.68 Frame:18.29 M  Time_used 16H-40M Time_togo 165H-43M
Mean_return:1.41 Frame:18.39 M  Time_used 16H-45M Time_togo 165H-29M
Mean_return:1.37 Frame:18.49 M  Time_used 16H-50M Time_togo 165H-14M
Mean_return:1.38 Frame:18.60 M  Time_used 16H-55M Time_togo 164H-58M
Mean_return:1.53 Frame:18.71 M  Time_used 17H-0M Time_togo 164H-45M
Mean_return:1.55 Frame:18.81 M  Time_used 17H-5M Time_togo 164H-34M
Mean_return:1.69 Frame:18.92 M  Time_used 17H-10M Time_togo 164H-23M
------------------------------------------------------------
Num steps: 4750000  return: 598.0
------------------------------------------------------------
Mean_return:1.59 Frame:19.03 M  Time_used 17H-23M Time_togo 165H-28M
Mean_return:1.34 Frame:19.13 M  Time_used 17H-29M Time_togo 165H-17M
Mean_return:1.33 Frame:19.24 M  Time_used 17H-33M Time_togo 165H-3M
Mean_return:1.24 Frame:19.33 M  Time_used 17H-38M Time_togo 164H-51M
Mean_return:1.45 Frame:19.44 M  Time_used 17H-43M Time_togo 164H-38M
Mean_return:1.67 Frame:19.56 M  Time_used 17H-49M Time_togo 164H-26M
Mean_return:1.32 Frame:19.66 M  Time_used 17H-54M Time_togo 164H-13M
Mean_return:1.44 Frame:19.77 M  Time_used 17H-59M Time_togo 163H-59M
Mean_return:1.72 Frame:19.88 M  Time_used 18H-4M Time_togo 163H-46M
------------------------------------------------------------
Num steps: 5000000  return: 457.5
------------------------------------------------------------
Mean_return:1.63 Frame:20.00 M  Time_used 18H-17M Time_togo 164H-40M
Mean_return:1.56 Frame:20.11 M  Time_used 18H-22M Time_togo 164H-25M
Mean_return:1.39 Frame:20.22 M  Time_used 18H-28M Time_togo 164H-12M
Mean_return:1.78 Frame:20.33 M  Time_used 18H-33M Time_togo 163H-57M
Mean_return:1.49 Frame:20.44 M  Time_used 18H-38M Time_togo 163H-47M
Mean_return:1.31 Frame:20.55 M  Time_used 18H-44M Time_togo 163H-37M
Mean_return:1.36 Frame:20.64 M  Time_used 18H-48M Time_togo 163H-27M
Mean_return:1.53 Frame:20.74 M  Time_used 18H-53M Time_togo 163H-14M
Mean_return:1.49 Frame:20.84 M  Time_used 18H-58M Time_togo 163H-4M
Mean_return:1.48 Frame:20.95 M  Time_used 19H-3M Time_togo 162H-53M
------------------------------------------------------------
Num steps: 5250000  return: 518.8
------------------------------------------------------------
Mean_return:1.78 Frame:21.06 M  Time_used 19H-16M Time_togo 163H-48M
Mean_return:1.89 Frame:21.17 M  Time_used 19H-21M Time_togo 163H-35M
Mean_return:1.78 Frame:21.28 M  Time_used 19H-27M Time_togo 163H-24M
Mean_return:1.78 Frame:21.39 M  Time_used 19H-32M Time_togo 163H-10M
Mean_return:1.9 Frame:21.50 M  Time_used 19H-37M Time_togo 162H-57M
Mean_return:1.98 Frame:21.61 M  Time_used 19H-42M Time_togo 162H-44M
Mean_return:1.86 Frame:21.71 M  Time_used 19H-47M Time_togo 162H-32M
Mean_return:1.77 Frame:21.82 M  Time_used 19H-52M Time_togo 162H-21M
Mean_return:1.65 Frame:21.92 M  Time_used 19H-57M Time_togo 162H-8M
------------------------------------------------------------
Num steps: 5500000  return: 560.0
------------------------------------------------------------
Mean_return:1.46 Frame:22.03 M  Time_used 20H-10M Time_togo 162H-59M
Mean_return:1.58 Frame:22.14 M  Time_used 20H-15M Time_togo 162H-45M
Mean_return:1.5 Frame:22.25 M  Time_used 20H-20M Time_togo 162H-31M
Mean_return:1.72 Frame:22.36 M  Time_used 20H-25M Time_togo 162H-18M
Mean_return:1.81 Frame:22.46 M  Time_used 20H-30M Time_togo 162H-5M
Mean_return:1.55 Frame:22.56 M  Time_used 20H-34M Time_togo 161H-54M
Mean_return:1.84 Frame:22.67 M  Time_used 20H-40M Time_togo 161H-41M
Mean_return:1.73 Frame:22.79 M  Time_used 20H-45M Time_togo 161H-30M
Mean_return:1.87 Frame:22.90 M  Time_used 20H-51M Time_togo 161H-19M
------------------------------------------------------------
Num steps: 5750000  return: 503.4
------------------------------------------------------------
Mean_return:1.88 Frame:23.01 M  Time_used 21H-4M Time_togo 162H-8M
Mean_return:1.58 Frame:23.12 M  Time_used 21H-9M Time_togo 161H-54M
Mean_return:2.0 Frame:23.23 M  Time_used 21H-14M Time_togo 161H-40M
Mean_return:1.8 Frame:23.34 M  Time_used 21H-19M Time_togo 161H-26M
Mean_return:1.68 Frame:23.44 M  Time_used 21H-24M Time_togo 161H-14M
Mean_return:1.98 Frame:23.55 M  Time_used 21H-29M Time_togo 161H-1M
Mean_return:2.18 Frame:23.66 M  Time_used 21H-34M Time_togo 160H-48M
Mean_return:2.02 Frame:23.78 M  Time_used 21H-40M Time_togo 160H-35M
Mean_return:2.05 Frame:23.88 M  Time_used 21H-45M Time_togo 160H-24M
Mean_return:2.06 Frame:23.99 M  Time_used 21H-50M Time_togo 160H-11M
------------------------------------------------------------
Num steps: 6000000  return: 311.1
------------------------------------------------------------
Mean_return:2.01 Frame:24.11 M  Time_used 22H-3M Time_togo 160H-55M
Mean_return:1.69 Frame:24.21 M  Time_used 22H-7M Time_togo 160H-43M
Mean_return:2.04 Frame:24.32 M  Time_used 22H-13M Time_togo 160H-31M
Mean_return:1.9 Frame:24.42 M  Time_used 22H-18M Time_togo 160H-20M
Mean_return:1.67 Frame:24.53 M  Time_used 22H-23M Time_togo 160H-8M
Mean_return:1.99 Frame:24.65 M  Time_used 22H-28M Time_togo 159H-54M
Mean_return:1.91 Frame:24.76 M  Time_used 22H-33M Time_togo 159H-42M
Mean_return:2.29 Frame:24.87 M  Time_used 22H-38M Time_togo 159H-28M
Mean_return:2.22 Frame:24.98 M  Time_used 22H-44M Time_togo 159H-16M
------------------------------------------------------------
Num steps: 6250000  return: 642.5
------------------------------------------------------------
Mean_return:2.19 Frame:25.09 M  Time_used 22H-56M Time_togo 159H-57M
Mean_return:2.22 Frame:25.20 M  Time_used 23H-1M Time_togo 159H-43M
Mean_return:1.76 Frame:25.30 M  Time_used 23H-6M Time_togo 159H-31M
Mean_return:1.9 Frame:25.41 M  Time_used 23H-11M Time_togo 159H-19M
Mean_return:2.07 Frame:25.51 M  Time_used 23H-15M Time_togo 159H-7M
Mean_return:1.93 Frame:25.61 M  Time_used 23H-20M Time_togo 158H-57M
Mean_return:2.32 Frame:25.72 M  Time_used 23H-25M Time_togo 158H-44M
Mean_return:2.49 Frame:25.83 M  Time_used 23H-30M Time_togo 158H-31M
Mean_return:2.19 Frame:25.94 M  Time_used 23H-35M Time_togo 158H-19M
------------------------------------------------------------
Num steps: 6500000  return: 619.2
------------------------------------------------------------
Mean_return:2.13 Frame:26.04 M  Time_used 23H-47M Time_togo 158H-57M
Mean_return:2.52 Frame:26.16 M  Time_used 23H-53M Time_togo 158H-46M
Mean_return:2.1 Frame:26.26 M  Time_used 23H-58M Time_togo 158H-33M
Mean_return:2.23 Frame:26.37 M  Time_used 24H-3M Time_togo 158H-21M
Mean_return:2.54 Frame:26.48 M  Time_used 24H-7M Time_togo 158H-7M
Mean_return:2.17 Frame:26.58 M  Time_used 24H-12M Time_togo 157H-56M
Mean_return:2.63 Frame:26.70 M  Time_used 24H-17M Time_togo 157H-43M
Mean_return:2.41 Frame:26.81 M  Time_used 24H-22M Time_togo 157H-29M
Mean_return:2.1 Frame:26.91 M  Time_used 24H-27M Time_togo 157H-16M
------------------------------------------------------------
Num steps: 6750000  return: 605.6
------------------------------------------------------------
Mean_return:2.16 Frame:27.03 M  Time_used 24H-40M Time_togo 157H-55M
Mean_return:2.2 Frame:27.14 M  Time_used 24H-45M Time_togo 157H-42M
Mean_return:2.41 Frame:27.24 M  Time_used 24H-50M Time_togo 157H-31M
Mean_return:2.49 Frame:27.35 M  Time_used 24H-55M Time_togo 157H-16M
Mean_return:2.13 Frame:27.46 M  Time_used 24H-59M Time_togo 157H-3M
Mean_return:2.36 Frame:27.57 M  Time_used 25H-4M Time_togo 156H-50M
Mean_return:2.36 Frame:27.68 M  Time_used 25H-9M Time_togo 156H-37M
Mean_return:2.1 Frame:27.78 M  Time_used 25H-13M Time_togo 156H-25M
Mean_return:2.59 Frame:27.90 M  Time_used 25H-19M Time_togo 156H-14M
------------------------------------------------------------
Num steps: 7000000  return: 775.0
------------------------------------------------------------
Mean_return:2.4 Frame:28.01 M  Time_used 25H-32M Time_togo 156H-51M
Mean_return:2.44 Frame:28.13 M  Time_used 25H-38M Time_togo 156H-40M
Mean_return:2.14 Frame:28.24 M  Time_used 25H-43M Time_togo 156H-28M
Mean_return:2.0 Frame:28.34 M  Time_used 25H-48M Time_togo 156H-18M
Mean_return:2.4 Frame:28.46 M  Time_used 25H-53M Time_togo 156H-4M
Mean_return:2.38 Frame:28.57 M  Time_used 25H-58M Time_togo 155H-53M
Mean_return:2.15 Frame:28.69 M  Time_used 26H-3M Time_togo 155H-40M
Mean_return:2.34 Frame:28.80 M  Time_used 26H-8M Time_togo 155H-27M
Mean_return:2.11 Frame:28.90 M  Time_used 26H-13M Time_togo 155H-16M
------------------------------------------------------------
Num steps: 7250000  return: 659.6
------------------------------------------------------------
Mean_return:2.35 Frame:29.02 M  Time_used 26H-26M Time_togo 155H-51M
Mean_return:2.62 Frame:29.13 M  Time_used 26H-32M Time_togo 155H-38M
Mean_return:2.1 Frame:29.23 M  Time_used 26H-36M Time_togo 155H-26M
Mean_return:2.31 Frame:29.34 M  Time_used 26H-41M Time_togo 155H-13M
Mean_return:2.11 Frame:29.45 M  Time_used 26H-46M Time_togo 155H-0M
Mean_return:2.39 Frame:29.56 M  Time_used 26H-50M Time_togo 154H-48M
Mean_return:2.68 Frame:29.68 M  Time_used 26H-56M Time_togo 154H-36M
Mean_return:2.37 Frame:29.79 M  Time_used 27H-1M Time_togo 154H-24M
Mean_return:2.2 Frame:29.89 M  Time_used 27H-6M Time_togo 154H-12M
------------------------------------------------------------
Num steps: 7500000  return: 362.4
------------------------------------------------------------
Mean_return:2.33 Frame:30.01 M  Time_used 27H-19M Time_togo 154H-44M
Mean_return:2.19 Frame:30.12 M  Time_used 27H-24M Time_togo 154H-33M
Mean_return:2.43 Frame:30.23 M  Time_used 27H-29M Time_togo 154H-21M
Mean_return:2.39 Frame:30.34 M  Time_used 27H-34M Time_togo 154H-9M
Mean_return:2.49 Frame:30.46 M  Time_used 27H-39M Time_togo 153H-56M
Mean_return:2.12 Frame:30.57 M  Time_used 27H-44M Time_togo 153H-43M
Mean_return:2.46 Frame:30.68 M  Time_used 27H-49M Time_togo 153H-30M
Mean_return:2.04 Frame:30.78 M  Time_used 27H-53M Time_togo 153H-19M
Mean_return:2.58 Frame:30.90 M  Time_used 27H-58M Time_togo 153H-6M
------------------------------------------------------------
Num steps: 7750000  return: 522.7
------------------------------------------------------------
Mean_return:2.42 Frame:31.01 M  Time_used 28H-11M Time_togo 153H-37M
Mean_return:2.41 Frame:31.13 M  Time_used 28H-16M Time_togo 153H-26M
Mean_return:2.31 Frame:31.24 M  Time_used 28H-22M Time_togo 153H-16M
Mean_return:1.94 Frame:31.35 M  Time_used 28H-27M Time_togo 153H-5M
Mean_return:2.31 Frame:31.46 M  Time_used 28H-32M Time_togo 152H-54M
Mean_return:2.3 Frame:31.56 M  Time_used 28H-37M Time_togo 152H-43M
Mean_return:2.45 Frame:31.68 M  Time_used 28H-42M Time_togo 152H-31M
Mean_return:2.27 Frame:31.79 M  Time_used 28H-47M Time_togo 152H-21M
Mean_return:2.45 Frame:31.90 M  Time_used 28H-52M Time_togo 152H-10M
------------------------------------------------------------
Num steps: 8000000  return: 666.7
------------------------------------------------------------
Mean_return:2.19 Frame:32.01 M  Time_used 29H-5M Time_togo 152H-42M
Mean_return:2.33 Frame:32.11 M  Time_used 29H-10M Time_togo 152H-32M
Mean_return:2.3 Frame:32.22 M  Time_used 29H-15M Time_togo 152H-22M
Mean_return:2.21 Frame:32.33 M  Time_used 29H-20M Time_togo 152H-11M
Mean_return:2.62 Frame:32.45 M  Time_used 29H-26M Time_togo 152H-0M
Mean_return:2.39 Frame:32.57 M  Time_used 29H-31M Time_togo 151H-49M
Mean_return:2.31 Frame:32.68 M  Time_used 29H-36M Time_togo 151H-37M
Mean_return:2.15 Frame:32.78 M  Time_used 29H-41M Time_togo 151H-28M
Mean_return:2.23 Frame:32.90 M  Time_used 29H-47M Time_togo 151H-18M
------------------------------------------------------------
Num steps: 8250000  return: 695.8
------------------------------------------------------------
Mean_return:2.22 Frame:33.01 M  Time_used 30H-0M Time_togo 151H-47M
Mean_return:2.59 Frame:33.13 M  Time_used 30H-5M Time_togo 151H-34M
Mean_return:2.58 Frame:33.24 M  Time_used 30H-10M Time_togo 151H-22M
Mean_return:2.21 Frame:33.35 M  Time_used 30H-15M Time_togo 151H-10M
Mean_return:2.31 Frame:33.46 M  Time_used 30H-19M Time_togo 150H-59M
Mean_return:2.14 Frame:33.57 M  Time_used 30H-24M Time_togo 150H-47M
Mean_return:2.28 Frame:33.68 M  Time_used 30H-29M Time_togo 150H-36M
Mean_return:2.19 Frame:33.79 M  Time_used 30H-34M Time_togo 150H-25M
Mean_return:2.19 Frame:33.89 M  Time_used 30H-39M Time_togo 150H-14M
------------------------------------------------------------
Num steps: 8500000  return: 615.4
------------------------------------------------------------
Mean_return:2.56 Frame:34.00 M  Time_used 30H-52M Time_togo 150H-42M
Mean_return:2.27 Frame:34.11 M  Time_used 30H-57M Time_togo 150H-31M
Mean_return:2.23 Frame:34.22 M  Time_used 31H-2M Time_togo 150H-21M
Mean_return:2.29 Frame:34.33 M  Time_used 31H-7M Time_togo 150H-11M
Mean_return:2.32 Frame:34.44 M  Time_used 31H-12M Time_togo 150H-2M
Mean_return:2.3 Frame:34.55 M  Time_used 31H-17M Time_togo 149H-52M
Mean_return:2.22 Frame:34.65 M  Time_used 31H-22M Time_togo 149H-43M
Mean_return:2.33 Frame:34.77 M  Time_used 31H-27M Time_togo 149H-32M
Mean_return:2.12 Frame:34.87 M  Time_used 31H-32M Time_togo 149H-21M
Mean_return:2.42 Frame:34.99 M  Time_used 31H-37M Time_togo 149H-10M
------------------------------------------------------------
Num steps: 8750000  return: 826.5
------------------------------------------------------------
Mean_return:2.07 Frame:35.10 M  Time_used 31H-50M Time_togo 149H-36M
Mean_return:2.3 Frame:35.21 M  Time_used 31H-55M Time_togo 149H-24M
Mean_return:2.27 Frame:35.32 M  Time_used 32H-0M Time_togo 149H-13M
Mean_return:2.05 Frame:35.43 M  Time_used 32H-4M Time_togo 149H-2M
Mean_return:2.11 Frame:35.54 M  Time_used 32H-10M Time_togo 148H-51M
Mean_return:1.85 Frame:35.65 M  Time_used 32H-15M Time_togo 148H-40M
Mean_return:2.41 Frame:35.76 M  Time_used 32H-20M Time_togo 148H-31M
Mean_return:2.28 Frame:35.88 M  Time_used 32H-25M Time_togo 148H-21M
Mean_return:2.09 Frame:35.99 M  Time_used 32H-30M Time_togo 148H-11M
------------------------------------------------------------
Num steps: 9000000  return: 700.0
------------------------------------------------------------
Mean_return:2.11 Frame:36.09 M  Time_used 32H-43M Time_togo 148H-36M
Mean_return:2.39 Frame:36.21 M  Time_used 32H-48M Time_togo 148H-27M
Mean_return:2.24 Frame:36.31 M  Time_used 32H-53M Time_togo 148H-17M
Mean_return:2.55 Frame:36.43 M  Time_used 32H-58M Time_togo 148H-6M
Mean_return:2.52 Frame:36.54 M  Time_used 33H-3M Time_togo 147H-55M
Mean_return:1.99 Frame:36.64 M  Time_used 33H-8M Time_togo 147H-44M
Mean_return:2.1 Frame:36.75 M  Time_used 33H-12M Time_togo 147H-32M
Mean_return:2.11 Frame:36.86 M  Time_used 33H-17M Time_togo 147H-21M
Mean_return:2.28 Frame:36.97 M  Time_used 33H-22M Time_togo 147H-9M
------------------------------------------------------------
Num steps: 9250000  return: 618.8
------------------------------------------------------------
Mean_return:2.04 Frame:37.07 M  Time_used 33H-34M Time_togo 147H-33M
Mean_return:2.32 Frame:37.17 M  Time_used 33H-38M Time_togo 147H-22M
Mean_return:2.4 Frame:37.29 M  Time_used 33H-43M Time_togo 147H-11M
Mean_return:2.57 Frame:37.40 M  Time_used 33H-48M Time_togo 147H-1M
Mean_return:2.43 Frame:37.51 M  Time_used 33H-54M Time_togo 146H-50M
Mean_return:2.46 Frame:37.62 M  Time_used 33H-59M Time_togo 146H-41M
Mean_return:2.3 Frame:37.74 M  Time_used 34H-4M Time_togo 146H-30M
Mean_return:2.24 Frame:37.85 M  Time_used 34H-9M Time_togo 146H-19M
Mean_return:2.18 Frame:37.95 M  Time_used 34H-13M Time_togo 146H-10M
------------------------------------------------------------
Num steps: 9500000  return: 669.2
------------------------------------------------------------
Mean_return:2.47 Frame:38.06 M  Time_used 34H-27M Time_togo 146H-33M
Mean_return:2.3 Frame:38.18 M  Time_used 34H-32M Time_togo 146H-23M
Mean_return:2.3 Frame:38.28 M  Time_used 34H-36M Time_togo 146H-13M
Mean_return:2.46 Frame:38.39 M  Time_used 34H-42M Time_togo 146H-3M
Mean_return:2.01 Frame:38.49 M  Time_used 34H-46M Time_togo 145H-55M
Mean_return:2.22 Frame:38.60 M  Time_used 34H-51M Time_togo 145H-45M
Mean_return:2.2 Frame:38.71 M  Time_used 34H-56M Time_togo 145H-35M
Mean_return:2.07 Frame:38.82 M  Time_used 35H-1M Time_togo 145H-25M
Mean_return:2.24 Frame:38.93 M  Time_used 35H-6M Time_togo 145H-16M
------------------------------------------------------------
Num steps: 9750000  return: 648.8
------------------------------------------------------------
Mean_return:2.44 Frame:39.04 M  Time_used 35H-19M Time_togo 145H-37M
Mean_return:2.23 Frame:39.15 M  Time_used 35H-23M Time_togo 145H-26M
Mean_return:2.36 Frame:39.26 M  Time_used 35H-28M Time_togo 145H-15M
Mean_return:2.33 Frame:39.37 M  Time_used 35H-33M Time_togo 145H-4M
Mean_return:2.4 Frame:39.48 M  Time_used 35H-37M Time_togo 144H-53M
Mean_return:2.39 Frame:39.58 M  Time_used 35H-42M Time_togo 144H-43M
Mean_return:2.5 Frame:39.69 M  Time_used 35H-47M Time_togo 144H-32M
Mean_return:2.29 Frame:39.79 M  Time_used 35H-51M Time_togo 144H-21M
Mean_return:2.59 Frame:39.91 M  Time_used 35H-57M Time_togo 144H-11M
------------------------------------------------------------
Num steps: 10000000  return: 784.2
------------------------------------------------------------
Mean_return:2.51 Frame:40.02 M  Time_used 36H-9M Time_togo 144H-34M
Mean_return:2.39 Frame:40.12 M  Time_used 36H-14M Time_togo 144H-24M
Mean_return:2.41 Frame:40.24 M  Time_used 36H-19M Time_togo 144H-14M
Mean_return:2.28 Frame:40.35 M  Time_used 36H-24M Time_togo 144H-4M
Mean_return:2.27 Frame:40.46 M  Time_used 36H-29M Time_togo 143H-53M
Mean_return:2.32 Frame:40.57 M  Time_used 36H-34M Time_togo 143H-42M
Mean_return:2.59 Frame:40.68 M  Time_used 36H-38M Time_togo 143H-32M
Mean_return:2.19 Frame:40.78 M  Time_used 36H-43M Time_togo 143H-23M
Mean_return:2.36 Frame:40.89 M  Time_used 36H-48M Time_togo 143H-13M
Mean_return:2.24 Frame:41.00 M  Time_used 36H-53M Time_togo 143H-4M
------------------------------------------------------------
Num steps: 10250000  return: 690.1
------------------------------------------------------------
Mean_return:2.42 Frame:41.11 M  Time_used 37H-6M Time_togo 143H-25M
Mean_return:2.27 Frame:41.21 M  Time_used 37H-11M Time_togo 143H-16M
Mean_return:2.34 Frame:41.32 M  Time_used 37H-16M Time_togo 143H-6M
Mean_return:2.27 Frame:41.43 M  Time_used 37H-20M Time_togo 142H-56M
Mean_return:2.2 Frame:41.54 M  Time_used 37H-25M Time_togo 142H-45M
Mean_return:2.15 Frame:41.64 M  Time_used 37H-29M Time_togo 142H-35M
Mean_return:2.1 Frame:41.75 M  Time_used 37H-34M Time_togo 142H-25M
Mean_return:2.58 Frame:41.87 M  Time_used 37H-39M Time_togo 142H-13M
Mean_return:2.49 Frame:41.98 M  Time_used 37H-44M Time_togo 142H-4M
------------------------------------------------------------
Num steps: 10500000  return: 734.9
------------------------------------------------------------
Mean_return:2.2 Frame:42.08 M  Time_used 37H-57M Time_togo 142H-25M
Mean_return:2.56 Frame:42.19 M  Time_used 38H-2M Time_togo 142H-15M
Mean_return:2.5 Frame:42.31 M  Time_used 38H-7M Time_togo 142H-5M
Mean_return:2.49 Frame:42.42 M  Time_used 38H-12M Time_togo 141H-55M
Mean_return:2.2 Frame:42.53 M  Time_used 38H-16M Time_togo 141H-45M
Mean_return:2.33 Frame:42.64 M  Time_used 38H-21M Time_togo 141H-34M
Mean_return:2.16 Frame:42.74 M  Time_used 38H-26M Time_togo 141H-24M
Mean_return:2.36 Frame:42.86 M  Time_used 38H-31M Time_togo 141H-14M
Mean_return:2.08 Frame:42.96 M  Time_used 38H-36M Time_togo 141H-6M
------------------------------------------------------------
Num steps: 10750000  return: 679.4
------------------------------------------------------------
Mean_return:2.07 Frame:43.07 M  Time_used 38H-49M Time_togo 141H-26M
Mean_return:2.31 Frame:43.20 M  Time_used 38H-54M Time_togo 141H-14M
Mean_return:2.55 Frame:43.31 M  Time_used 38H-59M Time_togo 141H-4M
Mean_return:1.88 Frame:43.41 M  Time_used 39H-4M Time_togo 140H-56M
Mean_return:2.41 Frame:43.53 M  Time_used 39H-9M Time_togo 140H-47M
Mean_return:2.4 Frame:43.64 M  Time_used 39H-15M Time_togo 140H-37M
Mean_return:2.04 Frame:43.75 M  Time_used 39H-20M Time_togo 140H-29M
Mean_return:2.15 Frame:43.85 M  Time_used 39H-24M Time_togo 140H-19M
Mean_return:2.2 Frame:43.96 M  Time_used 39H-29M Time_togo 140H-10M
------------------------------------------------------------
Num steps: 11000000  return: 582.1
------------------------------------------------------------
Mean_return:2.3 Frame:44.07 M  Time_used 39H-42M Time_togo 140H-29M
Mean_return:2.31 Frame:44.18 M  Time_used 39H-48M Time_togo 140H-21M
Mean_return:2.45 Frame:44.30 M  Time_used 39H-53M Time_togo 140H-11M
Mean_return:2.23 Frame:44.41 M  Time_used 39H-58M Time_togo 140H-3M
Mean_return:2.38 Frame:44.52 M  Time_used 40H-3M Time_togo 139H-55M
Mean_return:2.54 Frame:44.63 M  Time_used 40H-9M Time_togo 139H-46M
Mean_return:2.34 Frame:44.75 M  Time_used 40H-14M Time_togo 139H-37M
Mean_return:2.75 Frame:44.88 M  Time_used 40H-20M Time_togo 139H-26M
Mean_return:2.38 Frame:44.99 M  Time_used 40H-25M Time_togo 139H-17M
------------------------------------------------------------
Num steps: 11250000  return: 871.3
------------------------------------------------------------
Mean_return:2.31 Frame:45.10 M  Time_used 40H-39M Time_togo 139H-36M
Mean_return:2.46 Frame:45.22 M  Time_used 40H-44M Time_togo 139H-27M
Mean_return:2.15 Frame:45.32 M  Time_used 40H-49M Time_togo 139H-20M
Mean_return:2.19 Frame:45.43 M  Time_used 40H-54M Time_togo 139H-12M
Mean_return:2.23 Frame:45.53 M  Time_used 40H-59M Time_togo 139H-4M
Mean_return:2.34 Frame:45.64 M  Time_used 41H-5M Time_togo 138H-56M
Mean_return:2.52 Frame:45.76 M  Time_used 41H-10M Time_togo 138H-47M
Mean_return:2.47 Frame:45.87 M  Time_used 41H-15M Time_togo 138H-38M
Mean_return:2.46 Frame:45.99 M  Time_used 41H-21M Time_togo 138H-29M
------------------------------------------------------------
Num steps: 11500000  return: 789.3
------------------------------------------------------------
Mean_return:2.49 Frame:46.10 M  Time_used 41H-34M Time_togo 138H-46M
Mean_return:2.58 Frame:46.22 M  Time_used 41H-39M Time_togo 138H-38M
Mean_return:2.35 Frame:46.33 M  Time_used 41H-45M Time_togo 138H-29M
Mean_return:2.34 Frame:46.45 M  Time_used 41H-50M Time_togo 138H-20M
Mean_return:2.41 Frame:46.56 M  Time_used 41H-55M Time_togo 138H-11M
Mean_return:2.48 Frame:46.67 M  Time_used 42H-0M Time_togo 138H-2M
Mean_return:2.73 Frame:46.80 M  Time_used 42H-6M Time_togo 137H-52M
Mean_return:2.6 Frame:46.91 M  Time_used 42H-12M Time_togo 137H-42M
------------------------------------------------------------
Num steps: 11750000  return: 681.2
------------------------------------------------------------
Mean_return:2.41 Frame:47.03 M  Time_used 42H-24M Time_togo 137H-58M
Mean_return:2.46 Frame:47.14 M  Time_used 42H-30M Time_togo 137H-49M
Mean_return:2.27 Frame:47.25 M  Time_used 42H-35M Time_togo 137H-41M
Mean_return:2.51 Frame:47.36 M  Time_used 42H-40M Time_togo 137H-31M
Mean_return:2.31 Frame:47.47 M  Time_used 42H-45M Time_togo 137H-23M
Mean_return:2.7 Frame:47.59 M  Time_used 42H-50M Time_togo 137H-14M
Mean_return:2.34 Frame:47.69 M  Time_used 42H-55M Time_togo 137H-5M
Mean_return:2.6 Frame:47.81 M  Time_used 43H-0M Time_togo 136H-55M
Mean_return:2.42 Frame:47.92 M  Time_used 43H-5M Time_togo 136H-46M
------------------------------------------------------------
Num steps: 12000000  return: 620.8
------------------------------------------------------------
Mean_return:2.4 Frame:48.03 M  Time_used 43H-18M Time_togo 137H-3M
Mean_return:2.67 Frame:48.15 M  Time_used 43H-24M Time_togo 136H-53M
Mean_return:2.18 Frame:48.26 M  Time_used 43H-29M Time_togo 136H-44M
Mean_return:2.24 Frame:48.37 M  Time_used 43H-34M Time_togo 136H-36M
Mean_return:2.54 Frame:48.49 M  Time_used 43H-40M Time_togo 136H-26M
Mean_return:2.86 Frame:48.61 M  Time_used 43H-46M Time_togo 136H-17M
Mean_return:2.2 Frame:48.72 M  Time_used 43H-51M Time_togo 136H-9M
Mean_return:2.35 Frame:48.83 M  Time_used 43H-56M Time_togo 136H-0M
Mean_return:2.44 Frame:48.95 M  Time_used 44H-1M Time_togo 135H-51M
------------------------------------------------------------
Num steps: 12250000  return: 684.8
------------------------------------------------------------
Mean_return:2.53 Frame:49.07 M  Time_used 44H-15M Time_togo 136H-6M
Mean_return:2.46 Frame:49.18 M  Time_used 44H-20M Time_togo 135H-56M
Mean_return:2.61 Frame:49.30 M  Time_used 44H-25M Time_togo 135H-47M
Mean_return:2.48 Frame:49.42 M  Time_used 44H-30M Time_togo 135H-38M
Mean_return:2.5 Frame:49.53 M  Time_used 44H-35M Time_togo 135H-28M
Mean_return:2.43 Frame:49.64 M  Time_used 44H-40M Time_togo 135H-19M
Mean_return:2.35 Frame:49.74 M  Time_used 44H-45M Time_togo 135H-12M
Mean_return:2.24 Frame:49.85 M  Time_used 44H-50M Time_togo 135H-3M
Mean_return:2.54 Frame:49.97 M  Time_used 44H-55M Time_togo 134H-53M
------------------------------------------------------------
Num steps: 12500000  return: 838.5
------------------------------------------------------------
Mean_return:2.21 Frame:50.07 M  Time_used 45H-8M Time_togo 135H-8M
Mean_return:2.43 Frame:50.18 M  Time_used 45H-12M Time_togo 135H-0M
Mean_return:2.46 Frame:50.30 M  Time_used 45H-18M Time_togo 134H-51M
Mean_return:2.3 Frame:50.41 M  Time_used 45H-23M Time_togo 134H-42M
Mean_return:2.72 Frame:50.53 M  Time_used 45H-29M Time_togo 134H-34M
Mean_return:2.56 Frame:50.64 M  Time_used 45H-34M Time_togo 134H-26M
Mean_return:2.32 Frame:50.75 M  Time_used 45H-39M Time_togo 134H-17M
Mean_return:2.26 Frame:50.86 M  Time_used 45H-44M Time_togo 134H-9M
Mean_return:2.26 Frame:50.97 M  Time_used 45H-49M Time_togo 134H-1M
------------------------------------------------------------
Num steps: 12750000  return: 712.0
------------------------------------------------------------
Mean_return:2.43 Frame:51.08 M  Time_used 46H-2M Time_togo 134H-14M
Mean_return:2.28 Frame:51.19 M  Time_used 46H-7M Time_togo 134H-6M
Mean_return:2.61 Frame:51.30 M  Time_used 46H-12M Time_togo 133H-56M
Mean_return:2.61 Frame:51.42 M  Time_used 46H-18M Time_togo 133H-47M
Mean_return:2.41 Frame:51.53 M  Time_used 46H-23M Time_togo 133H-38M
Mean_return:2.4 Frame:51.65 M  Time_used 46H-28M Time_togo 133H-29M
Mean_return:2.07 Frame:51.76 M  Time_used 46H-33M Time_togo 133H-21M
Mean_return:2.5 Frame:51.87 M  Time_used 46H-38M Time_togo 133H-12M
Mean_return:2.63 Frame:51.99 M  Time_used 46H-43M Time_togo 133H-3M
------------------------------------------------------------
Num steps: 13000000  return: 693.4
------------------------------------------------------------
Mean_return:2.51 Frame:52.10 M  Time_used 46H-57M Time_togo 133H-16M
Mean_return:2.36 Frame:52.21 M  Time_used 47H-2M Time_togo 133H-8M
Mean_return:2.4 Frame:52.33 M  Time_used 47H-7M Time_togo 132H-59M
Mean_return:2.53 Frame:52.45 M  Time_used 47H-13M Time_togo 132H-51M
Mean_return:2.53 Frame:52.56 M  Time_used 47H-18M Time_togo 132H-42M
Mean_return:2.49 Frame:52.68 M  Time_used 47H-24M Time_togo 132H-32M
Mean_return:2.26 Frame:52.79 M  Time_used 47H-28M Time_togo 132H-23M
Mean_return:2.42 Frame:52.90 M  Time_used 47H-33M Time_togo 132H-14M
------------------------------------------------------------
Num steps: 13250000  return: 900.7
------------------------------------------------------------
Mean_return:2.5 Frame:53.02 M  Time_used 47H-46M Time_togo 132H-27M
Mean_return:2.79 Frame:53.14 M  Time_used 47H-52M Time_togo 132H-17M
Mean_return:2.63 Frame:53.26 M  Time_used 47H-57M Time_togo 132H-8M
Mean_return:2.49 Frame:53.37 M  Time_used 48H-2M Time_togo 132H-0M
Mean_return:2.65 Frame:53.49 M  Time_used 48H-8M Time_togo 131H-49M
Mean_return:2.66 Frame:53.61 M  Time_used 48H-13M Time_togo 131H-39M
Mean_return:2.7 Frame:53.74 M  Time_used 48H-18M Time_togo 131H-29M
Mean_return:2.43 Frame:53.85 M  Time_used 48H-23M Time_togo 131H-20M
Mean_return:2.26 Frame:53.97 M  Time_used 48H-29M Time_togo 131H-10M
------------------------------------------------------------
Num steps: 13500000  return: 850.0
------------------------------------------------------------
Mean_return:2.51 Frame:54.08 M  Time_used 48H-41M Time_togo 131H-23M
Mean_return:2.58 Frame:54.19 M  Time_used 48H-46M Time_togo 131H-14M
Mean_return:2.37 Frame:54.31 M  Time_used 48H-52M Time_togo 131H-5M
Mean_return:2.36 Frame:54.42 M  Time_used 48H-56M Time_togo 130H-56M
Mean_return:2.28 Frame:54.52 M  Time_used 49H-1M Time_togo 130H-48M
Mean_return:2.69 Frame:54.64 M  Time_used 49H-6M Time_togo 130H-38M
Mean_return:2.71 Frame:54.76 M  Time_used 49H-12M Time_togo 130H-29M
Mean_return:2.68 Frame:54.88 M  Time_used 49H-17M Time_togo 130H-20M
Mean_return:2.56 Frame:55.00 M  Time_used 49H-22M Time_togo 130H-11M
------------------------------------------------------------
Num steps: 13750000  return: 2068.0
------------------------------------------------------------
Mean_return:2.55 Frame:55.11 M  Time_used 49H-35M Time_togo 130H-24M
Mean_return:2.72 Frame:55.23 M  Time_used 49H-40M Time_togo 130H-14M
Mean_return:2.7 Frame:55.34 M  Time_used 49H-45M Time_togo 130H-4M
Mean_return:2.81 Frame:55.46 M  Time_used 49H-50M Time_togo 129H-54M
Mean_return:2.73 Frame:55.58 M  Time_used 49H-55M Time_togo 129H-44M
Mean_return:2.78 Frame:55.70 M  Time_used 50H-0M Time_togo 129H-34M
Mean_return:2.47 Frame:55.81 M  Time_used 50H-5M Time_togo 129H-24M
Mean_return:2.73 Frame:55.94 M  Time_used 50H-10M Time_togo 129H-14M
------------------------------------------------------------
Num steps: 14000000  return: 1029.4
------------------------------------------------------------
Mean_return:2.73 Frame:56.05 M  Time_used 50H-23M Time_togo 129H-25M
Mean_return:2.43 Frame:56.17 M  Time_used 50H-29M Time_togo 129H-16M
Mean_return:2.66 Frame:56.30 M  Time_used 50H-34M Time_togo 129H-6M
Mean_return:2.46 Frame:56.41 M  Time_used 50H-39M Time_togo 128H-57M
Mean_return:2.51 Frame:56.53 M  Time_used 50H-44M Time_togo 128H-47M
Mean_return:2.56 Frame:56.65 M  Time_used 50H-50M Time_togo 128H-38M
Mean_return:2.48 Frame:56.77 M  Time_used 50H-55M Time_togo 128H-29M
Mean_return:2.67 Frame:56.89 M  Time_used 51H-0M Time_togo 128H-19M
------------------------------------------------------------
Num steps: 14250000  return: 641.8
------------------------------------------------------------
Mean_return:2.98 Frame:57.02 M  Time_used 51H-14M Time_togo 128H-28M
Mean_return:2.6 Frame:57.14 M  Time_used 51H-19M Time_togo 128H-18M
Mean_return:2.77 Frame:57.26 M  Time_used 51H-24M Time_togo 128H-8M
Mean_return:2.44 Frame:57.38 M  Time_used 51H-29M Time_togo 127H-59M
Mean_return:2.53 Frame:57.50 M  Time_used 51H-34M Time_togo 127H-49M
Mean_return:2.46 Frame:57.62 M  Time_used 51H-40M Time_togo 127H-39M
Mean_return:3.02 Frame:57.76 M  Time_used 51H-46M Time_togo 127H-29M
Mean_return:2.5 Frame:57.87 M  Time_used 51H-51M Time_togo 127H-21M
Mean_return:2.81 Frame:58.00 M  Time_used 51H-56M Time_togo 127H-11M
------------------------------------------------------------
Num steps: 14500000  return: 720.0
------------------------------------------------------------
Mean_return:2.62 Frame:58.12 M  Time_used 52H-10M Time_togo 127H-21M
Mean_return:2.41 Frame:58.24 M  Time_used 52H-15M Time_togo 127H-12M
Mean_return:2.87 Frame:58.36 M  Time_used 52H-20M Time_togo 127H-2M
Mean_return:2.54 Frame:58.47 M  Time_used 52H-26M Time_togo 126H-55M
Mean_return:2.58 Frame:58.59 M  Time_used 52H-31M Time_togo 126H-46M
Mean_return:2.67 Frame:58.71 M  Time_used 52H-36M Time_togo 126H-36M
Mean_return:2.42 Frame:58.83 M  Time_used 52H-41M Time_togo 126H-27M
Mean_return:2.68 Frame:58.95 M  Time_used 52H-46M Time_togo 126H-17M
------------------------------------------------------------
Num steps: 14750000  return: 775.0
------------------------------------------------------------
Mean_return:2.4 Frame:59.06 M  Time_used 53H-0M Time_togo 126H-28M
Mean_return:2.62 Frame:59.19 M  Time_used 53H-5M Time_togo 126H-19M
Mean_return:2.44 Frame:59.29 M  Time_used 53H-10M Time_togo 126H-11M
Mean_return:2.46 Frame:59.41 M  Time_used 53H-16M Time_togo 126H-3M
Mean_return:2.7 Frame:59.53 M  Time_used 53H-21M Time_togo 125H-55M
Mean_return:2.66 Frame:59.64 M  Time_used 53H-26M Time_togo 125H-46M
Mean_return:2.6 Frame:59.76 M  Time_used 53H-31M Time_togo 125H-37M
Mean_return:2.6 Frame:59.88 M  Time_used 53H-37M Time_togo 125H-28M
Mean_return:2.66 Frame:60.00 M  Time_used 53H-42M Time_togo 125H-19M
------------------------------------------------------------
Num steps: 15000000  return: 706.2
------------------------------------------------------------
Mean_return:2.76 Frame:60.12 M  Time_used 53H-55M Time_togo 125H-29M
Mean_return:2.52 Frame:60.23 M  Time_used 54H-0M Time_togo 125H-20M
Mean_return:2.52 Frame:60.34 M  Time_used 54H-5M Time_togo 125H-12M
Mean_return:2.77 Frame:60.47 M  Time_used 54H-11M Time_togo 125H-2M
Mean_return:2.78 Frame:60.59 M  Time_used 54H-16M Time_togo 124H-53M
Mean_return:2.29 Frame:60.70 M  Time_used 54H-21M Time_togo 124H-44M
Mean_return:2.53 Frame:60.83 M  Time_used 54H-27M Time_togo 124H-35M
Mean_return:2.58 Frame:60.94 M  Time_used 54H-32M Time_togo 124H-26M
------------------------------------------------------------
Num steps: 15250000  return: 704.4
------------------------------------------------------------
Mean_return:2.52 Frame:61.05 M  Time_used 54H-44M Time_togo 124H-35M
Mean_return:2.49 Frame:61.16 M  Time_used 54H-49M Time_togo 124H-26M
Mean_return:2.55 Frame:61.28 M  Time_used 54H-54M Time_togo 124H-17M
Mean_return:2.74 Frame:61.40 M  Time_used 54H-59M Time_togo 124H-8M
Mean_return:2.77 Frame:61.53 M  Time_used 55H-5M Time_togo 123H-58M
Mean_return:2.37 Frame:61.64 M  Time_used 55H-10M Time_togo 123H-50M
Mean_return:2.27 Frame:61.75 M  Time_used 55H-14M Time_togo 123H-42M
Mean_return:2.5 Frame:61.86 M  Time_used 55H-19M Time_togo 123H-33M
Mean_return:2.62 Frame:61.98 M  Time_used 55H-25M Time_togo 123H-24M
------------------------------------------------------------
Num steps: 15500000  return: 667.6
------------------------------------------------------------
Mean_return:2.55 Frame:62.10 M  Time_used 55H-38M Time_togo 123H-32M
Mean_return:2.85 Frame:62.22 M  Time_used 55H-43M Time_togo 123H-23M
Mean_return:2.53 Frame:62.34 M  Time_used 55H-48M Time_togo 123H-13M
Mean_return:2.57 Frame:62.46 M  Time_used 55H-53M Time_togo 123H-4M
Mean_return:2.55 Frame:62.58 M  Time_used 55H-58M Time_togo 122H-55M
Mean_return:2.51 Frame:62.70 M  Time_used 56H-3M Time_togo 122H-46M
Mean_return:2.27 Frame:62.80 M  Time_used 56H-7M Time_togo 122H-37M
Mean_return:2.63 Frame:62.92 M  Time_used 56H-12M Time_togo 122H-28M
------------------------------------------------------------
Num steps: 15750000  return: 892.9
------------------------------------------------------------
Mean_return:2.62 Frame:63.05 M  Time_used 56H-26M Time_togo 122H-35M
Mean_return:2.61 Frame:63.17 M  Time_used 56H-31M Time_togo 122H-25M
Mean_return:2.9 Frame:63.30 M  Time_used 56H-36M Time_togo 122H-15M
Mean_return:2.78 Frame:63.43 M  Time_used 56H-42M Time_togo 122H-5M
Mean_return:2.87 Frame:63.55 M  Time_used 56H-47M Time_togo 121H-55M
Mean_return:2.8 Frame:63.67 M  Time_used 56H-52M Time_togo 121H-46M
Mean_return:2.5 Frame:63.78 M  Time_used 56H-57M Time_togo 121H-37M
Mean_return:2.45 Frame:63.90 M  Time_used 57H-2M Time_togo 121H-29M
------------------------------------------------------------
Num steps: 16000000  return: 1465.9
------------------------------------------------------------
Mean_return:2.68 Frame:64.02 M  Time_used 57H-15M Time_togo 121H-36M
Mean_return:2.66 Frame:64.15 M  Time_used 57H-21M Time_togo 121H-26M
Mean_return:2.74 Frame:64.28 M  Time_used 57H-26M Time_togo 121H-17M
Mean_return:2.66 Frame:64.41 M  Time_used 57H-32M Time_togo 121H-7M
Mean_return:2.59 Frame:64.53 M  Time_used 57H-37M Time_togo 120H-58M
Mean_return:2.86 Frame:64.66 M  Time_used 57H-43M Time_togo 120H-49M
Mean_return:2.5 Frame:64.77 M  Time_used 57H-48M Time_togo 120H-40M
Mean_return:3.02 Frame:64.90 M  Time_used 57H-53M Time_togo 120H-30M
------------------------------------------------------------
Num steps: 16250000  return: 1766.1
------------------------------------------------------------
Mean_return:2.37 Frame:65.02 M  Time_used 58H-6M Time_togo 120H-38M
Mean_return:2.72 Frame:65.14 M  Time_used 58H-11M Time_togo 120H-29M
Mean_return:2.51 Frame:65.25 M  Time_used 58H-16M Time_togo 120H-20M
Mean_return:2.72 Frame:65.38 M  Time_used 58H-22M Time_togo 120H-10M
Mean_return:2.74 Frame:65.51 M  Time_used 58H-27M Time_togo 120H-1M
Mean_return:2.81 Frame:65.63 M  Time_used 58H-33M Time_togo 119H-52M
Mean_return:2.89 Frame:65.75 M  Time_used 58H-38M Time_togo 119H-43M
Mean_return:2.96 Frame:65.89 M  Time_used 58H-44M Time_togo 119H-34M
------------------------------------------------------------
Num steps: 16500000  return: 594.8
------------------------------------------------------------
Mean_return:2.71 Frame:66.01 M  Time_used 58H-57M Time_togo 119H-41M
Mean_return:2.78 Frame:66.14 M  Time_used 59H-3M Time_togo 119H-31M
Mean_return:3.18 Frame:66.27 M  Time_used 59H-9M Time_togo 119H-22M
Mean_return:2.47 Frame:66.38 M  Time_used 59H-14M Time_togo 119H-13M
Mean_return:2.69 Frame:66.51 M  Time_used 59H-19M Time_togo 119H-4M
Mean_return:2.6 Frame:66.63 M  Time_used 59H-24M Time_togo 118H-56M
Mean_return:2.89 Frame:66.75 M  Time_used 59H-30M Time_togo 118H-47M
Mean_return:2.6 Frame:66.87 M  Time_used 59H-35M Time_togo 118H-38M
Mean_return:2.73 Frame:67.00 M  Time_used 59H-41M Time_togo 118H-29M
------------------------------------------------------------
Num steps: 16750000  return: 1347.5
------------------------------------------------------------
Mean_return:2.87 Frame:67.13 M  Time_used 59H-54M Time_togo 118H-34M
Mean_return:2.73 Frame:67.26 M  Time_used 59H-59M Time_togo 118H-25M
Mean_return:3.43 Frame:67.40 M  Time_used 60H-5M Time_togo 118H-14M
Mean_return:2.98 Frame:67.53 M  Time_used 60H-11M Time_togo 118H-4M
Mean_return:2.9 Frame:67.66 M  Time_used 60H-16M Time_togo 117H-55M
Mean_return:3.16 Frame:67.80 M  Time_used 60H-23M Time_togo 117H-44M
Mean_return:2.8 Frame:67.92 M  Time_used 60H-28M Time_togo 117H-35M
------------------------------------------------------------
Num steps: 17000000  return: 918.9
------------------------------------------------------------
Mean_return:2.61 Frame:68.04 M  Time_used 60H-41M Time_togo 117H-43M
Mean_return:2.82 Frame:68.16 M  Time_used 60H-46M Time_togo 117H-34M
Mean_return:2.86 Frame:68.29 M  Time_used 60H-52M Time_togo 117H-24M
Mean_return:2.45 Frame:68.40 M  Time_used 60H-57M Time_togo 117H-16M
Mean_return:3.33 Frame:68.55 M  Time_used 61H-3M Time_togo 117H-5M
Mean_return:2.62 Frame:68.68 M  Time_used 61H-9M Time_togo 116H-56M
Mean_return:2.64 Frame:68.80 M  Time_used 61H-14M Time_togo 116H-48M
Mean_return:2.47 Frame:68.91 M  Time_used 61H-19M Time_togo 116H-40M
------------------------------------------------------------
Num steps: 17250000  return: 1900.8
------------------------------------------------------------
Mean_return:2.61 Frame:69.03 M  Time_used 61H-32M Time_togo 116H-46M
Mean_return:2.73 Frame:69.15 M  Time_used 61H-38M Time_togo 116H-37M
Mean_return:2.86 Frame:69.28 M  Time_used 61H-43M Time_togo 116H-28M
Mean_return:2.78 Frame:69.41 M  Time_used 61H-49M Time_togo 116H-19M
Mean_return:2.62 Frame:69.54 M  Time_used 61H-55M Time_togo 116H-10M
Mean_return:2.81 Frame:69.66 M  Time_used 62H-0M Time_togo 116H-1M
Mean_return:2.77 Frame:69.79 M  Time_used 62H-6M Time_togo 115H-52M
Mean_return:2.62 Frame:69.91 M  Time_used 62H-11M Time_togo 115H-44M
------------------------------------------------------------
Num steps: 17500000  return: 696.9
------------------------------------------------------------
Mean_return:2.96 Frame:70.04 M  Time_used 62H-25M Time_togo 115H-49M
Mean_return:3.18 Frame:70.18 M  Time_used 62H-31M Time_togo 115H-39M
Mean_return:2.93 Frame:70.30 M  Time_used 62H-36M Time_togo 115H-31M
Mean_return:2.8 Frame:70.43 M  Time_used 62H-42M Time_togo 115H-22M
Mean_return:3.24 Frame:70.56 M  Time_used 62H-48M Time_togo 115H-12M
Mean_return:2.66 Frame:70.69 M  Time_used 62H-53M Time_togo 115H-3M
Mean_return:2.77 Frame:70.82 M  Time_used 62H-59M Time_togo 114H-53M
Mean_return:2.81 Frame:70.95 M  Time_used 63H-4M Time_togo 114H-44M
------------------------------------------------------------
Num steps: 17750000  return: 875.9
------------------------------------------------------------
Mean_return:2.86 Frame:71.09 M  Time_used 63H-18M Time_togo 114H-49M
Mean_return:2.42 Frame:71.20 M  Time_used 63H-23M Time_togo 114H-41M
Mean_return:3.16 Frame:71.33 M  Time_used 63H-29M Time_togo 114H-32M
Mean_return:2.9 Frame:71.46 M  Time_used 63H-35M Time_togo 114H-22M
Mean_return:3.42 Frame:71.60 M  Time_used 63H-41M Time_togo 114H-12M
Mean_return:2.97 Frame:71.74 M  Time_used 63H-47M Time_togo 114H-2M
Mean_return:2.84 Frame:71.85 M  Time_used 63H-52M Time_togo 113H-54M
Mean_return:3.16 Frame:71.99 M  Time_used 63H-57M Time_togo 113H-44M
------------------------------------------------------------
Num steps: 18000000  return: 1237.5
------------------------------------------------------------
Mean_return:2.98 Frame:72.13 M  Time_used 64H-11M Time_togo 113H-48M
Mean_return:3.32 Frame:72.27 M  Time_used 64H-17M Time_togo 113H-38M
Mean_return:2.72 Frame:72.40 M  Time_used 64H-23M Time_togo 113H-28M
Mean_return:3.16 Frame:72.54 M  Time_used 64H-29M Time_togo 113H-18M
Mean_return:3.42 Frame:72.69 M  Time_used 64H-35M Time_togo 113H-7M
Mean_return:3.03 Frame:72.82 M  Time_used 64H-41M Time_togo 112H-58M
Mean_return:3.34 Frame:72.97 M  Time_used 64H-47M Time_togo 112H-48M
------------------------------------------------------------
Num steps: 18250000  return: 1010.2
------------------------------------------------------------
Mean_return:2.97 Frame:73.10 M  Time_used 65H-1M Time_togo 112H-52M
Mean_return:2.81 Frame:73.23 M  Time_used 65H-6M Time_togo 112H-43M
Mean_return:3.25 Frame:73.36 M  Time_used 65H-12M Time_togo 112H-33M
Mean_return:2.64 Frame:73.48 M  Time_used 65H-17M Time_togo 112H-25M
Mean_return:3.15 Frame:73.61 M  Time_used 65H-23M Time_togo 112H-16M
Mean_return:3.02 Frame:73.74 M  Time_used 65H-28M Time_togo 112H-6M
Mean_return:3.12 Frame:73.88 M  Time_used 65H-34M Time_togo 111H-57M
------------------------------------------------------------
Num steps: 18500000  return: 1023.8
------------------------------------------------------------
Mean_return:3.27 Frame:74.02 M  Time_used 65H-48M Time_togo 112H-0M
Mean_return:2.89 Frame:74.15 M  Time_used 65H-54M Time_togo 111H-51M
Mean_return:2.91 Frame:74.28 M  Time_used 65H-59M Time_togo 111H-42M
Mean_return:3.73 Frame:74.43 M  Time_used 66H-6M Time_togo 111H-31M
Mean_return:2.82 Frame:74.55 M  Time_used 66H-11M Time_togo 111H-22M
Mean_return:2.63 Frame:74.68 M  Time_used 66H-16M Time_togo 111H-14M
Mean_return:2.7 Frame:74.80 M  Time_used 66H-22M Time_togo 111H-5M
Mean_return:2.98 Frame:74.93 M  Time_used 66H-27M Time_togo 110H-56M
------------------------------------------------------------
Num steps: 18750000  return: 910.7
------------------------------------------------------------
Mean_return:2.73 Frame:75.06 M  Time_used 66H-41M Time_togo 111H-0M
Mean_return:2.83 Frame:75.18 M  Time_used 66H-46M Time_togo 110H-51M
Mean_return:3.3 Frame:75.32 M  Time_used 66H-52M Time_togo 110H-42M
Mean_return:3.01 Frame:75.45 M  Time_used 66H-58M Time_togo 110H-32M
Mean_return:3.48 Frame:75.60 M  Time_used 67H-4M Time_togo 110H-22M
Mean_return:2.73 Frame:75.71 M  Time_used 67H-9M Time_togo 110H-14M
Mean_return:2.85 Frame:75.84 M  Time_used 67H-14M Time_togo 110H-5M
Mean_return:3.08 Frame:75.97 M  Time_used 67H-20M Time_togo 109H-55M
------------------------------------------------------------
Num steps: 19000000  return: 1005.5
------------------------------------------------------------
Mean_return:3.1 Frame:76.10 M  Time_used 67H-33M Time_togo 109H-59M
Mean_return:3.52 Frame:76.24 M  Time_used 67H-39M Time_togo 109H-49M
Mean_return:3.44 Frame:76.38 M  Time_used 67H-45M Time_togo 109H-39M
Mean_return:3.07 Frame:76.51 M  Time_used 67H-51M Time_togo 109H-30M
Mean_return:2.99 Frame:76.64 M  Time_used 67H-56M Time_togo 109H-21M
Mean_return:3.15 Frame:76.78 M  Time_used 68H-2M Time_togo 109H-11M
Mean_return:3.02 Frame:76.91 M  Time_used 68H-8M Time_togo 109H-2M
------------------------------------------------------------
Num steps: 19250000  return: 973.8
------------------------------------------------------------
Mean_return:3.21 Frame:77.05 M  Time_used 68H-21M Time_togo 109H-5M
Mean_return:2.72 Frame:77.17 M  Time_used 68H-27M Time_togo 108H-56M
Mean_return:2.95 Frame:77.31 M  Time_used 68H-33M Time_togo 108H-47M
Mean_return:2.75 Frame:77.43 M  Time_used 68H-38M Time_togo 108H-39M
Mean_return:3.41 Frame:77.58 M  Time_used 68H-45M Time_togo 108H-29M
Mean_return:3.36 Frame:77.73 M  Time_used 68H-51M Time_togo 108H-18M
Mean_return:3.15 Frame:77.86 M  Time_used 68H-57M Time_togo 108H-10M
Mean_return:3.02 Frame:77.99 M  Time_used 69H-2M Time_togo 108H-1M
------------------------------------------------------------
Num steps: 19500000  return: 1589.8
------------------------------------------------------------
Mean_return:3.11 Frame:78.12 M  Time_used 69H-16M Time_togo 108H-4M
Mean_return:2.97 Frame:78.26 M  Time_used 69H-22M Time_togo 107H-54M
Mean_return:3.22 Frame:78.40 M  Time_used 69H-28M Time_togo 107H-45M
Mean_return:2.96 Frame:78.54 M  Time_used 69H-34M Time_togo 107H-35M
Mean_return:3.26 Frame:78.68 M  Time_used 69H-40M Time_togo 107H-25M
Mean_return:3.25 Frame:78.83 M  Time_used 69H-46M Time_togo 107H-15M
Mean_return:3.31 Frame:78.97 M  Time_used 69H-52M Time_togo 107H-5M
------------------------------------------------------------
Num steps: 19750000  return: 1657.4
------------------------------------------------------------
Mean_return:2.91 Frame:79.10 M  Time_used 70H-6M Time_togo 107H-9M
Mean_return:2.72 Frame:79.22 M  Time_used 70H-11M Time_togo 107H-0M
Mean_return:2.89 Frame:79.35 M  Time_used 70H-16M Time_togo 106H-51M
Mean_return:3.4 Frame:79.50 M  Time_used 70H-23M Time_togo 106H-41M
Mean_return:2.79 Frame:79.63 M  Time_used 70H-28M Time_togo 106H-32M
Mean_return:3.73 Frame:79.79 M  Time_used 70H-35M Time_togo 106H-21M
Mean_return:2.82 Frame:79.92 M  Time_used 70H-41M Time_togo 106H-12M
------------------------------------------------------------
Num steps: 20000000  return: 1472.8
------------------------------------------------------------
Mean_return:3.08 Frame:80.06 M  Time_used 70H-55M Time_togo 106H-15M
Mean_return:2.91 Frame:80.19 M  Time_used 71H-0M Time_togo 106H-5M
Mean_return:2.94 Frame:80.33 M  Time_used 71H-6M Time_togo 105H-56M
Mean_return:3.03 Frame:80.47 M  Time_used 71H-12M Time_togo 105H-46M
Mean_return:2.97 Frame:80.60 M  Time_used 71H-18M Time_togo 105H-37M
Mean_return:3.4 Frame:80.75 M  Time_used 71H-24M Time_togo 105H-27M
Mean_return:3.45 Frame:80.91 M  Time_used 71H-31M Time_togo 105H-16M
------------------------------------------------------------
Num steps: 20250000  return: 1574.0
------------------------------------------------------------
Mean_return:2.56 Frame:81.03 M  Time_used 71H-44M Time_togo 105H-19M
Mean_return:2.94 Frame:81.17 M  Time_used 71H-50M Time_togo 105H-10M
Mean_return:3.46 Frame:81.32 M  Time_used 71H-56M Time_togo 104H-59M
Mean_return:3.12 Frame:81.47 M  Time_used 72H-2M Time_togo 104H-49M
Mean_return:2.94 Frame:81.60 M  Time_used 72H-8M Time_togo 104H-40M
Mean_return:2.95 Frame:81.74 M  Time_used 72H-14M Time_togo 104H-31M
Mean_return:2.94 Frame:81.87 M  Time_used 72H-20M Time_togo 104H-22M
------------------------------------------------------------
Num steps: 20500000  return: 1256.2
------------------------------------------------------------
Mean_return:3.29 Frame:82.01 M  Time_used 72H-34M Time_togo 104H-24M
Mean_return:3.28 Frame:82.16 M  Time_used 72H-40M Time_togo 104H-14M
Mean_return:2.56 Frame:82.28 M  Time_used 72H-46M Time_togo 104H-6M
Mean_return:3.1 Frame:82.42 M  Time_used 72H-52M Time_togo 103H-56M
Mean_return:3.43 Frame:82.57 M  Time_used 72H-58M Time_togo 103H-46M
Mean_return:3.3 Frame:82.72 M  Time_used 73H-4M Time_togo 103H-36M
Mean_return:3.27 Frame:82.86 M  Time_used 73H-10M Time_togo 103H-27M
------------------------------------------------------------
Num steps: 20750000  return: 1084.8
------------------------------------------------------------
Mean_return:3.35 Frame:83.01 M  Time_used 73H-25M Time_togo 103H-28M
Mean_return:3.51 Frame:83.16 M  Time_used 73H-31M Time_togo 103H-18M
Mean_return:3.35 Frame:83.31 M  Time_used 73H-38M Time_togo 103H-8M
Mean_return:3.0 Frame:83.45 M  Time_used 73H-44M Time_togo 102H-59M
Mean_return:3.6 Frame:83.60 M  Time_used 73H-50M Time_togo 102H-48M
Mean_return:2.97 Frame:83.74 M  Time_used 73H-56M Time_togo 102H-39M
Mean_return:3.08 Frame:83.88 M  Time_used 74H-2M Time_togo 102H-30M
------------------------------------------------------------
Num steps: 21000000  return: 881.5
------------------------------------------------------------
Mean_return:3.33 Frame:84.02 M  Time_used 74H-16M Time_togo 102H-32M
Mean_return:3.45 Frame:84.17 M  Time_used 74H-23M Time_togo 102H-22M
Mean_return:3.8 Frame:84.32 M  Time_used 74H-30M Time_togo 102H-12M
Mean_return:3.07 Frame:84.46 M  Time_used 74H-36M Time_togo 102H-2M
Mean_return:3.28 Frame:84.61 M  Time_used 74H-42M Time_togo 101H-53M
Mean_return:2.76 Frame:84.74 M  Time_used 74H-48M Time_togo 101H-45M
Mean_return:3.43 Frame:84.88 M  Time_used 74H-54M Time_togo 101H-35M
------------------------------------------------------------
Num steps: 21250000  return: 1219.8
------------------------------------------------------------
Mean_return:3.12 Frame:85.02 M  Time_used 75H-8M Time_togo 101H-37M
Mean_return:3.02 Frame:85.15 M  Time_used 75H-13M Time_togo 101H-28M
Mean_return:3.4 Frame:85.30 M  Time_used 75H-20M Time_togo 101H-18M
Mean_return:3.47 Frame:85.44 M  Time_used 75H-26M Time_togo 101H-9M
Mean_return:2.79 Frame:85.58 M  Time_used 75H-32M Time_togo 101H-0M
Mean_return:3.38 Frame:85.73 M  Time_used 75H-39M Time_togo 100H-49M
Mean_return:3.0 Frame:85.87 M  Time_used 75H-45M Time_togo 100H-40M
------------------------------------------------------------
Num steps: 21500000  return: 1690.5
------------------------------------------------------------
Mean_return:3.79 Frame:86.03 M  Time_used 76H-0M Time_togo 100H-41M
Mean_return:3.56 Frame:86.19 M  Time_used 76H-7M Time_togo 100H-30M
Mean_return:3.41 Frame:86.34 M  Time_used 76H-13M Time_togo 100H-21M
Mean_return:3.74 Frame:86.49 M  Time_used 76H-20M Time_togo 100H-11M
Mean_return:3.25 Frame:86.64 M  Time_used 76H-27M Time_togo 100H-1M
Mean_return:3.09 Frame:86.78 M  Time_used 76H-33M Time_togo 99H-53M
Mean_return:3.58 Frame:86.94 M  Time_used 76H-40M Time_togo 99H-42M
------------------------------------------------------------
Num steps: 21750000  return: 1205.3
------------------------------------------------------------
Mean_return:2.8 Frame:87.07 M  Time_used 76H-54M Time_togo 99H-44M
Mean_return:2.78 Frame:87.19 M  Time_used 76H-59M Time_togo 99H-36M
Mean_return:3.35 Frame:87.34 M  Time_used 77H-6M Time_togo 99H-26M
Mean_return:3.01 Frame:87.47 M  Time_used 77H-11M Time_togo 99H-18M
Mean_return:3.2 Frame:87.62 M  Time_used 77H-17M Time_togo 99H-9M
Mean_return:3.22 Frame:87.75 M  Time_used 77H-23M Time_togo 99H-0M
Mean_return:3.13 Frame:87.89 M  Time_used 77H-29M Time_togo 98H-51M
------------------------------------------------------------
Num steps: 22000000  return: 1504.7
------------------------------------------------------------
Mean_return:3.17 Frame:88.04 M  Time_used 77H-44M Time_togo 98H-51M
Mean_return:3.95 Frame:88.21 M  Time_used 77H-51M Time_togo 98H-40M
Mean_return:2.9 Frame:88.35 M  Time_used 77H-58M Time_togo 98H-32M
Mean_return:3.42 Frame:88.50 M  Time_used 78H-4M Time_togo 98H-22M
Mean_return:3.62 Frame:88.66 M  Time_used 78H-11M Time_togo 98H-11M
Mean_return:3.48 Frame:88.81 M  Time_used 78H-18M Time_togo 98H-2M
Mean_return:3.79 Frame:88.98 M  Time_used 78H-25M Time_togo 97H-51M
------------------------------------------------------------
Num steps: 22250000  return: 1249.0
------------------------------------------------------------
Mean_return:3.85 Frame:89.14 M  Time_used 78H-40M Time_togo 97H-51M
Mean_return:3.54 Frame:89.29 M  Time_used 78H-47M Time_togo 97H-41M
Mean_return:3.39 Frame:89.43 M  Time_used 78H-53M Time_togo 97H-32M
Mean_return:3.05 Frame:89.57 M  Time_used 78H-59M Time_togo 97H-23M
Mean_return:4.33 Frame:89.75 M  Time_used 79H-7M Time_togo 97H-12M
Mean_return:3.16 Frame:89.89 M  Time_used 79H-14M Time_togo 97H-3M
------------------------------------------------------------
Num steps: 22500000  return: 1657.1
------------------------------------------------------------
Mean_return:3.95 Frame:90.05 M  Time_used 79H-29M Time_togo 97H-2M
Mean_return:3.49 Frame:90.21 M  Time_used 79H-36M Time_togo 96H-52M
Mean_return:3.51 Frame:90.36 M  Time_used 79H-42M Time_togo 96H-43M
Mean_return:2.97 Frame:90.49 M  Time_used 79H-48M Time_togo 96H-35M
Mean_return:3.31 Frame:90.64 M  Time_used 79H-55M Time_togo 96H-25M
Mean_return:2.96 Frame:90.77 M  Time_used 80H-0M Time_togo 96H-17M
Mean_return:3.22 Frame:90.91 M  Time_used 80H-7M Time_togo 96H-8M
------------------------------------------------------------
Num steps: 22750000  return: 1231.5
------------------------------------------------------------
Mean_return:2.91 Frame:91.05 M  Time_used 80H-20M Time_togo 96H-9M
Mean_return:3.42 Frame:91.20 M  Time_used 80H-27M Time_togo 95H-59M
Mean_return:3.59 Frame:91.35 M  Time_used 80H-34M Time_togo 95H-49M
Mean_return:4.03 Frame:91.53 M  Time_used 80H-41M Time_togo 95H-37M
Mean_return:3.27 Frame:91.68 M  Time_used 80H-48M Time_togo 95H-28M
Mean_return:3.22 Frame:91.82 M  Time_used 80H-54M Time_togo 95H-19M
------------------------------------------------------------
Num steps: 23000000  return: 1925.5
------------------------------------------------------------
Mean_return:4.27 Frame:92.01 M  Time_used 81H-10M Time_togo 95H-16M
Mean_return:3.4 Frame:92.16 M  Time_used 81H-16M Time_togo 95H-6M
Mean_return:3.61 Frame:92.32 M  Time_used 81H-23M Time_togo 94H-56M
Mean_return:3.86 Frame:92.48 M  Time_used 81H-30M Time_togo 94H-46M
Mean_return:3.25 Frame:92.63 M  Time_used 81H-37M Time_togo 94H-36M
Mean_return:3.09 Frame:92.76 M  Time_used 81H-43M Time_togo 94H-28M
Mean_return:3.43 Frame:92.91 M  Time_used 81H-49M Time_togo 94H-19M
------------------------------------------------------------
Num steps: 23250000  return: 1211.5
------------------------------------------------------------
Mean_return:2.81 Frame:93.05 M  Time_used 82H-3M Time_togo 94H-19M
Mean_return:3.09 Frame:93.19 M  Time_used 82H-9M Time_togo 94H-10M
Mean_return:2.82 Frame:93.33 M  Time_used 82H-15M Time_togo 94H-1M
Mean_return:3.82 Frame:93.50 M  Time_used 82H-22M Time_togo 93H-50M
Mean_return:3.77 Frame:93.66 M  Time_used 82H-29M Time_togo 93H-40M
Mean_return:3.35 Frame:93.81 M  Time_used 82H-36M Time_togo 93H-30M
Mean_return:3.38 Frame:93.96 M  Time_used 82H-42M Time_togo 93H-20M
------------------------------------------------------------
Num steps: 23500000  return: 996.6
------------------------------------------------------------
Mean_return:3.61 Frame:94.14 M  Time_used 82H-58M Time_togo 93H-18M
Mean_return:3.61 Frame:94.30 M  Time_used 83H-5M Time_togo 93H-7M
Mean_return:3.12 Frame:94.44 M  Time_used 83H-11M Time_togo 92H-58M
Mean_return:3.55 Frame:94.60 M  Time_used 83H-17M Time_togo 92H-48M
Mean_return:3.51 Frame:94.75 M  Time_used 83H-24M Time_togo 92H-38M
Mean_return:2.97 Frame:94.89 M  Time_used 83H-30M Time_togo 92H-30M
------------------------------------------------------------
Num steps: 23750000  return: 1083.1
------------------------------------------------------------
Mean_return:3.96 Frame:95.05 M  Time_used 83H-45M Time_togo 92H-28M
Mean_return:3.28 Frame:95.19 M  Time_used 83H-51M Time_togo 92H-19M
Mean_return:3.12 Frame:95.33 M  Time_used 83H-56M Time_togo 92H-10M
Mean_return:4.17 Frame:95.51 M  Time_used 84H-4M Time_togo 91H-59M
Mean_return:3.68 Frame:95.67 M  Time_used 84H-11M Time_togo 91H-48M
Mean_return:4.1 Frame:95.86 M  Time_used 84H-19M Time_togo 91H-36M
------------------------------------------------------------
Num steps: 24000000  return: 1364.4
------------------------------------------------------------
Mean_return:3.36 Frame:96.01 M  Time_used 84H-33M Time_togo 91H-36M
Mean_return:3.78 Frame:96.18 M  Time_used 84H-41M Time_togo 91H-24M
Mean_return:2.84 Frame:96.31 M  Time_used 84H-47M Time_togo 91H-16M
Mean_return:3.76 Frame:96.48 M  Time_used 84H-54M Time_togo 91H-6M
Mean_return:3.84 Frame:96.64 M  Time_used 85H-1M Time_togo 90H-55M
Mean_return:3.46 Frame:96.79 M  Time_used 85H-7M Time_togo 90H-45M
Mean_return:4.35 Frame:96.97 M  Time_used 85H-15M Time_togo 90H-35M
------------------------------------------------------------
Num steps: 24250000  return: 2296.6
------------------------------------------------------------
Mean_return:4.78 Frame:97.16 M  Time_used 85H-31M Time_togo 90H-31M
Mean_return:3.34 Frame:97.31 M  Time_used 85H-37M Time_togo 90H-21M
Mean_return:3.79 Frame:97.47 M  Time_used 85H-44M Time_togo 90H-11M
Mean_return:3.49 Frame:97.63 M  Time_used 85H-51M Time_togo 90H-1M
Mean_return:3.28 Frame:97.78 M  Time_used 85H-57M Time_togo 89H-52M
Mean_return:3.88 Frame:97.94 M  Time_used 86H-4M Time_togo 89H-42M
------------------------------------------------------------
Num steps: 24500000  return: 1890.7
------------------------------------------------------------
Mean_return:3.84 Frame:98.10 M  Time_used 86H-19M Time_togo 89H-39M
Mean_return:3.91 Frame:98.26 M  Time_used 86H-25M Time_togo 89H-29M
Mean_return:4.32 Frame:98.44 M  Time_used 86H-33M Time_togo 89H-18M
Mean_return:4.04 Frame:98.62 M  Time_used 86H-41M Time_togo 89H-7M
Mean_return:3.57 Frame:98.77 M  Time_used 86H-48M Time_togo 88H-57M
Mean_return:3.3 Frame:98.92 M  Time_used 86H-54M Time_togo 88H-48M
------------------------------------------------------------
Num steps: 24750000  return: 1444.9
------------------------------------------------------------
Mean_return:4.12 Frame:99.10 M  Time_used 87H-10M Time_togo 88H-45M
Mean_return:3.48 Frame:99.25 M  Time_used 87H-16M Time_togo 88H-35M
Mean_return:3.41 Frame:99.40 M  Time_used 87H-23M Time_togo 88H-26M
Mean_return:3.73 Frame:99.56 M  Time_used 87H-29M Time_togo 88H-16M
Mean_return:3.14 Frame:99.71 M  Time_used 87H-35M Time_togo 88H-6M
Mean_return:3.33 Frame:99.85 M  Time_used 87H-41M Time_togo 87H-57M
------------------------------------------------------------
Num steps: 25000000  return: 1432.0
------------------------------------------------------------
Mean_return:3.82 Frame:100.01 M  Time_used 87H-56M Time_togo 87H-55M
Mean_return:3.47 Frame:100.17 M  Time_used 88H-3M Time_togo 87H-45M
Mean_return:3.53 Frame:100.32 M  Time_used 88H-10M Time_togo 87H-36M
Mean_return:3.56 Frame:100.48 M  Time_used 88H-16M Time_togo 87H-26M
Mean_return:3.43 Frame:100.63 M  Time_used 88H-23M Time_togo 87H-17M
Mean_return:3.68 Frame:100.79 M  Time_used 88H-30M Time_togo 87H-7M
Mean_return:2.91 Frame:100.92 M  Time_used 88H-35M Time_togo 86H-58M
------------------------------------------------------------
Num steps: 25250000  return: 1544.9
------------------------------------------------------------
Mean_return:3.19 Frame:101.07 M  Time_used 88H-50M Time_togo 86H-57M
Mean_return:3.81 Frame:101.22 M  Time_used 88H-57M Time_togo 86H-48M
Mean_return:3.81 Frame:101.38 M  Time_used 89H-4M Time_togo 86H-38M
Mean_return:3.06 Frame:101.52 M  Time_used 89H-10M Time_togo 86H-30M
Mean_return:3.43 Frame:101.67 M  Time_used 89H-17M Time_togo 86H-21M
Mean_return:3.43 Frame:101.81 M  Time_used 89H-23M Time_togo 86H-12M
Mean_return:3.17 Frame:101.95 M  Time_used 89H-29M Time_togo 86H-3M
------------------------------------------------------------
Num steps: 25500000  return: 1686.5
------------------------------------------------------------
Mean_return:2.76 Frame:102.08 M  Time_used 89H-43M Time_togo 86H-4M
Mean_return:2.99 Frame:102.21 M  Time_used 89H-49M Time_togo 85H-56M
Mean_return:3.41 Frame:102.36 M  Time_used 89H-55M Time_togo 85H-47M
Mean_return:3.59 Frame:102.51 M  Time_used 90H-2M Time_togo 85H-37M
Mean_return:3.57 Frame:102.67 M  Time_used 90H-9M Time_togo 85H-28M
Mean_return:4.07 Frame:102.83 M  Time_used 90H-16M Time_togo 85H-18M
------------------------------------------------------------
Num steps: 25750000  return: 1643.9
------------------------------------------------------------
Mean_return:3.81 Frame:103.00 M  Time_used 90H-32M Time_togo 85H-15M
Mean_return:3.63 Frame:103.15 M  Time_used 90H-38M Time_togo 85H-6M
Mean_return:4.45 Frame:103.33 M  Time_used 90H-46M Time_togo 84H-55M
Mean_return:3.19 Frame:103.47 M  Time_used 90H-52M Time_togo 84H-47M
Mean_return:3.56 Frame:103.61 M  Time_used 90H-58M Time_togo 84H-37M
Mean_return:3.91 Frame:103.77 M  Time_used 91H-5M Time_togo 84H-28M
Mean_return:4.7 Frame:103.95 M  Time_used 91H-13M Time_togo 84H-17M
------------------------------------------------------------
Num steps: 26000000  return: 1294.7
------------------------------------------------------------
Mean_return:3.7 Frame:104.10 M  Time_used 91H-27M Time_togo 84H-15M
Mean_return:3.76 Frame:104.26 M  Time_used 91H-34M Time_togo 84H-5M
Mean_return:3.19 Frame:104.39 M  Time_used 91H-40M Time_togo 83H-57M
Mean_return:3.72 Frame:104.55 M  Time_used 91H-47M Time_togo 83H-48M
Mean_return:4.3 Frame:104.73 M  Time_used 91H-55M Time_togo 83H-37M
Mean_return:3.65 Frame:104.88 M  Time_used 92H-1M Time_togo 83H-27M
------------------------------------------------------------
Num steps: 26250000  return: 2590.9
------------------------------------------------------------
Mean_return:4.19 Frame:105.05 M  Time_used 92H-17M Time_togo 83H-24M
Mean_return:3.56 Frame:105.20 M  Time_used 92H-23M Time_togo 83H-15M
Mean_return:4.36 Frame:105.38 M  Time_used 92H-31M Time_togo 83H-4M
Mean_return:3.72 Frame:105.53 M  Time_used 92H-37M Time_togo 82H-55M
Mean_return:3.66 Frame:105.68 M  Time_used 92H-44M Time_togo 82H-46M
Mean_return:3.9 Frame:105.85 M  Time_used 92H-51M Time_togo 82H-35M
------------------------------------------------------------
Num steps: 26500000  return: 1955.9
------------------------------------------------------------
Mean_return:3.63 Frame:106.01 M  Time_used 93H-5M Time_togo 82H-32M
Mean_return:3.68 Frame:106.16 M  Time_used 93H-12M Time_togo 82H-23M
Mean_return:3.95 Frame:106.33 M  Time_used 93H-19M Time_togo 82H-12M
Mean_return:3.48 Frame:106.48 M  Time_used 93H-25M Time_togo 82H-3M
Mean_return:4.11 Frame:106.65 M  Time_used 93H-33M Time_togo 81H-53M
Mean_return:4.16 Frame:106.82 M  Time_used 93H-40M Time_togo 81H-42M
Mean_return:3.58 Frame:106.98 M  Time_used 93H-47M Time_togo 81H-32M
------------------------------------------------------------
Num steps: 26750000  return: 1532.6
------------------------------------------------------------
Mean_return:3.69 Frame:107.14 M  Time_used 94H-1M Time_togo 81H-29M
Mean_return:3.65 Frame:107.30 M  Time_used 94H-8M Time_togo 81H-20M
Mean_return:4.61 Frame:107.49 M  Time_used 94H-16M Time_togo 81H-8M
Mean_return:3.65 Frame:107.64 M  Time_used 94H-23M Time_togo 80H-58M
Mean_return:3.78 Frame:107.81 M  Time_used 94H-30M Time_togo 80H-48M
------------------------------------------------------------
Num steps: 27000000  return: 1073.3
------------------------------------------------------------
Mean_return:4.8 Frame:108.01 M  Time_used 94H-46M Time_togo 80H-43M
Mean_return:3.97 Frame:108.18 M  Time_used 94H-53M Time_togo 80H-32M
Mean_return:3.98 Frame:108.35 M  Time_used 95H-0M Time_togo 80H-22M
Mean_return:3.76 Frame:108.51 M  Time_used 95H-7M Time_togo 80H-12M
Mean_return:3.72 Frame:108.66 M  Time_used 95H-14M Time_togo 80H-2M
Mean_return:4.48 Frame:108.85 M  Time_used 95H-21M Time_togo 79H-51M
------------------------------------------------------------
Num steps: 27250000  return: 1663.3
------------------------------------------------------------
Mean_return:3.64 Frame:109.01 M  Time_used 95H-36M Time_togo 79H-48M
Mean_return:3.09 Frame:109.16 M  Time_used 95H-42M Time_togo 79H-39M
Mean_return:3.12 Frame:109.29 M  Time_used 95H-48M Time_togo 79H-30M
Mean_return:3.82 Frame:109.46 M  Time_used 95H-55M Time_togo 79H-20M
Mean_return:3.74 Frame:109.62 M  Time_used 96H-2M Time_togo 79H-10M
Mean_return:3.78 Frame:109.79 M  Time_used 96H-9M Time_togo 79H-0M
Mean_return:3.77 Frame:109.95 M  Time_used 96H-15M Time_togo 78H-50M
------------------------------------------------------------
Num steps: 27500000  return: 1120.4
------------------------------------------------------------
Mean_return:4.52 Frame:110.13 M  Time_used 96H-31M Time_togo 78H-45M
Mean_return:3.73 Frame:110.29 M  Time_used 96H-37M Time_togo 78H-36M
Mean_return:4.14 Frame:110.46 M  Time_used 96H-45M Time_togo 78H-25M
Mean_return:4.14 Frame:110.64 M  Time_used 96H-52M Time_togo 78H-14M
Mean_return:4.15 Frame:110.81 M  Time_used 96H-59M Time_togo 78H-4M
Mean_return:3.74 Frame:110.97 M  Time_used 97H-6M Time_togo 77H-54M
------------------------------------------------------------
Num steps: 27750000  return: 1201.0
------------------------------------------------------------
Mean_return:3.04 Frame:111.11 M  Time_used 97H-19M Time_togo 77H-52M
Mean_return:3.58 Frame:111.26 M  Time_used 97H-26M Time_togo 77H-43M
Mean_return:4.68 Frame:111.44 M  Time_used 97H-33M Time_togo 77H-32M
Mean_return:3.37 Frame:111.59 M  Time_used 97H-40M Time_togo 77H-22M
Mean_return:3.83 Frame:111.75 M  Time_used 97H-46M Time_togo 77H-13M
Mean_return:3.72 Frame:111.90 M  Time_used 97H-53M Time_togo 77H-3M
------------------------------------------------------------
Num steps: 28000000  return: 1896.6
------------------------------------------------------------
Mean_return:3.82 Frame:112.07 M  Time_used 98H-8M Time_togo 76H-59M
Mean_return:3.95 Frame:112.24 M  Time_used 98H-15M Time_togo 76H-49M
Mean_return:4.91 Frame:112.43 M  Time_used 98H-23M Time_togo 76H-37M
Mean_return:2.9 Frame:112.57 M  Time_used 98H-29M Time_togo 76H-29M
Mean_return:3.18 Frame:112.71 M  Time_used 98H-35M Time_togo 76H-21M
Mean_return:4.58 Frame:112.89 M  Time_used 98H-42M Time_togo 76H-10M
------------------------------------------------------------
Num steps: 28250000  return: 496.7
------------------------------------------------------------
Mean_return:4.04 Frame:113.05 M  Time_used 98H-57M Time_togo 76H-6M
Mean_return:3.18 Frame:113.19 M  Time_used 99H-2M Time_togo 75H-57M
Mean_return:3.76 Frame:113.35 M  Time_used 99H-9M Time_togo 75H-47M
Mean_return:4.53 Frame:113.54 M  Time_used 99H-17M Time_togo 75H-36M
Mean_return:4.13 Frame:113.71 M  Time_used 99H-24M Time_togo 75H-26M
Mean_return:3.97 Frame:113.87 M  Time_used 99H-31M Time_togo 75H-16M
------------------------------------------------------------
Num steps: 28500000  return: 2035.4
------------------------------------------------------------
Mean_return:3.39 Frame:114.02 M  Time_used 99H-45M Time_togo 75H-13M
Mean_return:4.3 Frame:114.20 M  Time_used 99H-53M Time_togo 75H-2M
Mean_return:4.53 Frame:114.39 M  Time_used 100H-1M Time_togo 74H-51M
Mean_return:4.56 Frame:114.58 M  Time_used 100H-9M Time_togo 74H-40M
Mean_return:3.98 Frame:114.76 M  Time_used 100H-16M Time_togo 74H-29M
Mean_return:4.17 Frame:114.94 M  Time_used 100H-24M Time_togo 74H-18M
------------------------------------------------------------
Num steps: 28750000  return: 1727.7
------------------------------------------------------------
Mean_return:3.36 Frame:115.08 M  Time_used 100H-38M Time_togo 74H-15M
Mean_return:3.71 Frame:115.24 M  Time_used 100H-45M Time_togo 74H-6M
Mean_return:3.19 Frame:115.39 M  Time_used 100H-51M Time_togo 73H-56M
Mean_return:3.92 Frame:115.55 M  Time_used 100H-58M Time_togo 73H-47M
Mean_return:3.33 Frame:115.69 M  Time_used 101H-3M Time_togo 73H-39M
Mean_return:3.92 Frame:115.86 M  Time_used 101H-11M Time_togo 73H-28M
------------------------------------------------------------
Num steps: 29000000  return: 986.3
------------------------------------------------------------
Mean_return:3.54 Frame:116.01 M  Time_used 101H-25M Time_togo 73H-25M
Mean_return:3.52 Frame:116.16 M  Time_used 101H-31M Time_togo 73H-16M
Mean_return:4.11 Frame:116.33 M  Time_used 101H-38M Time_togo 73H-6M
Mean_return:3.82 Frame:116.50 M  Time_used 101H-45M Time_togo 72H-56M
Mean_return:3.73 Frame:116.65 M  Time_used 101H-52M Time_togo 72H-47M
Mean_return:4.44 Frame:116.83 M  Time_used 101H-59M Time_togo 72H-36M
------------------------------------------------------------
Num steps: 29250000  return: 2271.6
------------------------------------------------------------
Mean_return:4.25 Frame:117.00 M  Time_used 102H-14M Time_togo 72H-31M
Mean_return:4.89 Frame:117.18 M  Time_used 102H-22M Time_togo 72H-20M
Mean_return:4.46 Frame:117.35 M  Time_used 102H-29M Time_togo 72H-10M
Mean_return:3.91 Frame:117.51 M  Time_used 102H-36M Time_togo 72H-1M
Mean_return:4.0 Frame:117.68 M  Time_used 102H-43M Time_togo 71H-51M
Mean_return:3.67 Frame:117.83 M  Time_used 102H-49M Time_togo 71H-42M
Mean_return:3.64 Frame:117.98 M  Time_used 102H-56M Time_togo 71H-33M
------------------------------------------------------------
Num steps: 29500000  return: 2005.0
------------------------------------------------------------
Mean_return:3.24 Frame:118.12 M  Time_used 103H-10M Time_togo 71H-31M
Mean_return:3.96 Frame:118.28 M  Time_used 103H-17M Time_togo 71H-21M
Mean_return:3.48 Frame:118.43 M  Time_used 103H-23M Time_togo 71H-12M
Mean_return:3.99 Frame:118.59 M  Time_used 103H-30M Time_togo 71H-3M
Mean_return:4.38 Frame:118.76 M  Time_used 103H-37M Time_togo 70H-52M
Mean_return:3.89 Frame:118.92 M  Time_used 103H-44M Time_togo 70H-43M
------------------------------------------------------------
Num steps: 29750000  return: 2676.1
------------------------------------------------------------
Mean_return:4.17 Frame:119.08 M  Time_used 103H-59M Time_togo 70H-39M
Mean_return:3.77 Frame:119.23 M  Time_used 104H-5M Time_togo 70H-30M
