Namespace(config='config/qrdqn.yaml', cuda=True, env_id='TennisNoFrameskip-v4', model='ncQRDQN', seed=3)
Mean_return:-23.94 Frame:0.68 M  Time_used 0H-11M Time_togo 56H-35M
------------------------------------------------------------
Num steps: 250000  return: -8.0 
------------------------------------------------------------
Mean_return:-23.96 Frame:1.64 M  Time_used 0H-45M Time_togo 91H-25M
------------------------------------------------------------
Num steps: 500000  return: -21.4
------------------------------------------------------------
------------------------------------------------------------
Num steps: 750000  return: -23.8
------------------------------------------------------------
Mean_return:-21.1 Frame:3.94 M  Time_used 2H-1M Time_togo 100H-40M
------------------------------------------------------------
Num steps: 1000000  return: -9.0 
------------------------------------------------------------
------------------------------------------------------------
Num steps: 1250000  return: -7.4 
------------------------------------------------------------
------------------------------------------------------------
Num steps: 1500000  return: -20.3
------------------------------------------------------------
Mean_return:-19.4 Frame:6.90 M  Time_used 4H-34M Time_togo 127H-55M
------------------------------------------------------------
Num steps: 1750000  return: -11.3
------------------------------------------------------------
------------------------------------------------------------
Num steps: 2000000  return: -23.7
------------------------------------------------------------
Mean_return:-22.23 Frame:8.79 M  Time_used 6H-11M Time_togo 134H-47M
------------------------------------------------------------
Num steps: 2250000  return: -22.0
------------------------------------------------------------
------------------------------------------------------------
Num steps: 2500000  return: -22.4
------------------------------------------------------------
Mean_return:-20.84 Frame:10.92 M  Time_used 7H-58M Time_togo 138H-7M
------------------------------------------------------------
Num steps: 2750000  return: -23.2
------------------------------------------------------------
------------------------------------------------------------
Num steps: 3000000  return: -22.6
------------------------------------------------------------
Mean_return:-21.75 Frame:12.78 M  Time_used 9H-35M Time_togo 140H-34M
------------------------------------------------------------
Num steps: 3250000  return: -21.4
------------------------------------------------------------
------------------------------------------------------------
Num steps: 3500000  return: -19.4
------------------------------------------------------------
Mean_return:-21.02 Frame:14.69 M  Time_used 11H-14M Time_togo 141H-56M
------------------------------------------------------------
Num steps: 3750000  return: -18.1
------------------------------------------------------------
------------------------------------------------------------
Num steps: 4000000  return: -15.4
------------------------------------------------------------
------------------------------------------------------------
Num steps: 4250000  return: -17.5
------------------------------------------------------------
------------------------------------------------------------
Num steps: 4500000  return: -14.0
------------------------------------------------------------
Mean_return:-18.54 Frame:18.26 M  Time_used 14H-19M Time_togo 142H-30M
------------------------------------------------------------
Num steps: 4750000  return: -17.0
------------------------------------------------------------
------------------------------------------------------------
Num steps: 5000000  return: -17.0
------------------------------------------------------------
------------------------------------------------------------
Num steps: 5250000  return: -9.7 
------------------------------------------------------------
------------------------------------------------------------
Num steps: 5500000  return: -9.5 
------------------------------------------------------------
------------------------------------------------------------
Num steps: 5750000  return: -18.3
------------------------------------------------------------
------------------------------------------------------------
Num steps: 6000000  return: -14.7
------------------------------------------------------------
Mean_return:-12.57 Frame:24.35 M  Time_used 19H-28M Time_togo 140H-29M
------------------------------------------------------------
Num steps: 6250000  return: 0.2  
------------------------------------------------------------
------------------------------------------------------------
Num steps: 6500000  return: -8.7 
------------------------------------------------------------
------------------------------------------------------------
Num steps: 6750000  return: -15.1
------------------------------------------------------------
------------------------------------------------------------
Num steps: 7000000  return: 13.2 
------------------------------------------------------------
------------------------------------------------------------
Num steps: 7250000  return: -13.8
------------------------------------------------------------
------------------------------------------------------------
Num steps: 7500000  return: -4.7 
------------------------------------------------------------
------------------------------------------------------------
Num steps: 7750000  return: -1.5 
------------------------------------------------------------
Mean_return:-9.66 Frame:31.16 M  Time_used 25H-14M Time_togo 136H-47M
------------------------------------------------------------
Num steps: 8000000  return: -7.3 
------------------------------------------------------------
------------------------------------------------------------
Num steps: 8250000  return: 3.2  
------------------------------------------------------------
------------------------------------------------------------
Num steps: 8500000  return: 8.2  
------------------------------------------------------------
------------------------------------------------------------
Num steps: 8750000  return: -9.9 
------------------------------------------------------------
------------------------------------------------------------
Num steps: 9000000  return: 4.0  
------------------------------------------------------------
------------------------------------------------------------
Num steps: 9250000  return: 12.6 
------------------------------------------------------------
------------------------------------------------------------
Num steps: 9500000  return: 12.3 
------------------------------------------------------------
Mean_return:-4.92 Frame:38.02 M  Time_used 31H-4M Time_togo 132H-22M
------------------------------------------------------------
Num steps: 9750000  return: -2.7 
------------------------------------------------------------
------------------------------------------------------------
Num steps: 10000000  return: 6.2  
------------------------------------------------------------
------------------------------------------------------------
Num steps: 10250000  return: 9.0  
------------------------------------------------------------
------------------------------------------------------------
Num steps: 10500000  return: -5.5 
------------------------------------------------------------
------------------------------------------------------------
Num steps: 10750000  return: -11.7
------------------------------------------------------------
------------------------------------------------------------
Num steps: 11000000  return: -1.3 
------------------------------------------------------------
------------------------------------------------------------
Num steps: 11250000  return: 5.6  
------------------------------------------------------------
Mean_return:0.46 Frame:45.32 M  Time_used 37H-13M Time_togo 127H-2M
------------------------------------------------------------
Num steps: 11500000  return: 11.1 
------------------------------------------------------------
------------------------------------------------------------
Num steps: 11750000  return: 3.1  
------------------------------------------------------------
------------------------------------------------------------
Num steps: 12000000  return: 3.0  
------------------------------------------------------------
------------------------------------------------------------
Num steps: 12250000  return: 0.7  
------------------------------------------------------------
------------------------------------------------------------
Num steps: 12500000  return: 7.7  
------------------------------------------------------------
------------------------------------------------------------
Num steps: 12750000  return: 4.7  
------------------------------------------------------------
Mean_return:-0.04 Frame:51.79 M  Time_used 42H-37M Time_togo 121H-59M
------------------------------------------------------------
Num steps: 13000000  return: 4.1  
------------------------------------------------------------
------------------------------------------------------------
Num steps: 13250000  return: 17.4 
------------------------------------------------------------
------------------------------------------------------------
Num steps: 13500000  return: 16.8 
------------------------------------------------------------
------------------------------------------------------------
Num steps: 13750000  return: 4.3  
------------------------------------------------------------
Mean_return:12.08 Frame:55.96 M  Time_used 46H-6M Time_togo 118H-41M
------------------------------------------------------------
Num steps: 14000000  return: 16.0 
------------------------------------------------------------
------------------------------------------------------------
Num steps: 14250000  return: 13.1 
------------------------------------------------------------
------------------------------------------------------------
Num steps: 14500000  return: 15.5 
------------------------------------------------------------
------------------------------------------------------------
Num steps: 14750000  return: 17.3 
------------------------------------------------------------
Mean_return:14.98 Frame:59.00 M  Time_used 48H-49M Time_togo 116H-41M
------------------------------------------------------------
Num steps: 15000000  return: 18.3 
------------------------------------------------------------
------------------------------------------------------------
Num steps: 15250000  return: 16.0 
------------------------------------------------------------
Mean_return:16.87 Frame:61.60 M  Time_used 50H-55M Time_togo 114H-24M
------------------------------------------------------------
Num steps: 15500000  return: 19.6 
------------------------------------------------------------
------------------------------------------------------------
Num steps: 15750000  return: 20.7 
------------------------------------------------------------
------------------------------------------------------------
Num steps: 16000000  return: 17.9 
------------------------------------------------------------
Mean_return:17.55 Frame:64.09 M  Time_used 53H-5M Time_togo 112H-34M
------------------------------------------------------------
Num steps: 16250000  return: 19.1 
------------------------------------------------------------
------------------------------------------------------------
Num steps: 16500000  return: 21.1 
------------------------------------------------------------
Mean_return:18.01 Frame:66.40 M  Time_used 55H-0M Time_togo 110H-39M
------------------------------------------------------------
Num steps: 16750000  return: 20.3 
------------------------------------------------------------
------------------------------------------------------------
Num steps: 17000000  return: 17.6 
------------------------------------------------------------
Mean_return:17.7 Frame:68.68 M  Time_used 56H-52M Time_togo 108H-45M
------------------------------------------------------------
Num steps: 17250000  return: 20.0 
------------------------------------------------------------
------------------------------------------------------------
Num steps: 17500000  return: 18.2 
------------------------------------------------------------
Mean_return:17.42 Frame:70.84 M  Time_used 58H-40M Time_togo 106H-57M
------------------------------------------------------------
Num steps: 17750000  return: 16.3 
------------------------------------------------------------
------------------------------------------------------------
Num steps: 18000000  return: 20.6 
------------------------------------------------------------
Mean_return:19.07 Frame:72.91 M  Time_used 60H-24M Time_togo 105H-18M
------------------------------------------------------------
Num steps: 18250000  return: 21.0 
------------------------------------------------------------
------------------------------------------------------------
Num steps: 18500000  return: 16.2 
------------------------------------------------------------
Mean_return:18.86 Frame:74.99 M  Time_used 62H-10M Time_togo 103H-38M
------------------------------------------------------------
Num steps: 18750000  return: 20.0 
------------------------------------------------------------
------------------------------------------------------------
Num steps: 19000000  return: 20.5 
------------------------------------------------------------
------------------------------------------------------------
Num steps: 19250000  return: 12.4 
------------------------------------------------------------
Mean_return:18.18 Frame:77.01 M  Time_used 64H-0M Time_togo 102H-13M
------------------------------------------------------------
Num steps: 19500000  return: 20.2 
------------------------------------------------------------
Mean_return:18.97 Frame:78.93 M  Time_used 65H-30M Time_togo 100H-29M
------------------------------------------------------------
Num steps: 19750000  return: 19.9 
------------------------------------------------------------
------------------------------------------------------------
Num steps: 20000000  return: 20.3 
------------------------------------------------------------
------------------------------------------------------------
Num steps: 20250000  return: 19.8 
------------------------------------------------------------
Mean_return:18.49 Frame:81.03 M  Time_used 67H-24M Time_togo 98H-58M
------------------------------------------------------------
Num steps: 20500000  return: 22.1 
------------------------------------------------------------
------------------------------------------------------------
Num steps: 20750000  return: 20.5 
------------------------------------------------------------
Mean_return:19.08 Frame:83.08 M  Time_used 69H-7M Time_togo 97H-17M
------------------------------------------------------------
Num steps: 21000000  return: 21.9 
------------------------------------------------------------
Mean_return:19.57 Frame:84.79 M  Time_used 70H-29M Time_togo 95H-46M
------------------------------------------------------------
Num steps: 21250000  return: 20.5 
------------------------------------------------------------
------------------------------------------------------------
Num steps: 21500000  return: 20.9 
------------------------------------------------------------
Mean_return:19.23 Frame:86.50 M  Time_used 71H-57M Time_togo 94H-25M
------------------------------------------------------------
Num steps: 21750000  return: 19.7 
------------------------------------------------------------
------------------------------------------------------------
Num steps: 22000000  return: 21.2 
------------------------------------------------------------
Mean_return:20.16 Frame:88.09 M  Time_used 73H-21M Time_togo 93H-11M
------------------------------------------------------------
Num steps: 22250000  return: 19.1 
------------------------------------------------------------
Mean_return:19.42 Frame:89.73 M  Time_used 74H-39M Time_togo 91H-45M
------------------------------------------------------------
Num steps: 22500000  return: 6.8  
------------------------------------------------------------
------------------------------------------------------------
Num steps: 22750000  return: 20.4 
------------------------------------------------------------
Mean_return:20.07 Frame:91.33 M  Time_used 76H-4M Time_togo 90H-31M
------------------------------------------------------------
Num steps: 23000000  return: 21.9 
------------------------------------------------------------
------------------------------------------------------------
Num steps: 23250000  return: 21.4 
------------------------------------------------------------
Mean_return:19.72 Frame:93.05 M  Time_used 77H-33M Time_togo 89H-9M
------------------------------------------------------------
Num steps: 23500000  return: 21.3 
------------------------------------------------------------
Mean_return:19.34 Frame:94.63 M  Time_used 78H-50M Time_togo 87H-46M
------------------------------------------------------------
Num steps: 23750000  return: 18.5 
------------------------------------------------------------
------------------------------------------------------------
Num steps: 24000000  return: 19.2 
------------------------------------------------------------
Mean_return:19.39 Frame:96.34 M  Time_used 80H-22M Time_togo 86H-28M
------------------------------------------------------------
Num steps: 24250000  return: 21.7 
------------------------------------------------------------
Mean_return:19.7 Frame:97.86 M  Time_used 81H-35M Time_togo 85H-9M
------------------------------------------------------------
Num steps: 24500000  return: 20.3 
------------------------------------------------------------
------------------------------------------------------------
Num steps: 24750000  return: 19.5 
------------------------------------------------------------
Mean_return:19.62 Frame:99.41 M  Time_used 82H-57M Time_togo 83H-56M
------------------------------------------------------------
Num steps: 25000000  return: 21.4 
------------------------------------------------------------
Mean_return:20.18 Frame:100.87 M  Time_used 84H-8M Time_togo 82H-40M
------------------------------------------------------------
Num steps: 25250000  return: 21.4 
------------------------------------------------------------
------------------------------------------------------------
Num steps: 25500000  return: 20.8 
------------------------------------------------------------
Mean_return:19.78 Frame:102.35 M  Time_used 85H-27M Time_togo 81H-31M
------------------------------------------------------------
Num steps: 25750000  return: 21.2 
------------------------------------------------------------
Mean_return:19.28 Frame:103.98 M  Time_used 86H-44M Time_togo 80H-6M
------------------------------------------------------------
Num steps: 26000000  return: 21.5 
------------------------------------------------------------
------------------------------------------------------------
Num steps: 26250000  return: 21.2 
------------------------------------------------------------
Mean_return:19.82 Frame:105.41 M  Time_used 88H-1M Time_togo 78H-59M
------------------------------------------------------------
Num steps: 26500000  return: 20.8 
------------------------------------------------------------
Mean_return:19.86 Frame:106.83 M  Time_used 89H-10M Time_togo 77H-46M
------------------------------------------------------------
Num steps: 26750000  return: 20.6 
------------------------------------------------------------
------------------------------------------------------------
Num steps: 27000000  return: 20.6 
------------------------------------------------------------
Mean_return:20.11 Frame:108.25 M  Time_used 90H-28M Time_togo 76H-40M
------------------------------------------------------------
Num steps: 27250000  return: 20.3 
------------------------------------------------------------
Mean_return:19.61 Frame:109.69 M  Time_used 91H-38M Time_togo 75H-26M
------------------------------------------------------------
Num steps: 27500000  return: 22.3 
------------------------------------------------------------
------------------------------------------------------------
Num steps: 27750000  return: 21.8 
------------------------------------------------------------
Mean_return:20.43 Frame:111.03 M  Time_used 92H-52M Time_togo 74H-25M
------------------------------------------------------------
Num steps: 28000000  return: 20.1 
------------------------------------------------------------
Mean_return:20.1 Frame:112.42 M  Time_used 93H-59M Time_togo 73H-13M
------------------------------------------------------------
Num steps: 28250000  return: 21.5 
------------------------------------------------------------
Mean_return:19.74 Frame:113.81 M  Time_used 95H-6M Time_togo 72H-2M
------------------------------------------------------------
Num steps: 28500000  return: 20.5 
------------------------------------------------------------
------------------------------------------------------------
Num steps: 28750000  return: 16.9 
------------------------------------------------------------
Mean_return:20.01 Frame:115.17 M  Time_used 96H-20M Time_togo 70H-58M
------------------------------------------------------------
Num steps: 29000000  return: 22.6 
------------------------------------------------------------
Mean_return:20.65 Frame:116.50 M  Time_used 97H-24M Time_togo 69H-48M
------------------------------------------------------------
Num steps: 29250000  return: 18.3 
------------------------------------------------------------
Mean_return:20.32 Frame:117.84 M  Time_used 98H-29M Time_togo 68H-40M
------------------------------------------------------------
Num steps: 29500000  return: 20.0 
------------------------------------------------------------
------------------------------------------------------------
Num steps: 29750000  return: 20.1 
------------------------------------------------------------
Mean_return:20.41 Frame:119.17 M  Time_used 99H-42M Time_togo 67H-38M
------------------------------------------------------------
Num steps: 30000000  return: 17.9 
------------------------------------------------------------
Mean_return:19.78 Frame:120.55 M  Time_used 100H-48M Time_togo 66H-26M
------------------------------------------------------------
Num steps: 30250000  return: 21.9 
------------------------------------------------------------
Mean_return:20.54 Frame:121.85 M  Time_used 101H-51M Time_togo 65H-19M
------------------------------------------------------------
Num steps: 30500000  return: 19.0 
------------------------------------------------------------
------------------------------------------------------------
Num steps: 30750000  return: 18.4 
------------------------------------------------------------
Mean_return:20.85 Frame:123.13 M  Time_used 103H-2M Time_togo 64H-19M
------------------------------------------------------------
Num steps: 31000000  return: 21.1 
------------------------------------------------------------
