Namespace(config='config/qrdqn.yaml', cuda=True, env_id='JamesbondNoFrameskip-v4', model='ncQRDQN', seed=2)
Mean_return:0.11 Frame:0.03 M  Time_used 0H-0M Time_togo 50H-43M
Mean_return:0.07 Frame:0.06 M  Time_used 0H-1M Time_togo 72H-38M
Mean_return:0.06 Frame:0.09 M  Time_used 0H-2M Time_togo 80H-43M
Mean_return:0.06 Frame:0.13 M  Time_used 0H-3M Time_togo 81H-38M
Mean_return:0.09 Frame:0.16 M  Time_used 0H-3M Time_togo 82H-22M
Mean_return:0.14 Frame:0.19 M  Time_used 0H-4M Time_togo 84H-46M
Mean_return:0.04 Frame:0.22 M  Time_used 0H-5M Time_togo 86H-35M
Mean_return:0.09 Frame:0.25 M  Time_used 0H-6M Time_togo 85H-11M
Mean_return:0.17 Frame:0.29 M  Time_used 0H-7M Time_togo 85H-18M
Mean_return:0.13 Frame:0.32 M  Time_used 0H-8M Time_togo 85H-49M
Mean_return:0.11 Frame:0.35 M  Time_used 0H-9M Time_togo 86H-52M
Mean_return:0.17 Frame:0.39 M  Time_used 0H-10M Time_togo 88H-38M
Mean_return:0.17 Frame:0.42 M  Time_used 0H-11M Time_togo 89H-45M
Mean_return:0.11 Frame:0.45 M  Time_used 0H-12M Time_togo 91H-26M
Mean_return:0.12 Frame:0.48 M  Time_used 0H-13M Time_togo 92H-23M
Mean_return:0.12 Frame:0.52 M  Time_used 0H-14M Time_togo 93H-33M
Mean_return:0.13 Frame:0.55 M  Time_used 0H-15M Time_togo 95H-13M
Mean_return:0.09 Frame:0.58 M  Time_used 0H-16M Time_togo 96H-24M
Mean_return:0.08 Frame:0.61 M  Time_used 0H-17M Time_togo 97H-7M
Mean_return:0.14 Frame:0.65 M  Time_used 0H-19M Time_togo 98H-15M
Mean_return:0.13 Frame:0.68 M  Time_used 0H-20M Time_togo 99H-12M
Mean_return:0.1 Frame:0.71 M  Time_used 0H-21M Time_togo 99H-52M
Mean_return:0.17 Frame:0.74 M  Time_used 0H-22M Time_togo 100H-8M
Mean_return:0.17 Frame:0.78 M  Time_used 0H-23M Time_togo 101H-33M
Mean_return:0.11 Frame:0.81 M  Time_used 0H-24M Time_togo 101H-58M
Mean_return:0.12 Frame:0.84 M  Time_used 0H-26M Time_togo 102H-48M
Mean_return:0.14 Frame:0.87 M  Time_used 0H-27M Time_togo 103H-36M
Mean_return:0.11 Frame:0.91 M  Time_used 0H-28M Time_togo 104H-31M
Mean_return:0.18 Frame:0.95 M  Time_used 0H-30M Time_togo 106H-15M
Mean_return:0.15 Frame:0.98 M  Time_used 0H-31M Time_togo 107H-58M
------------------------------------------------------------
Num steps: 250000  return: 83.0 
------------------------------------------------------------
Mean_return:0.15 Frame:1.02 M  Time_used 0H-41M Time_togo 134H-53M
Mean_return:0.13 Frame:1.05 M  Time_used 0H-42M Time_togo 134H-41M
Mean_return:0.13 Frame:1.09 M  Time_used 0H-44M Time_togo 135H-34M
Mean_return:0.16 Frame:1.13 M  Time_used 0H-46M Time_togo 136H-43M
Mean_return:0.15 Frame:1.17 M  Time_used 0H-48M Time_togo 137H-1M
Mean_return:0.1 Frame:1.20 M  Time_used 0H-50M Time_togo 137H-53M
Mean_return:0.21 Frame:1.24 M  Time_used 0H-51M Time_togo 137H-21M
Mean_return:0.17 Frame:1.28 M  Time_used 0H-53M Time_togo 137H-11M
Mean_return:0.23 Frame:1.32 M  Time_used 0H-54M Time_togo 137H-20M
Mean_return:0.09 Frame:1.35 M  Time_used 0H-56M Time_togo 137H-7M
Mean_return:0.21 Frame:1.39 M  Time_used 0H-57M Time_togo 136H-41M
Mean_return:0.12 Frame:1.43 M  Time_used 0H-58M Time_togo 136H-15M
Mean_return:0.17 Frame:1.47 M  Time_used 1H-0M Time_togo 135H-55M
Mean_return:0.12 Frame:1.51 M  Time_used 1H-2M Time_togo 135H-57M
Mean_return:0.16 Frame:1.55 M  Time_used 1H-3M Time_togo 136H-18M
Mean_return:0.17 Frame:1.59 M  Time_used 1H-5M Time_togo 136H-25M
Mean_return:0.24 Frame:1.63 M  Time_used 1H-7M Time_togo 136H-26M
Mean_return:0.17 Frame:1.67 M  Time_used 1H-9M Time_togo 137H-0M
Mean_return:0.22 Frame:1.71 M  Time_used 1H-10M Time_togo 137H-18M
Mean_return:0.16 Frame:1.74 M  Time_used 1H-12M Time_togo 137H-26M
Mean_return:0.2 Frame:1.78 M  Time_used 1H-14M Time_togo 137H-21M
Mean_return:0.22 Frame:1.83 M  Time_used 1H-15M Time_togo 137H-3M
Mean_return:0.21 Frame:1.87 M  Time_used 1H-17M Time_togo 137H-1M
Mean_return:0.3 Frame:1.91 M  Time_used 1H-19M Time_togo 136H-37M
Mean_return:0.28 Frame:1.96 M  Time_used 1H-20M Time_togo 136H-24M
Mean_return:0.22 Frame:2.00 M  Time_used 1H-22M Time_togo 136H-18M
------------------------------------------------------------
Num steps: 500000  return: 94.4 
------------------------------------------------------------
Mean_return:0.27 Frame:2.04 M  Time_used 1H-31M Time_togo 148H-11M
Mean_return:0.2 Frame:2.08 M  Time_used 1H-33M Time_togo 147H-53M
Mean_return:0.26 Frame:2.12 M  Time_used 1H-34M Time_togo 147H-44M
Mean_return:0.29 Frame:2.16 M  Time_used 1H-36M Time_togo 147H-28M
Mean_return:0.29 Frame:2.21 M  Time_used 1H-38M Time_togo 147H-33M
Mean_return:0.26 Frame:2.25 M  Time_used 1H-40M Time_togo 147H-25M
Mean_return:0.26 Frame:2.29 M  Time_used 1H-42M Time_togo 147H-16M
Mean_return:0.23 Frame:2.33 M  Time_used 1H-44M Time_togo 147H-15M
Mean_return:0.28 Frame:2.38 M  Time_used 1H-46M Time_togo 147H-25M
Mean_return:0.25 Frame:2.42 M  Time_used 1H-48M Time_togo 147H-27M
Mean_return:0.32 Frame:2.46 M  Time_used 1H-50M Time_togo 147H-3M
Mean_return:0.17 Frame:2.51 M  Time_used 1H-51M Time_togo 146H-9M
Mean_return:0.27 Frame:2.55 M  Time_used 1H-52M Time_togo 145H-19M
Mean_return:0.35 Frame:2.61 M  Time_used 1H-54M Time_togo 144H-52M
Mean_return:0.29 Frame:2.65 M  Time_used 1H-56M Time_togo 144H-37M
Mean_return:0.3 Frame:2.70 M  Time_used 1H-58M Time_togo 144H-8M
Mean_return:0.27 Frame:2.74 M  Time_used 2H-0M Time_togo 144H-1M
Mean_return:0.3 Frame:2.79 M  Time_used 2H-2M Time_togo 143H-44M
Mean_return:0.33 Frame:2.84 M  Time_used 2H-4M Time_togo 143H-47M
Mean_return:0.23 Frame:2.89 M  Time_used 2H-6M Time_togo 143H-31M
Mean_return:0.32 Frame:2.93 M  Time_used 2H-7M Time_togo 143H-13M
Mean_return:0.29 Frame:2.98 M  Time_used 2H-10M Time_togo 143H-14M
------------------------------------------------------------
Num steps: 750000  return: 67.9 
------------------------------------------------------------
Mean_return:0.32 Frame:3.03 M  Time_used 2H-19M Time_togo 151H-16M
Mean_return:0.62 Frame:3.09 M  Time_used 2H-22M Time_togo 150H-43M
Mean_return:0.38 Frame:3.15 M  Time_used 2H-24M Time_togo 150H-23M
Mean_return:0.42 Frame:3.21 M  Time_used 2H-26M Time_togo 149H-44M
Mean_return:0.34 Frame:3.26 M  Time_used 2H-28M Time_togo 149H-32M
Mean_return:0.37 Frame:3.32 M  Time_used 2H-31M Time_togo 149H-24M
Mean_return:0.42 Frame:3.37 M  Time_used 2H-33M Time_togo 149H-4M
Mean_return:0.51 Frame:3.43 M  Time_used 2H-35M Time_togo 148H-51M
Mean_return:0.66 Frame:3.50 M  Time_used 2H-38M Time_togo 148H-23M
Mean_return:0.5 Frame:3.56 M  Time_used 2H-40M Time_togo 147H-43M
Mean_return:0.57 Frame:3.63 M  Time_used 2H-43M Time_togo 147H-15M
Mean_return:0.66 Frame:3.70 M  Time_used 2H-46M Time_togo 146H-47M
Mean_return:0.73 Frame:3.78 M  Time_used 2H-49M Time_togo 146H-27M
Mean_return:0.93 Frame:3.86 M  Time_used 2H-52M Time_togo 145H-57M
Mean_return:0.89 Frame:3.94 M  Time_used 2H-55M Time_togo 145H-13M
------------------------------------------------------------
Num steps: 1000000  return: 266.7
------------------------------------------------------------
Mean_return:0.74 Frame:4.03 M  Time_used 3H-6M Time_togo 150H-54M
Mean_return:1.07 Frame:4.13 M  Time_used 3H-11M Time_togo 151H-41M
Mean_return:1.02 Frame:4.21 M  Time_used 3H-16M Time_togo 152H-27M
Mean_return:0.88 Frame:4.31 M  Time_used 3H-22M Time_togo 152H-49M
Mean_return:1.08 Frame:4.41 M  Time_used 3H-27M Time_togo 153H-34M
Mean_return:0.91 Frame:4.51 M  Time_used 3H-33M Time_togo 154H-8M
Mean_return:1.05 Frame:4.61 M  Time_used 3H-38M Time_togo 154H-36M
Mean_return:1.08 Frame:4.70 M  Time_used 3H-44M Time_togo 155H-8M
Mean_return:1.3 Frame:4.81 M  Time_used 3H-50M Time_togo 155H-39M
Mean_return:1.22 Frame:4.91 M  Time_used 3H-55M Time_togo 156H-2M
------------------------------------------------------------
Num steps: 1250000  return: 405.1
------------------------------------------------------------
Mean_return:1.1 Frame:5.01 M  Time_used 4H-9M Time_togo 161H-25M
Mean_return:0.97 Frame:5.11 M  Time_used 4H-14M Time_togo 161H-52M
Mean_return:1.26 Frame:5.22 M  Time_used 4H-21M Time_togo 162H-22M
Mean_return:1.15 Frame:5.32 M  Time_used 4H-25M Time_togo 161H-58M
Mean_return:1.11 Frame:5.42 M  Time_used 4H-30M Time_togo 162H-4M
Mean_return:1.18 Frame:5.52 M  Time_used 4H-36M Time_togo 162H-12M
Mean_return:1.35 Frame:5.62 M  Time_used 4H-41M Time_togo 162H-27M
Mean_return:1.29 Frame:5.73 M  Time_used 4H-47M Time_togo 162H-47M
Mean_return:1.29 Frame:5.83 M  Time_used 4H-53M Time_togo 162H-56M
Mean_return:1.34 Frame:5.93 M  Time_used 4H-58M Time_togo 163H-4M
------------------------------------------------------------
Num steps: 1500000  return: 348.8
------------------------------------------------------------
Mean_return:1.33 Frame:6.04 M  Time_used 5H-12M Time_togo 167H-32M
Mean_return:1.17 Frame:6.14 M  Time_used 5H-18M Time_togo 167H-32M
Mean_return:1.42 Frame:6.25 M  Time_used 5H-24M Time_togo 167H-32M
Mean_return:1.14 Frame:6.35 M  Time_used 5H-30M Time_togo 167H-40M
Mean_return:0.99 Frame:6.46 M  Time_used 5H-36M Time_togo 168H-1M
Mean_return:1.05 Frame:6.56 M  Time_used 5H-42M Time_togo 168H-11M
Mean_return:1.13 Frame:6.66 M  Time_used 5H-48M Time_togo 168H-28M
Mean_return:1.14 Frame:6.77 M  Time_used 5H-54M Time_togo 168H-27M
Mean_return:1.29 Frame:6.88 M  Time_used 5H-59M Time_togo 168H-16M
Mean_return:1.15 Frame:6.98 M  Time_used 6H-4M Time_togo 167H-53M
------------------------------------------------------------
Num steps: 1750000  return: 381.9
------------------------------------------------------------
Mean_return:1.17 Frame:7.08 M  Time_used 6H-17M Time_togo 171H-25M
Mean_return:1.3 Frame:7.19 M  Time_used 6H-23M Time_togo 171H-31M
Mean_return:1.18 Frame:7.30 M  Time_used 6H-29M Time_togo 171H-33M
Mean_return:1.22 Frame:7.40 M  Time_used 6H-35M Time_togo 171H-28M
Mean_return:1.49 Frame:7.50 M  Time_used 6H-41M Time_togo 171H-36M
Mean_return:1.37 Frame:7.61 M  Time_used 6H-47M Time_togo 171H-45M
Mean_return:1.45 Frame:7.72 M  Time_used 6H-53M Time_togo 171H-45M
Mean_return:1.23 Frame:7.82 M  Time_used 6H-59M Time_togo 171H-39M
Mean_return:1.35 Frame:7.92 M  Time_used 7H-4M Time_togo 171H-24M
------------------------------------------------------------
Num steps: 2000000  return: 469.5
------------------------------------------------------------
Mean_return:1.4 Frame:8.03 M  Time_used 7H-16M Time_togo 174H-13M
Mean_return:1.56 Frame:8.15 M  Time_used 7H-23M Time_togo 174H-8M
Mean_return:1.36 Frame:8.24 M  Time_used 7H-29M Time_togo 174H-9M
Mean_return:1.57 Frame:8.36 M  Time_used 7H-35M Time_togo 174H-3M
Mean_return:1.41 Frame:8.46 M  Time_used 7H-40M Time_togo 173H-57M
Mean_return:1.44 Frame:8.57 M  Time_used 7H-47M Time_togo 173H-56M
Mean_return:1.54 Frame:8.68 M  Time_used 7H-52M Time_togo 173H-39M
Mean_return:1.48 Frame:8.79 M  Time_used 7H-58M Time_togo 173H-27M
Mean_return:1.69 Frame:8.91 M  Time_used 8H-4M Time_togo 173H-17M
------------------------------------------------------------
Num steps: 2250000  return: 450.7
------------------------------------------------------------
Mean_return:1.53 Frame:9.01 M  Time_used 8H-17M Time_togo 175H-50M
Mean_return:1.41 Frame:9.12 M  Time_used 8H-24M Time_togo 175H-50M
Mean_return:1.4 Frame:9.23 M  Time_used 8H-31M Time_togo 176H-3M
Mean_return:1.42 Frame:9.34 M  Time_used 8H-37M Time_togo 176H-4M
Mean_return:1.35 Frame:9.44 M  Time_used 8H-42M Time_togo 175H-55M
Mean_return:1.22 Frame:9.54 M  Time_used 8H-48M Time_togo 175H-52M
Mean_return:1.39 Frame:9.65 M  Time_used 8H-54M Time_togo 175H-49M
Mean_return:1.41 Frame:9.76 M  Time_used 9H-1M Time_togo 175H-41M
Mean_return:1.31 Frame:9.87 M  Time_used 9H-6M Time_togo 175H-29M
Mean_return:1.63 Frame:9.98 M  Time_used 9H-11M Time_togo 175H-0M
------------------------------------------------------------
Num steps: 2500000  return: 516.2
------------------------------------------------------------
Mean_return:1.45 Frame:10.08 M  Time_used 9H-23M Time_togo 177H-3M
Mean_return:1.25 Frame:10.19 M  Time_used 9H-28M Time_togo 176H-35M
Mean_return:1.72 Frame:10.30 M  Time_used 9H-34M Time_togo 176H-10M
Mean_return:1.6 Frame:10.42 M  Time_used 9H-39M Time_togo 175H-45M
Mean_return:1.42 Frame:10.52 M  Time_used 9H-44M Time_togo 175H-20M
Mean_return:1.38 Frame:10.63 M  Time_used 9H-49M Time_togo 174H-54M
Mean_return:1.3 Frame:10.74 M  Time_used 9H-53M Time_togo 174H-27M
Mean_return:1.44 Frame:10.84 M  Time_used 9H-58M Time_togo 174H-0M
Mean_return:1.39 Frame:10.96 M  Time_used 10H-3M Time_togo 173H-35M
------------------------------------------------------------
Num steps: 2750000  return: 413.0
------------------------------------------------------------
Mean_return:1.64 Frame:11.07 M  Time_used 10H-16M Time_togo 175H-28M
Mean_return:1.48 Frame:11.17 M  Time_used 10H-21M Time_togo 175H-7M
Mean_return:1.3 Frame:11.27 M  Time_used 10H-26M Time_togo 174H-48M
Mean_return:1.62 Frame:11.38 M  Time_used 10H-31M Time_togo 174H-28M
Mean_return:1.22 Frame:11.48 M  Time_used 10H-36M Time_togo 174H-10M
Mean_return:1.29 Frame:11.57 M  Time_used 10H-40M Time_togo 173H-47M
Mean_return:1.58 Frame:11.68 M  Time_used 10H-45M Time_togo 173H-20M
Mean_return:1.46 Frame:11.79 M  Time_used 10H-50M Time_togo 172H-59M
Mean_return:1.38 Frame:11.89 M  Time_used 10H-54M Time_togo 172H-38M
------------------------------------------------------------
Num steps: 3000000  return: 452.7
------------------------------------------------------------
Mean_return:1.72 Frame:12.00 M  Time_used 11H-7M Time_togo 174H-18M
Mean_return:1.43 Frame:12.11 M  Time_used 11H-12M Time_togo 173H-57M
Mean_return:1.56 Frame:12.22 M  Time_used 11H-17M Time_togo 173H-33M
Mean_return:1.43 Frame:12.33 M  Time_used 11H-22M Time_togo 173H-10M
Mean_return:1.2 Frame:12.43 M  Time_used 11H-27M Time_togo 172H-49M
Mean_return:1.27 Frame:12.54 M  Time_used 11H-32M Time_togo 172H-28M
Mean_return:1.52 Frame:12.66 M  Time_used 11H-37M Time_togo 172H-9M
Mean_return:1.54 Frame:12.77 M  Time_used 11H-43M Time_togo 171H-54M
Mean_return:1.53 Frame:12.88 M  Time_used 11H-49M Time_togo 171H-36M
Mean_return:1.43 Frame:13.00 M  Time_used 11H-54M Time_togo 171H-17M
------------------------------------------------------------
Num steps: 3250000  return: 604.9
------------------------------------------------------------
Mean_return:1.53 Frame:13.10 M  Time_used 12H-6M Time_togo 172H-49M
Mean_return:1.73 Frame:13.22 M  Time_used 12H-12M Time_togo 172H-29M
Mean_return:1.51 Frame:13.33 M  Time_used 12H-17M Time_togo 172H-9M
Mean_return:1.29 Frame:13.43 M  Time_used 12H-22M Time_togo 171H-52M
Mean_return:1.28 Frame:13.54 M  Time_used 12H-27M Time_togo 171H-35M
Mean_return:1.59 Frame:13.65 M  Time_used 12H-32M Time_togo 171H-14M
Mean_return:1.31 Frame:13.76 M  Time_used 12H-37M Time_togo 170H-53M
Mean_return:1.51 Frame:13.86 M  Time_used 12H-42M Time_togo 170H-32M
Mean_return:1.73 Frame:13.98 M  Time_used 12H-47M Time_togo 170H-6M
------------------------------------------------------------
Num steps: 3500000  return: 500.7
------------------------------------------------------------
Mean_return:1.58 Frame:14.09 M  Time_used 12H-59M Time_togo 171H-24M
Mean_return:1.41 Frame:14.20 M  Time_used 13H-4M Time_togo 171H-3M
Mean_return:1.53 Frame:14.31 M  Time_used 13H-9M Time_togo 170H-43M
Mean_return:1.34 Frame:14.42 M  Time_used 13H-14M Time_togo 170H-22M
Mean_return:1.29 Frame:14.53 M  Time_used 13H-19M Time_togo 169H-59M
Mean_return:1.32 Frame:14.63 M  Time_used 13H-23M Time_togo 169H-38M
Mean_return:1.42 Frame:14.74 M  Time_used 13H-28M Time_togo 169H-16M
Mean_return:1.47 Frame:14.85 M  Time_used 13H-32M Time_togo 168H-54M
Mean_return:1.53 Frame:14.96 M  Time_used 13H-37M Time_togo 168H-31M
------------------------------------------------------------
Num steps: 3750000  return: 489.3
------------------------------------------------------------
Mean_return:1.32 Frame:15.06 M  Time_used 13H-49M Time_togo 169H-50M
Mean_return:1.53 Frame:15.17 M  Time_used 13H-54M Time_togo 169H-34M
Mean_return:1.27 Frame:15.27 M  Time_used 13H-59M Time_togo 169H-19M
Mean_return:1.6 Frame:15.38 M  Time_used 14H-4M Time_togo 169H-1M
Mean_return:1.46 Frame:15.49 M  Time_used 14H-9M Time_togo 168H-46M
Mean_return:1.42 Frame:15.59 M  Time_used 14H-14M Time_togo 168H-29M
Mean_return:1.43 Frame:15.69 M  Time_used 14H-19M Time_togo 168H-11M
Mean_return:1.57 Frame:15.80 M  Time_used 14H-24M Time_togo 167H-53M
Mean_return:1.65 Frame:15.91 M  Time_used 14H-29M Time_togo 167H-35M
------------------------------------------------------------
Num steps: 4000000  return: 471.1
------------------------------------------------------------
Mean_return:1.51 Frame:16.02 M  Time_used 14H-41M Time_togo 168H-44M
Mean_return:1.6 Frame:16.13 M  Time_used 14H-47M Time_togo 168H-33M
Mean_return:1.58 Frame:16.24 M  Time_used 14H-52M Time_togo 168H-15M
Mean_return:1.58 Frame:16.35 M  Time_used 14H-57M Time_togo 167H-57M
Mean_return:1.53 Frame:16.46 M  Time_used 15H-1M Time_togo 167H-37M
Mean_return:1.47 Frame:16.57 M  Time_used 15H-6M Time_togo 167H-21M
Mean_return:1.49 Frame:16.68 M  Time_used 15H-12M Time_togo 167H-3M
Mean_return:1.61 Frame:16.79 M  Time_used 15H-16M Time_togo 166H-44M
Mean_return:1.63 Frame:16.90 M  Time_used 15H-21M Time_togo 166H-25M
------------------------------------------------------------
Num steps: 4250000  return: 517.1
------------------------------------------------------------
Mean_return:1.8 Frame:17.02 M  Time_used 15H-34M Time_togo 167H-30M
Mean_return:1.3 Frame:17.12 M  Time_used 15H-39M Time_togo 167H-14M
Mean_return:1.5 Frame:17.23 M  Time_used 15H-44M Time_togo 166H-59M
Mean_return:1.34 Frame:17.33 M  Time_used 15H-49M Time_togo 166H-47M
Mean_return:1.64 Frame:17.44 M  Time_used 15H-54M Time_togo 166H-32M
Mean_return:1.69 Frame:17.55 M  Time_used 15H-59M Time_togo 166H-19M
Mean_return:1.78 Frame:17.66 M  Time_used 16H-4M Time_togo 166H-2M
Mean_return:1.52 Frame:17.76 M  Time_used 16H-9M Time_togo 165H-49M
Mean_return:1.45 Frame:17.86 M  Time_used 16H-14M Time_togo 165H-37M
Mean_return:1.7 Frame:17.97 M  Time_used 16H-19M Time_togo 165H-20M
------------------------------------------------------------
Num steps: 4500000  return: 518.4
------------------------------------------------------------
Mean_return:1.81 Frame:18.08 M  Time_used 16H-32M Time_togo 166H-25M
Mean_return:1.68 Frame:18.18 M  Time_used 16H-37M Time_togo 166H-11M
Mean_return:1.48 Frame:18.29 M  Time_used 16H-42M Time_togo 165H-57M
Mean_return:1.52 Frame:18.38 M  Time_used 16H-46M Time_togo 165H-47M
Mean_return:1.66 Frame:18.49 M  Time_used 16H-51M Time_togo 165H-33M
Mean_return:1.67 Frame:18.60 M  Time_used 16H-57M Time_togo 165H-20M
Mean_return:1.38 Frame:18.72 M  Time_used 17H-2M Time_togo 165H-8M
Mean_return:1.61 Frame:18.83 M  Time_used 17H-8M Time_togo 164H-56M
Mean_return:1.68 Frame:18.94 M  Time_used 17H-13M Time_togo 164H-44M
------------------------------------------------------------
Num steps: 4750000  return: 487.9
------------------------------------------------------------
Mean_return:1.83 Frame:19.05 M  Time_used 17H-26M Time_togo 165H-45M
Mean_return:1.79 Frame:19.16 M  Time_used 17H-32M Time_togo 165H-31M
Mean_return:1.87 Frame:19.28 M  Time_used 17H-37M Time_togo 165H-18M
Mean_return:1.83 Frame:19.38 M  Time_used 17H-43M Time_togo 165H-6M
Mean_return:1.49 Frame:19.50 M  Time_used 17H-48M Time_togo 164H-53M
Mean_return:1.68 Frame:19.61 M  Time_used 17H-54M Time_togo 164H-39M
Mean_return:1.32 Frame:19.72 M  Time_used 17H-59M Time_togo 164H-25M
Mean_return:1.69 Frame:19.84 M  Time_used 18H-4M Time_togo 164H-10M
Mean_return:1.7 Frame:19.95 M  Time_used 18H-9M Time_togo 163H-57M
------------------------------------------------------------
Num steps: 5000000  return: 538.2
------------------------------------------------------------
Mean_return:1.8 Frame:20.06 M  Time_used 18H-22M Time_togo 164H-52M
Mean_return:1.73 Frame:20.17 M  Time_used 18H-28M Time_togo 164H-38M
Mean_return:1.58 Frame:20.28 M  Time_used 18H-33M Time_togo 164H-23M
Mean_return:1.98 Frame:20.40 M  Time_used 18H-38M Time_togo 164H-9M
Mean_return:1.75 Frame:20.52 M  Time_used 18H-44M Time_togo 163H-57M
Mean_return:1.59 Frame:20.62 M  Time_used 18H-49M Time_togo 163H-45M
Mean_return:1.69 Frame:20.74 M  Time_used 18H-54M Time_togo 163H-28M
Mean_return:1.82 Frame:20.84 M  Time_used 19H-0M Time_togo 163H-19M
Mean_return:1.69 Frame:20.95 M  Time_used 19H-5M Time_togo 163H-7M
------------------------------------------------------------
Num steps: 5250000  return: 592.0
------------------------------------------------------------
Mean_return:1.69 Frame:21.06 M  Time_used 19H-18M Time_togo 164H-0M
Mean_return:1.5 Frame:21.17 M  Time_used 19H-23M Time_togo 163H-50M
Mean_return:1.93 Frame:21.28 M  Time_used 19H-29M Time_togo 163H-37M
Mean_return:1.89 Frame:21.39 M  Time_used 19H-34M Time_togo 163H-23M
Mean_return:2.12 Frame:21.50 M  Time_used 19H-39M Time_togo 163H-10M
Mean_return:1.78 Frame:21.61 M  Time_used 19H-44M Time_togo 162H-59M
Mean_return:1.5 Frame:21.71 M  Time_used 19H-49M Time_togo 162H-45M
Mean_return:1.76 Frame:21.82 M  Time_used 19H-54M Time_togo 162H-31M
Mean_return:1.89 Frame:21.93 M  Time_used 19H-59M Time_togo 162H-19M
------------------------------------------------------------
Num steps: 5500000  return: 393.6
------------------------------------------------------------
Mean_return:2.26 Frame:22.05 M  Time_used 20H-13M Time_togo 163H-9M
Mean_return:2.02 Frame:22.16 M  Time_used 20H-18M Time_togo 162H-55M
Mean_return:1.81 Frame:22.27 M  Time_used 20H-23M Time_togo 162H-42M
Mean_return:1.68 Frame:22.39 M  Time_used 20H-28M Time_togo 162H-28M
Mean_return:1.77 Frame:22.50 M  Time_used 20H-33M Time_togo 162H-13M
Mean_return:1.65 Frame:22.61 M  Time_used 20H-39M Time_togo 162H-0M
Mean_return:1.95 Frame:22.72 M  Time_used 20H-44M Time_togo 161H-51M
Mean_return:1.97 Frame:22.83 M  Time_used 20H-49M Time_togo 161H-40M
Mean_return:1.62 Frame:22.93 M  Time_used 20H-54M Time_togo 161H-28M
------------------------------------------------------------
Num steps: 5750000  return: 623.6
------------------------------------------------------------
Mean_return:1.97 Frame:23.05 M  Time_used 21H-7M Time_togo 162H-14M
Mean_return:1.65 Frame:23.15 M  Time_used 21H-12M Time_togo 162H-2M
Mean_return:1.8 Frame:23.25 M  Time_used 21H-17M Time_togo 161H-49M
Mean_return:2.02 Frame:23.37 M  Time_used 21H-22M Time_togo 161H-35M
Mean_return:2.05 Frame:23.48 M  Time_used 21H-27M Time_togo 161H-21M
Mean_return:1.97 Frame:23.59 M  Time_used 21H-32M Time_togo 161H-8M
Mean_return:2.15 Frame:23.70 M  Time_used 21H-37M Time_togo 160H-54M
Mean_return:2.02 Frame:23.82 M  Time_used 21H-43M Time_togo 160H-43M
Mean_return:1.86 Frame:23.92 M  Time_used 21H-48M Time_togo 160H-30M
------------------------------------------------------------
Num steps: 6000000  return: 594.4
------------------------------------------------------------
Mean_return:2.25 Frame:24.04 M  Time_used 22H-1M Time_togo 161H-13M
Mean_return:1.93 Frame:24.15 M  Time_used 22H-6M Time_togo 161H-2M
Mean_return:2.0 Frame:24.25 M  Time_used 22H-11M Time_togo 160H-52M
Mean_return:1.79 Frame:24.35 M  Time_used 22H-16M Time_togo 160H-39M
Mean_return:2.17 Frame:24.47 M  Time_used 22H-21M Time_togo 160H-25M
Mean_return:2.13 Frame:24.58 M  Time_used 22H-27M Time_togo 160H-14M
Mean_return:2.08 Frame:24.70 M  Time_used 22H-32M Time_togo 160H-1M
Mean_return:2.25 Frame:24.82 M  Time_used 22H-38M Time_togo 159H-46M
Mean_return:2.02 Frame:24.93 M  Time_used 22H-43M Time_togo 159H-36M
------------------------------------------------------------
Num steps: 6250000  return: 698.7
------------------------------------------------------------
Mean_return:2.03 Frame:25.04 M  Time_used 22H-56M Time_togo 160H-17M
Mean_return:2.32 Frame:25.15 M  Time_used 23H-1M Time_togo 160H-3M
Mean_return:2.08 Frame:25.26 M  Time_used 23H-6M Time_togo 159H-49M
Mean_return:1.82 Frame:25.37 M  Time_used 23H-11M Time_togo 159H-37M
Mean_return:1.56 Frame:25.48 M  Time_used 23H-16M Time_togo 159H-25M
Mean_return:1.6 Frame:25.59 M  Time_used 23H-21M Time_togo 159H-12M
Mean_return:1.81 Frame:25.70 M  Time_used 23H-26M Time_togo 158H-58M
Mean_return:1.59 Frame:25.81 M  Time_used 23H-31M Time_togo 158H-45M
Mean_return:2.46 Frame:25.93 M  Time_used 23H-36M Time_togo 158H-31M
------------------------------------------------------------
Num steps: 6500000  return: 900.7
------------------------------------------------------------
Mean_return:2.33 Frame:26.04 M  Time_used 23H-49M Time_togo 159H-10M
Mean_return:2.05 Frame:26.16 M  Time_used 23H-54M Time_togo 158H-57M
Mean_return:2.29 Frame:26.27 M  Time_used 24H-0M Time_togo 158H-43M
Mean_return:2.25 Frame:26.38 M  Time_used 24H-5M Time_togo 158H-30M
Mean_return:2.35 Frame:26.50 M  Time_used 24H-10M Time_togo 158H-16M
Mean_return:2.13 Frame:26.61 M  Time_used 24H-15M Time_togo 158H-3M
Mean_return:2.27 Frame:26.71 M  Time_used 24H-20M Time_togo 157H-50M
Mean_return:2.16 Frame:26.82 M  Time_used 24H-24M Time_togo 157H-37M
Mean_return:2.2 Frame:26.93 M  Time_used 24H-29M Time_togo 157H-24M
------------------------------------------------------------
Num steps: 6750000  return: 691.9
------------------------------------------------------------
Mean_return:2.44 Frame:27.04 M  Time_used 24H-42M Time_togo 158H-2M
Mean_return:2.17 Frame:27.15 M  Time_used 24H-47M Time_togo 157H-48M
Mean_return:1.9 Frame:27.25 M  Time_used 24H-52M Time_togo 157H-37M
Mean_return:2.05 Frame:27.36 M  Time_used 24H-56M Time_togo 157H-23M
Mean_return:2.08 Frame:27.47 M  Time_used 25H-1M Time_togo 157H-10M
Mean_return:2.1 Frame:27.57 M  Time_used 25H-5M Time_togo 156H-57M
Mean_return:2.08 Frame:27.68 M  Time_used 25H-10M Time_togo 156H-44M
Mean_return:1.85 Frame:27.79 M  Time_used 25H-15M Time_togo 156H-32M
Mean_return:2.31 Frame:27.90 M  Time_used 25H-20M Time_togo 156H-21M
------------------------------------------------------------
Num steps: 7000000  return: 851.4
------------------------------------------------------------
Mean_return:2.46 Frame:28.02 M  Time_used 25H-34M Time_togo 156H-58M
Mean_return:2.53 Frame:28.13 M  Time_used 25H-39M Time_togo 156H-45M
Mean_return:2.3 Frame:28.24 M  Time_used 25H-44M Time_togo 156H-35M
Mean_return:2.37 Frame:28.36 M  Time_used 25H-49M Time_togo 156H-21M
Mean_return:2.33 Frame:28.47 M  Time_used 25H-54M Time_togo 156H-8M
Mean_return:2.14 Frame:28.58 M  Time_used 26H-0M Time_togo 155H-56M
Mean_return:2.2 Frame:28.69 M  Time_used 26H-4M Time_togo 155H-43M
Mean_return:2.17 Frame:28.80 M  Time_used 26H-9M Time_togo 155H-32M
Mean_return:2.23 Frame:28.90 M  Time_used 26H-14M Time_togo 155H-21M
------------------------------------------------------------
Num steps: 7250000  return: 707.9
------------------------------------------------------------
Mean_return:2.49 Frame:29.02 M  Time_used 26H-27M Time_togo 155H-55M
Mean_return:2.24 Frame:29.13 M  Time_used 26H-33M Time_togo 155H-44M
Mean_return:2.15 Frame:29.23 M  Time_used 26H-37M Time_togo 155H-34M
Mean_return:2.69 Frame:29.34 M  Time_used 26H-42M Time_togo 155H-20M
Mean_return:2.39 Frame:29.45 M  Time_used 26H-47M Time_togo 155H-6M
Mean_return:2.52 Frame:29.57 M  Time_used 26H-52M Time_togo 154H-53M
Mean_return:2.58 Frame:29.69 M  Time_used 26H-57M Time_togo 154H-40M
Mean_return:2.25 Frame:29.81 M  Time_used 27H-3M Time_togo 154H-27M
Mean_return:1.97 Frame:29.92 M  Time_used 27H-8M Time_togo 154H-16M
------------------------------------------------------------
Num steps: 7500000  return: 584.0
------------------------------------------------------------
Mean_return:1.98 Frame:30.03 M  Time_used 27H-20M Time_togo 154H-49M
Mean_return:1.97 Frame:30.13 M  Time_used 27H-25M Time_togo 154H-39M
Mean_return:2.37 Frame:30.25 M  Time_used 27H-31M Time_togo 154H-27M
Mean_return:2.2 Frame:30.36 M  Time_used 27H-36M Time_togo 154H-16M
Mean_return:2.03 Frame:30.46 M  Time_used 27H-40M Time_togo 154H-4M
Mean_return:1.73 Frame:30.56 M  Time_used 27H-45M Time_togo 153H-53M
Mean_return:2.13 Frame:30.67 M  Time_used 27H-50M Time_togo 153H-41M
Mean_return:2.06 Frame:30.78 M  Time_used 27H-54M Time_togo 153H-29M
Mean_return:2.18 Frame:30.89 M  Time_used 27H-59M Time_togo 153H-16M
Mean_return:2.22 Frame:30.99 M  Time_used 28H-4M Time_togo 153H-5M
------------------------------------------------------------
Num steps: 7750000  return: 678.1
------------------------------------------------------------
Mean_return:2.34 Frame:31.10 M  Time_used 28H-17M Time_togo 153H-37M
Mean_return:2.3 Frame:31.21 M  Time_used 28H-22M Time_togo 153H-27M
Mean_return:2.12 Frame:31.33 M  Time_used 28H-27M Time_togo 153H-15M
Mean_return:2.29 Frame:31.44 M  Time_used 28H-32M Time_togo 153H-3M
Mean_return:2.14 Frame:31.55 M  Time_used 28H-37M Time_togo 152H-51M
Mean_return:1.99 Frame:31.65 M  Time_used 28H-42M Time_togo 152H-41M
Mean_return:2.13 Frame:31.77 M  Time_used 28H-47M Time_togo 152H-30M
Mean_return:2.19 Frame:31.88 M  Time_used 28H-52M Time_togo 152H-17M
Mean_return:2.25 Frame:32.00 M  Time_used 28H-58M Time_togo 152H-7M
------------------------------------------------------------
Num steps: 8000000  return: 695.8
------------------------------------------------------------
Mean_return:2.21 Frame:32.11 M  Time_used 29H-11M Time_togo 152H-37M
Mean_return:2.07 Frame:32.22 M  Time_used 29H-16M Time_togo 152H-28M
Mean_return:2.27 Frame:32.32 M  Time_used 29H-21M Time_togo 152H-17M
Mean_return:2.12 Frame:32.43 M  Time_used 29H-26M Time_togo 152H-6M
Mean_return:2.11 Frame:32.55 M  Time_used 29H-31M Time_togo 151H-55M
Mean_return:2.04 Frame:32.66 M  Time_used 29H-36M Time_togo 151H-42M
Mean_return:1.9 Frame:32.78 M  Time_used 29H-42M Time_togo 151H-31M
Mean_return:2.33 Frame:32.89 M  Time_used 29H-47M Time_togo 151H-21M
------------------------------------------------------------
Num steps: 8250000  return: 626.9
------------------------------------------------------------
Mean_return:2.28 Frame:33.00 M  Time_used 30H-0M Time_togo 151H-51M
Mean_return:2.29 Frame:33.12 M  Time_used 30H-6M Time_togo 151H-39M
Mean_return:2.07 Frame:33.23 M  Time_used 30H-10M Time_togo 151H-27M
Mean_return:2.05 Frame:33.34 M  Time_used 30H-15M Time_togo 151H-16M
Mean_return:1.96 Frame:33.45 M  Time_used 30H-20M Time_togo 151H-4M
Mean_return:1.93 Frame:33.56 M  Time_used 30H-25M Time_togo 150H-52M
Mean_return:2.27 Frame:33.67 M  Time_used 30H-30M Time_togo 150H-41M
Mean_return:2.53 Frame:33.79 M  Time_used 30H-35M Time_togo 150H-29M
Mean_return:2.54 Frame:33.90 M  Time_used 30H-40M Time_togo 150H-17M
------------------------------------------------------------
Num steps: 8500000  return: 819.6
------------------------------------------------------------
Mean_return:2.28 Frame:34.01 M  Time_used 30H-53M Time_togo 150H-46M
Mean_return:2.13 Frame:34.12 M  Time_used 30H-58M Time_togo 150H-35M
Mean_return:2.07 Frame:34.22 M  Time_used 31H-2M Time_togo 150H-23M
Mean_return:2.18 Frame:34.33 M  Time_used 31H-8M Time_togo 150H-14M
Mean_return:2.23 Frame:34.44 M  Time_used 31H-12M Time_togo 150H-4M
Mean_return:2.16 Frame:34.55 M  Time_used 31H-18M Time_togo 149H-54M
Mean_return:2.16 Frame:34.67 M  Time_used 31H-23M Time_togo 149H-42M
Mean_return:2.25 Frame:34.78 M  Time_used 31H-28M Time_togo 149H-31M
Mean_return:2.18 Frame:34.89 M  Time_used 31H-33M Time_togo 149H-20M
Mean_return:1.99 Frame:35.00 M  Time_used 31H-38M Time_togo 149H-10M
------------------------------------------------------------
Num steps: 8750000  return: 542.9
------------------------------------------------------------
Mean_return:1.92 Frame:35.11 M  Time_used 31H-51M Time_togo 149H-35M
Mean_return:2.27 Frame:35.22 M  Time_used 31H-56M Time_togo 149H-23M
Mean_return:2.32 Frame:35.34 M  Time_used 32H-1M Time_togo 149H-11M
Mean_return:2.49 Frame:35.46 M  Time_used 32H-6M Time_togo 148H-59M
Mean_return:2.3 Frame:35.57 M  Time_used 32H-11M Time_togo 148H-48M
Mean_return:2.25 Frame:35.68 M  Time_used 32H-16M Time_togo 148H-38M
Mean_return:2.11 Frame:35.79 M  Time_used 32H-22M Time_togo 148H-31M
Mean_return:2.09 Frame:35.90 M  Time_used 32H-27M Time_togo 148H-21M
------------------------------------------------------------
Num steps: 9000000  return: 489.4
------------------------------------------------------------
Mean_return:2.07 Frame:36.00 M  Time_used 32H-39M Time_togo 148H-46M
Mean_return:2.1 Frame:36.10 M  Time_used 32H-44M Time_togo 148H-37M
Mean_return:2.19 Frame:36.21 M  Time_used 32H-49M Time_togo 148H-29M
Mean_return:1.89 Frame:36.32 M  Time_used 32H-54M Time_togo 148H-18M
Mean_return:2.21 Frame:36.43 M  Time_used 32H-59M Time_togo 148H-8M
Mean_return:2.27 Frame:36.53 M  Time_used 33H-3M Time_togo 147H-57M
Mean_return:2.14 Frame:36.63 M  Time_used 33H-8M Time_togo 147H-46M
Mean_return:2.25 Frame:36.75 M  Time_used 33H-13M Time_togo 147H-34M
Mean_return:2.48 Frame:36.86 M  Time_used 33H-17M Time_togo 147H-22M
Mean_return:2.32 Frame:36.97 M  Time_used 33H-22M Time_togo 147H-11M
------------------------------------------------------------
Num steps: 9250000  return: 561.1
------------------------------------------------------------
Mean_return:2.15 Frame:37.08 M  Time_used 33H-35M Time_togo 147H-34M
Mean_return:2.15 Frame:37.19 M  Time_used 33H-40M Time_togo 147H-22M
Mean_return:2.24 Frame:37.31 M  Time_used 33H-45M Time_togo 147H-11M
Mean_return:2.13 Frame:37.41 M  Time_used 33H-49M Time_togo 147H-1M
Mean_return:1.97 Frame:37.51 M  Time_used 33H-54M Time_togo 146H-52M
Mean_return:2.23 Frame:37.62 M  Time_used 33H-59M Time_togo 146H-42M
Mean_return:2.2 Frame:37.73 M  Time_used 34H-4M Time_togo 146H-31M
Mean_return:1.77 Frame:37.83 M  Time_used 34H-8M Time_togo 146H-21M
Mean_return:2.13 Frame:37.94 M  Time_used 34H-13M Time_togo 146H-10M
------------------------------------------------------------
Num steps: 9500000  return: 694.3
------------------------------------------------------------
Mean_return:2.07 Frame:38.05 M  Time_used 34H-25M Time_togo 146H-33M
Mean_return:1.9 Frame:38.16 M  Time_used 34H-30M Time_togo 146H-23M
Mean_return:2.28 Frame:38.26 M  Time_used 34H-35M Time_togo 146H-14M
Mean_return:2.38 Frame:38.37 M  Time_used 34H-40M Time_togo 146H-3M
Mean_return:2.39 Frame:38.48 M  Time_used 34H-45M Time_togo 145H-54M
Mean_return:1.95 Frame:38.59 M  Time_used 34H-50M Time_togo 145H-45M
Mean_return:2.15 Frame:38.69 M  Time_used 34H-55M Time_togo 145H-36M
Mean_return:2.19 Frame:38.80 M  Time_used 35H-0M Time_togo 145H-26M
Mean_return:2.24 Frame:38.91 M  Time_used 35H-5M Time_togo 145H-17M
------------------------------------------------------------
Num steps: 9750000  return: 713.0
------------------------------------------------------------
Mean_return:2.04 Frame:39.02 M  Time_used 35H-18M Time_togo 145H-38M
Mean_return:2.29 Frame:39.14 M  Time_used 35H-23M Time_togo 145H-27M
Mean_return:2.41 Frame:39.25 M  Time_used 35H-28M Time_togo 145H-15M
Mean_return:2.25 Frame:39.37 M  Time_used 35H-33M Time_togo 145H-3M
Mean_return:2.02 Frame:39.48 M  Time_used 35H-37M Time_togo 144H-52M
Mean_return:2.32 Frame:39.59 M  Time_used 35H-42M Time_togo 144H-41M
Mean_return:2.29 Frame:39.70 M  Time_used 35H-47M Time_togo 144H-30M
Mean_return:2.26 Frame:39.81 M  Time_used 35H-52M Time_togo 144H-19M
Mean_return:2.45 Frame:39.93 M  Time_used 35H-57M Time_togo 144H-10M
------------------------------------------------------------
Num steps: 10000000  return: 567.8
------------------------------------------------------------
Mean_return:2.36 Frame:40.04 M  Time_used 36H-10M Time_togo 144H-31M
Mean_return:2.2 Frame:40.16 M  Time_used 36H-15M Time_togo 144H-20M
Mean_return:2.44 Frame:40.27 M  Time_used 36H-20M Time_togo 144H-10M
Mean_return:2.29 Frame:40.38 M  Time_used 36H-25M Time_togo 144H-0M
Mean_return:2.52 Frame:40.49 M  Time_used 36H-30M Time_togo 143H-49M
Mean_return:1.98 Frame:40.59 M  Time_used 36H-34M Time_togo 143H-39M
Mean_return:2.17 Frame:40.70 M  Time_used 36H-39M Time_togo 143H-29M
Mean_return:2.4 Frame:40.81 M  Time_used 36H-44M Time_togo 143H-20M
Mean_return:2.16 Frame:40.92 M  Time_used 36H-49M Time_togo 143H-10M
------------------------------------------------------------
Num steps: 10250000  return: 768.8
------------------------------------------------------------
Mean_return:1.92 Frame:41.03 M  Time_used 37H-2M Time_togo 143H-30M
Mean_return:2.22 Frame:41.14 M  Time_used 37H-7M Time_togo 143H-21M
Mean_return:2.06 Frame:41.26 M  Time_used 37H-12M Time_togo 143H-11M
Mean_return:2.19 Frame:41.37 M  Time_used 37H-17M Time_togo 143H-0M
Mean_return:1.91 Frame:41.48 M  Time_used 37H-22M Time_togo 142H-49M
Mean_return:2.02 Frame:41.59 M  Time_used 37H-26M Time_togo 142H-39M
Mean_return:2.34 Frame:41.69 M  Time_used 37H-31M Time_togo 142H-28M
Mean_return:2.06 Frame:41.81 M  Time_used 37H-36M Time_togo 142H-17M
Mean_return:2.25 Frame:41.91 M  Time_used 37H-40M Time_togo 142H-8M
------------------------------------------------------------
Num steps: 10500000  return: 660.8
------------------------------------------------------------
Mean_return:2.35 Frame:42.02 M  Time_used 37H-53M Time_togo 142H-28M
Mean_return:2.48 Frame:42.14 M  Time_used 37H-58M Time_togo 142H-17M
Mean_return:2.41 Frame:42.25 M  Time_used 38H-4M Time_togo 142H-8M
Mean_return:2.29 Frame:42.36 M  Time_used 38H-9M Time_togo 141H-59M
Mean_return:2.59 Frame:42.47 M  Time_used 38H-13M Time_togo 141H-48M
Mean_return:2.3 Frame:42.58 M  Time_used 38H-18M Time_togo 141H-37M
Mean_return:2.32 Frame:42.70 M  Time_used 38H-23M Time_togo 141H-27M
Mean_return:2.18 Frame:42.80 M  Time_used 38H-28M Time_togo 141H-17M
Mean_return:2.29 Frame:42.91 M  Time_used 38H-33M Time_togo 141H-7M
------------------------------------------------------------
Num steps: 10750000  return: 627.0
------------------------------------------------------------
Mean_return:2.26 Frame:43.03 M  Time_used 38H-46M Time_togo 141H-26M
Mean_return:2.28 Frame:43.14 M  Time_used 38H-51M Time_togo 141H-16M
Mean_return:2.15 Frame:43.25 M  Time_used 38H-55M Time_togo 141H-6M
Mean_return:2.11 Frame:43.35 M  Time_used 39H-0M Time_togo 140H-57M
Mean_return:2.03 Frame:43.46 M  Time_used 39H-5M Time_togo 140H-48M
Mean_return:2.27 Frame:43.57 M  Time_used 39H-10M Time_togo 140H-39M
Mean_return:2.05 Frame:43.68 M  Time_used 39H-15M Time_togo 140H-30M
Mean_return:2.06 Frame:43.79 M  Time_used 39H-20M Time_togo 140H-21M
Mean_return:2.12 Frame:43.90 M  Time_used 39H-25M Time_togo 140H-12M
Mean_return:2.07 Frame:44.00 M  Time_used 39H-30M Time_togo 140H-2M
------------------------------------------------------------
Num steps: 11000000  return: 744.1
------------------------------------------------------------
Mean_return:2.49 Frame:44.11 M  Time_used 39H-43M Time_togo 140H-22M
Mean_return:2.31 Frame:44.22 M  Time_used 39H-48M Time_togo 140H-14M
Mean_return:2.02 Frame:44.32 M  Time_used 39H-53M Time_togo 140H-7M
Mean_return:2.28 Frame:44.44 M  Time_used 39H-59M Time_togo 139H-58M
Mean_return:2.34 Frame:44.55 M  Time_used 40H-4M Time_togo 139H-49M
Mean_return:2.05 Frame:44.67 M  Time_used 40H-9M Time_togo 139H-40M
Mean_return:2.03 Frame:44.78 M  Time_used 40H-15M Time_togo 139H-31M
Mean_return:2.11 Frame:44.90 M  Time_used 40H-20M Time_togo 139H-22M
------------------------------------------------------------
Num steps: 11250000  return: 765.6
------------------------------------------------------------
Mean_return:2.37 Frame:45.02 M  Time_used 40H-33M Time_togo 139H-40M
Mean_return:2.27 Frame:45.12 M  Time_used 40H-39M Time_togo 139H-32M
Mean_return:2.25 Frame:45.24 M  Time_used 40H-44M Time_togo 139H-23M
Mean_return:2.62 Frame:45.35 M  Time_used 40H-50M Time_togo 139H-15M
Mean_return:2.12 Frame:45.46 M  Time_used 40H-55M Time_togo 139H-7M
Mean_return:2.29 Frame:45.57 M  Time_used 41H-0M Time_togo 138H-58M
Mean_return:2.54 Frame:45.69 M  Time_used 41H-6M Time_togo 138H-50M
Mean_return:2.26 Frame:45.80 M  Time_used 41H-11M Time_togo 138H-42M
Mean_return:2.41 Frame:45.91 M  Time_used 41H-17M Time_togo 138H-33M
------------------------------------------------------------
Num steps: 11500000  return: 1205.7
------------------------------------------------------------
Mean_return:2.28 Frame:46.02 M  Time_used 41H-30M Time_togo 138H-51M
Mean_return:2.33 Frame:46.14 M  Time_used 41H-35M Time_togo 138H-42M
Mean_return:2.25 Frame:46.25 M  Time_used 41H-41M Time_togo 138H-34M
Mean_return:1.99 Frame:46.36 M  Time_used 41H-46M Time_togo 138H-26M
Mean_return:2.02 Frame:46.47 M  Time_used 41H-51M Time_togo 138H-17M
Mean_return:2.41 Frame:46.59 M  Time_used 41H-57M Time_togo 138H-8M
Mean_return:2.32 Frame:46.70 M  Time_used 42H-2M Time_togo 137H-59M
Mean_return:2.47 Frame:46.82 M  Time_used 42H-7M Time_togo 137H-50M
Mean_return:2.32 Frame:46.93 M  Time_used 42H-12M Time_togo 137H-40M
------------------------------------------------------------
Num steps: 11750000  return: 685.8
------------------------------------------------------------
Mean_return:2.43 Frame:47.04 M  Time_used 42H-25M Time_togo 137H-57M
Mean_return:2.45 Frame:47.15 M  Time_used 42H-30M Time_togo 137H-48M
Mean_return:2.75 Frame:47.26 M  Time_used 42H-35M Time_togo 137H-39M
Mean_return:2.21 Frame:47.38 M  Time_used 42H-40M Time_togo 137H-30M
Mean_return:2.07 Frame:47.48 M  Time_used 42H-45M Time_togo 137H-21M
Mean_return:2.04 Frame:47.59 M  Time_used 42H-50M Time_togo 137H-13M
Mean_return:2.24 Frame:47.70 M  Time_used 42H-55M Time_togo 137H-4M
Mean_return:2.71 Frame:47.81 M  Time_used 43H-0M Time_togo 136H-54M
Mean_return:2.35 Frame:47.92 M  Time_used 43H-5M Time_togo 136H-45M
------------------------------------------------------------
Num steps: 12000000  return: 578.3
------------------------------------------------------------
Mean_return:2.28 Frame:48.03 M  Time_used 43H-18M Time_togo 137H-2M
Mean_return:2.22 Frame:48.14 M  Time_used 43H-23M Time_togo 136H-53M
Mean_return:1.92 Frame:48.25 M  Time_used 43H-28M Time_togo 136H-45M
Mean_return:2.68 Frame:48.37 M  Time_used 43H-34M Time_togo 136H-36M
Mean_return:2.15 Frame:48.48 M  Time_used 43H-39M Time_togo 136H-26M
Mean_return:2.31 Frame:48.59 M  Time_used 43H-44M Time_togo 136H-17M
Mean_return:2.02 Frame:48.70 M  Time_used 43H-49M Time_togo 136H-11M
Mean_return:2.19 Frame:48.80 M  Time_used 43H-54M Time_togo 136H-3M
Mean_return:2.38 Frame:48.91 M  Time_used 43H-59M Time_togo 135H-54M
------------------------------------------------------------
Num steps: 12250000  return: 759.7
------------------------------------------------------------
Mean_return:2.56 Frame:49.03 M  Time_used 44H-13M Time_togo 136H-9M
Mean_return:2.06 Frame:49.13 M  Time_used 44H-17M Time_togo 136H-2M
Mean_return:2.4 Frame:49.24 M  Time_used 44H-23M Time_togo 135H-52M
Mean_return:2.24 Frame:49.36 M  Time_used 44H-28M Time_togo 135H-42M
Mean_return:1.68 Frame:49.46 M  Time_used 44H-33M Time_togo 135H-34M
Mean_return:2.36 Frame:49.58 M  Time_used 44H-38M Time_togo 135H-26M
Mean_return:2.51 Frame:49.69 M  Time_used 44H-43M Time_togo 135H-17M
Mean_return:2.37 Frame:49.80 M  Time_used 44H-48M Time_togo 135H-9M
Mean_return:2.15 Frame:49.91 M  Time_used 44H-53M Time_togo 135H-1M
------------------------------------------------------------
Num steps: 12500000  return: 757.0
------------------------------------------------------------
Mean_return:2.49 Frame:50.03 M  Time_used 45H-7M Time_togo 135H-15M
Mean_return:2.09 Frame:50.13 M  Time_used 45H-12M Time_togo 135H-7M
Mean_return:2.52 Frame:50.25 M  Time_used 45H-17M Time_togo 134H-59M
Mean_return:2.54 Frame:50.36 M  Time_used 45H-22M Time_togo 134H-50M
Mean_return:2.08 Frame:50.47 M  Time_used 45H-28M Time_togo 134H-43M
Mean_return:1.96 Frame:50.58 M  Time_used 45H-33M Time_togo 134H-34M
Mean_return:2.48 Frame:50.70 M  Time_used 45H-39M Time_togo 134H-26M
Mean_return:2.58 Frame:50.82 M  Time_used 45H-44M Time_togo 134H-16M
Mean_return:2.11 Frame:50.93 M  Time_used 45H-49M Time_togo 134H-8M
------------------------------------------------------------
Num steps: 12750000  return: 731.9
------------------------------------------------------------
Mean_return:2.02 Frame:51.04 M  Time_used 46H-2M Time_togo 134H-22M
Mean_return:2.13 Frame:51.16 M  Time_used 46H-8M Time_togo 134H-13M
Mean_return:2.23 Frame:51.27 M  Time_used 46H-13M Time_togo 134H-5M
Mean_return:2.2 Frame:51.38 M  Time_used 46H-18M Time_togo 133H-56M
Mean_return:2.12 Frame:51.49 M  Time_used 46H-23M Time_togo 133H-47M
Mean_return:2.2 Frame:51.60 M  Time_used 46H-28M Time_togo 133H-39M
Mean_return:2.36 Frame:51.71 M  Time_used 46H-33M Time_togo 133H-31M
Mean_return:2.27 Frame:51.82 M  Time_used 46H-38M Time_togo 133H-22M
Mean_return:2.12 Frame:51.93 M  Time_used 46H-43M Time_togo 133H-13M
------------------------------------------------------------
Num steps: 13000000  return: 622.1
------------------------------------------------------------
Mean_return:2.22 Frame:52.05 M  Time_used 46H-57M Time_togo 133H-28M
Mean_return:2.25 Frame:52.16 M  Time_used 47H-2M Time_togo 133H-21M
Mean_return:2.26 Frame:52.27 M  Time_used 47H-8M Time_togo 133H-13M
Mean_return:2.34 Frame:52.38 M  Time_used 47H-13M Time_togo 133H-5M
Mean_return:2.38 Frame:52.49 M  Time_used 47H-18M Time_togo 132H-57M
Mean_return:2.49 Frame:52.61 M  Time_used 47H-24M Time_togo 132H-47M
Mean_return:1.86 Frame:52.72 M  Time_used 47H-28M Time_togo 132H-38M
Mean_return:2.18 Frame:52.82 M  Time_used 47H-33M Time_togo 132H-30M
Mean_return:2.05 Frame:52.93 M  Time_used 47H-38M Time_togo 132H-21M
------------------------------------------------------------
Num steps: 13250000  return: 800.0
------------------------------------------------------------
Mean_return:2.3 Frame:53.03 M  Time_used 47H-50M Time_togo 132H-35M
Mean_return:2.31 Frame:53.15 M  Time_used 47H-56M Time_togo 132H-26M
Mean_return:2.0 Frame:53.26 M  Time_used 48H-1M Time_togo 132H-18M
Mean_return:2.31 Frame:53.36 M  Time_used 48H-5M Time_togo 132H-10M
Mean_return:2.43 Frame:53.47 M  Time_used 48H-10M Time_togo 132H-1M
Mean_return:2.42 Frame:53.58 M  Time_used 48H-15M Time_togo 131H-52M
Mean_return:2.64 Frame:53.70 M  Time_used 48H-20M Time_togo 131H-42M
Mean_return:2.03 Frame:53.81 M  Time_used 48H-25M Time_togo 131H-34M
Mean_return:2.37 Frame:53.93 M  Time_used 48H-30M Time_togo 131H-24M
------------------------------------------------------------
Num steps: 13500000  return: 791.3
------------------------------------------------------------
Mean_return:2.29 Frame:54.04 M  Time_used 48H-44M Time_togo 131H-38M
Mean_return:2.37 Frame:54.15 M  Time_used 48H-49M Time_togo 131H-30M
Mean_return:2.3 Frame:54.26 M  Time_used 48H-54M Time_togo 131H-21M
Mean_return:2.07 Frame:54.37 M  Time_used 48H-59M Time_togo 131H-12M
Mean_return:2.36 Frame:54.48 M  Time_used 49H-4M Time_togo 131H-3M
Mean_return:2.45 Frame:54.59 M  Time_used 49H-9M Time_togo 130H-55M
Mean_return:2.35 Frame:54.71 M  Time_used 49H-14M Time_togo 130H-46M
Mean_return:2.36 Frame:54.82 M  Time_used 49H-19M Time_togo 130H-37M
Mean_return:2.26 Frame:54.94 M  Time_used 49H-24M Time_togo 130H-28M
------------------------------------------------------------
Num steps: 13750000  return: 772.5
------------------------------------------------------------
Mean_return:2.51 Frame:55.06 M  Time_used 49H-38M Time_togo 130H-40M
Mean_return:2.01 Frame:55.17 M  Time_used 49H-42M Time_togo 130H-31M
Mean_return:2.44 Frame:55.29 M  Time_used 49H-48M Time_togo 130H-21M
Mean_return:2.41 Frame:55.39 M  Time_used 49H-52M Time_togo 130H-12M
Mean_return:2.65 Frame:55.51 M  Time_used 49H-57M Time_togo 130H-2M
Mean_return:2.55 Frame:55.63 M  Time_used 50H-2M Time_togo 129H-52M
Mean_return:2.19 Frame:55.74 M  Time_used 50H-7M Time_togo 129H-43M
Mean_return:2.43 Frame:55.85 M  Time_used 50H-11M Time_togo 129H-34M
Mean_return:2.4 Frame:55.96 M  Time_used 50H-17M Time_togo 129H-25M
------------------------------------------------------------
Num steps: 14000000  return: 748.7
------------------------------------------------------------
Mean_return:2.58 Frame:56.08 M  Time_used 50H-29M Time_togo 129H-36M
Mean_return:2.44 Frame:56.19 M  Time_used 50H-34M Time_togo 129H-27M
Mean_return:2.51 Frame:56.31 M  Time_used 50H-40M Time_togo 129H-17M
Mean_return:2.35 Frame:56.42 M  Time_used 50H-45M Time_togo 129H-9M
Mean_return:2.28 Frame:56.54 M  Time_used 50H-50M Time_togo 129H-1M
Mean_return:2.37 Frame:56.66 M  Time_used 50H-56M Time_togo 128H-52M
Mean_return:2.38 Frame:56.77 M  Time_used 51H-1M Time_togo 128H-43M
Mean_return:2.25 Frame:56.89 M  Time_used 51H-6M Time_togo 128H-33M
------------------------------------------------------------
Num steps: 14250000  return: 654.9
------------------------------------------------------------
Mean_return:2.7 Frame:57.01 M  Time_used 51H-19M Time_togo 128H-44M
Mean_return:2.27 Frame:57.12 M  Time_used 51H-24M Time_togo 128H-35M
Mean_return:2.23 Frame:57.23 M  Time_used 51H-29M Time_togo 128H-27M
Mean_return:2.49 Frame:57.35 M  Time_used 51H-34M Time_togo 128H-17M
Mean_return:2.37 Frame:57.47 M  Time_used 51H-40M Time_togo 128H-9M
Mean_return:2.11 Frame:57.58 M  Time_used 51H-45M Time_togo 128H-0M
Mean_return:2.3 Frame:57.70 M  Time_used 51H-51M Time_togo 127H-52M
Mean_return:2.29 Frame:57.81 M  Time_used 51H-56M Time_togo 127H-44M
Mean_return:2.46 Frame:57.92 M  Time_used 52H-1M Time_togo 127H-36M
------------------------------------------------------------
Num steps: 14500000  return: 822.4
------------------------------------------------------------
Mean_return:2.42 Frame:58.04 M  Time_used 52H-14M Time_togo 127H-47M
Mean_return:2.2 Frame:58.15 M  Time_used 52H-19M Time_togo 127H-39M
Mean_return:2.1 Frame:58.26 M  Time_used 52H-25M Time_togo 127H-30M
Mean_return:2.48 Frame:58.38 M  Time_used 52H-30M Time_togo 127H-22M
Mean_return:2.91 Frame:58.51 M  Time_used 52H-36M Time_togo 127H-12M
Mean_return:2.23 Frame:58.62 M  Time_used 52H-41M Time_togo 127H-4M
Mean_return:2.33 Frame:58.74 M  Time_used 52H-46M Time_togo 126H-54M
Mean_return:2.26 Frame:58.85 M  Time_used 52H-51M Time_togo 126H-46M
Mean_return:2.23 Frame:58.97 M  Time_used 52H-56M Time_togo 126H-37M
------------------------------------------------------------
Num steps: 14750000  return: 645.4
------------------------------------------------------------
Mean_return:2.41 Frame:59.09 M  Time_used 53H-10M Time_togo 126H-47M
Mean_return:2.29 Frame:59.21 M  Time_used 53H-16M Time_togo 126H-39M
Mean_return:2.42 Frame:59.32 M  Time_used 53H-21M Time_togo 126H-31M
Mean_return:2.61 Frame:59.44 M  Time_used 53H-27M Time_togo 126H-23M
Mean_return:2.32 Frame:59.56 M  Time_used 53H-32M Time_togo 126H-14M
Mean_return:2.22 Frame:59.67 M  Time_used 53H-37M Time_togo 126H-6M
Mean_return:2.37 Frame:59.78 M  Time_used 53H-42M Time_togo 125H-58M
Mean_return:2.31 Frame:59.89 M  Time_used 53H-47M Time_togo 125H-50M
------------------------------------------------------------
Num steps: 15000000  return: 675.0
------------------------------------------------------------
Mean_return:2.45 Frame:60.02 M  Time_used 54H-1M Time_togo 125H-59M
Mean_return:2.29 Frame:60.13 M  Time_used 54H-6M Time_togo 125H-51M
Mean_return:2.45 Frame:60.24 M  Time_used 54H-11M Time_togo 125H-43M
Mean_return:2.5 Frame:60.36 M  Time_used 54H-16M Time_togo 125H-35M
Mean_return:2.08 Frame:60.47 M  Time_used 54H-21M Time_togo 125H-26M
Mean_return:2.3 Frame:60.58 M  Time_used 54H-26M Time_togo 125H-18M
Mean_return:2.25 Frame:60.69 M  Time_used 54H-31M Time_togo 125H-10M
Mean_return:2.38 Frame:60.81 M  Time_used 54H-37M Time_togo 125H-1M
Mean_return:2.4 Frame:60.93 M  Time_used 54H-42M Time_togo 124H-52M
------------------------------------------------------------
Num steps: 15250000  return: 762.7
------------------------------------------------------------
Mean_return:2.38 Frame:61.05 M  Time_used 54H-56M Time_togo 125H-2M
Mean_return:2.52 Frame:61.17 M  Time_used 55H-1M Time_togo 124H-53M
Mean_return:2.6 Frame:61.29 M  Time_used 55H-7M Time_togo 124H-44M
Mean_return:2.55 Frame:61.42 M  Time_used 55H-13M Time_togo 124H-35M
Mean_return:1.96 Frame:61.53 M  Time_used 55H-18M Time_togo 124H-27M
Mean_return:2.68 Frame:61.65 M  Time_used 55H-23M Time_togo 124H-18M
Mean_return:2.23 Frame:61.76 M  Time_used 55H-28M Time_togo 124H-10M
Mean_return:2.19 Frame:61.87 M  Time_used 55H-33M Time_togo 124H-2M
Mean_return:2.42 Frame:62.00 M  Time_used 55H-39M Time_togo 123H-53M
------------------------------------------------------------
Num steps: 15500000  return: 796.5
------------------------------------------------------------
Mean_return:2.2 Frame:62.11 M  Time_used 55H-52M Time_togo 124H-2M
Mean_return:2.31 Frame:62.23 M  Time_used 55H-57M Time_togo 123H-52M
Mean_return:2.28 Frame:62.35 M  Time_used 56H-2M Time_togo 123H-43M
Mean_return:2.42 Frame:62.47 M  Time_used 56H-7M Time_togo 123H-34M
Mean_return:2.33 Frame:62.58 M  Time_used 56H-12M Time_togo 123H-24M
Mean_return:2.38 Frame:62.69 M  Time_used 56H-17M Time_togo 123H-16M
Mean_return:2.45 Frame:62.81 M  Time_used 56H-21M Time_togo 123H-7M
Mean_return:2.24 Frame:62.92 M  Time_used 56H-26M Time_togo 122H-58M
------------------------------------------------------------
Num steps: 15750000  return: 627.3
------------------------------------------------------------
Mean_return:2.46 Frame:63.03 M  Time_used 56H-39M Time_togo 123H-6M
Mean_return:2.35 Frame:63.15 M  Time_used 56H-44M Time_togo 122H-57M
Mean_return:2.52 Frame:63.27 M  Time_used 56H-49M Time_togo 122H-47M
Mean_return:2.3 Frame:63.39 M  Time_used 56H-54M Time_togo 122H-39M
Mean_return:2.39 Frame:63.50 M  Time_used 56H-59M Time_togo 122H-30M
Mean_return:2.74 Frame:63.62 M  Time_used 57H-4M Time_togo 122H-21M
Mean_return:2.49 Frame:63.73 M  Time_used 57H-9M Time_togo 122H-13M
Mean_return:2.35 Frame:63.84 M  Time_used 57H-14M Time_togo 122H-5M
Mean_return:2.6 Frame:63.96 M  Time_used 57H-19M Time_togo 121H-55M
------------------------------------------------------------
Num steps: 16000000  return: 730.7
------------------------------------------------------------
Mean_return:2.68 Frame:64.08 M  Time_used 57H-33M Time_togo 122H-4M
Mean_return:2.69 Frame:64.20 M  Time_used 57H-38M Time_togo 121H-55M
Mean_return:2.59 Frame:64.31 M  Time_used 57H-43M Time_togo 121H-47M
Mean_return:2.53 Frame:64.44 M  Time_used 57H-49M Time_togo 121H-37M
Mean_return:2.42 Frame:64.56 M  Time_used 57H-53M Time_togo 121H-28M
Mean_return:2.65 Frame:64.67 M  Time_used 57H-58M Time_togo 121H-19M
Mean_return:2.49 Frame:64.79 M  Time_used 58H-4M Time_togo 121H-10M
Mean_return:2.3 Frame:64.91 M  Time_used 58H-9M Time_togo 121H-2M
------------------------------------------------------------
Num steps: 16250000  return: 816.7
------------------------------------------------------------
Mean_return:2.47 Frame:65.03 M  Time_used 58H-22M Time_togo 121H-10M
Mean_return:2.39 Frame:65.14 M  Time_used 58H-27M Time_togo 121H-2M
Mean_return:2.52 Frame:65.25 M  Time_used 58H-33M Time_togo 120H-54M
Mean_return:2.63 Frame:65.37 M  Time_used 58H-38M Time_togo 120H-45M
Mean_return:2.47 Frame:65.48 M  Time_used 58H-43M Time_togo 120H-37M
Mean_return:2.51 Frame:65.61 M  Time_used 58H-49M Time_togo 120H-29M
Mean_return:2.59 Frame:65.74 M  Time_used 58H-55M Time_togo 120H-19M
Mean_return:2.71 Frame:65.88 M  Time_used 59H-1M Time_togo 120H-10M
------------------------------------------------------------
Num steps: 16500000  return: 576.4
------------------------------------------------------------
Mean_return:2.56 Frame:66.01 M  Time_used 59H-15M Time_togo 120H-17M
Mean_return:2.17 Frame:66.11 M  Time_used 59H-20M Time_togo 120H-10M
Mean_return:2.35 Frame:66.23 M  Time_used 59H-25M Time_togo 120H-1M
Mean_return:2.26 Frame:66.35 M  Time_used 59H-31M Time_togo 119H-53M
Mean_return:2.7 Frame:66.47 M  Time_used 59H-36M Time_togo 119H-44M
Mean_return:2.41 Frame:66.59 M  Time_used 59H-41M Time_togo 119H-36M
Mean_return:2.41 Frame:66.70 M  Time_used 59H-46M Time_togo 119H-28M
Mean_return:2.4 Frame:66.80 M  Time_used 59H-51M Time_togo 119H-20M
Mean_return:2.55 Frame:66.92 M  Time_used 59H-56M Time_togo 119H-12M
------------------------------------------------------------
Num steps: 16750000  return: 674.3
------------------------------------------------------------
Mean_return:2.44 Frame:67.04 M  Time_used 60H-9M Time_togo 119H-19M
Mean_return:2.08 Frame:67.14 M  Time_used 60H-14M Time_togo 119H-12M
Mean_return:2.72 Frame:67.27 M  Time_used 60H-20M Time_togo 119H-3M
Mean_return:2.33 Frame:67.38 M  Time_used 60H-25M Time_togo 118H-55M
Mean_return:2.32 Frame:67.50 M  Time_used 60H-30M Time_togo 118H-46M
Mean_return:2.21 Frame:67.63 M  Time_used 60H-36M Time_togo 118H-37M
Mean_return:2.53 Frame:67.75 M  Time_used 60H-41M Time_togo 118H-28M
Mean_return:2.82 Frame:67.88 M  Time_used 60H-47M Time_togo 118H-19M
Mean_return:2.38 Frame:67.99 M  Time_used 60H-52M Time_togo 118H-11M
------------------------------------------------------------
Num steps: 17000000  return: 1163.0
------------------------------------------------------------
Mean_return:2.37 Frame:68.11 M  Time_used 61H-5M Time_togo 118H-18M
Mean_return:2.38 Frame:68.23 M  Time_used 61H-11M Time_togo 118H-10M
Mean_return:2.2 Frame:68.34 M  Time_used 61H-16M Time_togo 118H-2M
Mean_return:2.64 Frame:68.46 M  Time_used 61H-21M Time_togo 117H-53M
Mean_return:2.54 Frame:68.58 M  Time_used 61H-26M Time_togo 117H-45M
Mean_return:2.47 Frame:68.69 M  Time_used 61H-31M Time_togo 117H-36M
Mean_return:2.62 Frame:68.81 M  Time_used 61H-36M Time_togo 117H-28M
Mean_return:2.61 Frame:68.92 M  Time_used 61H-41M Time_togo 117H-20M
------------------------------------------------------------
Num steps: 17250000  return: 745.4
------------------------------------------------------------
Mean_return:2.39 Frame:69.03 M  Time_used 61H-54M Time_togo 117H-28M
Mean_return:2.26 Frame:69.14 M  Time_used 61H-59M Time_togo 117H-20M
Mean_return:2.66 Frame:69.25 M  Time_used 62H-4M Time_togo 117H-12M
Mean_return:2.52 Frame:69.36 M  Time_used 62H-9M Time_togo 117H-4M
Mean_return:2.59 Frame:69.48 M  Time_used 62H-14M Time_togo 116H-56M
Mean_return:2.43 Frame:69.59 M  Time_used 62H-19M Time_togo 116H-48M
Mean_return:2.21 Frame:69.69 M  Time_used 62H-24M Time_togo 116H-41M
Mean_return:2.6 Frame:69.81 M  Time_used 62H-29M Time_togo 116H-33M
Mean_return:2.55 Frame:69.92 M  Time_used 62H-34M Time_togo 116H-24M
------------------------------------------------------------
Num steps: 17500000  return: 698.7
------------------------------------------------------------
Mean_return:2.59 Frame:70.04 M  Time_used 62H-47M Time_togo 116H-31M
Mean_return:1.96 Frame:70.14 M  Time_used 62H-52M Time_togo 116H-23M
Mean_return:2.65 Frame:70.27 M  Time_used 62H-57M Time_togo 116H-14M
Mean_return:2.68 Frame:70.39 M  Time_used 63H-2M Time_togo 116H-5M
Mean_return:2.55 Frame:70.50 M  Time_used 63H-7M Time_togo 115H-57M
Mean_return:2.64 Frame:70.63 M  Time_used 63H-13M Time_togo 115H-48M
Mean_return:2.24 Frame:70.74 M  Time_used 63H-17M Time_togo 115H-40M
Mean_return:2.5 Frame:70.85 M  Time_used 63H-22M Time_togo 115H-31M
Mean_return:2.69 Frame:70.97 M  Time_used 63H-27M Time_togo 115H-22M
------------------------------------------------------------
Num steps: 17750000  return: 822.6
------------------------------------------------------------
Mean_return:2.69 Frame:71.10 M  Time_used 63H-41M Time_togo 115H-27M
Mean_return:2.35 Frame:71.22 M  Time_used 63H-46M Time_togo 115H-18M
Mean_return:2.55 Frame:71.35 M  Time_used 63H-51M Time_togo 115H-9M
Mean_return:2.46 Frame:71.47 M  Time_used 63H-57M Time_togo 115H-0M
Mean_return:2.33 Frame:71.58 M  Time_used 64H-1M Time_togo 114H-52M
Mean_return:2.27 Frame:71.69 M  Time_used 64H-6M Time_togo 114H-44M
Mean_return:2.21 Frame:71.80 M  Time_used 64H-11M Time_togo 114H-36M
Mean_return:2.7 Frame:71.93 M  Time_used 64H-16M Time_togo 114H-26M
------------------------------------------------------------
Num steps: 18000000  return: 479.6
------------------------------------------------------------
Mean_return:2.31 Frame:72.05 M  Time_used 64H-29M Time_togo 114H-31M
Mean_return:2.45 Frame:72.17 M  Time_used 64H-34M Time_togo 114H-22M
Mean_return:2.57 Frame:72.29 M  Time_used 64H-40M Time_togo 114H-13M
Mean_return:2.57 Frame:72.42 M  Time_used 64H-45M Time_togo 114H-4M
Mean_return:2.47 Frame:72.55 M  Time_used 64H-50M Time_togo 113H-55M
Mean_return:2.46 Frame:72.66 M  Time_used 64H-55M Time_togo 113H-47M
Mean_return:2.7 Frame:72.79 M  Time_used 65H-1M Time_togo 113H-38M
Mean_return:2.27 Frame:72.90 M  Time_used 65H-5M Time_togo 113H-29M
------------------------------------------------------------
Num steps: 18250000  return: 787.7
------------------------------------------------------------
Mean_return:3.07 Frame:73.04 M  Time_used 65H-19M Time_togo 113H-33M
Mean_return:2.53 Frame:73.17 M  Time_used 65H-25M Time_togo 113H-24M
Mean_return:2.16 Frame:73.28 M  Time_used 65H-30M Time_togo 113H-16M
Mean_return:2.39 Frame:73.39 M  Time_used 65H-35M Time_togo 113H-8M
Mean_return:2.56 Frame:73.51 M  Time_used 65H-40M Time_togo 112H-59M
Mean_return:2.48 Frame:73.64 M  Time_used 65H-45M Time_togo 112H-51M
Mean_return:2.49 Frame:73.76 M  Time_used 65H-50M Time_togo 112H-42M
Mean_return:2.47 Frame:73.88 M  Time_used 65H-56M Time_togo 112H-33M
Mean_return:2.35 Frame:74.00 M  Time_used 66H-1M Time_togo 112H-25M
------------------------------------------------------------
Num steps: 18500000  return: 981.2
------------------------------------------------------------
Mean_return:2.68 Frame:74.12 M  Time_used 66H-14M Time_togo 112H-29M
Mean_return:2.32 Frame:74.24 M  Time_used 66H-19M Time_togo 112H-21M
Mean_return:2.56 Frame:74.36 M  Time_used 66H-24M Time_togo 112H-12M
Mean_return:2.08 Frame:74.47 M  Time_used 66H-29M Time_togo 112H-4M
Mean_return:2.08 Frame:74.59 M  Time_used 66H-34M Time_togo 111H-56M
Mean_return:2.38 Frame:74.70 M  Time_used 66H-39M Time_togo 111H-48M
Mean_return:2.47 Frame:74.82 M  Time_used 66H-44M Time_togo 111H-40M
Mean_return:2.24 Frame:74.93 M  Time_used 66H-49M Time_togo 111H-32M
------------------------------------------------------------
Num steps: 18750000  return: 765.2
------------------------------------------------------------
Mean_return:2.5 Frame:75.05 M  Time_used 67H-2M Time_togo 111H-37M
Mean_return:2.56 Frame:75.16 M  Time_used 67H-7M Time_togo 111H-29M
Mean_return:2.45 Frame:75.27 M  Time_used 67H-12M Time_togo 111H-21M
Mean_return:2.49 Frame:75.39 M  Time_used 67H-17M Time_togo 111H-12M
Mean_return:2.23 Frame:75.51 M  Time_used 67H-22M Time_togo 111H-4M
Mean_return:2.17 Frame:75.62 M  Time_used 67H-26M Time_togo 110H-56M
Mean_return:2.38 Frame:75.74 M  Time_used 67H-31M Time_togo 110H-47M
Mean_return:1.8 Frame:75.84 M  Time_used 67H-36M Time_togo 110H-40M
Mean_return:2.29 Frame:75.95 M  Time_used 67H-40M Time_togo 110H-32M
------------------------------------------------------------
Num steps: 19000000  return: 916.4
------------------------------------------------------------
Mean_return:2.32 Frame:76.07 M  Time_used 67H-53M Time_togo 110H-37M
Mean_return:2.52 Frame:76.19 M  Time_used 67H-59M Time_togo 110H-28M
Mean_return:2.46 Frame:76.32 M  Time_used 68H-4M Time_togo 110H-19M
Mean_return:2.37 Frame:76.44 M  Time_used 68H-9M Time_togo 110H-10M
Mean_return:1.91 Frame:76.55 M  Time_used 68H-14M Time_togo 110H-2M
Mean_return:2.61 Frame:76.68 M  Time_used 68H-19M Time_togo 109H-53M
Mean_return:2.16 Frame:76.80 M  Time_used 68H-25M Time_togo 109H-45M
Mean_return:2.31 Frame:76.91 M  Time_used 68H-29M Time_togo 109H-37M
------------------------------------------------------------
Num steps: 19250000  return: 709.5
------------------------------------------------------------
Mean_return:2.17 Frame:77.03 M  Time_used 68H-42M Time_togo 109H-41M
Mean_return:2.42 Frame:77.15 M  Time_used 68H-48M Time_togo 109H-33M
Mean_return:2.66 Frame:77.28 M  Time_used 68H-54M Time_togo 109H-24M
Mean_return:2.32 Frame:77.41 M  Time_used 68H-59M Time_togo 109H-16M
Mean_return:2.49 Frame:77.53 M  Time_used 69H-4M Time_togo 109H-7M
Mean_return:2.68 Frame:77.67 M  Time_used 69H-10M Time_togo 108H-57M
Mean_return:2.43 Frame:77.78 M  Time_used 69H-15M Time_togo 108H-49M
Mean_return:2.26 Frame:77.91 M  Time_used 69H-21M Time_togo 108H-41M
------------------------------------------------------------
Num steps: 19500000  return: 734.6
------------------------------------------------------------
Mean_return:2.3 Frame:78.03 M  Time_used 69H-34M Time_togo 108H-44M
Mean_return:2.56 Frame:78.16 M  Time_used 69H-39M Time_togo 108H-35M
Mean_return:2.3 Frame:78.28 M  Time_used 69H-45M Time_togo 108H-27M
Mean_return:2.61 Frame:78.40 M  Time_used 69H-50M Time_togo 108H-19M
Mean_return:2.64 Frame:78.52 M  Time_used 69H-55M Time_togo 108H-10M
Mean_return:2.5 Frame:78.64 M  Time_used 70H-0M Time_togo 108H-2M
Mean_return:2.31 Frame:78.76 M  Time_used 70H-5M Time_togo 107H-54M
Mean_return:2.38 Frame:78.88 M  Time_used 70H-10M Time_togo 107H-46M
Mean_return:2.37 Frame:79.00 M  Time_used 70H-16M Time_togo 107H-37M
------------------------------------------------------------
Num steps: 19750000  return: 773.0
------------------------------------------------------------
Mean_return:2.49 Frame:79.11 M  Time_used 70H-29M Time_togo 107H-42M
Mean_return:2.66 Frame:79.24 M  Time_used 70H-34M Time_togo 107H-33M
Mean_return:2.4 Frame:79.36 M  Time_used 70H-39M Time_togo 107H-24M
Mean_return:2.42 Frame:79.48 M  Time_used 70H-44M Time_togo 107H-16M
Mean_return:2.69 Frame:79.61 M  Time_used 70H-50M Time_togo 107H-7M
Mean_return:2.32 Frame:79.73 M  Time_used 70H-55M Time_togo 106H-58M
Mean_return:2.63 Frame:79.86 M  Time_used 71H-0M Time_togo 106H-49M
Mean_return:2.48 Frame:79.99 M  Time_used 71H-6M Time_togo 106H-40M
------------------------------------------------------------
Num steps: 20000000  return: 669.7
------------------------------------------------------------
Mean_return:2.51 Frame:80.11 M  Time_used 71H-19M Time_togo 106H-44M
Mean_return:2.48 Frame:80.23 M  Time_used 71H-24M Time_togo 106H-36M
Mean_return:2.49 Frame:80.35 M  Time_used 71H-29M Time_togo 106H-27M
Mean_return:2.87 Frame:80.48 M  Time_used 71H-35M Time_togo 106H-18M
Mean_return:2.41 Frame:80.60 M  Time_used 71H-40M Time_togo 106H-10M
Mean_return:2.06 Frame:80.70 M  Time_used 71H-44M Time_togo 106H-3M
Mean_return:2.93 Frame:80.83 M  Time_used 71H-50M Time_togo 105H-54M
Mean_return:2.42 Frame:80.94 M  Time_used 71H-54M Time_togo 105H-47M
------------------------------------------------------------
Num steps: 20250000  return: 892.6
------------------------------------------------------------
Mean_return:2.4 Frame:81.05 M  Time_used 72H-7M Time_togo 105H-50M
Mean_return:2.4 Frame:81.17 M  Time_used 72H-12M Time_togo 105H-42M
Mean_return:2.34 Frame:81.28 M  Time_used 72H-17M Time_togo 105H-35M
Mean_return:2.49 Frame:81.40 M  Time_used 72H-22M Time_togo 105H-27M
Mean_return:2.64 Frame:81.52 M  Time_used 72H-27M Time_togo 105H-18M
Mean_return:2.54 Frame:81.64 M  Time_used 72H-33M Time_togo 105H-10M
Mean_return:2.61 Frame:81.77 M  Time_used 72H-38M Time_togo 105H-2M
Mean_return:2.58 Frame:81.89 M  Time_used 72H-43M Time_togo 104H-53M
------------------------------------------------------------
Num steps: 20500000  return: 881.5
------------------------------------------------------------
Mean_return:2.49 Frame:82.01 M  Time_used 72H-56M Time_togo 104H-56M
Mean_return:2.64 Frame:82.14 M  Time_used 73H-2M Time_togo 104H-48M
Mean_return:2.41 Frame:82.25 M  Time_used 73H-7M Time_togo 104H-40M
Mean_return:2.43 Frame:82.37 M  Time_used 73H-12M Time_togo 104H-32M
Mean_return:2.41 Frame:82.49 M  Time_used 73H-17M Time_togo 104H-24M
Mean_return:2.57 Frame:82.62 M  Time_used 73H-23M Time_togo 104H-15M
Mean_return:2.38 Frame:82.74 M  Time_used 73H-28M Time_togo 104H-8M
Mean_return:2.62 Frame:82.87 M  Time_used 73H-34M Time_togo 103H-59M
Mean_return:2.69 Frame:82.99 M  Time_used 73H-39M Time_togo 103H-51M
------------------------------------------------------------
Num steps: 20750000  return: 678.5
------------------------------------------------------------
Mean_return:2.51 Frame:83.11 M  Time_used 73H-52M Time_togo 103H-54M
Mean_return:2.27 Frame:83.21 M  Time_used 73H-56M Time_togo 103H-46M
Mean_return:2.57 Frame:83.34 M  Time_used 74H-2M Time_togo 103H-38M
Mean_return:2.71 Frame:83.45 M  Time_used 74H-7M Time_togo 103H-30M
Mean_return:2.47 Frame:83.56 M  Time_used 74H-11M Time_togo 103H-23M
Mean_return:2.36 Frame:83.67 M  Time_used 74H-16M Time_togo 103H-15M
Mean_return:2.52 Frame:83.79 M  Time_used 74H-21M Time_togo 103H-8M
Mean_return:2.65 Frame:83.91 M  Time_used 74H-27M Time_togo 103H-0M
------------------------------------------------------------
Num steps: 21000000  return: 558.9
------------------------------------------------------------
Mean_return:2.23 Frame:84.03 M  Time_used 74H-40M Time_togo 103H-3M
Mean_return:2.39 Frame:84.14 M  Time_used 74H-45M Time_togo 102H-56M
Mean_return:2.49 Frame:84.25 M  Time_used 74H-50M Time_togo 102H-48M
Mean_return:2.37 Frame:84.39 M  Time_used 74H-56M Time_togo 102H-39M
Mean_return:2.52 Frame:84.51 M  Time_used 75H-1M Time_togo 102H-31M
Mean_return:2.78 Frame:84.64 M  Time_used 75H-7M Time_togo 102H-22M
Mean_return:2.5 Frame:84.77 M  Time_used 75H-12M Time_togo 102H-14M
Mean_return:2.18 Frame:84.88 M  Time_used 75H-17M Time_togo 102H-6M
Mean_return:2.31 Frame:84.99 M  Time_used 75H-22M Time_togo 101H-59M
------------------------------------------------------------
Num steps: 21250000  return: 744.2
------------------------------------------------------------
Mean_return:2.48 Frame:85.11 M  Time_used 75H-35M Time_togo 102H-1M
Mean_return:2.37 Frame:85.23 M  Time_used 75H-40M Time_togo 101H-53M
Mean_return:2.51 Frame:85.36 M  Time_used 75H-46M Time_togo 101H-45M
Mean_return:2.15 Frame:85.47 M  Time_used 75H-51M Time_togo 101H-38M
Mean_return:2.61 Frame:85.59 M  Time_used 75H-56M Time_togo 101H-30M
Mean_return:2.41 Frame:85.71 M  Time_used 76H-1M Time_togo 101H-23M
Mean_return:2.63 Frame:85.83 M  Time_used 76H-7M Time_togo 101H-15M
Mean_return:2.54 Frame:85.94 M  Time_used 76H-12M Time_togo 101H-7M
------------------------------------------------------------
Num steps: 21500000  return: 757.4
------------------------------------------------------------
Mean_return:2.75 Frame:86.07 M  Time_used 76H-25M Time_togo 101H-10M
Mean_return:2.59 Frame:86.20 M  Time_used 76H-31M Time_togo 101H-1M
Mean_return:2.52 Frame:86.33 M  Time_used 76H-37M Time_togo 100H-53M
Mean_return:2.24 Frame:86.45 M  Time_used 76H-42M Time_togo 100H-44M
Mean_return:2.59 Frame:86.58 M  Time_used 76H-47M Time_togo 100H-36M
Mean_return:2.37 Frame:86.70 M  Time_used 76H-53M Time_togo 100H-27M
Mean_return:2.55 Frame:86.83 M  Time_used 76H-58M Time_togo 100H-19M
Mean_return:2.65 Frame:86.97 M  Time_used 77H-4M Time_togo 100H-10M
------------------------------------------------------------
Num steps: 21750000  return: 577.0
------------------------------------------------------------
Mean_return:2.49 Frame:87.11 M  Time_used 77H-18M Time_togo 100H-11M
Mean_return:2.83 Frame:87.24 M  Time_used 77H-24M Time_togo 100H-2M
Mean_return:2.45 Frame:87.37 M  Time_used 77H-29M Time_togo 99H-54M
Mean_return:2.5 Frame:87.49 M  Time_used 77H-35M Time_togo 99H-46M
Mean_return:2.42 Frame:87.62 M  Time_used 77H-41M Time_togo 99H-37M
Mean_return:2.57 Frame:87.74 M  Time_used 77H-46M Time_togo 99H-30M
Mean_return:2.68 Frame:87.87 M  Time_used 77H-51M Time_togo 99H-22M
Mean_return:2.4 Frame:87.99 M  Time_used 77H-57M Time_togo 99H-14M
------------------------------------------------------------
Num steps: 22000000  return: 204.9
------------------------------------------------------------
Mean_return:2.44 Frame:88.11 M  Time_used 78H-10M Time_togo 99H-16M
Mean_return:2.65 Frame:88.23 M  Time_used 78H-15M Time_togo 99H-9M
Mean_return:2.23 Frame:88.35 M  Time_used 78H-21M Time_togo 99H-1M
Mean_return:2.43 Frame:88.48 M  Time_used 78H-27M Time_togo 98H-52M
Mean_return:2.32 Frame:88.59 M  Time_used 78H-32M Time_togo 98H-45M
Mean_return:2.64 Frame:88.72 M  Time_used 78H-37M Time_togo 98H-37M
Mean_return:2.79 Frame:88.85 M  Time_used 78H-43M Time_togo 98H-29M
Mean_return:2.44 Frame:88.97 M  Time_used 78H-48M Time_togo 98H-21M
------------------------------------------------------------
Num steps: 22250000  return: 672.3
------------------------------------------------------------
Mean_return:2.47 Frame:89.09 M  Time_used 79H-2M Time_togo 98H-23M
Mean_return:2.45 Frame:89.21 M  Time_used 79H-7M Time_togo 98H-15M
Mean_return:2.69 Frame:89.34 M  Time_used 79H-13M Time_togo 98H-7M
Mean_return:2.44 Frame:89.45 M  Time_used 79H-18M Time_togo 98H-0M
Mean_return:2.43 Frame:89.59 M  Time_used 79H-24M Time_togo 97H-52M
Mean_return:2.28 Frame:89.70 M  Time_used 79H-29M Time_togo 97H-45M
Mean_return:2.41 Frame:89.82 M  Time_used 79H-34M Time_togo 97H-37M
Mean_return:2.77 Frame:89.95 M  Time_used 79H-40M Time_togo 97H-29M
------------------------------------------------------------
Num steps: 22500000  return: 634.6
------------------------------------------------------------
Mean_return:2.57 Frame:90.07 M  Time_used 79H-54M Time_togo 97H-31M
Mean_return:2.3 Frame:90.19 M  Time_used 79H-59M Time_togo 97H-23M
Mean_return:2.21 Frame:90.30 M  Time_used 80H-4M Time_togo 97H-16M
Mean_return:2.25 Frame:90.42 M  Time_used 80H-9M Time_togo 97H-8M
Mean_return:2.4 Frame:90.54 M  Time_used 80H-14M Time_togo 97H-1M
Mean_return:2.5 Frame:90.66 M  Time_used 80H-20M Time_togo 96H-53M
Mean_return:2.27 Frame:90.78 M  Time_used 80H-25M Time_togo 96H-45M
Mean_return:2.44 Frame:90.90 M  Time_used 80H-30M Time_togo 96H-37M
------------------------------------------------------------
Num steps: 22750000  return: 621.2
------------------------------------------------------------
Mean_return:2.46 Frame:91.02 M  Time_used 80H-43M Time_togo 96H-39M
Mean_return:2.31 Frame:91.13 M  Time_used 80H-48M Time_togo 96H-32M
Mean_return:2.33 Frame:91.25 M  Time_used 80H-53M Time_togo 96H-24M
Mean_return:2.78 Frame:91.37 M  Time_used 80H-59M Time_togo 96H-17M
Mean_return:2.44 Frame:91.50 M  Time_used 81H-4M Time_togo 96H-8M
Mean_return:2.59 Frame:91.62 M  Time_used 81H-9M Time_togo 96H-0M
Mean_return:2.41 Frame:91.73 M  Time_used 81H-14M Time_togo 95H-53M
Mean_return:2.48 Frame:91.85 M  Time_used 81H-19M Time_togo 95H-45M
Mean_return:2.47 Frame:91.97 M  Time_used 81H-25M Time_togo 95H-38M
------------------------------------------------------------
Num steps: 23000000  return: 837.0
------------------------------------------------------------
Mean_return:2.3 Frame:92.07 M  Time_used 81H-37M Time_togo 95H-40M
Mean_return:2.44 Frame:92.20 M  Time_used 81H-43M Time_togo 95H-32M
Mean_return:2.42 Frame:92.32 M  Time_used 81H-48M Time_togo 95H-25M
Mean_return:2.62 Frame:92.44 M  Time_used 81H-53M Time_togo 95H-17M
Mean_return:2.3 Frame:92.56 M  Time_used 81H-59M Time_togo 95H-9M
Mean_return:2.48 Frame:92.69 M  Time_used 82H-4M Time_togo 95H-1M
Mean_return:2.53 Frame:92.82 M  Time_used 82H-9M Time_togo 94H-53M
Mean_return:2.34 Frame:92.93 M  Time_used 82H-15M Time_togo 94H-45M
------------------------------------------------------------
Num steps: 23250000  return: 782.2
------------------------------------------------------------
Mean_return:2.52 Frame:93.05 M  Time_used 82H-27M Time_togo 94H-47M
Mean_return:2.7 Frame:93.17 M  Time_used 82H-33M Time_togo 94H-39M
Mean_return:2.28 Frame:93.28 M  Time_used 82H-38M Time_togo 94H-32M
Mean_return:2.73 Frame:93.41 M  Time_used 82H-43M Time_togo 94H-24M
Mean_return:2.49 Frame:93.52 M  Time_used 82H-48M Time_togo 94H-17M
Mean_return:2.64 Frame:93.64 M  Time_used 82H-53M Time_togo 94H-9M
Mean_return:2.84 Frame:93.76 M  Time_used 82H-58M Time_togo 94H-1M
Mean_return:2.33 Frame:93.87 M  Time_used 83H-3M Time_togo 93H-54M
Mean_return:2.53 Frame:93.99 M  Time_used 83H-9M Time_togo 93H-46M
------------------------------------------------------------
Num steps: 23500000  return: 837.0
------------------------------------------------------------
Mean_return:2.1 Frame:94.11 M  Time_used 83H-21M Time_togo 93H-48M
Mean_return:2.74 Frame:94.23 M  Time_used 83H-27M Time_togo 93H-40M
Mean_return:2.79 Frame:94.36 M  Time_used 83H-32M Time_togo 93H-31M
Mean_return:2.49 Frame:94.49 M  Time_used 83H-38M Time_togo 93H-23M
Mean_return:2.63 Frame:94.62 M  Time_used 83H-43M Time_togo 93H-15M
Mean_return:2.91 Frame:94.76 M  Time_used 83H-49M Time_togo 93H-6M
Mean_return:2.85 Frame:94.89 M  Time_used 83H-55M Time_togo 92H-57M
------------------------------------------------------------
Num steps: 23750000  return: 807.0
------------------------------------------------------------
Mean_return:2.54 Frame:95.02 M  Time_used 84H-8M Time_togo 92H-57M
Mean_return:2.36 Frame:95.15 M  Time_used 84H-14M Time_togo 92H-49M
Mean_return:2.34 Frame:95.28 M  Time_used 84H-19M Time_togo 92H-41M
Mean_return:2.39 Frame:95.40 M  Time_used 84H-25M Time_togo 92H-33M
Mean_return:2.44 Frame:95.52 M  Time_used 84H-30M Time_togo 92H-25M
Mean_return:2.63 Frame:95.66 M  Time_used 84H-36M Time_togo 92H-16M
Mean_return:2.78 Frame:95.80 M  Time_used 84H-42M Time_togo 92H-8M
Mean_return:2.83 Frame:95.93 M  Time_used 84H-47M Time_togo 91H-59M
------------------------------------------------------------
Num steps: 24000000  return: 744.7
------------------------------------------------------------
Mean_return:2.98 Frame:96.07 M  Time_used 85H-1M Time_togo 91H-59M
Mean_return:2.44 Frame:96.19 M  Time_used 85H-6M Time_togo 91H-51M
Mean_return:2.76 Frame:96.31 M  Time_used 85H-12M Time_togo 91H-43M
Mean_return:2.36 Frame:96.44 M  Time_used 85H-17M Time_togo 91H-34M
Mean_return:2.66 Frame:96.58 M  Time_used 85H-23M Time_togo 91H-26M
Mean_return:2.78 Frame:96.72 M  Time_used 85H-29M Time_togo 91H-17M
Mean_return:2.32 Frame:96.84 M  Time_used 85H-34M Time_togo 91H-9M
Mean_return:2.88 Frame:96.99 M  Time_used 85H-40M Time_togo 91H-0M
------------------------------------------------------------
Num steps: 24250000  return: 1021.1
------------------------------------------------------------
Mean_return:2.35 Frame:97.10 M  Time_used 85H-53M Time_togo 91H-0M
Mean_return:2.66 Frame:97.23 M  Time_used 85H-58M Time_togo 90H-52M
Mean_return:2.55 Frame:97.36 M  Time_used 86H-4M Time_togo 90H-44M
Mean_return:2.53 Frame:97.48 M  Time_used 86H-9M Time_togo 90H-37M
Mean_return:2.72 Frame:97.61 M  Time_used 86H-15M Time_togo 90H-28M
Mean_return:1.92 Frame:97.74 M  Time_used 86H-20M Time_togo 90H-20M
Mean_return:2.73 Frame:97.87 M  Time_used 86H-26M Time_togo 90H-12M
Mean_return:2.66 Frame:98.00 M  Time_used 86H-32M Time_togo 90H-4M
------------------------------------------------------------
Num steps: 24500000  return: 797.3
------------------------------------------------------------
Mean_return:2.88 Frame:98.14 M  Time_used 86H-46M Time_togo 90H-3M
Mean_return:2.8 Frame:98.28 M  Time_used 86H-52M Time_togo 89H-54M
Mean_return:2.53 Frame:98.41 M  Time_used 86H-57M Time_togo 89H-46M
Mean_return:2.32 Frame:98.53 M  Time_used 87H-2M Time_togo 89H-38M
Mean_return:2.83 Frame:98.67 M  Time_used 87H-8M Time_togo 89H-29M
Mean_return:3.19 Frame:98.81 M  Time_used 87H-14M Time_togo 89H-20M
Mean_return:2.57 Frame:98.94 M  Time_used 87H-20M Time_togo 89H-12M
------------------------------------------------------------
Num steps: 24750000  return: 744.6
------------------------------------------------------------
Mean_return:2.77 Frame:99.07 M  Time_used 87H-33M Time_togo 89H-12M
Mean_return:2.69 Frame:99.20 M  Time_used 87H-39M Time_togo 89H-3M
Mean_return:2.69 Frame:99.33 M  Time_used 87H-44M Time_togo 88H-55M
Mean_return:2.74 Frame:99.47 M  Time_used 87H-50M Time_togo 88H-46M
Mean_return:2.73 Frame:99.59 M  Time_used 87H-55M Time_togo 88H-39M
Mean_return:2.49 Frame:99.71 M  Time_used 88H-1M Time_togo 88H-31M
Mean_return:2.54 Frame:99.84 M  Time_used 88H-6M Time_togo 88H-24M
Mean_return:2.67 Frame:99.97 M  Time_used 88H-12M Time_togo 88H-15M
------------------------------------------------------------
Num steps: 25000000  return: 681.0
------------------------------------------------------------
Mean_return:2.82 Frame:100.09 M  Time_used 88H-25M Time_togo 88H-15M
Mean_return:2.81 Frame:100.22 M  Time_used 88H-31M Time_togo 88H-7M
Mean_return:2.72 Frame:100.35 M  Time_used 88H-36M Time_togo 87H-59M
Mean_return:2.52 Frame:100.48 M  Time_used 88H-42M Time_togo 87H-50M
Mean_return:2.46 Frame:100.61 M  Time_used 88H-48M Time_togo 87H-43M
Mean_return:2.69 Frame:100.75 M  Time_used 88H-54M Time_togo 87H-34M
Mean_return:2.39 Frame:100.87 M  Time_used 88H-59M Time_togo 87H-27M
------------------------------------------------------------
Num steps: 25250000  return: 1034.8
------------------------------------------------------------
Mean_return:2.81 Frame:101.00 M  Time_used 89H-13M Time_togo 87H-26M
Mean_return:2.36 Frame:101.13 M  Time_used 89H-18M Time_togo 87H-19M
Mean_return:2.85 Frame:101.27 M  Time_used 89H-25M Time_togo 87H-10M
Mean_return:2.97 Frame:101.41 M  Time_used 89H-30M Time_togo 87H-2M
Mean_return:2.83 Frame:101.54 M  Time_used 89H-36M Time_togo 86H-53M
Mean_return:2.31 Frame:101.66 M  Time_used 89H-42M Time_togo 86H-46M
Mean_return:2.99 Frame:101.82 M  Time_used 89H-49M Time_togo 86H-36M
Mean_return:2.85 Frame:101.95 M  Time_used 89H-54M Time_togo 86H-28M
------------------------------------------------------------
Num steps: 25500000  return: 750.8
------------------------------------------------------------
Mean_return:2.85 Frame:102.10 M  Time_used 90H-9M Time_togo 86H-27M
Mean_return:2.55 Frame:102.21 M  Time_used 90H-14M Time_togo 86H-19M
Mean_return:2.35 Frame:102.34 M  Time_used 90H-20M Time_togo 86H-12M
Mean_return:3.0 Frame:102.49 M  Time_used 90H-26M Time_togo 86H-3M
Mean_return:2.61 Frame:102.60 M  Time_used 90H-31M Time_togo 85H-56M
Mean_return:2.74 Frame:102.74 M  Time_used 90H-38M Time_togo 85H-47M
Mean_return:2.42 Frame:102.87 M  Time_used 90H-43M Time_togo 85H-39M
------------------------------------------------------------
Num steps: 25750000  return: 937.1
------------------------------------------------------------
Mean_return:2.89 Frame:103.01 M  Time_used 90H-57M Time_togo 85H-38M
Mean_return:2.75 Frame:103.14 M  Time_used 91H-3M Time_togo 85H-30M
Mean_return:2.96 Frame:103.29 M  Time_used 91H-9M Time_togo 85H-20M
Mean_return:2.81 Frame:103.43 M  Time_used 91H-15M Time_togo 85H-12M
Mean_return:2.81 Frame:103.57 M  Time_used 91H-21M Time_togo 85H-3M
Mean_return:2.48 Frame:103.70 M  Time_used 91H-27M Time_togo 84H-56M
Mean_return:2.48 Frame:103.82 M  Time_used 91H-32M Time_togo 84H-48M
Mean_return:2.87 Frame:103.95 M  Time_used 91H-38M Time_togo 84H-40M
------------------------------------------------------------
Num steps: 26000000  return: 765.0
------------------------------------------------------------
Mean_return:2.63 Frame:104.08 M  Time_used 91H-51M Time_togo 84H-39M
Mean_return:2.04 Frame:104.18 M  Time_used 91H-56M Time_togo 84H-33M
Mean_return:2.36 Frame:104.30 M  Time_used 92H-1M Time_togo 84H-26M
Mean_return:2.8 Frame:104.44 M  Time_used 92H-7M Time_togo 84H-17M
Mean_return:2.82 Frame:104.58 M  Time_used 92H-13M Time_togo 84H-8M
Mean_return:2.64 Frame:104.72 M  Time_used 92H-19M Time_togo 84H-0M
Mean_return:3.15 Frame:104.88 M  Time_used 92H-26M Time_togo 83H-50M
------------------------------------------------------------
Num steps: 26250000  return: 1286.5
------------------------------------------------------------
Mean_return:2.74 Frame:105.02 M  Time_used 92H-40M Time_togo 83H-48M
Mean_return:2.68 Frame:105.17 M  Time_used 92H-46M Time_togo 83H-39M
Mean_return:2.71 Frame:105.31 M  Time_used 92H-52M Time_togo 83H-30M
Mean_return:2.89 Frame:105.45 M  Time_used 92H-58M Time_togo 83H-22M
Mean_return:2.81 Frame:105.58 M  Time_used 93H-4M Time_togo 83H-13M
Mean_return:2.98 Frame:105.72 M  Time_used 93H-10M Time_togo 83H-4M
Mean_return:2.53 Frame:105.84 M  Time_used 93H-14M Time_togo 82H-57M
Mean_return:2.76 Frame:105.97 M  Time_used 93H-20M Time_togo 82H-49M
------------------------------------------------------------
Num steps: 26500000  return: 986.2
------------------------------------------------------------
Mean_return:2.93 Frame:106.12 M  Time_used 93H-34M Time_togo 82H-47M
Mean_return:2.26 Frame:106.23 M  Time_used 93H-39M Time_togo 82H-39M
Mean_return:2.75 Frame:106.36 M  Time_used 93H-44M Time_togo 82H-32M
Mean_return:2.44 Frame:106.50 M  Time_used 93H-50M Time_togo 82H-23M
Mean_return:2.64 Frame:106.62 M  Time_used 93H-56M Time_togo 82H-16M
Mean_return:3.0 Frame:106.77 M  Time_used 94H-2M Time_togo 82H-7M
Mean_return:2.75 Frame:106.91 M  Time_used 94H-8M Time_togo 81H-58M
------------------------------------------------------------
Num steps: 26750000  return: 937.7
------------------------------------------------------------
Mean_return:2.68 Frame:107.04 M  Time_used 94H-21M Time_togo 81H-57M
Mean_return:2.71 Frame:107.17 M  Time_used 94H-27M Time_togo 81H-48M
Mean_return:2.62 Frame:107.30 M  Time_used 94H-32M Time_togo 81H-40M
Mean_return:2.56 Frame:107.43 M  Time_used 94H-38M Time_togo 81H-32M
Mean_return:2.59 Frame:107.57 M  Time_used 94H-43M Time_togo 81H-24M
Mean_return:2.47 Frame:107.69 M  Time_used 94H-49M Time_togo 81H-16M
Mean_return:2.51 Frame:107.82 M  Time_used 94H-54M Time_togo 81H-8M
Mean_return:2.96 Frame:107.97 M  Time_used 95H-1M Time_togo 80H-59M
------------------------------------------------------------
Num steps: 27000000  return: 1071.6
------------------------------------------------------------
Mean_return:3.22 Frame:108.13 M  Time_used 95H-15M Time_togo 80H-56M
Mean_return:2.66 Frame:108.26 M  Time_used 95H-20M Time_togo 80H-48M
Mean_return:2.95 Frame:108.40 M  Time_used 95H-26M Time_togo 80H-39M
Mean_return:2.99 Frame:108.56 M  Time_used 95H-33M Time_togo 80H-29M
Mean_return:2.48 Frame:108.69 M  Time_used 95H-39M Time_togo 80H-21M
Mean_return:2.74 Frame:108.82 M  Time_used 95H-44M Time_togo 80H-13M
Mean_return:2.25 Frame:108.94 M  Time_used 95H-49M Time_togo 80H-6M
------------------------------------------------------------
Num steps: 27250000  return: 738.2
------------------------------------------------------------
Mean_return:2.29 Frame:109.06 M  Time_used 96H-2M Time_togo 80H-5M
Mean_return:2.84 Frame:109.21 M  Time_used 96H-9M Time_togo 79H-56M
Mean_return:2.82 Frame:109.35 M  Time_used 96H-14M Time_togo 79H-47M
Mean_return:2.94 Frame:109.49 M  Time_used 96H-20M Time_togo 79H-38M
Mean_return:2.66 Frame:109.64 M  Time_used 96H-26M Time_togo 79H-29M
Mean_return:2.89 Frame:109.78 M  Time_used 96H-32M Time_togo 79H-20M
Mean_return:2.82 Frame:109.91 M  Time_used 96H-38M Time_togo 79H-12M
------------------------------------------------------------
Num steps: 27500000  return: 836.7
------------------------------------------------------------
Mean_return:2.45 Frame:110.06 M  Time_used 96H-51M Time_togo 79H-9M
Mean_return:2.46 Frame:110.20 M  Time_used 96H-58M Time_togo 79H-0M
Mean_return:2.19 Frame:110.32 M  Time_used 97H-2M Time_togo 78H-53M
Mean_return:2.96 Frame:110.47 M  Time_used 97H-9M Time_togo 78H-43M
Mean_return:2.69 Frame:110.62 M  Time_used 97H-15M Time_togo 78H-35M
Mean_return:2.49 Frame:110.74 M  Time_used 97H-20M Time_togo 78H-27M
Mean_return:2.26 Frame:110.86 M  Time_used 97H-25M Time_togo 78H-20M
Mean_return:2.71 Frame:111.00 M  Time_used 97H-31M Time_togo 78H-11M
------------------------------------------------------------
Num steps: 27750000  return: 768.9
------------------------------------------------------------
Mean_return:2.73 Frame:111.14 M  Time_used 97H-45M Time_togo 78H-9M
Mean_return:2.79 Frame:111.28 M  Time_used 97H-50M Time_togo 78H-0M
Mean_return:2.71 Frame:111.42 M  Time_used 97H-56M Time_togo 77H-52M
Mean_return:2.94 Frame:111.56 M  Time_used 98H-2M Time_togo 77H-43M
Mean_return:2.8 Frame:111.72 M  Time_used 98H-9M Time_togo 77H-33M
Mean_return:2.46 Frame:111.85 M  Time_used 98H-14M Time_togo 77H-25M
Mean_return:2.45 Frame:111.98 M  Time_used 98H-20M Time_togo 77H-17M
------------------------------------------------------------
Num steps: 28000000  return: 1460.5
------------------------------------------------------------
Mean_return:2.88 Frame:112.12 M  Time_used 98H-34M Time_togo 77H-15M
Mean_return:2.39 Frame:112.24 M  Time_used 98H-39M Time_togo 77H-8M
Mean_return:2.4 Frame:112.38 M  Time_used 98H-44M Time_togo 76H-59M
Mean_return:2.62 Frame:112.51 M  Time_used 98H-50M Time_togo 76H-51M
Mean_return:2.87 Frame:112.66 M  Time_used 98H-56M Time_togo 76H-42M
Mean_return:2.6 Frame:112.81 M  Time_used 99H-2M Time_togo 76H-33M
Mean_return:2.93 Frame:112.94 M  Time_used 99H-8M Time_togo 76H-25M
------------------------------------------------------------
Num steps: 28250000  return: 1104.6
------------------------------------------------------------
Mean_return:2.55 Frame:113.08 M  Time_used 99H-22M Time_togo 76H-23M
Mean_return:2.48 Frame:113.22 M  Time_used 99H-28M Time_togo 76H-14M
Mean_return:2.82 Frame:113.36 M  Time_used 99H-34M Time_togo 76H-5M
Mean_return:2.7 Frame:113.49 M  Time_used 99H-39M Time_togo 75H-57M
Mean_return:2.45 Frame:113.63 M  Time_used 99H-45M Time_togo 75H-49M
Mean_return:2.53 Frame:113.76 M  Time_used 99H-51M Time_togo 75H-41M
Mean_return:2.73 Frame:113.90 M  Time_used 99H-56M Time_togo 75H-33M
------------------------------------------------------------
Num steps: 28500000  return: 1776.9
------------------------------------------------------------
Mean_return:2.72 Frame:114.04 M  Time_used 100H-10M Time_togo 75H-30M
Mean_return:2.72 Frame:114.19 M  Time_used 100H-16M Time_togo 75H-21M
Mean_return:2.9 Frame:114.34 M  Time_used 100H-23M Time_togo 75H-12M
Mean_return:2.23 Frame:114.47 M  Time_used 100H-28M Time_togo 75H-4M
Mean_return:2.81 Frame:114.62 M  Time_used 100H-34M Time_togo 74H-55M
Mean_return:2.65 Frame:114.76 M  Time_used 100H-40M Time_togo 74H-47M
Mean_return:2.48 Frame:114.89 M  Time_used 100H-46M Time_togo 74H-39M
------------------------------------------------------------
Num steps: 28750000  return: 342.4
------------------------------------------------------------
Mean_return:2.47 Frame:115.03 M  Time_used 100H-59M Time_togo 74H-36M
Mean_return:3.0 Frame:115.18 M  Time_used 101H-6M Time_togo 74H-26M
Mean_return:2.87 Frame:115.34 M  Time_used 101H-12M Time_togo 74H-17M
Mean_return:2.71 Frame:115.48 M  Time_used 101H-18M Time_togo 74H-8M
Mean_return:2.75 Frame:115.63 M  Time_used 101H-24M Time_togo 74H-0M
Mean_return:2.76 Frame:115.76 M  Time_used 101H-30M Time_togo 73H-51M
Mean_return:2.51 Frame:115.89 M  Time_used 101H-35M Time_togo 73H-43M
------------------------------------------------------------
Num steps: 29000000  return: 756.2
------------------------------------------------------------
Mean_return:2.42 Frame:116.02 M  Time_used 101H-48M Time_togo 73H-42M
Mean_return:2.7 Frame:116.14 M  Time_used 101H-54M Time_togo 73H-34M
Mean_return:2.49 Frame:116.28 M  Time_used 102H-0M Time_togo 73H-26M
Mean_return:2.69 Frame:116.43 M  Time_used 102H-6M Time_togo 73H-17M
Mean_return:2.5 Frame:116.56 M  Time_used 102H-11M Time_togo 73H-9M
Mean_return:2.79 Frame:116.70 M  Time_used 102H-17M Time_togo 73H-0M
Mean_return:2.76 Frame:116.84 M  Time_used 102H-23M Time_togo 72H-52M
Mean_return:3.13 Frame:116.99 M  Time_used 102H-29M Time_togo 72H-43M
------------------------------------------------------------
Num steps: 29250000  return: 990.0
------------------------------------------------------------
Mean_return:2.83 Frame:117.14 M  Time_used 102H-43M Time_togo 72H-39M
Mean_return:2.5 Frame:117.29 M  Time_used 102H-49M Time_togo 72H-31M
Mean_return:2.52 Frame:117.43 M  Time_used 102H-55M Time_togo 72H-22M
Mean_return:3.11 Frame:117.59 M  Time_used 103H-2M Time_togo 72H-12M
Mean_return:2.8 Frame:117.74 M  Time_used 103H-9M Time_togo 72H-3M
Mean_return:2.88 Frame:117.89 M  Time_used 103H-15M Time_togo 71H-55M
------------------------------------------------------------
Num steps: 29500000  return: 689.6
------------------------------------------------------------
Mean_return:2.89 Frame:118.06 M  Time_used 103H-30M Time_togo 71H-50M
Mean_return:2.79 Frame:118.20 M  Time_used 103H-37M Time_togo 71H-42M
Mean_return:2.38 Frame:118.34 M  Time_used 103H-42M Time_togo 71H-34M
Mean_return:2.59 Frame:118.48 M  Time_used 103H-48M Time_togo 71H-25M
Mean_return:2.69 Frame:118.60 M  Time_used 103H-54M Time_togo 71H-18M
Mean_return:2.7 Frame:118.74 M  Time_used 103H-59M Time_togo 71H-10M
